Log file open, 06/01/20 20:28:24
LogWindows: Failed to load 'aqProf.dll' (GetLastError=126)
LogWindows: File 'aqProf.dll' does not exist
LogWindows: Failed to load 'VtuneApi.dll' (GetLastError=126)
LogWindows: File 'VtuneApi.dll' does not exist
LogWindows: Failed to load 'VtuneApi32e.dll' (GetLastError=126)
LogWindows: File 'VtuneApi32e.dll' does not exist
LogConsoleResponse: Display: Failed to find resolution value strings in scalability ini. Falling back to default.
LogInit: Display: Running engine for game: MyProject
LogPlatformFile: Not using cached read wrapper
LogTaskGraph: Started task graph with 5 named threads and 11 total threads with 3 sets of task threads.
LogStats: Stats thread started at 47.445588
LogD3D11RHI: Loaded GFSDK_Aftermath_Lib.x64.dll
LogICUInternationalization: ICU TimeZone Detection - Raw Offset: -4:00, Platform Override: ''
LogPluginManager: Mounting plugin Paper2D
LogPluginManager: Mounting plugin AISupport
LogPluginManager: Mounting plugin LightPropagationVolume
LogPluginManager: Mounting plugin ActorLayerUtilities
LogPluginManager: Mounting plugin AnimationSharing
LogPluginManager: Mounting plugin CLionSourceCodeAccess
LogPluginManager: Mounting plugin CodeLiteSourceCodeAccess
LogPluginManager: Mounting plugin GitSourceControl
LogPluginManager: Mounting plugin KDevelopSourceCodeAccess
LogPluginManager: Mounting plugin NullSourceCodeAccess
LogPluginManager: Mounting plugin PerforceSourceControl
LogPluginManager: Mounting plugin PlasticSourceControl
LogPluginManager: Mounting plugin SubversionSourceControl
LogPluginManager: Mounting plugin UObjectPlugin
LogPluginManager: Mounting plugin VisualStudioCodeSourceCodeAccess
LogPluginManager: Mounting plugin VisualStudioSourceCodeAccess
LogPluginManager: Mounting plugin XCodeSourceCodeAccess
LogPluginManager: Mounting plugin AssetManagerEditor
LogPluginManager: Mounting plugin CryptoKeys
LogPluginManager: Mounting plugin CurveEditorTools
LogPluginManager: Mounting plugin DataValidation
LogPluginManager: Mounting plugin FacialAnimation
LogPluginManager: Mounting plugin GameplayTagsEditor
LogPluginManager: Mounting plugin MacGraphicsSwitching
LogPluginManager: Mounting plugin MaterialAnalyzer
LogPluginManager: Mounting plugin MobileLauncherProfileWizard
LogPluginManager: Mounting plugin PluginBrowser
LogPluginManager: Mounting plugin SpeedTreeImporter
LogPluginManager: Mounting plugin DatasmithContent
LogPluginManager: Mounting plugin VariantManagerContent
LogPluginManager: Mounting plugin AlembicImporter
LogPluginManager: Mounting plugin AutomationUtils
LogPluginManager: Mounting plugin BackChannel
LogPluginManager: Mounting plugin CharacterAI
LogPluginManager: Mounting plugin GeometryCache
LogPluginManager: Mounting plugin PlatformCrypto
LogPluginManager: Mounting plugin ProxyLODPlugin
LogPluginManager: Mounting plugin SkeletalReduction
LogPluginManager: Mounting plugin MagicLeap
LogPluginManager: Mounting plugin MagicLeapMedia
LogPluginManager: Mounting plugin MLSDK
LogPluginManager: Mounting plugin AndroidMedia
LogPluginManager: Mounting plugin AvfMedia
LogPluginManager: Mounting plugin ImgMedia
LogPluginManager: Mounting plugin MediaCompositing
LogPluginManager: Mounting plugin MediaPlayerEditor
LogPluginManager: Mounting plugin WebMMedia
LogPluginManager: Mounting plugin WmfMedia
LogPluginManager: Mounting plugin TcpMessaging
LogPluginManager: Mounting plugin UdpMessaging
LogPluginManager: Mounting plugin ActorSequence
LogPluginManager: Mounting plugin LevelSequenceEditor
LogPluginManager: Mounting plugin MatineeToLevelSequence
LogPluginManager: Mounting plugin NetcodeUnitTest
LogPluginManager: Mounting plugin NUTUnrealEngine4
LogPluginManager: Mounting plugin OnlineSubsystemGooglePlay
LogPluginManager: Mounting plugin OnlineSubsystemIOS
LogPluginManager: Mounting plugin OnlineSubsystem
LogPluginManager: Mounting plugin OnlineSubsystemNull
LogPluginManager: Mounting plugin OnlineSubsystemUtils
LogPluginManager: Mounting plugin LauncherChunkInstaller
LogPluginManager: Mounting plugin AndroidDeviceProfileSelector
LogPluginManager: Mounting plugin AndroidMoviePlayer
LogPluginManager: Mounting plugin AndroidPermission
LogPluginManager: Mounting plugin AppleImageUtils
LogPluginManager: Mounting plugin AppleMoviePlayer
LogPluginManager: Mounting plugin ArchVisCharacter
LogPluginManager: Mounting plugin AssetTags
LogPluginManager: Mounting plugin AudioCapture
LogPluginManager: Mounting plugin CableComponent
LogPluginManager: Mounting plugin CustomMeshComponent
LogPluginManager: Mounting plugin EditableMesh
LogPluginManager: Mounting plugin ExampleDeviceProfileSelector
LogPluginManager: Mounting plugin GoogleCloudMessaging
LogPluginManager: Mounting plugin IOSDeviceProfileSelector
LogPluginManager: Mounting plugin LinuxDeviceProfileSelector
LogPluginManager: Mounting plugin LocationServicesBPLibrary
LogPluginManager: Mounting plugin MobilePatchingUtils
LogPluginManager: Mounting plugin OculusVR
LogPluginManager: Mounting plugin PhysXVehicles
LogPluginManager: Mounting plugin PostSplashScreen
LogPluginManager: Mounting plugin ProceduralMeshComponent
LogPluginManager: Mounting plugin RuntimePhysXCooking
LogPluginManager: Mounting plugin SignificanceManager
LogPluginManager: Mounting plugin SteamVR
LogPluginManager: Mounting plugin WebMMoviePlayer
LogPluginManager: Mounting plugin WindowsMoviePlayer
LogPluginManager: Mounting plugin ScreenshotTools
LogInit: Using libcurl 7.55.1-DEV
LogInit:  - built for x86_64-pc-win32
LogInit:  - supports SSL with OpenSSL/1.1.1
LogInit:  - supports HTTP deflate (compression) using libz 1.2.8
LogInit:  - other features:
LogInit:      CURL_VERSION_SSL
LogInit:      CURL_VERSION_LIBZ
LogInit:      CURL_VERSION_IPV6
LogInit:      CURL_VERSION_ASYNCHDNS
LogInit:      CURL_VERSION_LARGEFILE
LogInit:      CURL_VERSION_IDN
LogInit:  CurlRequestOptions (configurable via config and command line):
LogInit:  - bVerifyPeer = true  - Libcurl will verify peer certificate
LogInit:  - bUseHttpProxy = false  - Libcurl will NOT use HTTP proxy
LogInit:  - bDontReuseConnections = false  - Libcurl will reuse connections
LogInit:  - MaxHostConnections = 16  - Libcurl will limit the number of connections to a host
LogInit:  - LocalHostAddr = Default
LogInit:  - BufferSize = 65536
LogOnline: OSS: Creating online subsystem instance for: NULL
LogInit: WinSock: version 1.1 (2.2), MaxSocks=32767, MaxUdp=65467
LogOnline: OSS: TryLoadSubsystemAndSetDefault: Loaded subsystem for module [NULL]
LogInit: Build: ++UE4+Release-4.24-CL-11590370
LogInit: Engine Version: 4.24.3-11590370+++UE4+Release-4.24
LogInit: Compatible Engine Version: 4.24.0-10570792+++UE4+Release-4.24
LogInit: Net CL: 10570792
LogInit: OS: Windows 10 (Release 1909) (), CPU: Intel(R) Core(TM) i3-5005U CPU @ 2.00GHz, GPU: Intel(R) HD Graphics 5500
LogInit: Compiled (64-bit): Feb 24 2020 15:39:18
LogInit: Compiled with Visual C++: 19.16.27032.01
LogInit: Build Configuration: Development
LogInit: Branch Name: ++UE4+Release-4.24
LogInit: Command Line: 
LogInit: Base Directory: C:/Program Files/Epic Games/UE_4.24/Engine/Binaries/Win64/
LogInit: Installed Engine Build: 1
LogDevObjectVersion: Number of dev versions registered: 25
LogDevObjectVersion:   Dev-Blueprints (B0D832E4-1F89-4F0D-ACCF-7EB736FD4AA2): 10
LogDevObjectVersion:   Dev-Build (E1C64328-A22C-4D53-A36C-8E866417BD8C): 0
LogDevObjectVersion:   Dev-Core (375EC13C-06E4-48FB-B500-84F0262A717E): 3
LogDevObjectVersion:   Dev-Editor (E4B068ED-F494-42E9-A231-DA0B2E46BB41): 37
LogDevObjectVersion:   Dev-Framework (CFFC743F-43B0-4480-9391-14DF171D2073): 36
LogDevObjectVersion:   Dev-Mobile (B02B49B5-BB20-44E9-A304-32B752E40360): 2
LogDevObjectVersion:   Dev-Networking (A4E4105C-59A1-49B5-A7C5-40C4547EDFEE): 0
LogDevObjectVersion:   Dev-Online (39C831C9-5AE6-47DC-9A44-9C173E1C8E7C): 0
LogDevObjectVersion:   Dev-Physics (78F01B33-EBEA-4F98-B9B4-84EACCB95AA2): 2
LogDevObjectVersion:   Dev-Platform (6631380F-2D4D-43E0-8009-CF276956A95A): 0
LogDevObjectVersion:   Dev-Rendering (12F88B9F-8875-4AFC-A67C-D90C383ABD29): 36
LogDevObjectVersion:   Dev-Sequencer (7B5AE74C-D270-4C10-A958-57980B212A5A): 11
LogDevObjectVersion:   Dev-VR (D7296918-1DD6-4BDD-9DE2-64A83CC13884): 2
LogDevObjectVersion:   Dev-LoadTimes (C2A15278-BFE7-4AFE-6C17-90FF531DF755): 1
LogDevObjectVersion:   Private-Geometry (6EACA3D4-40EC-4CC1-B786-8BED09428FC5): 3
LogDevObjectVersion:   Dev-AnimPhys (29E575DD-E0A3-4627-9D10-D276232CDCEA): 17
LogDevObjectVersion:   Dev-Anim (AF43A65D-7FD3-4947-9873-3E8ED9C1BB05): 2
LogDevObjectVersion:   Dev-ReflectionCapture (6B266CEC-1EC7-4B8F-A30B-E4D90942FC07): 1
LogDevObjectVersion:   Dev-Automation (0DF73D61-A23F-47EA-B727-89E90C41499A): 1
LogDevObjectVersion:   FortniteMain (601D1886-AC64-4F84-AA16-D3DE0DEAC7D6): 31
LogDevObjectVersion:   Dev-Enterprise (9DFFBCD6-494F-0158-E221-12823C92A888): 8
LogDevObjectVersion:   Dev-Niagara (F2AED0AC-9AFE-416F-8664-AA7FFA26D6FC): 1
LogDevObjectVersion:   Dev-Destruction (174F1F0B-B4C6-45A5-B13F-2EE8D0FB917D): 9
LogDevObjectVersion:   Dev-Physics-Ext (35F94A83-E258-406C-A318-09F59610247C): 8
LogDevObjectVersion:   Dev-CineCamera (B2E18506-4273-CFC2-A54E-F4BB758BBA07): 1
LogInit: Presizing for max 25165824 objects, including 0 objects not considered by GC, pre-allocating 0 bytes for permanent pool.
LogInit: Object subsystem initialized
LogConfig: Setting CVar [[con.DebugEarlyDefault:1]]
LogConfig: Setting CVar [[r.setres:1280x720]]
[2020.06.02-00.29.11:232][  0]LogConfig: Setting CVar [[r.VSync:0]]
[2020.06.02-00.29.11:232][  0]LogConfig: Setting CVar [[r.RHICmdBypass:0]]
[2020.06.02-00.29.11:655][  0]LogConfig: Applying CVar settings from Section [/Script/Engine.RendererSettings] File [C:/Users/pandax08/Desktop/1 semestre 2020/desarrollo videojuegos/UnrealEngine_Games/Unreal Proyect/MyProject/Saved/Config/Windows/Engine.ini]
[2020.06.02-00.29.11:655][  0]LogConfig: Setting CVar [[r.GPUCrashDebugging:0]]
[2020.06.02-00.29.11:655][  0]LogConfig: Setting CVar [[r.MobileHDR:1]]
[2020.06.02-00.29.11:655][  0]LogConfig: Setting CVar [[r.Mobile.DisableVertexFog:1]]
[2020.06.02-00.29.11:655][  0]LogConfig: Setting CVar [[r.Shadow.CSM.MaxMobileCascades:2]]
[2020.06.02-00.29.11:655][  0]LogConfig: Setting CVar [[r.MobileMSAA:1]]
[2020.06.02-00.29.11:655][  0]LogConfig: Setting CVar [[r.Mobile.UseLegacyShadingModel:0]]
[2020.06.02-00.29.11:655][  0]LogConfig: Setting CVar [[r.Mobile.UseHWsRGBEncoding:0]]
[2020.06.02-00.29.11:655][  0]LogConfig: Setting CVar [[r.Mobile.AllowDitheredLODTransition:0]]
[2020.06.02-00.29.11:655][  0]LogConfig: Setting CVar [[r.Mobile.AllowSoftwareOcclusion:0]]
[2020.06.02-00.29.11:656][  0]LogConfig: Setting CVar [[r.DiscardUnusedQuality:0]]
[2020.06.02-00.29.11:656][  0]LogConfig: Setting CVar [[r.AllowOcclusionQueries:1]]
[2020.06.02-00.29.11:656][  0]LogConfig: Setting CVar [[r.MinScreenRadiusForLights:0.030000]]
[2020.06.02-00.29.11:656][  0]LogConfig: Setting CVar [[r.MinScreenRadiusForDepthPrepass:0.030000]]
[2020.06.02-00.29.11:656][  0]LogConfig: Setting CVar [[r.MinScreenRadiusForCSMDepth:0.010000]]
[2020.06.02-00.29.11:656][  0]LogConfig: Setting CVar [[r.PrecomputedVisibilityWarning:0]]
[2020.06.02-00.29.11:656][  0]LogConfig: Setting CVar [[r.TextureStreaming:1]]
[2020.06.02-00.29.11:656][  0]LogConfig: Setting CVar [[Compat.UseDXT5NormalMaps:0]]
[2020.06.02-00.29.11:656][  0]LogConfig: Setting CVar [[r.VirtualTextures:0]]
[2020.06.02-00.29.11:656][  0]LogConfig: Setting CVar [[r.VirtualTexturedLightmaps:0]]
[2020.06.02-00.29.11:656][  0]LogConfig: Setting CVar [[r.VT.TileSize:128]]
[2020.06.02-00.29.11:656][  0]LogConfig: Setting CVar [[r.VT.TileBorderSize:4]]
[2020.06.02-00.29.11:656][  0]LogConfig: Setting CVar [[r.vt.FeedbackFactor:16]]
[2020.06.02-00.29.11:656][  0]LogConfig: Setting CVar [[r.VT.EnableCompressZlib:1]]
[2020.06.02-00.29.11:656][  0]LogConfig: Setting CVar [[r.VT.EnableCompressCrunch:0]]
[2020.06.02-00.29.11:656][  0]LogConfig: Setting CVar [[r.ClearCoatNormal:0]]
[2020.06.02-00.29.11:656][  0]LogConfig: Setting CVar [[r.ReflectionCaptureResolution:128]]
[2020.06.02-00.29.11:656][  0]LogConfig: Setting CVar [[r.ReflectionEnvironmentLightmapMixBasedOnRoughness:1]]
[2020.06.02-00.29.11:656][  0]LogConfig: Setting CVar [[r.ForwardShading:0]]
[2020.06.02-00.29.11:656][  0]LogConfig: Setting CVar [[r.VertexFoggingForOpaque:1]]
[2020.06.02-00.29.11:656][  0]LogConfig: Setting CVar [[r.AllowStaticLighting:1]]
[2020.06.02-00.29.11:656][  0]LogConfig: Setting CVar [[r.NormalMapsForStaticLighting:0]]
[2020.06.02-00.29.11:656][  0]LogConfig: Setting CVar [[r.GenerateMeshDistanceFields:0]]
[2020.06.02-00.29.11:656][  0]LogConfig: Setting CVar [[r.DistanceFieldBuild.EightBit:0]]
[2020.06.02-00.29.11:656][  0]LogConfig: Setting CVar [[r.GenerateLandscapeGIData:0]]
[2020.06.02-00.29.11:656][  0]LogConfig: Setting CVar [[r.DistanceFieldBuild.Compress:0]]
[2020.06.02-00.29.11:656][  0]LogConfig: Setting CVar [[r.TessellationAdaptivePixelsPerTriangle:48.000000]]
[2020.06.02-00.29.11:656][  0]LogConfig: Setting CVar [[r.SeparateTranslucency:1]]
[2020.06.02-00.29.11:656][  0]LogConfig: Setting CVar [[r.TranslucentSortPolicy:0]]
[2020.06.02-00.29.11:656][  0]LogConfig: Setting CVar [[r.CustomDepth:1]]
[2020.06.02-00.29.11:656][  0]LogConfig: Setting CVar [[r.CustomDepthTemporalAAJitter:1]]
[2020.06.02-00.29.11:656][  0]LogConfig: Setting CVar [[r.PostProcessing.PropagateAlpha:0]]
[2020.06.02-00.29.11:656][  0]LogConfig: Setting CVar [[r.DefaultFeature.Bloom:1]]
[2020.06.02-00.29.11:656][  0]LogConfig: Setting CVar [[r.DefaultFeature.AmbientOcclusion:1]]
[2020.06.02-00.29.11:656][  0]LogConfig: Setting CVar [[r.DefaultFeature.AmbientOcclusionStaticFraction:1]]
[2020.06.02-00.29.11:656][  0]LogConfig: Setting CVar [[r.DefaultFeature.AutoExposure:1]]
[2020.06.02-00.29.11:656][  0]LogConfig: Setting CVar [[r.DefaultFeature.AutoExposure.Method:0]]
[2020.06.02-00.29.11:656][  0]LogConfig: Setting CVar [[r.DefaultFeature.AutoExposure.ExtendDefaultLuminanceRange:0]]
[2020.06.02-00.29.11:656][  0]LogConfig: Setting CVar [[r.UsePreExposure:1]]
[2020.06.02-00.29.11:656][  0]LogConfig: Setting CVar [[r.EyeAdaptation.EditorOnly:1]]
[2020.06.02-00.29.11:656][  0]LogConfig: Setting CVar [[r.DefaultFeature.MotionBlur:1]]
[2020.06.02-00.29.11:656][  0]LogConfig: Setting CVar [[r.DefaultFeature.LensFlare:0]]
[2020.06.02-00.29.11:656][  0]LogConfig: Setting CVar [[r.TemporalAA.Upsampling:0]]
[2020.06.02-00.29.11:656][  0]LogConfig: Setting CVar [[r.SSGI.Enable:0]]
[2020.06.02-00.29.11:656][  0]LogConfig: Setting CVar [[r.DefaultFeature.AntiAliasing:2]]
[2020.06.02-00.29.11:657][  0]LogConfig: Setting CVar [[r.DefaultFeature.LightUnits:1]]
[2020.06.02-00.29.11:657][  0]LogConfig: Setting CVar [[r.DefaultBackBufferPixelFormat:4]]
[2020.06.02-00.29.11:657][  0]LogConfig: Setting CVar [[r.Shadow.UnbuiltPreviewInGame:1]]
[2020.06.02-00.29.11:657][  0]LogConfig: Setting CVar [[r.StencilForLODDither:0]]
[2020.06.02-00.29.11:657][  0]LogConfig: Setting CVar [[r.EarlyZPass:3]]
[2020.06.02-00.29.12:205][  0]LogConfig: Setting CVar [[r.EarlyZPassOnlyMaterialMasking:0]]
[2020.06.02-00.29.12:205][  0]LogConfig: Setting CVar [[r.DBuffer:1]]
[2020.06.02-00.29.12:205][  0]LogConfig: Setting CVar [[r.ClearSceneMethod:1]]
[2020.06.02-00.29.12:205][  0]LogConfig: Setting CVar [[r.BasePassOutputsVelocity:0]]
[2020.06.02-00.29.12:205][  0]LogConfig: Setting CVar [[r.SelectiveBasePassOutputs:0]]
[2020.06.02-00.29.12:205][  0]LogConfig: Setting CVar [[fx.GPUSimulationTextureSizeX:1024]]
[2020.06.02-00.29.12:205][  0]LogConfig: Setting CVar [[fx.GPUSimulationTextureSizeY:1024]]
[2020.06.02-00.29.12:205][  0]LogConfig: Setting CVar [[r.AllowGlobalClipPlane:0]]
[2020.06.02-00.29.12:205][  0]LogConfig: Setting CVar [[r.GBufferFormat:1]]
[2020.06.02-00.29.12:205][  0]LogConfig: Setting CVar [[r.MorphTarget.Mode:1]]
[2020.06.02-00.29.12:205][  0]LogConfig: Setting CVar [[vr.InstancedStereo:0]]
[2020.06.02-00.29.12:205][  0]LogConfig: Setting CVar [[vr.MultiView:0]]
[2020.06.02-00.29.12:205][  0]LogConfig: Setting CVar [[vr.MobileMultiView:0]]
[2020.06.02-00.29.12:205][  0]LogConfig: Setting CVar [[vr.MobileMultiView.Direct:0]]
[2020.06.02-00.29.12:205][  0]LogConfig: Setting CVar [[vr.RoundRobinOcclusion:0]]
[2020.06.02-00.29.12:205][  0]LogConfig: Setting CVar [[vr.ODSCapture:0]]
[2020.06.02-00.29.12:205][  0]LogConfig: Setting CVar [[r.WireframeCullThreshold:5.000000]]
[2020.06.02-00.29.12:205][  0]LogConfig: Setting CVar [[r.RayTracing:0]]
[2020.06.02-00.29.12:205][  0]LogConfig: Setting CVar [[r.RayTracing.UseTextureLod:0]]
[2020.06.02-00.29.12:205][  0]LogConfig: Setting CVar [[r.SupportStationarySkylight:1]]
[2020.06.02-00.29.12:205][  0]LogConfig: Setting CVar [[r.SupportLowQualityLightmaps:1]]
[2020.06.02-00.29.12:205][  0]LogConfig: Setting CVar [[r.SupportPointLightWholeSceneShadows:1]]
[2020.06.02-00.29.12:205][  0]LogConfig: Setting CVar [[r.SupportAtmosphericFog:1]]
[2020.06.02-00.29.12:205][  0]LogConfig: Setting CVar [[r.SupportSkyAtmosphere:1]]
[2020.06.02-00.29.12:205][  0]LogConfig: Setting CVar [[r.SupportSkyAtmosphereAffectsHeightFog:0]]
[2020.06.02-00.29.12:206][  0]LogConfig: Setting CVar [[r.SkinCache.CompileShaders:0]]
[2020.06.02-00.29.12:206][  0]LogConfig: Setting CVar [[r.Mobile.EnableStaticAndCSMShadowReceivers:1]]
[2020.06.02-00.29.12:206][  0]LogConfig: Setting CVar [[r.Mobile.EnableMovableLightCSMShaderCulling:1]]
[2020.06.02-00.29.12:206][  0]LogConfig: Setting CVar [[r.Mobile.AllowDistanceFieldShadows:1]]
[2020.06.02-00.29.12:206][  0]LogConfig: Setting CVar [[r.Mobile.AllowMovableDirectionalLights:1]]
[2020.06.02-00.29.12:206][  0]LogConfig: Setting CVar [[r.MobileNumDynamicPointLights:4]]
[2020.06.02-00.29.12:206][  0]LogConfig: Setting CVar [[r.MobileDynamicPointLightsUseStaticBranch:1]]
[2020.06.02-00.29.12:206][  0]LogConfig: Setting CVar [[r.Mobile.EnableMovableSpotlights:0]]
[2020.06.02-00.29.12:206][  0]LogConfig: Setting CVar [[r.SkinCache.SceneMemoryLimitInMB:128.000000]]
[2020.06.02-00.29.12:206][  0]LogConfig: Setting CVar [[r.GPUSkin.Limit2BoneInfluences:0]]
[2020.06.02-00.29.12:206][  0]LogConfig: Setting CVar [[r.SupportDepthOnlyIndexBuffers:1]]
[2020.06.02-00.29.12:206][  0]LogConfig: Setting CVar [[r.SupportReversedIndexBuffers:1]]
[2020.06.02-00.29.12:206][  0]LogConfig: Setting CVar [[r.SupportMaterialLayers:0]]
[2020.06.02-00.29.12:206][  0]LogConfig: Setting CVar [[r.LightPropagationVolume:0]]
[2020.06.02-00.29.12:206][  0]LogConfig: Applying CVar settings from Section [/Script/Engine.RendererOverrideSettings] File [C:/Users/pandax08/Desktop/1 semestre 2020/desarrollo videojuegos/UnrealEngine_Games/Unreal Proyect/MyProject/Saved/Config/Windows/Engine.ini]
[2020.06.02-00.29.12:207][  0]LogConfig: Applying CVar settings from Section [/Script/Engine.StreamingSettings] File [C:/Users/pandax08/Desktop/1 semestre 2020/desarrollo videojuegos/UnrealEngine_Games/Unreal Proyect/MyProject/Saved/Config/Windows/Engine.ini]
[2020.06.02-00.29.12:207][  0]LogConfig: Setting CVar [[s.MinBulkDataSizeForAsyncLoading:131072]]
[2020.06.02-00.29.12:207][  0]LogConfig: Setting CVar [[s.AsyncLoadingThreadEnabled:0]]
[2020.06.02-00.29.12:207][  0]LogConfig: Setting CVar [[s.EventDrivenLoaderEnabled:1]]
[2020.06.02-00.29.12:207][  0]LogConfig: Setting CVar [[s.WarnIfTimeLimitExceeded:0]]
[2020.06.02-00.29.12:207][  0]LogConfig: Setting CVar [[s.TimeLimitExceededMultiplier:1.5]]
[2020.06.02-00.29.12:207][  0]LogConfig: Setting CVar [[s.TimeLimitExceededMinTime:0.005]]
[2020.06.02-00.29.12:207][  0]LogConfig: Setting CVar [[s.UseBackgroundLevelStreaming:1]]
[2020.06.02-00.29.12:207][  0]LogConfig: Setting CVar [[s.PriorityAsyncLoadingExtraTime:15.0]]
[2020.06.02-00.29.12:207][  0]LogConfig: Setting CVar [[s.LevelStreamingActorsUpdateTimeLimit:5.0]]
[2020.06.02-00.29.12:207][  0]LogConfig: Setting CVar [[s.PriorityLevelStreamingActorsUpdateExtraTime:5.0]]
[2020.06.02-00.29.12:207][  0]LogConfig: Setting CVar [[s.LevelStreamingComponentsRegistrationGranularity:10]]
[2020.06.02-00.29.12:207][  0]LogConfig: Setting CVar [[s.UnregisterComponentsTimeLimit:1.0]]
[2020.06.02-00.29.12:207][  0]LogConfig: Setting CVar [[s.LevelStreamingComponentsUnregistrationGranularity:5]]
[2020.06.02-00.29.12:207][  0]LogConfig: Setting CVar [[s.FlushStreamingOnExit:1]]
[2020.06.02-00.29.12:314][  0]LogConfig: Applying CVar settings from Section [/Script/Engine.GarbageCollectionSettings] File [C:/Users/pandax08/Desktop/1 semestre 2020/desarrollo videojuegos/UnrealEngine_Games/Unreal Proyect/MyProject/Saved/Config/Windows/Engine.ini]
[2020.06.02-00.29.12:314][  0]LogConfig: Setting CVar [[gc.MaxObjectsNotConsideredByGC:1]]
[2020.06.02-00.29.12:314][  0]LogConfig: Setting CVar [[gc.SizeOfPermanentObjectPool:0]]
[2020.06.02-00.29.12:314][  0]LogConfig: Setting CVar [[gc.FlushStreamingOnGC:0]]
[2020.06.02-00.29.12:314][  0]LogConfig: Setting CVar [[gc.NumRetriesBeforeForcingGC:10]]
[2020.06.02-00.29.12:314][  0]LogConfig: Setting CVar [[gc.AllowParallelGC:1]]
[2020.06.02-00.29.12:314][  0]LogConfig: Setting CVar [[gc.TimeBetweenPurgingPendingKillObjects:61.1]]
[2020.06.02-00.29.12:314][  0]LogConfig: Setting CVar [[gc.MaxObjectsInEditor:25165824]]
[2020.06.02-00.29.12:315][  0]LogConfig: Setting CVar [[gc.IncrementalBeginDestroyEnabled:1]]
[2020.06.02-00.29.12:315][  0]LogConfig: Setting CVar [[gc.CreateGCClusters:1]]
[2020.06.02-00.29.12:315][  0]LogConfig: Setting CVar [[gc.MinGCClusterSize:5]]
[2020.06.02-00.29.12:315][  0]LogConfig: Setting CVar [[gc.ActorClusteringEnabled:0]]
[2020.06.02-00.29.12:315][  0]LogConfig: Setting CVar [[gc.BlueprintClusteringEnabled:0]]
[2020.06.02-00.29.12:315][  0]LogConfig: Setting CVar [[gc.UseDisregardForGCOnDedicatedServers:0]]
[2020.06.02-00.29.12:315][  0]LogConfig: Applying CVar settings from Section [/Script/Engine.NetworkSettings] File [C:/Users/pandax08/Desktop/1 semestre 2020/desarrollo videojuegos/UnrealEngine_Games/Unreal Proyect/MyProject/Saved/Config/Windows/Engine.ini]
[2020.06.02-00.29.12:315][  0]LogConfig: Applying CVar settings from Section [/Script/UnrealEd.CookerSettings] File [C:/Users/pandax08/Desktop/1 semestre 2020/desarrollo videojuegos/UnrealEngine_Games/Unreal Proyect/MyProject/Saved/Config/Windows/Engine.ini]
[2020.06.02-00.29.13:584][  0]LogConfig: Applying CVar settings from Section [ViewDistanceQuality@3] File [C:/Users/pandax08/Desktop/1 semestre 2020/desarrollo videojuegos/UnrealEngine_Games/Unreal Proyect/MyProject/Saved/Config/Windows/Scalability.ini]
[2020.06.02-00.29.13:584][  0]LogConfig: Setting CVar [[r.SkeletalMeshLODBias:0]]
[2020.06.02-00.29.13:584][  0]LogConfig: Setting CVar [[r.ViewDistanceScale:1.0]]
[2020.06.02-00.29.13:584][  0]LogConfig: Applying CVar settings from Section [AntiAliasingQuality@3] File [C:/Users/pandax08/Desktop/1 semestre 2020/desarrollo videojuegos/UnrealEngine_Games/Unreal Proyect/MyProject/Saved/Config/Windows/Scalability.ini]
[2020.06.02-00.29.13:584][  0]LogConfig: Setting CVar [[r.PostProcessAAQuality:4]]
[2020.06.02-00.29.13:584][  0]LogConfig: Applying CVar settings from Section [ShadowQuality@3] File [C:/Users/pandax08/Desktop/1 semestre 2020/desarrollo videojuegos/UnrealEngine_Games/Unreal Proyect/MyProject/Saved/Config/Windows/Scalability.ini]
[2020.06.02-00.29.13:584][  0]LogConfig: Setting CVar [[r.LightFunctionQuality:1]]
[2020.06.02-00.29.13:584][  0]LogConfig: Setting CVar [[r.ShadowQuality:5]]
[2020.06.02-00.29.13:584][  0]LogConfig: Setting CVar [[r.Shadow.CSM.MaxCascades:10]]
[2020.06.02-00.29.13:584][  0]LogConfig: Setting CVar [[r.Shadow.MaxResolution:2048]]
[2020.06.02-00.29.13:584][  0]LogConfig: Setting CVar [[r.Shadow.MaxCSMResolution:2048]]
[2020.06.02-00.29.13:584][  0]LogConfig: Setting CVar [[r.Shadow.RadiusThreshold:0.01]]
[2020.06.02-00.29.13:584][  0]LogConfig: Setting CVar [[r.Shadow.DistanceScale:1.0]]
[2020.06.02-00.29.13:584][  0]LogConfig: Setting CVar [[r.Shadow.CSM.TransitionScale:1.0]]
[2020.06.02-00.29.13:584][  0]LogConfig: Setting CVar [[r.Shadow.PreShadowResolutionFactor:1.0]]
[2020.06.02-00.29.13:584][  0]LogConfig: Setting CVar [[r.DistanceFieldShadowing:1]]
[2020.06.02-00.29.13:584][  0]LogConfig: Setting CVar [[r.DistanceFieldAO:1]]
[2020.06.02-00.29.13:585][  0]LogConfig: Setting CVar [[r.AOQuality:2]]
[2020.06.02-00.29.13:585][  0]LogConfig: Setting CVar [[r.VolumetricFog:1]]
[2020.06.02-00.29.13:585][  0]LogConfig: Setting CVar [[r.VolumetricFog.GridPixelSize:8]]
[2020.06.02-00.29.13:585][  0]LogConfig: Setting CVar [[r.VolumetricFog.GridSizeZ:128]]
[2020.06.02-00.29.13:585][  0]LogConfig: Setting CVar [[r.VolumetricFog.HistoryMissSupersampleCount:4]]
[2020.06.02-00.29.13:585][  0]LogConfig: Setting CVar [[r.LightMaxDrawDistanceScale:1]]
[2020.06.02-00.29.13:585][  0]LogConfig: Setting CVar [[r.CapsuleShadows:1]]
[2020.06.02-00.29.13:585][  0]LogConfig: Applying CVar settings from Section [PostProcessQuality@3] File [C:/Users/pandax08/Desktop/1 semestre 2020/desarrollo videojuegos/UnrealEngine_Games/Unreal Proyect/MyProject/Saved/Config/Windows/Scalability.ini]
[2020.06.02-00.29.13:585][  0]LogConfig: Setting CVar [[r.MotionBlurQuality:4]]
[2020.06.02-00.29.13:585][  0]LogConfig: Setting CVar [[r.AmbientOcclusionMipLevelFactor:0.4]]
[2020.06.02-00.29.13:585][  0]LogConfig: Setting CVar [[r.AmbientOcclusionMaxQuality:100]]
[2020.06.02-00.29.13:585][  0]LogConfig: Setting CVar [[r.AmbientOcclusionLevels:-1]]
[2020.06.02-00.29.13:585][  0]LogConfig: Setting CVar [[r.AmbientOcclusionRadiusScale:1.0]]
[2020.06.02-00.29.13:585][  0]LogConfig: Setting CVar [[r.DepthOfFieldQuality:2]]
[2020.06.02-00.29.13:585][  0]LogConfig: Setting CVar [[r.RenderTargetPoolMin:400]]
[2020.06.02-00.29.13:585][  0]LogConfig: Setting CVar [[r.LensFlareQuality:2]]
[2020.06.02-00.29.13:585][  0]LogConfig: Setting CVar [[r.SceneColorFringeQuality:1]]
[2020.06.02-00.29.13:585][  0]LogConfig: Setting CVar [[r.EyeAdaptationQuality:2]]
[2020.06.02-00.29.13:585][  0]LogConfig: Setting CVar [[r.BloomQuality:5]]
[2020.06.02-00.29.13:585][  0]LogConfig: Setting CVar [[r.FastBlurThreshold:100]]
[2020.06.02-00.29.13:585][  0]LogConfig: Setting CVar [[r.Upscale.Quality:3]]
[2020.06.02-00.29.13:585][  0]LogConfig: Setting CVar [[r.Tonemapper.GrainQuantization:1]]
[2020.06.02-00.29.13:585][  0]LogConfig: Setting CVar [[r.LightShaftQuality:1]]
[2020.06.02-00.29.13:585][  0]LogConfig: Setting CVar [[r.Filter.SizeScale:1]]
[2020.06.02-00.29.13:585][  0]LogConfig: Setting CVar [[r.Tonemapper.Quality:5]]
[2020.06.02-00.29.13:585][  0]LogConfig: Setting CVar [[r.DOF.Gather.AccumulatorQuality:1        ; higher gathering accumulator quality]]
[2020.06.02-00.29.13:585][  0]LogConfig: Setting CVar [[r.DOF.Gather.PostfilterMethod:1          ; Median3x3 postfilering method]]
[2020.06.02-00.29.13:585][  0]LogConfig: Setting CVar [[r.DOF.Gather.EnableBokehSettings:0       ; no bokeh simulation when gathering]]
[2020.06.02-00.29.13:585][  0]LogConfig: Setting CVar [[r.DOF.Gather.RingCount:4                 ; medium number of samples when gathering]]
[2020.06.02-00.29.13:585][  0]LogConfig: Setting CVar [[r.DOF.Scatter.ForegroundCompositing:1    ; additive foreground scattering]]
[2020.06.02-00.29.13:585][  0]LogConfig: Setting CVar [[r.DOF.Scatter.BackgroundCompositing:2    ; additive background scattering]]
[2020.06.02-00.29.13:585][  0]LogConfig: Setting CVar [[r.DOF.Scatter.EnableBokehSettings:1      ; bokeh simulation when scattering]]
[2020.06.02-00.29.13:585][  0]LogConfig: Setting CVar [[r.DOF.Scatter.MaxSpriteRatio:0.1         ; only a maximum of 10% of scattered bokeh]]
[2020.06.02-00.29.13:585][  0]LogConfig: Setting CVar [[r.DOF.Recombine.Quality:1                ; cheap slight out of focus]]
[2020.06.02-00.29.13:585][  0]LogConfig: Setting CVar [[r.DOF.Recombine.EnableBokehSettings:0    ; no bokeh simulation on slight out of focus]]
[2020.06.02-00.29.13:585][  0]LogConfig: Setting CVar [[r.DOF.TemporalAAQuality:1                ; more stable temporal accumulation]]
[2020.06.02-00.29.13:585][  0]LogConfig: Setting CVar [[r.DOF.Kernel.MaxForegroundRadius:0.025]]
[2020.06.02-00.29.13:585][  0]LogConfig: Setting CVar [[r.DOF.Kernel.MaxBackgroundRadius:0.025]]
[2020.06.02-00.29.13:585][  0]LogConfig: Applying CVar settings from Section [TextureQuality@3] File [C:/Users/pandax08/Desktop/1 semestre 2020/desarrollo videojuegos/UnrealEngine_Games/Unreal Proyect/MyProject/Saved/Config/Windows/Scalability.ini]
[2020.06.02-00.29.13:585][  0]LogConfig: Setting CVar [[r.Streaming.MipBias:0]]
[2020.06.02-00.29.13:585][  0]LogConfig: Setting CVar [[r.Streaming.AmortizeCPUToGPUCopy:0]]
[2020.06.02-00.29.13:585][  0]LogConfig: Setting CVar [[r.Streaming.MaxNumTexturesToStreamPerFrame:0]]
[2020.06.02-00.29.13:585][  0]LogConfig: Setting CVar [[r.Streaming.Boost:1]]
[2020.06.02-00.29.13:585][  0]LogConfig: Setting CVar [[r.MaxAnisotropy:8]]
[2020.06.02-00.29.13:585][  0]LogConfig: Setting CVar [[r.VT.MaxAnisotropy:8]]
[2020.06.02-00.29.13:586][  0]LogConfig: Setting CVar [[r.Streaming.LimitPoolSizeToVRAM:0]]
[2020.06.02-00.29.13:586][  0]LogConfig: Setting CVar [[r.Streaming.PoolSize:1000]]
[2020.06.02-00.29.13:586][  0]LogConfig: Setting CVar [[r.Streaming.MaxEffectiveScreenSize:0]]
[2020.06.02-00.29.13:586][  0]LogConfig: Applying CVar settings from Section [EffectsQuality@3] File [C:/Users/pandax08/Desktop/1 semestre 2020/desarrollo videojuegos/UnrealEngine_Games/Unreal Proyect/MyProject/Saved/Config/Windows/Scalability.ini]
[2020.06.02-00.29.13:586][  0]LogConfig: Setting CVar [[r.TranslucencyLightingVolumeDim:64]]
[2020.06.02-00.29.13:586][  0]LogConfig: Setting CVar [[r.RefractionQuality:2]]
[2020.06.02-00.29.13:586][  0]LogConfig: Setting CVar [[r.SSR.Quality:3]]
[2020.06.02-00.29.13:586][  0]LogConfig: Setting CVar [[r.SSR.HalfResSceneColor:0]]
[2020.06.02-00.29.13:586][  0]LogConfig: Setting CVar [[r.SceneColorFormat:4]]
[2020.06.02-00.29.13:586][  0]LogConfig: Setting CVar [[r.DetailMode:2]]
[2020.06.02-00.29.13:586][  0]LogConfig: Setting CVar [[r.TranslucencyVolumeBlur:1]]
[2020.06.02-00.29.13:586][  0]LogConfig: Setting CVar [[r.MaterialQualityLevel:1 ; High quality]]
[2020.06.02-00.29.13:586][  0]LogConfig: Setting CVar [[r.SSS.Scale:1]]
[2020.06.02-00.29.13:586][  0]LogConfig: Setting CVar [[r.SSS.SampleSet:2]]
[2020.06.02-00.29.13:586][  0]LogConfig: Setting CVar [[r.SSS.Quality:1]]
[2020.06.02-00.29.13:586][  0]LogConfig: Setting CVar [[r.SSS.HalfRes:1]]
[2020.06.02-00.29.13:586][  0]LogConfig: Setting CVar [[r.SSGI.Quality:3]]
[2020.06.02-00.29.13:586][  0]LogConfig: Setting CVar [[r.EmitterSpawnRateScale:1.0]]
[2020.06.02-00.29.13:586][  0]LogConfig: Setting CVar [[r.ParticleLightQuality:2]]
[2020.06.02-00.29.13:586][  0]LogConfig: Setting CVar [[r.SkyAtmosphere.AerialPerspectiveLUT.FastApplyOnOpaque:1 ; Always have FastSkyLUT 1 in this case to avoid wrong sky]]
[2020.06.02-00.29.13:586][  0]LogConfig: Setting CVar [[r.SkyAtmosphere.AerialPerspectiveLUT.SampleCountPerSlice:1]]
[2020.06.02-00.29.13:586][  0]LogConfig: Setting CVar [[r.SkyAtmosphere.AerialPerspectiveLUT.DepthResolution:16.0]]
[2020.06.02-00.29.13:586][  0]LogConfig: Setting CVar [[r.SkyAtmosphere.FastSkyLUT:1]]
[2020.06.02-00.29.13:586][  0]LogConfig: Setting CVar [[r.SkyAtmosphere.FastSkyLUT.SampleCountMin:4.0]]
[2020.06.02-00.29.13:586][  0]LogConfig: Setting CVar [[r.SkyAtmosphere.FastSkyLUT.SampleCountMax:32.0]]
[2020.06.02-00.29.13:586][  0]LogConfig: Setting CVar [[r.SkyAtmosphere.SampleCountMin:4.0]]
[2020.06.02-00.29.13:586][  0]LogConfig: Setting CVar [[r.SkyAtmosphere.SampleCountMax:32.0]]
[2020.06.02-00.29.13:586][  0]LogConfig: Setting CVar [[r.SkyAtmosphere.TransmittanceLUT.UseSmallFormat:0]]
[2020.06.02-00.29.13:586][  0]LogConfig: Setting CVar [[r.SkyAtmosphere.TransmittanceLUT.SampleCount:10.0]]
[2020.06.02-00.29.13:586][  0]LogConfig: Setting CVar [[r.SkyAtmosphere.MultiScatteringLUT.SampleCount:15.0]]
[2020.06.02-00.29.13:586][  0]LogConfig: Applying CVar settings from Section [FoliageQuality@3] File [C:/Users/pandax08/Desktop/1 semestre 2020/desarrollo videojuegos/UnrealEngine_Games/Unreal Proyect/MyProject/Saved/Config/Windows/Scalability.ini]
[2020.06.02-00.29.13:586][  0]LogConfig: Setting CVar [[foliage.DensityScale:1.0]]
[2020.06.02-00.29.13:586][  0]LogConfig: Setting CVar [[grass.DensityScale:1.0]]
[2020.06.02-00.29.13:586][  0]LogConfig: Applying CVar settings from Section [ShadingQuality@3] File [C:/Users/pandax08/Desktop/1 semestre 2020/desarrollo videojuegos/UnrealEngine_Games/Unreal Proyect/MyProject/Saved/Config/Windows/Scalability.ini]
[2020.06.02-00.29.13:587][  0]LogConfig: Setting CVar [[r.HairStrands.SkyLighting.SampleCount:16]]
[2020.06.02-00.29.13:587][  0]LogConfig: Setting CVar [[r.HairStrands.SkyLighting.JitterIntegration:0]]
[2020.06.02-00.29.13:587][  0]LogConfig: Setting CVar [[r.HairStrands.SkyAO.SampleCount:16]]
[2020.06.02-00.29.13:766][  0]LogInit: Selected Device Profile: [Windows]
[2020.06.02-00.29.13:976][  0]LogInit: Applying CVar settings loaded from the selected device profile: [Windows]
[2020.06.02-00.29.15:040][  0]LogHAL: Display: Platform has ~ 4 GB [4196315136 / 4294967296 / 4], which maps to Smallest [LargestMinGB=32, LargerMinGB=12, DefaultMinGB=8, SmallerMinGB=6, SmallestMinGB=0)
[2020.06.02-00.29.15:040][  0]LogInit: Going up to parent DeviceProfile []
[2020.06.02-00.29.15:364][  0]LogConfig: Applying CVar settings from Section [ViewDistanceQuality@3] File [C:/Users/pandax08/Desktop/1 semestre 2020/desarrollo videojuegos/UnrealEngine_Games/Unreal Proyect/MyProject/Saved/Config/Windows/Scalability.ini]
[2020.06.02-00.29.15:364][  0]LogConfig: Setting CVar [[r.SkeletalMeshLODBias:0]]
[2020.06.02-00.29.15:364][  0]LogConfig: Setting CVar [[r.ViewDistanceScale:1.0]]
[2020.06.02-00.29.15:364][  0]LogConfig: Applying CVar settings from Section [AntiAliasingQuality@3] File [C:/Users/pandax08/Desktop/1 semestre 2020/desarrollo videojuegos/UnrealEngine_Games/Unreal Proyect/MyProject/Saved/Config/Windows/Scalability.ini]
[2020.06.02-00.29.15:364][  0]LogConfig: Setting CVar [[r.PostProcessAAQuality:4]]
[2020.06.02-00.29.15:364][  0]LogConfig: Applying CVar settings from Section [ShadowQuality@3] File [C:/Users/pandax08/Desktop/1 semestre 2020/desarrollo videojuegos/UnrealEngine_Games/Unreal Proyect/MyProject/Saved/Config/Windows/Scalability.ini]
[2020.06.02-00.29.15:364][  0]LogConfig: Setting CVar [[r.LightFunctionQuality:1]]
[2020.06.02-00.29.15:364][  0]LogConfig: Setting CVar [[r.ShadowQuality:5]]
[2020.06.02-00.29.15:364][  0]LogConfig: Setting CVar [[r.Shadow.CSM.MaxCascades:10]]
[2020.06.02-00.29.15:364][  0]LogConfig: Setting CVar [[r.Shadow.MaxResolution:2048]]
[2020.06.02-00.29.15:364][  0]LogConfig: Setting CVar [[r.Shadow.MaxCSMResolution:2048]]
[2020.06.02-00.29.15:364][  0]LogConfig: Setting CVar [[r.Shadow.RadiusThreshold:0.01]]
[2020.06.02-00.29.15:364][  0]LogConfig: Setting CVar [[r.Shadow.DistanceScale:1.0]]
[2020.06.02-00.29.15:364][  0]LogConfig: Setting CVar [[r.Shadow.CSM.TransitionScale:1.0]]
[2020.06.02-00.29.15:364][  0]LogConfig: Setting CVar [[r.Shadow.PreShadowResolutionFactor:1.0]]
[2020.06.02-00.29.15:364][  0]LogConfig: Setting CVar [[r.DistanceFieldShadowing:1]]
[2020.06.02-00.29.15:364][  0]LogConfig: Setting CVar [[r.DistanceFieldAO:1]]
[2020.06.02-00.29.15:364][  0]LogConfig: Setting CVar [[r.AOQuality:2]]
[2020.06.02-00.29.15:364][  0]LogConfig: Setting CVar [[r.VolumetricFog:1]]
[2020.06.02-00.29.15:364][  0]LogConfig: Setting CVar [[r.VolumetricFog.GridPixelSize:8]]
[2020.06.02-00.29.15:364][  0]LogConfig: Setting CVar [[r.VolumetricFog.GridSizeZ:128]]
[2020.06.02-00.29.15:364][  0]LogConfig: Setting CVar [[r.VolumetricFog.HistoryMissSupersampleCount:4]]
[2020.06.02-00.29.15:364][  0]LogConfig: Setting CVar [[r.LightMaxDrawDistanceScale:1]]
[2020.06.02-00.29.15:364][  0]LogConfig: Setting CVar [[r.CapsuleShadows:1]]
[2020.06.02-00.29.15:364][  0]LogConfig: Applying CVar settings from Section [PostProcessQuality@3] File [C:/Users/pandax08/Desktop/1 semestre 2020/desarrollo videojuegos/UnrealEngine_Games/Unreal Proyect/MyProject/Saved/Config/Windows/Scalability.ini]
[2020.06.02-00.29.15:364][  0]LogConfig: Setting CVar [[r.MotionBlurQuality:4]]
[2020.06.02-00.29.15:364][  0]LogConfig: Setting CVar [[r.AmbientOcclusionMipLevelFactor:0.4]]
[2020.06.02-00.29.15:364][  0]LogConfig: Setting CVar [[r.AmbientOcclusionMaxQuality:100]]
[2020.06.02-00.29.15:364][  0]LogConfig: Setting CVar [[r.AmbientOcclusionLevels:-1]]
[2020.06.02-00.29.15:365][  0]LogConfig: Setting CVar [[r.AmbientOcclusionRadiusScale:1.0]]
[2020.06.02-00.29.15:365][  0]LogConfig: Setting CVar [[r.DepthOfFieldQuality:2]]
[2020.06.02-00.29.15:365][  0]LogConfig: Setting CVar [[r.RenderTargetPoolMin:400]]
[2020.06.02-00.29.15:365][  0]LogConfig: Setting CVar [[r.LensFlareQuality:2]]
[2020.06.02-00.29.15:365][  0]LogConfig: Setting CVar [[r.SceneColorFringeQuality:1]]
[2020.06.02-00.29.15:365][  0]LogConfig: Setting CVar [[r.EyeAdaptationQuality:2]]
[2020.06.02-00.29.15:365][  0]LogConfig: Setting CVar [[r.BloomQuality:5]]
[2020.06.02-00.29.15:365][  0]LogConfig: Setting CVar [[r.FastBlurThreshold:100]]
[2020.06.02-00.29.15:365][  0]LogConfig: Setting CVar [[r.Upscale.Quality:3]]
[2020.06.02-00.29.15:365][  0]LogConfig: Setting CVar [[r.Tonemapper.GrainQuantization:1]]
[2020.06.02-00.29.15:365][  0]LogConfig: Setting CVar [[r.LightShaftQuality:1]]
[2020.06.02-00.29.15:365][  0]LogConfig: Setting CVar [[r.Filter.SizeScale:1]]
[2020.06.02-00.29.15:365][  0]LogConfig: Setting CVar [[r.Tonemapper.Quality:5]]
[2020.06.02-00.29.15:365][  0]LogConfig: Setting CVar [[r.DOF.Gather.AccumulatorQuality:1        ; higher gathering accumulator quality]]
[2020.06.02-00.29.15:365][  0]LogConfig: Setting CVar [[r.DOF.Gather.PostfilterMethod:1          ; Median3x3 postfilering method]]
[2020.06.02-00.29.15:365][  0]LogConfig: Setting CVar [[r.DOF.Gather.EnableBokehSettings:0       ; no bokeh simulation when gathering]]
[2020.06.02-00.29.15:365][  0]LogConfig: Setting CVar [[r.DOF.Gather.RingCount:4                 ; medium number of samples when gathering]]
[2020.06.02-00.29.15:365][  0]LogConfig: Setting CVar [[r.DOF.Scatter.ForegroundCompositing:1    ; additive foreground scattering]]
[2020.06.02-00.29.15:365][  0]LogConfig: Setting CVar [[r.DOF.Scatter.BackgroundCompositing:2    ; additive background scattering]]
[2020.06.02-00.29.15:365][  0]LogConfig: Setting CVar [[r.DOF.Scatter.EnableBokehSettings:1      ; bokeh simulation when scattering]]
[2020.06.02-00.29.15:365][  0]LogConfig: Setting CVar [[r.DOF.Scatter.MaxSpriteRatio:0.1         ; only a maximum of 10% of scattered bokeh]]
[2020.06.02-00.29.15:365][  0]LogConfig: Setting CVar [[r.DOF.Recombine.Quality:1                ; cheap slight out of focus]]
[2020.06.02-00.29.15:365][  0]LogConfig: Setting CVar [[r.DOF.Recombine.EnableBokehSettings:0    ; no bokeh simulation on slight out of focus]]
[2020.06.02-00.29.15:365][  0]LogConfig: Setting CVar [[r.DOF.TemporalAAQuality:1                ; more stable temporal accumulation]]
[2020.06.02-00.29.15:365][  0]LogConfig: Setting CVar [[r.DOF.Kernel.MaxForegroundRadius:0.025]]
[2020.06.02-00.29.15:365][  0]LogConfig: Setting CVar [[r.DOF.Kernel.MaxBackgroundRadius:0.025]]
[2020.06.02-00.29.15:365][  0]LogConfig: Applying CVar settings from Section [TextureQuality@3] File [C:/Users/pandax08/Desktop/1 semestre 2020/desarrollo videojuegos/UnrealEngine_Games/Unreal Proyect/MyProject/Saved/Config/Windows/Scalability.ini]
[2020.06.02-00.29.15:365][  0]LogConfig: Setting CVar [[r.Streaming.MipBias:0]]
[2020.06.02-00.29.15:365][  0]LogConfig: Setting CVar [[r.Streaming.AmortizeCPUToGPUCopy:0]]
[2020.06.02-00.29.15:365][  0]LogConfig: Setting CVar [[r.Streaming.MaxNumTexturesToStreamPerFrame:0]]
[2020.06.02-00.29.15:365][  0]LogConfig: Setting CVar [[r.Streaming.Boost:1]]
[2020.06.02-00.29.15:365][  0]LogConfig: Setting CVar [[r.MaxAnisotropy:8]]
[2020.06.02-00.29.15:365][  0]LogConfig: Setting CVar [[r.VT.MaxAnisotropy:8]]
[2020.06.02-00.29.15:365][  0]LogConfig: Setting CVar [[r.Streaming.LimitPoolSizeToVRAM:0]]
[2020.06.02-00.29.15:365][  0]LogConfig: Setting CVar [[r.Streaming.PoolSize:1000]]
[2020.06.02-00.29.15:365][  0]LogConfig: Setting CVar [[r.Streaming.MaxEffectiveScreenSize:0]]
[2020.06.02-00.29.15:365][  0]LogConfig: Applying CVar settings from Section [EffectsQuality@3] File [C:/Users/pandax08/Desktop/1 semestre 2020/desarrollo videojuegos/UnrealEngine_Games/Unreal Proyect/MyProject/Saved/Config/Windows/Scalability.ini]
[2020.06.02-00.29.15:365][  0]LogConfig: Setting CVar [[r.TranslucencyLightingVolumeDim:64]]
[2020.06.02-00.29.15:365][  0]LogConfig: Setting CVar [[r.RefractionQuality:2]]
[2020.06.02-00.29.15:365][  0]LogConfig: Setting CVar [[r.SSR.Quality:3]]
[2020.06.02-00.29.15:366][  0]LogConfig: Setting CVar [[r.SSR.HalfResSceneColor:0]]
[2020.06.02-00.29.15:366][  0]LogConfig: Setting CVar [[r.SceneColorFormat:4]]
[2020.06.02-00.29.15:366][  0]LogConfig: Setting CVar [[r.DetailMode:2]]
[2020.06.02-00.29.15:366][  0]LogConfig: Setting CVar [[r.TranslucencyVolumeBlur:1]]
[2020.06.02-00.29.15:366][  0]LogConfig: Setting CVar [[r.MaterialQualityLevel:1 ; High quality]]
[2020.06.02-00.29.15:366][  0]LogConfig: Setting CVar [[r.SSS.Scale:1]]
[2020.06.02-00.29.15:366][  0]LogConfig: Setting CVar [[r.SSS.SampleSet:2]]
[2020.06.02-00.29.15:366][  0]LogConfig: Setting CVar [[r.SSS.Quality:1]]
[2020.06.02-00.29.15:366][  0]LogConfig: Setting CVar [[r.SSS.HalfRes:1]]
[2020.06.02-00.29.15:366][  0]LogConfig: Setting CVar [[r.SSGI.Quality:3]]
[2020.06.02-00.29.15:366][  0]LogConfig: Setting CVar [[r.EmitterSpawnRateScale:1.0]]
[2020.06.02-00.29.15:366][  0]LogConfig: Setting CVar [[r.ParticleLightQuality:2]]
[2020.06.02-00.29.15:366][  0]LogConfig: Setting CVar [[r.SkyAtmosphere.AerialPerspectiveLUT.FastApplyOnOpaque:1 ; Always have FastSkyLUT 1 in this case to avoid wrong sky]]
[2020.06.02-00.29.15:366][  0]LogConfig: Setting CVar [[r.SkyAtmosphere.AerialPerspectiveLUT.SampleCountPerSlice:1]]
[2020.06.02-00.29.15:366][  0]LogConfig: Setting CVar [[r.SkyAtmosphere.AerialPerspectiveLUT.DepthResolution:16.0]]
[2020.06.02-00.29.15:366][  0]LogConfig: Setting CVar [[r.SkyAtmosphere.FastSkyLUT:1]]
[2020.06.02-00.29.15:366][  0]LogConfig: Setting CVar [[r.SkyAtmosphere.FastSkyLUT.SampleCountMin:4.0]]
[2020.06.02-00.29.15:366][  0]LogConfig: Setting CVar [[r.SkyAtmosphere.FastSkyLUT.SampleCountMax:32.0]]
[2020.06.02-00.29.15:366][  0]LogConfig: Setting CVar [[r.SkyAtmosphere.SampleCountMin:4.0]]
[2020.06.02-00.29.15:366][  0]LogConfig: Setting CVar [[r.SkyAtmosphere.SampleCountMax:32.0]]
[2020.06.02-00.29.15:366][  0]LogConfig: Setting CVar [[r.SkyAtmosphere.TransmittanceLUT.UseSmallFormat:0]]
[2020.06.02-00.29.15:366][  0]LogConfig: Setting CVar [[r.SkyAtmosphere.TransmittanceLUT.SampleCount:10.0]]
[2020.06.02-00.29.15:366][  0]LogConfig: Setting CVar [[r.SkyAtmosphere.MultiScatteringLUT.SampleCount:15.0]]
[2020.06.02-00.29.15:366][  0]LogConfig: Applying CVar settings from Section [FoliageQuality@3] File [C:/Users/pandax08/Desktop/1 semestre 2020/desarrollo videojuegos/UnrealEngine_Games/Unreal Proyect/MyProject/Saved/Config/Windows/Scalability.ini]
[2020.06.02-00.29.15:366][  0]LogConfig: Setting CVar [[foliage.DensityScale:1.0]]
[2020.06.02-00.29.15:366][  0]LogConfig: Setting CVar [[grass.DensityScale:1.0]]
[2020.06.02-00.29.15:366][  0]LogConfig: Applying CVar settings from Section [ShadingQuality@3] File [C:/Users/pandax08/Desktop/1 semestre 2020/desarrollo videojuegos/UnrealEngine_Games/Unreal Proyect/MyProject/Saved/Config/Windows/Scalability.ini]
[2020.06.02-00.29.15:366][  0]LogConfig: Setting CVar [[r.HairStrands.SkyLighting.SampleCount:16]]
[2020.06.02-00.29.15:366][  0]LogConfig: Setting CVar [[r.HairStrands.SkyLighting.JitterIntegration:0]]
[2020.06.02-00.29.15:366][  0]LogConfig: Setting CVar [[r.HairStrands.SkyAO.SampleCount:16]]
[2020.06.02-00.29.15:366][  0]LogConfig: Applying CVar settings from Section [Startup] File [../../../Engine/Config/ConsoleVariables.ini]
[2020.06.02-00.29.16:696][  0]LogConfig: Setting CVar [[net.UseAdaptiveNetUpdateFrequency:0]]
[2020.06.02-00.29.16:697][  0]LogConfig: Setting CVar [[p.chaos.AllowCreatePhysxBodies:1]]
[2020.06.02-00.29.16:697][  0]LogConfig: Applying CVar settings from Section [ConsoleVariables] File [C:/Users/pandax08/Desktop/1 semestre 2020/desarrollo videojuegos/UnrealEngine_Games/Unreal Proyect/MyProject/Saved/Config/Windows/Engine.ini]
[2020.06.02-00.29.17:209][  0]LogInit: Computer: LAPTOP-LDQ66PO9
[2020.06.02-00.29.17:210][  0]LogInit: User: pandax08
[2020.06.02-00.29.17:210][  0]LogInit: CPU Page size=4096, Cores=2
[2020.06.02-00.29.17:210][  0]LogInit: High frequency timer resolution =10.000000 MHz
[2020.06.02-00.29.17:225][  0]LogMemory: Memory total: Physical=3.9GB (4GB approx)
[2020.06.02-00.29.17:245][  0]LogMemory: Platform Memory Stats for Windows
[2020.06.02-00.29.17:245][  0]LogMemory: Process Physical Memory: 105.06 MB used, 105.06 MB peak
[2020.06.02-00.29.17:245][  0]LogMemory: Process Virtual Memory: 99.66 MB used, 99.66 MB peak
[2020.06.02-00.29.17:245][  0]LogMemory: Physical Memory: 3462.19 MB used,  539.73 MB free, 4001.92 MB total
[2020.06.02-00.29.17:245][  0]LogMemory: Virtual Memory: 5128.88 MB used,  134212600.00 MB free, 134217728.00 MB total
[2020.06.02-00.29.18:118][  0]LogWindows: WindowsPlatformFeatures enabled
[2020.06.02-00.29.49:574][  0]LogInit: Using OS detected language (es-ES).
[2020.06.02-00.29.49:574][  0]LogInit: Using OS detected locale (es-CL).
[2020.06.02-00.29.50:167][  0]LogTextLocalizationManager: No specific localization for 'es-ES' exists, so the 'es' localization will be used.
[2020.06.02-00.29.53:472][  0]LogInit: Setting process to per monitor DPI aware
[2020.06.02-00.29.56:038][  0]LogSlate: New Slate User Created.  User Index 0, Is Virtual User: 0
[2020.06.02-00.29.56:038][  0]LogSlate: Slate User Registered.  User Index 0, Is Virtual User: 0
[2020.06.02-00.30.34:643][  0]LogHMD: Failed to initialize OpenVR with code 110
[2020.06.02-00.30.34:643][  0]LogD3D11RHI: D3D11 min allowed feature level: 11_0
[2020.06.02-00.30.34:643][  0]LogD3D11RHI: D3D11 max allowed feature level: 11_0
[2020.06.02-00.30.34:643][  0]LogD3D11RHI: D3D11 adapters:
[2020.06.02-00.30.39:352][  0]LogD3D11RHI:    0. 'NVIDIA GeForce 940M' (Feature Level 11_0)
[2020.06.02-00.30.39:352][  0]LogD3D11RHI:       2010/0/2000 MB DedicatedVideo/DedicatedSystem/SharedSystem, Outputs:1, VendorId:0x10de
[2020.06.02-00.30.39:679][  0]LogD3D11RHI:    1. 'Intel(R) HD Graphics 5500' (Feature Level 11_0)
[2020.06.02-00.30.39:679][  0]LogD3D11RHI:       128/0/2000 MB DedicatedVideo/DedicatedSystem/SharedSystem, Outputs:0, VendorId:0x8086
[2020.06.02-00.30.39:928][  0]LogD3D11RHI:    2. 'Microsoft Basic Render Driver' (Feature Level 11_0)
[2020.06.02-00.30.39:928][  0]LogD3D11RHI:       0/0/2000 MB DedicatedVideo/DedicatedSystem/SharedSystem, Outputs:0, VendorId:0x1414
[2020.06.02-00.30.39:928][  0]LogD3D11RHI: Chosen D3D11 Adapter: 0
[2020.06.02-00.30.40:175][  0]LogD3D11RHI: Creating new Direct3DDevice
[2020.06.02-00.30.40:176][  0]LogD3D11RHI:     GPU DeviceId: 0x1347 (for the marketing name, search the web for "GPU Device Id")
[2020.06.02-00.30.40:176][  0]LogWindows: EnumDisplayDevices:
[2020.06.02-00.30.40:206][  0]LogWindows:    0. 'Intel(R) HD Graphics 5500' (P:1 D:1)
[2020.06.02-00.30.40:216][  0]LogWindows:    1. 'Intel(R) HD Graphics 5500' (P:0 D:0)
[2020.06.02-00.30.40:216][  0]LogWindows:    2. 'Intel(R) HD Graphics 5500' (P:0 D:0)
[2020.06.02-00.30.40:217][  0]LogWindows: DebugString: PrimaryIsNotTheChoosenAdapter PrimaryIsNotTheChoosenAdapter PrimaryIsNotTheChoosenAdapter FoundDriverCount:0 
[2020.06.02-00.30.40:217][  0]LogD3D11RHI:     Adapter Name: NVIDIA GeForce 940M
[2020.06.02-00.30.40:217][  0]LogD3D11RHI:   Driver Version: Unknown (internal:Unknown, unified:Unknown)
[2020.06.02-00.30.40:217][  0]LogD3D11RHI:      Driver Date: Unknown
[2020.06.02-00.30.40:217][  0]LogRHI: Texture pool is 1407 MB (70% of 2010 MB)
[2020.06.02-00.30.40:530][  0]LogD3D11RHI: RHI has support for 64 bit atomics
[2020.06.02-00.30.40:541][  0]LogD3D11RHI: Async texture creation enabled
[2020.06.02-00.30.41:273][  0]LogD3D11RHI: GPU Timing Frequency: 1000.000000 (Debug: 2 3)
[2020.06.02-00.30.46:019][  0]LogTargetPlatformManager: Display: Loaded TargetPlatform 'AllDesktop'
[2020.06.02-00.30.46:565][  0]LogTargetPlatformManager: Display: Loaded TargetPlatform 'Android'
[2020.06.02-00.30.46:565][  0]LogTargetPlatformManager: Display: Loaded TargetPlatform 'Android_ASTC'
[2020.06.02-00.30.46:565][  0]LogTargetPlatformManager: Display: Loaded TargetPlatform 'Android_ATC'
[2020.06.02-00.30.46:565][  0]LogTargetPlatformManager: Display: Loaded TargetPlatform 'Android_DXT'
[2020.06.02-00.30.46:565][  0]LogTargetPlatformManager: Display: Loaded TargetPlatform 'Android_ETC1'
[2020.06.02-00.30.46:565][  0]LogTargetPlatformManager: Display: Loaded TargetPlatform 'Android_ETC1a'
[2020.06.02-00.30.46:565][  0]LogTargetPlatformManager: Display: Loaded TargetPlatform 'Android_ETC2'
[2020.06.02-00.30.46:565][  0]LogTargetPlatformManager: Display: Loaded TargetPlatform 'Android_PVRTC'
[2020.06.02-00.30.46:565][  0]LogTargetPlatformManager: Display: Loaded TargetPlatform 'AndroidClient'
[2020.06.02-00.30.46:565][  0]LogTargetPlatformManager: Display: Loaded TargetPlatform 'Android_ASTCClient'
[2020.06.02-00.30.46:565][  0]LogTargetPlatformManager: Display: Loaded TargetPlatform 'Android_ATCClient'
[2020.06.02-00.30.46:565][  0]LogTargetPlatformManager: Display: Loaded TargetPlatform 'Android_DXTClient'
[2020.06.02-00.30.46:565][  0]LogTargetPlatformManager: Display: Loaded TargetPlatform 'Android_ETC1Client'
[2020.06.02-00.30.46:565][  0]LogTargetPlatformManager: Display: Loaded TargetPlatform 'Android_ETC1aClient'
[2020.06.02-00.30.46:565][  0]LogTargetPlatformManager: Display: Loaded TargetPlatform 'Android_ETC2Client'
[2020.06.02-00.30.46:565][  0]LogTargetPlatformManager: Display: Loaded TargetPlatform 'Android_PVRTCClient'
[2020.06.02-00.30.46:565][  0]LogTargetPlatformManager: Display: Loaded TargetPlatform 'Android_Multi'
[2020.06.02-00.30.46:565][  0]LogTargetPlatformManager: Display: Loaded TargetPlatform 'Android_MultiClient'
[2020.06.02-00.30.47:559][  0]LogTargetPlatformManager: Display: Loaded TargetPlatform 'IOSClient'
[2020.06.02-00.30.47:559][  0]LogTargetPlatformManager: Display: Loaded TargetPlatform 'IOS'
[2020.06.02-00.30.47:834][  0]LogTargetPlatformManager: Display: Loaded TargetPlatform 'LinuxNoEditor'
[2020.06.02-00.30.47:960][  0]LogTargetPlatformManager: Display: Loaded TargetPlatform 'LinuxClient'
[2020.06.02-00.30.48:124][  0]LogTargetPlatformManager: Display: Loaded TargetPlatform 'LinuxServer'
[2020.06.02-00.30.48:238][  0]LogTargetPlatformManager: Display: Loaded TargetPlatform 'LinuxAArch64NoEditor'
[2020.06.02-00.30.48:420][  0]LogTargetPlatformManager: Display: Loaded TargetPlatform 'LinuxAArch64Client'
[2020.06.02-00.30.48:564][  0]LogTargetPlatformManager: Display: Loaded TargetPlatform 'LinuxAArch64Server'
[2020.06.02-00.30.48:861][  0]LogTargetPlatformManager: Display: Loaded TargetPlatform 'Lumin'
[2020.06.02-00.30.48:861][  0]LogTargetPlatformManager: Display: Loaded TargetPlatform 'LuminClient'
[2020.06.02-00.30.48:930][  0]LogTargetPlatformManager: Display: Loaded TargetPlatform 'TVOSClient'
[2020.06.02-00.30.48:930][  0]LogTargetPlatformManager: Display: Loaded TargetPlatform 'TVOS'
[2020.06.02-00.30.49:368][  0]LogTargetPlatformManager: Display: Loaded TargetPlatform 'WindowsNoEditor'
[2020.06.02-00.30.49:456][  0]LogTargetPlatformManager: Display: Loaded TargetPlatform 'Windows'
[2020.06.02-00.30.49:683][  0]LogTargetPlatformManager: Display: Loaded TargetPlatform 'WindowsClient'
[2020.06.02-00.30.49:836][  0]LogTargetPlatformManager: Display: Loaded TargetPlatform 'WindowsServer'
[2020.06.02-00.30.49:836][  0]LogTargetPlatformManager: Display: Building Assets For Windows
[2020.06.02-00.30.54:922][  0]LogAudioDebug: Display: Lib vorbis DLL was dynamically loaded.
[2020.06.02-00.31.14:306][  0]LogShaderCompilers: Guid format shader working directory is -75 characters bigger than the processId version (../../../../../../Users/pandax08/Desktop/1 semestre 2020/desarrollo videojuegos/UnrealEngine_Games/Unreal Proyect/MyProject/Intermediate/Shaders/WorkingDirectory/15940/).
[2020.06.02-00.31.14:306][  0]LogShaderCompilers: Cleaned the shader compiler working directory 'C:/Users/pandax08/AppData/Local/Temp/UnrealShaderWorkingDir/1B9459604C733325130E1D8D79BAD2F5/'.
[2020.06.02-00.31.14:485][  0]LogXGEController: Cannot use XGE Controller as Incredibuild is not installed on this machine.
[2020.06.02-00.31.14:530][  0]LogShaderCompilers: Cannot use XGE Shader Compiler as Incredibuild is not installed on this machine.
[2020.06.02-00.31.14:530][  0]LogShaderCompilers: Display: Using Local Shader Compiler.
[2020.06.02-00.32.24:620][  0]LogDerivedDataCache: Display: Max Cache Size: 512 MB
[2020.06.02-00.32.26:390][  0]LogDerivedDataCache: Loaded boot cache 1.75s 78MB C:/Users/pandax08/AppData/Local/UnrealEngine/4.24/DerivedDataCache/Boot.ddc.
[2020.06.02-00.32.26:390][  0]LogDerivedDataCache: Display: Loaded Boot cache: C:/Users/pandax08/AppData/Local/UnrealEngine/4.24/DerivedDataCache/Boot.ddc
[2020.06.02-00.32.26:390][  0]LogDerivedDataCache: FDerivedDataBackendGraph:  Pak pak cache file ../../../../../../Users/pandax08/Desktop/1 semestre 2020/desarrollo videojuegos/UnrealEngine_Games/Unreal Proyect/MyProject/DerivedDataCache/DDC.ddp not found, will not use a pak cache.
[2020.06.02-00.32.26:390][  0]LogDerivedDataCache: Unable to find inner node Pak for hierarchical cache Hierarchy.
[2020.06.02-00.32.26:390][  0]LogDerivedDataCache: FDerivedDataBackendGraph:  CompressedPak pak cache file ../../../../../../Users/pandax08/Desktop/1 semestre 2020/desarrollo videojuegos/UnrealEngine_Games/Unreal Proyect/MyProject/DerivedDataCache/Compressed.ddp not found, will not use a pak cache.
[2020.06.02-00.32.26:390][  0]LogDerivedDataCache: Unable to find inner node CompressedPak for hierarchical cache Hierarchy.
[2020.06.02-00.32.27:461][  0]LogDerivedDataCache: Display: Pak cache opened for reading ../../../Engine/DerivedDataCache/Compressed.ddp.
[2020.06.02-00.32.27:462][  0]LogDerivedDataCache: FDerivedDataBackendGraph:  EnterprisePak pak cache file ../../../Enterprise/DerivedDataCache/Compressed.ddp not found, will not use a pak cache.
[2020.06.02-00.32.27:462][  0]LogDerivedDataCache: Unable to find inner node EnterprisePak for hierarchical cache Hierarchy.
[2020.06.02-00.32.27:557][  0]LogDerivedDataCache: Using Local data cache path C:/Users/pandax08/AppData/Local/UnrealEngine/Common/DerivedDataCache: Writable
[2020.06.02-00.32.27:557][  0]LogDerivedDataCache: Shared data cache path not found in *engine.ini, will not use an Shared cache.
[2020.06.02-00.32.27:557][  0]LogDerivedDataCache: Unable to find inner node Shared for hierarchical cache Hierarchy.
[2020.06.02-00.32.28:249][  0]LogMaterial: Verifying Global Shaders for PCD3D_SM5
[2020.06.02-00.32.29:038][  0]LogSlate: Using FreeType 2.10.0
[2020.06.02-00.32.29:673][  0]LogSlate: SlateFontServices - WITH_FREETYPE: 1, WITH_HARFBUZZ: 1
[2020.06.02-00.32.35:397][  0]LogAssetRegistry: FAssetRegistry took 0.0093 seconds to start up
[2020.06.02-00.33.31:741][  0]LogInit: Selected Device Profile: [Windows]
[2020.06.02-00.33.52:312][  0]LogMeshReduction: Using QuadricMeshReduction for automatic static mesh reduction
[2020.06.02-00.33.52:313][  0]LogMeshReduction: Using SimplygonMeshReduction for automatic skeletal mesh reduction
[2020.06.02-00.33.52:313][  0]LogMeshReduction: Using ProxyLODMeshReduction for automatic mesh merging
[2020.06.02-00.33.52:313][  0]LogMeshReduction: No distributed automatic mesh merging module available
[2020.06.02-00.33.52:447][  0]LogMeshMerging: No distributed automatic mesh merging module available
[2020.06.02-00.34.02:032][  0]LogNetVersion: MyProject 1.0.0, NetCL: 10570792, EngineNetVer: 13, GameNetVer: 0 (Checksum: 2318771507)
[2020.06.02-00.36.51:452][  0]LogPackageLocalizationCache: Processed 10 localized package path(s) for 1 prioritized culture(s) in 1.497069 seconds
[2020.06.02-00.36.51:606][  0]LogUObjectArray: 46750 objects as part of root set at end of initial load.
[2020.06.02-00.36.51:606][  0]LogUObjectAllocator: 8137160 out of 0 bytes used by permanent object pool.
[2020.06.02-00.36.51:606][  0]LogUObjectArray: CloseDisregardForGC: 0/0 objects in disregard for GC pool
[2020.06.02-00.38.40:169][  0]LogTcpMessaging: Initializing TcpMessaging bridge
[2020.06.02-00.38.40:922][  0]LogUdpMessaging: Initializing bridge on interface 0.0.0.0:0 to multicast group 230.0.0.1:6666.
[2020.06.02-00.38.55:978][  0]SourceControl: El control de código fuente está desactivado
[2020.06.02-00.39.16:139][  0]LogVSAccessor: Display: Unable to create Visual Studio setup instance: 80040154
[2020.06.02-00.39.16:141][  0]LogVSAccessor: Display: Unable to create Visual Studio setup instance: 80040154
[2020.06.02-00.39.41:131][  0]LogAndroidPermission: UAndroidPermissionCallbackProxy::GetInstance
[2020.06.02-00.39.42:370][  0]LogAudioCaptureCore: Display: No Audio Capture implementations found. Audio input will be silent.
[2020.06.02-00.39.42:370][  0]LogAudioCaptureCore: Display: No Audio Capture implementations found. Audio input will be silent.
[2020.06.02-00.39.48:812][  0]LogOcInput: OculusInput pre-init called
[2020.06.02-00.39.51:028][  0]LogWindows: Failed to load 'OVRPlugin.dll' (GetLastError=126)
[2020.06.02-00.39.51:028][  0]LogWindows: File 'OVRPlugin.dll' does not exist
[2020.06.02-00.40.07:862][  0]LogAutomationTest: Warning: Smoke tests took > 2s to run: 10.81s
[2020.06.02-00.40.08:972][  0]LogEngine: Initializing Engine...
[2020.06.02-00.40.09:728][  0]LogHMD: Failed to initialize OpenVR with code 110
[2020.06.02-00.40.10:605][  0]LogStats: UGameplayTagsManager::InitializeManager -  0.282 s
[2020.06.02-00.40.14:893][  0]LogInit: Initializing FReadOnlyCVARCache
[2020.06.02-00.40.32:520][  0]LogAIModule: Creating AISystem for world Untitled
[2020.06.02-00.40.37:547][  0]LogAudioMixer: Display: Audio Mixer Platform Settings:
[2020.06.02-00.40.37:547][  0]LogAudioMixer: Display: 	Sample Rate:						  48000
[2020.06.02-00.40.37:547][  0]LogAudioMixer: Display: 	Callback Buffer Frame Size Requested: 1024
[2020.06.02-00.40.37:547][  0]LogAudioMixer: Display: 	Callback Buffer Frame Size To Use:	  1024
[2020.06.02-00.40.37:547][  0]LogAudioMixer: Display: 	Number of buffers to queue:			  2
[2020.06.02-00.40.37:547][  0]LogAudioMixer: Display: 	Max Channels (voices):				  32
[2020.06.02-00.40.37:547][  0]LogAudioMixer: Display: 	Number of Async Source Workers:		  0
[2020.06.02-00.40.37:645][  0]LogAudio: Display: AudioDevice MaxSources: 32
[2020.06.02-00.40.38:859][  0]LogAudio: Display: Using built-in audio occlusion.
[2020.06.02-00.40.38:977][  0]LogAudioMixer: Display: Initializing audio mixer.
[2020.06.02-00.40.40:876][  0]LogAudioMixer: Display: Audio Device Output Speaker Info:
[2020.06.02-00.40.40:876][  0]LogAudioMixer: Display: Name: Altavoces (Realtek High Definition Audio)
[2020.06.02-00.40.40:876][  0]LogAudioMixer: Display: Is Default: Yes
[2020.06.02-00.40.40:876][  0]LogAudioMixer: Display: Sample Rate: 48000
[2020.06.02-00.40.40:876][  0]LogAudioMixer: Display: Channel Count Used: 2
[2020.06.02-00.40.40:876][  0]LogAudioMixer: Display: Device Channel Count: 2
[2020.06.02-00.40.40:876][  0]LogAudioMixer: Display: Channel Order:
[2020.06.02-00.40.40:876][  0]LogAudioMixer: Display: 0: FrontLeft
[2020.06.02-00.40.40:876][  0]LogAudioMixer: Display: 1: FrontRight
[2020.06.02-00.40.42:094][  0]LogAudioMixer: Display: Using Audio Device Altavoces (Realtek High Definition Audio)
[2020.06.02-00.40.42:840][  0]LogInit: FAudioDevice initialized.
[2020.06.02-00.40.43:404][  0]LogNetVersion: Set ProjectVersion to 1.0.0.0. Version Checksum will be recalculated on next use.
[2020.06.02-00.40.47:781][  0]LogDerivedDataCache: Saved boot cache 4.35s 78MB C:/Users/pandax08/AppData/Local/UnrealEngine/4.24/DerivedDataCache/Boot.ddc.
[2020.06.02-00.40.50:068][  0]LogInit: Texture streaming: Enabled
[2020.06.02-00.40.52:870][  0]LogEngineSessionManager: EngineSessionManager initialized
[2020.06.02-00.40.53:060][  0]LogEditorSessionSummary: Verbose: Initializing EditorSessionSummaryWriter for editor session tracking
[2020.06.02-00.40.53:617][  0]LogEditorSessionSummary: EditorSessionSummaryWriter initialized
[2020.06.02-00.41.02:538][  0]LogInit: Transaction tracking system initialized
[2020.06.02-00.41.09:656][  0]BlueprintLog: New page: Cargar el editor
[2020.06.02-00.41.29:121][  0]LocalizationService: Localization service is disabled
[2020.06.02-00.41.40:495][  0]LogVSAccessor: Display: Unable to create Visual Studio setup instance: 80040154
[2020.06.02-00.41.40:497][  0]LogVSAccessor: Display: Unable to create Visual Studio setup instance: 80040154
[2020.06.02-00.41.46:326][  0]LogFileCache: Scanning file cache for directory 'C:/Users/pandax08/Desktop/1 semestre 2020/desarrollo videojuegos/UnrealEngine_Games/Unreal Proyect/MyProject/Content/' took 0.06s
[2020.06.02-00.41.46:354][  0]LogCook: Display: Max memory allowance for cook 16384mb min free memory 0mb
[2020.06.02-00.41.46:354][  0]LogCook: Display: Mobile HDR setting 1
[2020.06.02-00.43.32:756][  0]LightingResults: New page: Diseñar la iluminación
[2020.06.02-00.43.33:244][  0]LogWorld: UWorld::CleanupWorld for Untitled, bSessionEnded=true, bCleanupResources=true
[2020.06.02-00.43.33:408][  0]LogSlate: InvalidateAllWidgets triggered.  All widgets were invalidated
[2020.06.02-00.43.33:495][  0]MapCheck: New page: Revisión del mapa
[2020.06.02-00.43.33:496][  0]LightingResults: New page: Diseñar la iluminación
[2020.06.02-00.43.35:513][  0]LogUObjectHash: Compacting FUObjectHashTables data took   5.30ms
[2020.06.02-00.43.48:348][  0]LogAIModule: Creating AISystem for world 2DSideScrollerExampleMap
[2020.06.02-00.43.52:599][  0]LogEditorServer: Finished looking for orphan Actors (0.000 secs)
[2020.06.02-00.43.53:732][  0]LogUObjectHash: Compacting FUObjectHashTables data took   4.18ms
[2020.06.02-00.43.53:743][  0]Cmd: MAP CHECKDEP NOCLEARLOG
[2020.06.02-00.43.53:763][  0]MapCheck: Map check complete: 0 Error(s), 0 Warning(s), took 21,279ms to complete.
[2020.06.02-00.43.53:776][  0]LogFileHelpers: Loading map '2DSideScrollerExampleMap' took 21.440
[2020.06.02-00.44.02:534][  0]LogSlate: Updating window title bar state: overlay mode, drag disabled, window buttons hidden, title bar hidden
[2020.06.02-00.44.02:656][  0]LogSlate: Updating window title bar state: overlay mode, drag disabled, window buttons hidden, title bar hidden
[2020.06.02-00.44.02:670][  0]LogSlate: Updating window title bar state: overlay mode, drag disabled, window buttons hidden, title bar hidden
[2020.06.02-00.44.02:711][  0]LogSlate: Updating window title bar state: overlay mode, drag disabled, window buttons hidden, title bar hidden
[2020.06.02-00.44.03:095][  0]LogCollectionManager: Loaded 0 collections in 0.057532 seconds
[2020.06.02-00.44.03:731][  0]LogFileCache: Scanning file cache for directory 'C:/Users/pandax08/Desktop/1 semestre 2020/desarrollo videojuegos/UnrealEngine_Games/Unreal Proyect/MyProject/Saved/Collections/' took 0.00s
[2020.06.02-00.44.03:731][  0]LogFileCache: Scanning file cache for directory 'C:/Users/pandax08/Desktop/1 semestre 2020/desarrollo videojuegos/UnrealEngine_Games/Unreal Proyect/MyProject/Content/Developers/pandax08/Collections/' took 0.00s
[2020.06.02-00.44.03:731][  0]LogFileCache: Scanning file cache for directory 'C:/Users/pandax08/Desktop/1 semestre 2020/desarrollo videojuegos/UnrealEngine_Games/Unreal Proyect/MyProject/Content/Collections/' took 0.00s
[2020.06.02-00.44.03:731][  0]LogContentBrowser: Native class hierarchy populated in 0.1483 seconds. Added 3015 classes and 717 folders.
[2020.06.02-00.44.04:204][  0]LogContentBrowser: Native class hierarchy updated for 'WidgetCarousel' in 0.0004 seconds. Added 0 classes and 0 folders.
[2020.06.02-00.44.12:268][  0]LogContentBrowser: Native class hierarchy updated for 'AddContentDialog' in 0.0293 seconds. Added 0 classes and 0 folders.
[2020.06.02-00.44.12:461][  0]LogContentBrowser: Native class hierarchy updated for 'SceneOutliner' in 0.0005 seconds. Added 2 classes and 3 folders.
[2020.06.02-00.44.14:924][  0]LogSlate: Took 0.070183 seconds to synchronously load lazily loaded font '../../../Engine/Content/Slate/Fonts/Roboto-Regular.ttf' (155K)
[2020.06.02-00.44.15:013][  0]LogSlate: Took 0.042647 seconds to synchronously load lazily loaded font '../../../Engine/Content/Slate/Fonts/Roboto-Bold.ttf' (160K)
[2020.06.02-00.44.15:184][  0]LogSlate: Took 0.082911 seconds to synchronously load lazily loaded font '../../../Engine/Content/Editor/Slate/Fonts/FontAwesome.ttf' (139K)
[2020.06.02-00.44.17:047][  0]LogRenderer: Reallocating scene render targets to support 856x336 Format 10 NumSamples 1 (Frame:1).
[2020.06.02-00.44.22:757][  0]LogSlate: Took 0.281825 seconds to synchronously load lazily loaded font '../../../Engine/Content/Slate/Fonts/Roboto-Light.ttf' (167K)
[2020.06.02-00.44.26:287][  0]LogContentBrowser: Native class hierarchy updated for 'HierarchicalLODOutliner' in 0.0005 seconds. Added 0 classes and 0 folders.
[2020.06.02-00.44.26:310][  0]LogLoad: (Engine Initialization) Total time: 1179.59 seconds
[2020.06.02-00.44.26:310][  0]LogLoad: (Engine Initialization) Total Blueprint compile time: 0.00 seconds
[2020.06.02-00.44.30:911][  0]LogContentStreaming: Texture pool size now 1000 MB
[2020.06.02-00.44.33:209][  0]LogRenderer: Reallocating scene render targets to support 856x356 Format 10 NumSamples 1 (Frame:2).
[2020.06.02-00.44.54:455][ 93]LogAssetRegistry: Asset discovery search completed in 739.0614 seconds
[2020.06.02-00.44.54:698][ 93]LogCollectionManager: Fixed up redirectors for 0 collections in 0.025553 seconds (updated 0 objects)
[2020.06.02-00.46.32:669][565]LogSlate: Took 0.000301 seconds to synchronously load lazily loaded font '../../../Engine/Content/Slate/Fonts/Roboto-Light.ttf' (167K)
[2020.06.02-00.46.33:042][565]LogAIModule: Creating AISystem for world MenuPrincipal
[2020.06.02-00.46.33:082][565]LogAssetEditorSubsystem: Opening Asset editor for World /Game/MenuPrincipal.MenuPrincipal
[2020.06.02-00.46.33:242][565]LogUObjectHash: Compacting FUObjectHashTables data took   4.90ms
[2020.06.02-00.46.33:926][565]LightingResults: New page: Diseñar la iluminación
[2020.06.02-00.46.33:928][565]LoadErrors: New page: Cargando mapa: MenuPrincipal.umap
[2020.06.02-00.46.34:051][565]LogWorld: UWorld::CleanupWorld for 2DSideScrollerExampleMap, bSessionEnded=true, bCleanupResources=true
[2020.06.02-00.46.34:095][565]LogSlate: InvalidateAllWidgets triggered.  All widgets were invalidated
[2020.06.02-00.46.34:107][565]MapCheck: New page: Revisión del mapa
[2020.06.02-00.46.34:107][565]LightingResults: New page: Diseñar la iluminación
[2020.06.02-00.46.34:463][565]LogUObjectHash: Compacting FUObjectHashTables data took  31.22ms
[2020.06.02-00.46.34:682][565]LogEditorServer: Finished looking for orphan Actors (0.000 secs)
[2020.06.02-00.46.34:724][565]LogUObjectHash: Compacting FUObjectHashTables data took   2.41ms
[2020.06.02-00.46.34:837][565]Cmd: MAP CHECKDEP NOCLEARLOG
[2020.06.02-00.46.34:897][565]MapCheck: Map check complete: 0 Error(s), 0 Warning(s), took 60,502ms to complete.
[2020.06.02-00.46.34:897][565]LogFileHelpers: Loading map 'MenuPrincipal' took 1.231
[2020.06.02-00.46.39:658][815]LogTemp: Repeating last play command: Selected Viewport
[2020.06.02-00.46.39:756][815]LogBlueprintUserMessages: Early PlayInEditor Detection: Level '/Game/MenuPrincipal.MenuPrincipal:PersistentLevel' has LevelScriptBlueprint '/Game/MenuPrincipal.MenuPrincipal:PersistentLevel.MenuPrincipal' with GeneratedClass '/Game/MenuPrincipal.MenuPrincipal_C' with ClassGeneratedBy '/Game/MenuPrincipal.MenuPrincipal:PersistentLevel.MenuPrincipal'
[2020.06.02-00.46.39:849][815]LogPlayLevel: PlayLevel: No blueprints needed recompiling
[2020.06.02-00.46.39:922][815]PIE: New page: Sesión PIE (reproducción en el editor): MenuPrincipal (01-06-2020 16:46:39)
[2020.06.02-00.46.40:224][815]LogOnline: OSS: Creating online subsystem instance for: NULL
[2020.06.02-00.46.40:520][815]LogOnline: OSS: TryLoadSubsystemAndSetDefault: Loaded subsystem for module [NULL]
[2020.06.02-00.46.40:558][815]LogPlayLevel: Creating play world package: /Game/UEDPIE_0_MenuPrincipal
[2020.06.02-00.46.40:628][815]LogPlayLevel: PIE: StaticDuplicateObject took: (0.070786s)
[2020.06.02-00.46.40:676][815]LogAIModule: Creating AISystem for world MenuPrincipal
[2020.06.02-00.46.40:732][815]LogPlayLevel: PIE: World Init took: (0.103472s)
[2020.06.02-00.46.40:740][815]LogPlayLevel: PIE: Created PIE world by copying editor world from /Game/MenuPrincipal.MenuPrincipal to /Game/UEDPIE_0_MenuPrincipal.MenuPrincipal (0.182727s)
[2020.06.02-00.46.40:774][815]LogUObjectHash: Compacting FUObjectHashTables data took   2.57ms
[2020.06.02-00.46.40:826][815]LogAudioMixer: Display: Audio Mixer Platform Settings:
[2020.06.02-00.46.40:826][815]LogAudioMixer: Display: 	Sample Rate:						  48000
[2020.06.02-00.46.40:826][815]LogAudioMixer: Display: 	Callback Buffer Frame Size Requested: 1024
[2020.06.02-00.46.40:826][815]LogAudioMixer: Display: 	Callback Buffer Frame Size To Use:	  1024
[2020.06.02-00.46.40:826][815]LogAudioMixer: Display: 	Number of buffers to queue:			  2
[2020.06.02-00.46.40:827][815]LogAudioMixer: Display: 	Max Channels (voices):				  32
[2020.06.02-00.46.40:827][815]LogAudioMixer: Display: 	Number of Async Source Workers:		  0
[2020.06.02-00.46.40:827][815]LogAudio: Display: AudioDevice MaxSources: 32
[2020.06.02-00.46.40:827][815]LogAudio: Display: Using built-in audio occlusion.
[2020.06.02-00.46.40:828][815]LogAudioMixer: Display: Initializing audio mixer.
[2020.06.02-00.46.40:840][815]LogAudioMixer: Display: Audio Device Output Speaker Info:
[2020.06.02-00.46.40:840][815]LogAudioMixer: Display: Name: Altavoces (Realtek High Definition Audio)
[2020.06.02-00.46.40:840][815]LogAudioMixer: Display: Is Default: Yes
[2020.06.02-00.46.40:840][815]LogAudioMixer: Display: Sample Rate: 48000
[2020.06.02-00.46.40:840][815]LogAudioMixer: Display: Channel Count Used: 2
[2020.06.02-00.46.40:840][815]LogAudioMixer: Display: Device Channel Count: 2
[2020.06.02-00.46.40:840][815]LogAudioMixer: Display: Channel Order:
[2020.06.02-00.46.40:840][815]LogAudioMixer: Display: 0: FrontLeft
[2020.06.02-00.46.40:840][815]LogAudioMixer: Display: 1: FrontRight
[2020.06.02-00.46.40:907][815]LogAudioMixer: Display: Using Audio Device Altavoces (Realtek High Definition Audio)
[2020.06.02-00.46.40:993][815]LogInit: FAudioDevice initialized.
[2020.06.02-00.46.41:323][815]LogLoad: Game class is '2DSideScrollerGameMode_C'
[2020.06.02-00.46.41:712][815]LogWorld: Bringing World /Game/UEDPIE_0_MenuPrincipal.MenuPrincipal up for play (max tick rate 60) at 2020.06.01-20.46.41
[2020.06.02-00.46.41:817][815]LogWorld: Bringing up level for play took: 0.118930
[2020.06.02-00.46.41:869][815]LogOnline: OSS: Creating online subsystem instance for: :Context_1
[2020.06.02-00.46.42:505][815]LogContentBrowser: Native class hierarchy updated for 'MovieSceneCapture' in 0.0006 seconds. Added 20 classes and 0 folders.
[2020.06.02-00.46.43:043][815]PIE: Error: SetInputMode_UIOnly expects a valid player controller as 'PlayerController' target
[2020.06.02-00.46.43:094][815]PIE: Tiempo de inicio de la reproducción en el editor para  /Game/UEDPIE_0_MenuPrincipal 4,158
[2020.06.02-00.46.43:095][815]LogBlueprintUserMessages: Late PlayInEditor Detection: Level '/Game/MenuPrincipal.MenuPrincipal:PersistentLevel' has LevelScriptBlueprint '/Game/MenuPrincipal.MenuPrincipal:PersistentLevel.MenuPrincipal' with GeneratedClass '/Game/MenuPrincipal.MenuPrincipal_C' with ClassGeneratedBy '/Game/MenuPrincipal.MenuPrincipal:PersistentLevel.MenuPrincipal'
[2020.06.02-00.46.51:195][185]LogNet: Browse: /Game/Mapa/prueba_2d
[2020.06.02-00.46.51:221][185]LogLoad: LoadMap: /Game/Mapa/prueba_2d
[2020.06.02-00.46.51:221][185]LogWorld: BeginTearingDown for /Game/UEDPIE_0_MenuPrincipal
[2020.06.02-00.46.51:263][185]LogWorld: UWorld::CleanupWorld for MenuPrincipal, bSessionEnded=true, bCleanupResources=true
[2020.06.02-00.46.51:264][185]LogSlate: InvalidateAllWidgets triggered.  All widgets were invalidated
[2020.06.02-00.46.51:264][185]LogAudioMixer: Display: No commands were queued while flushing the source manager.
[2020.06.02-00.46.51:389][185]LogUObjectHash: Compacting FUObjectHashTables data took   2.91ms
[2020.06.02-00.47.01:062][185]LogAIModule: Creating AISystem for world prueba_2d
[2020.06.02-00.47.01:062][185]LogLoad: Game class is '2DSideScrollerGameMode_C'
[2020.06.02-00.47.01:413][185]LogWorld: Bringing World /Game/Mapa/UEDPIE_0_prueba_2d.prueba_2d up for play (max tick rate 60) at 2020.06.01-20.47.01
[2020.06.02-00.47.01:637][185]LogWorld: Bringing up level for play took: 0.574013
[2020.06.02-00.47.01:772][185]PIE: Error: SetInputMode_GameOnly expects a valid player controller as 'PlayerController' target
[2020.06.02-00.47.01:801][185]LogLoad: Took 10.580046 seconds to LoadMap(/Game/Mapa/prueba_2d)
[2020.06.02-00.47.09:975][602]LogRenderer: Reallocating scene render targets to support 856x376 Format 10 NumSamples 1 (Frame:415).
[2020.06.02-00.47.10:031][603]LogRenderer: Reallocating scene render targets to support 856x392 Format 10 NumSamples 1 (Frame:416).
[2020.06.02-00.47.10:553][604]LogRenderer: Reallocating scene render targets to support 856x400 Format 10 NumSamples 1 (Frame:417).
[2020.06.02-00.47.10:652][605]LogRenderer: Reallocating scene render targets to support 856x420 Format 10 NumSamples 1 (Frame:418).
[2020.06.02-00.48.14:999][342]LogAudioMixer: Display: No commands were queued while flushing the source manager.
[2020.06.02-00.48.14:999][342]LogAudioMixer: Display: No commands were queued while flushing the source manager.
[2020.06.02-00.48.15:036][342]LogBlueprintUserMessages: Early EndPlayMap Detection: Level '/Game/MenuPrincipal.MenuPrincipal:PersistentLevel' has LevelScriptBlueprint '/Game/MenuPrincipal.MenuPrincipal:PersistentLevel.MenuPrincipal' with GeneratedClass '/Game/MenuPrincipal.MenuPrincipal_C' with ClassGeneratedBy '/Game/MenuPrincipal.MenuPrincipal:PersistentLevel.MenuPrincipal'
[2020.06.02-00.48.15:102][342]LogSlate: Updating window title bar state: overlay mode, drag disabled, window buttons hidden, title bar hidden
[2020.06.02-00.48.15:102][342]LogWorld: BeginTearingDown for /Game/Mapa/UEDPIE_0_prueba_2d
[2020.06.02-00.48.15:117][342]LogAudioMixer: Display: No commands were queued while flushing the source manager.
[2020.06.02-00.48.15:117][342]LogWorld: UWorld::CleanupWorld for prueba_2d, bSessionEnded=true, bCleanupResources=true
[2020.06.02-00.48.15:348][342]LogSlate: InvalidateAllWidgets triggered.  All widgets were invalidated
[2020.06.02-00.48.15:435][342]LogPlayLevel: Display: Shutting down PIE online subsystems
[2020.06.02-00.48.15:479][342]LogBlueprintUserMessages: Late EndPlayMap Detection: Level '/Game/MenuPrincipal.MenuPrincipal:PersistentLevel' has LevelScriptBlueprint '/Game/MenuPrincipal.MenuPrincipal:PersistentLevel.MenuPrincipal' with GeneratedClass '/Game/MenuPrincipal.MenuPrincipal_C' with ClassGeneratedBy '/Game/MenuPrincipal.MenuPrincipal:PersistentLevel.MenuPrincipal'
[2020.06.02-00.48.15:499][342]LogSlate: InvalidateAllWidgets triggered.  All widgets were invalidated
[2020.06.02-00.48.15:556][342]LogAudioMixer: Display: No commands were queued while flushing the source manager.
[2020.06.02-00.48.15:594][342]LogSlate: Updating window title bar state: overlay mode, drag disabled, window buttons hidden, title bar hidden
[2020.06.02-00.48.15:646][342]LogUObjectHash: Compacting FUObjectHashTables data took   4.37ms
[2020.06.02-00.48.16:495][343]LogPlayLevel: Display: Destroying online subsystem :Context_1
[2020.06.02-00.48.19:136][486]LogSlate: Window 'Registro del mensaje' being destroyed
[2020.06.02-00.48.19:146][486]LogSlate: Window 'Registro del mensaje' being destroyed
[2020.06.02-00.51.06:581][352]LogSlate: Took 0.576871 seconds to synchronously load lazily loaded font '../../../Engine/Content/Slate/Fonts/DroidSansMono.ttf' (77K)
[2020.06.02-00.51.29:828][647]SourceControl: fatal: /Script: '/Script' is outside repository
[2020.06.02-00.51.39:621][152]LogAssetEditorSubsystem: Opening Asset editor for LevelSequence /Game/Cinematics/Sequences/camaraEnemigo/camaraEnemigoMaster.camaraEnemigoMaster
[2020.06.02-00.51.50:358][152]LogSlate: Window 'Master Sequence Settings' being destroyed
[2020.06.02-00.52.38:409][111]LogSlate: Window 'Secuenciador' being destroyed
[2020.06.02-00.52.38:414][111]LogSlate: Window 'Secuenciador' being destroyed
[2020.06.02-00.52.43:515][358]Cmd: DELETE
[2020.06.02-00.52.43:543][358]Cmd: ACTOR DELETE
[2020.06.02-00.52.47:421][358]LogEditorActor: Deleted Actor: LevelSequenceActor
[2020.06.02-00.52.47:460][358]LogUObjectHash: Compacting FUObjectHashTables data took   2.82ms
[2020.06.02-00.52.47:530][358]LogEditorActor: Deleted 1 Actors (1.901 secs)
[2020.06.02-00.53.28:607][517]LogAIModule: Creating AISystem for world prueba_2d
[2020.06.02-00.53.29:316][517]LogAssetEditorSubsystem: Opening Asset editor for World /Game/Mapa/prueba_2d.prueba_2d
[2020.06.02-00.53.29:365][517]LogUObjectHash: Compacting FUObjectHashTables data took   4.19ms
[2020.06.02-00.53.36:183][517]LogSlate: Window 'Guardar contenido' being destroyed
[2020.06.02-00.53.36:197][517]LightingResults: New page: Diseñar la iluminación
[2020.06.02-00.53.36:298][517]LoadErrors: New page: Cargando mapa: prueba_2d.umap
[2020.06.02-00.53.36:309][517]LogWorld: UWorld::CleanupWorld for MenuPrincipal, bSessionEnded=true, bCleanupResources=true
[2020.06.02-00.53.36:309][517]LogSlate: InvalidateAllWidgets triggered.  All widgets were invalidated
[2020.06.02-00.53.36:309][517]MapCheck: New page: Revisión del mapa
[2020.06.02-00.53.36:309][517]LightingResults: New page: Diseñar la iluminación
[2020.06.02-00.53.36:467][517]LogUObjectHash: Compacting FUObjectHashTables data took 124.52ms
[2020.06.02-00.53.36:793][517]LogEditorServer: Finished looking for orphan Actors (0.000 secs)
[2020.06.02-00.53.36:843][517]LogUObjectHash: Compacting FUObjectHashTables data took   2.57ms
[2020.06.02-00.53.37:001][517]Cmd: MAP CHECKDEP NOCLEARLOG
[2020.06.02-00.53.37:001][517]MapCheck: Map check complete: 0 Error(s), 0 Warning(s), took 0,223ms to complete.
[2020.06.02-00.53.37:001][517]LogFileHelpers: Loading map 'prueba_2d' took 0.810
[2020.06.02-00.53.47:182][893]LogEditorViewport: Clicking on Actor (LMB): StaticMeshActor (Cube)
[2020.06.02-00.53.52:892][893]LogEditorViewport: Clicking on Actor (context menu): StaticMeshActor (Cube)
[2020.06.02-00.53.55:534][893]LogEditorViewport: Clicking on Actor (LMB): StaticMeshActor (Cube)
[2020.06.02-00.53.55:693][893]Cmd: SELECT NONE
[2020.06.02-00.54.57:153][463]Cmd: MODE GRID=0
[2020.06.02-00.54.58:140][508]Cmd: MODE GRID=1
[2020.06.02-00.56.41:542][634]LogSlate: Window 'Save Asset As' being destroyed
[2020.06.02-00.56.43:049][634]LogAssetEditorSubsystem: Opening Asset editor for LevelSequence /Game/Mapa/camaraEnemigo.camaraEnemigo
[2020.06.02-01.00.47:568][ 36]LogSlate: Took 0.067648 seconds to synchronously load lazily loaded font '../../../Engine/Content/Slate/Fonts/Roboto-BoldCondensed.ttf' (158K)
[2020.06.02-01.01.16:732][345]LogEditorViewport: Clicking on Actor (LMB): LevelSequenceActor (camaraEnemigo)
[2020.06.02-01.01.16:947][345]LogEditorViewport: Clicking on Component (LMB): SceneComponent (SceneComp)
[2020.06.02-01.01.20:943][470]LogEditorViewport: Clicking on Actor (LMB): PaperTileMapActor (prueba_fondo)
[2020.06.02-01.01.21:516][471]LogEditorViewport: Clicking on Actor (LMB): PaperTileMapActor (prueba_fondo)
[2020.06.02-01.01.21:759][472]LogEditorViewport: Clicking on Actor (LMB): PaperTileMapActor (prueba_fondo)
[2020.06.02-01.01.22:622][508]LogEditorViewport: Clicking on Actor (LMB): StaticMeshActor (Cube)
[2020.06.02-01.01.22:758][508]LogEditorViewport: Clicking on Component (LMB): StaticMeshComponent (StaticMeshComponent0)
[2020.06.02-01.01.22:880][508]LogEditorViewport: Clicking on Component (LMB): StaticMeshComponent (StaticMeshComponent0)
[2020.06.02-01.01.26:982][675]LogEditorViewport: Clicking on Actor (LMB): LevelSequenceActor (camaraEnemigo)
[2020.06.02-01.02.23:146][958]LogEditorViewport: Clicking on Actor (context menu): CineCameraActor (CineCameraActor)
[2020.06.02-01.02.34:935][354]LogEditorViewport: Clicking on Actor (LMB): PaperTileMapActor (prueba_fondo)
[2020.06.02-01.02.36:570][420]LogEditorViewport: Clicking on Actor (LMB): LevelSequenceActor (camaraEnemigo)
[2020.06.02-01.02.43:267][724]LogEditorViewport: Clicking on Actor (LMB): CineCameraActor (CineCameraActor)
[2020.06.02-01.02.44:430][765]LogEditorViewport: Clicking on Actor (context menu): CineCameraActor (CineCameraActor)
[2020.06.02-01.02.45:889][820]LogEditorViewport: Clicking on Actor (LMB): StaticMeshActor (Cube)
[2020.06.02-01.02.46:914][862]LogEditorViewport: Clicking on Actor (LMB): CineCameraActor (CineCameraActor)
[2020.06.02-01.03.43:399][695]LogEditorViewport: Clicking on Actor (context menu): PaperTileMapActor (prueba_fondo)
[2020.06.02-01.04.35:271][536]LogEditorViewport: Clicking on Actor (LMB): CineCameraActor (CineCameraActor)
[2020.06.02-01.04.37:431][603]LogEditorViewport: Clicking on Actor (context menu): CineCameraActor (CineCameraActor)
[2020.06.02-01.05.19:106][168]LogUObjectHash: Compacting FUObjectHashTables data took   3.39ms
[2020.06.02-01.05.37:095][168]LogSavePackage: Moving '../../../../../../Users/pandax08/Desktop/1 semestre 2020/desarrollo videojuegos/UnrealEngine_Games/Unreal Proyect/MyProject/Saved/prueba_2d_Auto1E9D23CB14CE84125C8B9038FF7710812.tmp' to '../../../../../../Users/pandax08/Desktop/1 semestre 2020/desarrollo videojuegos/UnrealEngine_Games/Unreal Proyect/MyProject/Saved/Autosaves/Game/Mapa/prueba_2d_Auto1.umap'
[2020.06.02-01.05.37:838][168]LogFileHelpers: Editor autosave (incl. sublevels) for '/Game/Mapa/prueba_2d' took 19.101
[2020.06.02-01.05.37:838][168]LogFileHelpers: Editor autosave (incl. sublevels) for all levels took 19.101
[2020.06.02-01.05.37:881][168]OBJ SavePackage: Generating thumbnails for [0] asset(s) in package [/Game/Cinematics/Sequences/camaraEnemigo/camaraEnemigoMaster] ([1] browsable assets)...
[2020.06.02-01.05.37:881][168]OBJ SavePackage: Finished generating thumbnails for package [/Game/Cinematics/Sequences/camaraEnemigo/camaraEnemigoMaster]
[2020.06.02-01.05.37:921][168]LogSavePackage: Moving '../../../../../../Users/pandax08/Desktop/1 semestre 2020/desarrollo videojuegos/UnrealEngine_Games/Unreal Proyect/MyProject/Saved/camaraEnemigoMaster_Auto1F1974081491C5644D99DD6B73D0D284E.tmp' to '../../../../../../Users/pandax08/Desktop/1 semestre 2020/desarrollo videojuegos/UnrealEngine_Games/Unreal Proyect/MyProject/Saved/Autosaves/Game/Cinematics/Sequences/camaraEnemigo/camaraEnemigoMaster_Auto1.uasset'
[2020.06.02-01.05.38:040][168]OBJ SavePackage: Generating thumbnails for [0] asset(s) in package [/Game/Cinematics/Sequences/camaraEnemigo/shots/shot0010/shot0010_001] ([1] browsable assets)...
[2020.06.02-01.05.38:100][168]OBJ SavePackage: Finished generating thumbnails for package [/Game/Cinematics/Sequences/camaraEnemigo/shots/shot0010/shot0010_001]
[2020.06.02-01.05.39:293][168]LogSavePackage: Moving '../../../../../../Users/pandax08/Desktop/1 semestre 2020/desarrollo videojuegos/UnrealEngine_Games/Unreal Proyect/MyProject/Saved/shot0010_001_Auto17CAFF6414084F8758C43DCB750378C90.tmp' to '../../../../../../Users/pandax08/Desktop/1 semestre 2020/desarrollo videojuegos/UnrealEngine_Games/Unreal Proyect/MyProject/Saved/Autosaves/Game/Cinematics/Sequences/camaraEnemigo/shots/shot0010/shot0010_001_Auto1.uasset'
[2020.06.02-01.05.39:345][168]OBJ SavePackage: Generating thumbnails for [0] asset(s) in package [/Game/Cinematics/Sequences/camaraEnemigo/shots/shot0020/shot0020_001] ([1] browsable assets)...
[2020.06.02-01.05.39:346][168]OBJ SavePackage: Finished generating thumbnails for package [/Game/Cinematics/Sequences/camaraEnemigo/shots/shot0020/shot0020_001]
[2020.06.02-01.05.39:562][168]LogSavePackage: Moving '../../../../../../Users/pandax08/Desktop/1 semestre 2020/desarrollo videojuegos/UnrealEngine_Games/Unreal Proyect/MyProject/Saved/shot0020_001_Auto1AC9DC69847CBB309C2F59B935A822710.tmp' to '../../../../../../Users/pandax08/Desktop/1 semestre 2020/desarrollo videojuegos/UnrealEngine_Games/Unreal Proyect/MyProject/Saved/Autosaves/Game/Cinematics/Sequences/camaraEnemigo/shots/shot0020/shot0020_001_Auto1.uasset'
[2020.06.02-01.05.39:570][168]OBJ SavePackage: Generating thumbnails for [0] asset(s) in package [/Game/Cinematics/Sequences/camaraEnemigo/shots/shot0030/shot0030_001] ([1] browsable assets)...
[2020.06.02-01.05.39:570][168]OBJ SavePackage: Finished generating thumbnails for package [/Game/Cinematics/Sequences/camaraEnemigo/shots/shot0030/shot0030_001]
[2020.06.02-01.05.39:677][168]LogSavePackage: Moving '../../../../../../Users/pandax08/Desktop/1 semestre 2020/desarrollo videojuegos/UnrealEngine_Games/Unreal Proyect/MyProject/Saved/shot0030_001_Auto189617C974D91620C39474A95F5ACD77F.tmp' to '../../../../../../Users/pandax08/Desktop/1 semestre 2020/desarrollo videojuegos/UnrealEngine_Games/Unreal Proyect/MyProject/Saved/Autosaves/Game/Cinematics/Sequences/camaraEnemigo/shots/shot0030/shot0030_001_Auto1.uasset'
[2020.06.02-01.05.39:679][168]OBJ SavePackage: Generating thumbnails for [0] asset(s) in package [/Game/Cinematics/Sequences/camaraEnemigo/shots/shot0040/shot0040_001] ([1] browsable assets)...
[2020.06.02-01.05.39:679][168]OBJ SavePackage: Finished generating thumbnails for package [/Game/Cinematics/Sequences/camaraEnemigo/shots/shot0040/shot0040_001]
[2020.06.02-01.05.39:878][168]LogSavePackage: Moving '../../../../../../Users/pandax08/Desktop/1 semestre 2020/desarrollo videojuegos/UnrealEngine_Games/Unreal Proyect/MyProject/Saved/shot0040_001_Auto11B9906234331274E07612984370289A9.tmp' to '../../../../../../Users/pandax08/Desktop/1 semestre 2020/desarrollo videojuegos/UnrealEngine_Games/Unreal Proyect/MyProject/Saved/Autosaves/Game/Cinematics/Sequences/camaraEnemigo/shots/shot0040/shot0040_001_Auto1.uasset'
[2020.06.02-01.05.39:881][168]OBJ SavePackage: Generating thumbnails for [0] asset(s) in package [/Game/Cinematics/Sequences/camaraEnemigo/shots/shot0050/shot0050_001] ([1] browsable assets)...
[2020.06.02-01.05.39:881][168]OBJ SavePackage: Finished generating thumbnails for package [/Game/Cinematics/Sequences/camaraEnemigo/shots/shot0050/shot0050_001]
[2020.06.02-01.05.40:398][168]LogSavePackage: Moving '../../../../../../Users/pandax08/Desktop/1 semestre 2020/desarrollo videojuegos/UnrealEngine_Games/Unreal Proyect/MyProject/Saved/shot0050_001_Auto1FF61C9C44D0F770B3AE1EFAE60DE280F.tmp' to '../../../../../../Users/pandax08/Desktop/1 semestre 2020/desarrollo videojuegos/UnrealEngine_Games/Unreal Proyect/MyProject/Saved/Autosaves/Game/Cinematics/Sequences/camaraEnemigo/shots/shot0050/shot0050_001_Auto1.uasset'
[2020.06.02-01.05.40:403][168]OBJ SavePackage: Generating thumbnails for [0] asset(s) in package [/Game/Mapa/camaraEnemigo] ([1] browsable assets)...
[2020.06.02-01.05.40:403][168]OBJ SavePackage: Finished generating thumbnails for package [/Game/Mapa/camaraEnemigo]
[2020.06.02-01.05.40:696][168]LogSavePackage: Moving '../../../../../../Users/pandax08/Desktop/1 semestre 2020/desarrollo videojuegos/UnrealEngine_Games/Unreal Proyect/MyProject/Saved/camaraEnemigo_Auto1495CD88F4756822EE5B3FB928500A95C.tmp' to '../../../../../../Users/pandax08/Desktop/1 semestre 2020/desarrollo videojuegos/UnrealEngine_Games/Unreal Proyect/MyProject/Saved/Autosaves/Game/Mapa/camaraEnemigo_Auto1.uasset'
[2020.06.02-01.05.40:701][168]LogFileHelpers: Auto-saving content packages took 2.864
[2020.06.02-01.09.53:638][648]LogEditorViewport: Clicking on Actor (LMB): PaperTileMapActor (prueba_fondo)
[2020.06.02-01.09.53:817][648]LogEditorViewport: Clicking on Component (LMB): PaperTileMapComponent (RenderComponent)
[2020.06.02-01.09.55:403][701]Cmd: SELECT NONE
[2020.06.02-01.10.11:563][451]LogEditorViewport: Clicking on Actor (LMB): CineCameraActor (CineCameraActor)
[2020.06.02-01.10.33:791][223]LogParticles: Error: Bad values in FParticleSystemSceneProxy::GetObjectPositionAndScale
[2020.06.02-01.10.33:791][223]LogParticles: Error: SystemPositionForMacroUVs: {7000.000000, -350.000000, 170.000000}
[2020.06.02-01.10.33:791][223]LogParticles: Error: ObjectPostProjectionPositionWithW: {-1035.502930, 894.736816, 10.000000, 0.000000}
[2020.06.02-01.10.33:791][223]LogParticles: Error: RightPostProjectionPosition: {-443.786957, 894.736816, 10.000000, 0.000000}
[2020.06.02-01.10.33:791][223]LogParticles: Error: UpPostProjectionPosition: {-1035.502930, 1947.368408, 10.000000, 0.000000}
[2020.06.02-01.10.33:791][223]LogParticles: Error: ObjectNDCPosition: {-103550296.000000, 89473680.000000}
[2020.06.02-01.10.33:821][224]LogParticles: Error: RightNDCPosX: -inf
[2020.06.02-01.10.33:822][224]LogParticles: Error: UpNDCPosY: inf
[2020.06.02-01.10.33:822][224]LogParticles: Error: MacroUVPosition: {7000.000000, -350.000000, 170.000000}
[2020.06.02-01.10.33:822][224]LogParticles: Error: MacroUVRadius: 200.000000
[2020.06.02-01.10.33:822][224]LogParticles: Error: DX: -inf
[2020.06.02-01.10.33:822][224]LogParticles: Error: DY: 2097152.000000
[2020.06.02-01.10.33:822][224]LogParticles: Error: View0: {0.000000, 1.000000, 0.000000, 1.000000}
[2020.06.02-01.10.33:822][224]LogParticles: Error: View1: {0.000000, 0.000000, 1.000000, 1.000000}
[2020.06.02-01.10.33:822][224]LogParticles: Error: View2: {1.000000, 0.000000, 0.000000, 1.000000}
[2020.06.02-01.10.33:822][224]LogParticles: Error: View3: {0.000000, 0.000000, 0.000000, 1.000000}
[2020.06.02-01.10.33:822][224]LogParticles: Error: ViewProj0: {-0.002433, 2.958580, 0.000000, 1.000000}
[2020.06.02-01.10.33:822][224]LogParticles: Error: ViewProj1: {0.007506, 0.000000, 5.263158, 1.000000}
[2020.06.02-01.10.33:822][224]LogParticles: Error: ViewProj2: {0.000000, 0.000000, 0.000000, 1.000000}
[2020.06.02-01.10.33:822][224]LogParticles: Error: ViewProj3: {1.000000, 0.000000, 0.000000, 1.000000}
[2020.06.02-01.10.33:822][224]LogParticles: Error: Bad values in FParticleSystemSceneProxy::GetObjectPositionAndScale
[2020.06.02-01.10.33:822][224]LogParticles: Error: SystemPositionForMacroUVs: {7000.000000, -350.000000, 170.000000}
[2020.06.02-01.10.33:822][224]LogParticles: Error: ObjectPostProjectionPositionWithW: {-1035.502930, 894.736816, 10.000000, 0.000000}
[2020.06.02-01.10.33:822][224]LogParticles: Error: RightPostProjectionPosition: {-443.786957, 894.736816, 10.000000, 0.000000}
[2020.06.02-01.10.33:822][224]LogParticles: Error: UpPostProjectionPosition: {-1035.502930, 1947.368408, 10.000000, 0.000000}
[2020.06.02-01.10.33:822][224]LogParticles: Error: ObjectNDCPosition: {-103550296.000000, 89473680.000000}
[2020.06.02-01.10.33:822][224]LogParticles: Error: RightNDCPosX: -inf
[2020.06.02-01.10.33:822][224]LogParticles: Error: UpNDCPosY: inf
[2020.06.02-01.10.33:822][224]LogParticles: Error: MacroUVPosition: {7000.000000, -350.000000, 170.000000}
[2020.06.02-01.10.33:822][224]LogParticles: Error: MacroUVRadius: 200.000000
[2020.06.02-01.10.33:822][224]LogParticles: Error: DX: -inf
[2020.06.02-01.10.33:822][224]LogParticles: Error: DY: 2097152.000000
[2020.06.02-01.10.33:822][224]LogParticles: Error: View0: {0.000000, 1.000000, 0.000000, 1.000000}
[2020.06.02-01.10.33:822][224]LogParticles: Error: View1: {0.000000, 0.000000, 1.000000, 1.000000}
[2020.06.02-01.10.33:822][224]LogParticles: Error: View2: {1.000000, 0.000000, 0.000000, 1.000000}
[2020.06.02-01.10.33:822][224]LogParticles: Error: View3: {0.000000, 0.000000, 0.000000, 1.000000}
[2020.06.02-01.10.33:822][224]LogParticles: Error: ViewProj0: {-0.002433, 2.958580, 0.000000, 1.000000}
[2020.06.02-01.10.33:822][224]LogParticles: Error: ViewProj1: {0.007506, 0.000000, 5.263158, 1.000000}
[2020.06.02-01.10.33:822][224]LogParticles: Error: ViewProj2: {0.000000, 0.000000, 0.000000, 1.000000}
[2020.06.02-01.10.33:822][224]LogParticles: Error: ViewProj3: {1.000000, 0.000000, 0.000000, 1.000000}
[2020.06.02-01.11.23:433][127]LogEditorViewport: Clicking on Actor (LMB): StaticMeshActor (Cube)
[2020.06.02-01.11.36:183][669]LogEditorViewport: Clicking on Actor (LMB): CineCameraActor (CineCameraActor)
[2020.06.02-01.12.08:028][852]LogEditorViewport: Clicking on Actor (LMB): StaticMeshActor (Cube)
[2020.06.02-01.12.08:073][852]LogEditorViewport: Clicking on Component (LMB): StaticMeshComponent (StaticMeshComponent0)
[2020.06.02-01.12.09:684][914]LogEditorViewport: Clicking on Component (LMB): StaticMeshComponent (StaticMeshComponent0)
[2020.06.02-01.12.10:373][940]LogEditorViewport: Clicking on Actor (LMB): CineCameraActor (CineCameraActor)
[2020.06.02-01.12.18:140][231]LogEditorViewport: Clicking on Actor (context menu): CineCameraActor (CineCameraActor)
[2020.06.02-01.13.35:140][ 48]LogEditorViewport: Clicking Background
[2020.06.02-01.13.40:214][292]LogEditorViewport: Clicking on Actor (LMB): StaticMeshActor (Cube)
[2020.06.02-01.13.41:058][325]LogEditorViewport: Clicking on Actor (LMB): StaticMeshActor (Cube)
[2020.06.02-01.13.43:919][451]Cmd: TRANSACTION UNDO
[2020.06.02-01.13.43:937][451]LogEditorTransaction: Undo Pinchar en los actores
[2020.06.02-01.13.47:038][586]Cmd: TRANSACTION UNDO
[2020.06.02-01.13.47:039][586]LogEditorTransaction: Undo Pinchar en el fondo
[2020.06.02-01.14.12:490][736]LogEditorViewport: Clicking on Actor (LMB): CineCameraActor (CineCameraActor)
[2020.06.02-01.16.10:356][841]LogSlate: Window 'Secuenciador' being destroyed
[2020.06.02-01.19.55:199][622]LogSavePackage: Moving '../../../../../../Users/pandax08/Desktop/1 semestre 2020/desarrollo videojuegos/UnrealEngine_Games/Unreal Proyect/MyProject/Saved/camaraEnemigoE1B0EDCC4D64225DE8F8D2BB58426A30.tmp' to '../../../../../../Users/pandax08/Desktop/1 semestre 2020/desarrollo videojuegos/UnrealEngine_Games/Unreal Proyect/MyProject/Content/Mapa/camaraEnemigo.uasset'
[2020.06.02-01.19.56:775][622]AssetCheck: New page: Asset Save: camaraEnemigo
[2020.06.02-01.19.56:834][622]LogContentValidation: Display: Validating LevelSequence /Game/Mapa/camaraEnemigo.camaraEnemigo
[2020.06.02-01.20.42:598][870]Cmd: SELECT NONE
[2020.06.02-01.20.43:418][917]Cmd: SELECT NONE
[2020.06.02-01.21.18:318][909]LogEditorViewport: Clicking on Actor (context menu): LevelSequenceActor (camaraEnemigo)
[2020.06.02-01.21.29:151][503]LogEditorViewport: Clicking on Actor (LMB): StaticMeshActor (Cube)
[2020.06.02-01.21.40:911][194]LogEditorViewport: Clicking on Actor (LMB): LevelSequenceActor (camaraEnemigo)
[2020.06.02-01.21.48:333][631]LogEditorViewport: Clicking on Actor (context menu): LevelSequenceActor (camaraEnemigo)
[2020.06.02-01.21.52:887][832]LogAssetEditorSubsystem: Opening Asset editor for LevelSequence /Game/Mapa/camaraEnemigo.camaraEnemigo
[2020.06.02-01.22.21:585][344]LogEditorViewport: Clicking on Actor (context menu): LevelSequenceActor (camaraEnemigo)
[2020.06.02-01.22.38:173][190]LogEditorViewport: Clicking on Actor (LMB): CineCameraActor (CineCameraActor)
[2020.06.02-01.22.48:799][644]LogEditorViewport: Clicking on Actor (context menu): CineCameraActor (CineCameraActor)
[2020.06.02-01.25.01:889][886]Cmd: DELETE
[2020.06.02-01.25.01:889][886]Cmd: ACTOR DELETE
[2020.06.02-01.25.01:985][886]LogEditorActor: Deleted Actor: Actor
[2020.06.02-01.25.02:148][886]LogUObjectHash: Compacting FUObjectHashTables data took   9.80ms
[2020.06.02-01.25.02:183][886]LogEditorActor: Deleted 1 Actors (0.294 secs)
[2020.06.02-01.25.08:766][241]LogUObjectHash: Compacting FUObjectHashTables data took   0.97ms
[2020.06.02-01.25.09:197][241]LogSavePackage: Moving '../../../../../../Users/pandax08/Desktop/1 semestre 2020/desarrollo videojuegos/UnrealEngine_Games/Unreal Proyect/MyProject/Saved/prueba_2d84449A2A4C371C821C94FBBDDDF1B5BF.tmp' to '../../../../../../Users/pandax08/Desktop/1 semestre 2020/desarrollo videojuegos/UnrealEngine_Games/Unreal Proyect/MyProject/Content/Mapa/prueba_2d.umap'
[2020.06.02-01.25.10:193][241]AssetCheck: New page: Asset Save: prueba_2d
[2020.06.02-01.25.10:193][241]LogContentValidation: Display: Validating World /Game/Mapa/prueba_2d.prueba_2d
