Log file open, 05/26/20 17:35:19
LogWindows: Failed to load 'aqProf.dll' (GetLastError=126)
LogWindows: File 'aqProf.dll' does not exist
LogWindows: Failed to load 'VtuneApi.dll' (GetLastError=126)
LogWindows: File 'VtuneApi.dll' does not exist
LogWindows: Failed to load 'VtuneApi32e.dll' (GetLastError=126)
LogWindows: File 'VtuneApi32e.dll' does not exist
LogConsoleResponse: Display: Failed to find resolution value strings in scalability ini. Falling back to default.
LogInit: Display: Running engine for game: MyProject
LogPlatformFile: Not using cached read wrapper
LogTaskGraph: Started task graph with 5 named threads and 23 total threads with 3 sets of task threads.
LogStats: Stats thread started at 0.483626
LogD3D11RHI: Loaded GFSDK_Aftermath_Lib.x64.dll
LogICUInternationalization: ICU TimeZone Detection - Raw Offset: -4:00, Platform Override: ''
LogPluginManager: Mounting plugin Paper2D
LogPluginManager: Mounting plugin AISupport
LogPluginManager: Mounting plugin LightPropagationVolume
LogPluginManager: Mounting plugin ActorLayerUtilities
LogPluginManager: Mounting plugin AnimationSharing
LogPluginManager: Mounting plugin CLionSourceCodeAccess
LogPluginManager: Mounting plugin CodeLiteSourceCodeAccess
LogPluginManager: Mounting plugin GitSourceControl
LogPluginManager: Mounting plugin KDevelopSourceCodeAccess
LogPluginManager: Mounting plugin NullSourceCodeAccess
LogPluginManager: Mounting plugin PerforceSourceControl
LogPluginManager: Mounting plugin PlasticSourceControl
LogPluginManager: Mounting plugin SubversionSourceControl
LogPluginManager: Mounting plugin UObjectPlugin
LogPluginManager: Mounting plugin VisualStudioCodeSourceCodeAccess
LogPluginManager: Mounting plugin VisualStudioSourceCodeAccess
LogPluginManager: Mounting plugin XCodeSourceCodeAccess
LogPluginManager: Mounting plugin AssetManagerEditor
LogPluginManager: Mounting plugin CryptoKeys
LogPluginManager: Mounting plugin CurveEditorTools
LogPluginManager: Mounting plugin DataValidation
LogPluginManager: Mounting plugin FacialAnimation
LogPluginManager: Mounting plugin GameplayTagsEditor
LogPluginManager: Mounting plugin MacGraphicsSwitching
LogPluginManager: Mounting plugin MaterialAnalyzer
LogPluginManager: Mounting plugin MobileLauncherProfileWizard
LogPluginManager: Mounting plugin PluginBrowser
LogPluginManager: Mounting plugin SpeedTreeImporter
LogPluginManager: Mounting plugin DatasmithContent
LogPluginManager: Mounting plugin VariantManagerContent
LogPluginManager: Mounting plugin AlembicImporter
LogPluginManager: Mounting plugin AutomationUtils
LogPluginManager: Mounting plugin BackChannel
LogPluginManager: Mounting plugin CharacterAI
LogPluginManager: Mounting plugin GeometryCache
LogPluginManager: Mounting plugin PlatformCrypto
LogPluginManager: Mounting plugin ProxyLODPlugin
LogPluginManager: Mounting plugin SkeletalReduction
LogPluginManager: Mounting plugin MagicLeap
LogPluginManager: Mounting plugin MagicLeapMedia
LogPluginManager: Mounting plugin MLSDK
LogPluginManager: Mounting plugin AndroidMedia
LogPluginManager: Mounting plugin AvfMedia
LogPluginManager: Mounting plugin ImgMedia
LogPluginManager: Mounting plugin MediaCompositing
LogPluginManager: Mounting plugin MediaPlayerEditor
LogPluginManager: Mounting plugin WebMMedia
LogPluginManager: Mounting plugin WmfMedia
LogPluginManager: Mounting plugin TcpMessaging
LogPluginManager: Mounting plugin UdpMessaging
LogPluginManager: Mounting plugin ActorSequence
LogPluginManager: Mounting plugin LevelSequenceEditor
LogPluginManager: Mounting plugin MatineeToLevelSequence
LogPluginManager: Mounting plugin NetcodeUnitTest
LogPluginManager: Mounting plugin NUTUnrealEngine4
LogPluginManager: Mounting plugin OnlineSubsystemGooglePlay
LogPluginManager: Mounting plugin OnlineSubsystemIOS
LogPluginManager: Mounting plugin OnlineSubsystem
LogPluginManager: Mounting plugin OnlineSubsystemNull
LogPluginManager: Mounting plugin OnlineSubsystemUtils
LogPluginManager: Mounting plugin LauncherChunkInstaller
LogPluginManager: Mounting plugin AndroidDeviceProfileSelector
LogPluginManager: Mounting plugin AndroidMoviePlayer
LogPluginManager: Mounting plugin AndroidPermission
LogPluginManager: Mounting plugin AppleImageUtils
LogPluginManager: Mounting plugin AppleMoviePlayer
LogPluginManager: Mounting plugin ArchVisCharacter
LogPluginManager: Mounting plugin AssetTags
LogPluginManager: Mounting plugin AudioCapture
LogPluginManager: Mounting plugin CableComponent
LogPluginManager: Mounting plugin CustomMeshComponent
LogPluginManager: Mounting plugin EditableMesh
LogPluginManager: Mounting plugin ExampleDeviceProfileSelector
LogPluginManager: Mounting plugin GoogleCloudMessaging
LogPluginManager: Mounting plugin IOSDeviceProfileSelector
LogPluginManager: Mounting plugin LinuxDeviceProfileSelector
LogPluginManager: Mounting plugin LocationServicesBPLibrary
LogPluginManager: Mounting plugin MobilePatchingUtils
LogPluginManager: Mounting plugin OculusVR
LogPluginManager: Mounting plugin PhysXVehicles
LogPluginManager: Mounting plugin PostSplashScreen
LogPluginManager: Mounting plugin ProceduralMeshComponent
LogPluginManager: Mounting plugin RuntimePhysXCooking
LogPluginManager: Mounting plugin SignificanceManager
LogPluginManager: Mounting plugin SteamVR
LogPluginManager: Mounting plugin WebMMoviePlayer
LogPluginManager: Mounting plugin WindowsMoviePlayer
LogPluginManager: Mounting plugin ScreenshotTools
LogInit: Using libcurl 7.55.1-DEV
LogInit:  - built for x86_64-pc-win32
LogInit:  - supports SSL with OpenSSL/1.1.1
LogInit:  - supports HTTP deflate (compression) using libz 1.2.8
LogInit:  - other features:
LogInit:      CURL_VERSION_SSL
LogInit:      CURL_VERSION_LIBZ
LogInit:      CURL_VERSION_IPV6
LogInit:      CURL_VERSION_ASYNCHDNS
LogInit:      CURL_VERSION_LARGEFILE
LogInit:      CURL_VERSION_IDN
LogInit:  CurlRequestOptions (configurable via config and command line):
LogInit:  - bVerifyPeer = true  - Libcurl will verify peer certificate
LogInit:  - bUseHttpProxy = false  - Libcurl will NOT use HTTP proxy
LogInit:  - bDontReuseConnections = false  - Libcurl will reuse connections
LogInit:  - MaxHostConnections = 16  - Libcurl will limit the number of connections to a host
LogInit:  - LocalHostAddr = Default
LogInit:  - BufferSize = 65536
LogOnline: OSS: Creating online subsystem instance for: NULL
LogInit: WinSock: version 1.1 (2.2), MaxSocks=32767, MaxUdp=65467
LogOnline: OSS: TryLoadSubsystemAndSetDefault: Loaded subsystem for module [NULL]
LogInit: Build: ++UE4+Release-4.24-CL-11590370
LogInit: Engine Version: 4.24.3-11590370+++UE4+Release-4.24
LogInit: Compatible Engine Version: 4.24.0-10570792+++UE4+Release-4.24
LogInit: Net CL: 10570792
LogInit: OS: Windows 10 (Release 1903) (), CPU: AMD Ryzen 5 2500U with Radeon Vega Mobile Gfx  , GPU: AMD Radeon(TM) Vega 8 Graphics
LogInit: Compiled (64-bit): Feb 24 2020 15:39:18
LogInit: Compiled with Visual C++: 19.16.27032.01
LogInit: Build Configuration: Development
LogInit: Branch Name: ++UE4+Release-4.24
LogInit: Command Line: 
LogInit: Base Directory: C:/Program Files/Epic Games/UE_4.24/Engine/Binaries/Win64/
LogInit: Installed Engine Build: 1
LogDevObjectVersion: Number of dev versions registered: 25
LogDevObjectVersion:   Dev-Blueprints (B0D832E4-1F89-4F0D-ACCF-7EB736FD4AA2): 10
LogDevObjectVersion:   Dev-Build (E1C64328-A22C-4D53-A36C-8E866417BD8C): 0
LogDevObjectVersion:   Dev-Core (375EC13C-06E4-48FB-B500-84F0262A717E): 3
LogDevObjectVersion:   Dev-Editor (E4B068ED-F494-42E9-A231-DA0B2E46BB41): 37
LogDevObjectVersion:   Dev-Framework (CFFC743F-43B0-4480-9391-14DF171D2073): 36
LogDevObjectVersion:   Dev-Mobile (B02B49B5-BB20-44E9-A304-32B752E40360): 2
LogDevObjectVersion:   Dev-Networking (A4E4105C-59A1-49B5-A7C5-40C4547EDFEE): 0
LogDevObjectVersion:   Dev-Online (39C831C9-5AE6-47DC-9A44-9C173E1C8E7C): 0
LogDevObjectVersion:   Dev-Physics (78F01B33-EBEA-4F98-B9B4-84EACCB95AA2): 2
LogDevObjectVersion:   Dev-Platform (6631380F-2D4D-43E0-8009-CF276956A95A): 0
LogDevObjectVersion:   Dev-Rendering (12F88B9F-8875-4AFC-A67C-D90C383ABD29): 36
LogDevObjectVersion:   Dev-Sequencer (7B5AE74C-D270-4C10-A958-57980B212A5A): 11
LogDevObjectVersion:   Dev-VR (D7296918-1DD6-4BDD-9DE2-64A83CC13884): 2
LogDevObjectVersion:   Dev-LoadTimes (C2A15278-BFE7-4AFE-6C17-90FF531DF755): 1
LogDevObjectVersion:   Private-Geometry (6EACA3D4-40EC-4CC1-B786-8BED09428FC5): 3
LogDevObjectVersion:   Dev-AnimPhys (29E575DD-E0A3-4627-9D10-D276232CDCEA): 17
LogDevObjectVersion:   Dev-Anim (AF43A65D-7FD3-4947-9873-3E8ED9C1BB05): 2
LogDevObjectVersion:   Dev-ReflectionCapture (6B266CEC-1EC7-4B8F-A30B-E4D90942FC07): 1
LogDevObjectVersion:   Dev-Automation (0DF73D61-A23F-47EA-B727-89E90C41499A): 1
LogDevObjectVersion:   FortniteMain (601D1886-AC64-4F84-AA16-D3DE0DEAC7D6): 31
LogDevObjectVersion:   Dev-Enterprise (9DFFBCD6-494F-0158-E221-12823C92A888): 8
LogDevObjectVersion:   Dev-Niagara (F2AED0AC-9AFE-416F-8664-AA7FFA26D6FC): 1
LogDevObjectVersion:   Dev-Destruction (174F1F0B-B4C6-45A5-B13F-2EE8D0FB917D): 9
LogDevObjectVersion:   Dev-Physics-Ext (35F94A83-E258-406C-A318-09F59610247C): 8
LogDevObjectVersion:   Dev-CineCamera (B2E18506-4273-CFC2-A54E-F4BB758BBA07): 1
LogInit: Presizing for max 25165824 objects, including 0 objects not considered by GC, pre-allocating 0 bytes for permanent pool.
LogInit: Object subsystem initialized
LogConfig: Setting CVar [[con.DebugEarlyDefault:1]]
LogConfig: Setting CVar [[r.setres:1280x720]]
[2020.05.26-21.35.21:315][  0]LogConfig: Setting CVar [[r.VSync:0]]
[2020.05.26-21.35.21:315][  0]LogConfig: Setting CVar [[r.RHICmdBypass:0]]
[2020.05.26-21.35.21:315][  0]LogConfig: Applying CVar settings from Section [/Script/Engine.RendererSettings] File [C:/Users/sebaa/OneDrive/Escritorio/u/noveno semestre/Desarrollo Movil/UnrealEngine_Games/Unreal Proyect/MyProject/Saved/Config/Windows/Engine.ini]
[2020.05.26-21.35.21:315][  0]LogConfig: Setting CVar [[r.GPUCrashDebugging:0]]
[2020.05.26-21.35.21:316][  0]LogConfig: Setting CVar [[r.MobileHDR:1]]
[2020.05.26-21.35.21:316][  0]LogConfig: Setting CVar [[r.Mobile.DisableVertexFog:1]]
[2020.05.26-21.35.21:316][  0]LogConfig: Setting CVar [[r.Shadow.CSM.MaxMobileCascades:2]]
[2020.05.26-21.35.21:316][  0]LogConfig: Setting CVar [[r.MobileMSAA:1]]
[2020.05.26-21.35.21:316][  0]LogConfig: Setting CVar [[r.Mobile.UseLegacyShadingModel:0]]
[2020.05.26-21.35.21:316][  0]LogConfig: Setting CVar [[r.Mobile.UseHWsRGBEncoding:0]]
[2020.05.26-21.35.21:316][  0]LogConfig: Setting CVar [[r.Mobile.AllowDitheredLODTransition:0]]
[2020.05.26-21.35.21:316][  0]LogConfig: Setting CVar [[r.Mobile.AllowSoftwareOcclusion:0]]
[2020.05.26-21.35.21:316][  0]LogConfig: Setting CVar [[r.DiscardUnusedQuality:0]]
[2020.05.26-21.35.21:316][  0]LogConfig: Setting CVar [[r.AllowOcclusionQueries:1]]
[2020.05.26-21.35.21:316][  0]LogConfig: Setting CVar [[r.MinScreenRadiusForLights:0.030000]]
[2020.05.26-21.35.21:316][  0]LogConfig: Setting CVar [[r.MinScreenRadiusForDepthPrepass:0.030000]]
[2020.05.26-21.35.21:316][  0]LogConfig: Setting CVar [[r.MinScreenRadiusForCSMDepth:0.010000]]
[2020.05.26-21.35.21:316][  0]LogConfig: Setting CVar [[r.PrecomputedVisibilityWarning:0]]
[2020.05.26-21.35.21:316][  0]LogConfig: Setting CVar [[r.TextureStreaming:1]]
[2020.05.26-21.35.21:316][  0]LogConfig: Setting CVar [[Compat.UseDXT5NormalMaps:0]]
[2020.05.26-21.35.21:316][  0]LogConfig: Setting CVar [[r.VirtualTextures:0]]
[2020.05.26-21.35.21:316][  0]LogConfig: Setting CVar [[r.VirtualTexturedLightmaps:0]]
[2020.05.26-21.35.21:316][  0]LogConfig: Setting CVar [[r.VT.TileSize:128]]
[2020.05.26-21.35.21:316][  0]LogConfig: Setting CVar [[r.VT.TileBorderSize:4]]
[2020.05.26-21.35.21:316][  0]LogConfig: Setting CVar [[r.vt.FeedbackFactor:16]]
[2020.05.26-21.35.21:316][  0]LogConfig: Setting CVar [[r.VT.EnableCompressZlib:1]]
[2020.05.26-21.35.21:316][  0]LogConfig: Setting CVar [[r.VT.EnableCompressCrunch:0]]
[2020.05.26-21.35.21:316][  0]LogConfig: Setting CVar [[r.ClearCoatNormal:0]]
[2020.05.26-21.35.21:316][  0]LogConfig: Setting CVar [[r.ReflectionCaptureResolution:128]]
[2020.05.26-21.35.21:317][  0]LogConfig: Setting CVar [[r.ReflectionEnvironmentLightmapMixBasedOnRoughness:1]]
[2020.05.26-21.35.21:317][  0]LogConfig: Setting CVar [[r.ForwardShading:0]]
[2020.05.26-21.35.21:317][  0]LogConfig: Setting CVar [[r.VertexFoggingForOpaque:1]]
[2020.05.26-21.35.21:317][  0]LogConfig: Setting CVar [[r.AllowStaticLighting:1]]
[2020.05.26-21.35.21:317][  0]LogConfig: Setting CVar [[r.NormalMapsForStaticLighting:0]]
[2020.05.26-21.35.21:317][  0]LogConfig: Setting CVar [[r.GenerateMeshDistanceFields:0]]
[2020.05.26-21.35.21:317][  0]LogConfig: Setting CVar [[r.DistanceFieldBuild.EightBit:0]]
[2020.05.26-21.35.21:317][  0]LogConfig: Setting CVar [[r.GenerateLandscapeGIData:0]]
[2020.05.26-21.35.21:317][  0]LogConfig: Setting CVar [[r.DistanceFieldBuild.Compress:0]]
[2020.05.26-21.35.21:317][  0]LogConfig: Setting CVar [[r.TessellationAdaptivePixelsPerTriangle:48.000000]]
[2020.05.26-21.35.21:317][  0]LogConfig: Setting CVar [[r.SeparateTranslucency:1]]
[2020.05.26-21.35.21:317][  0]LogConfig: Setting CVar [[r.TranslucentSortPolicy:0]]
[2020.05.26-21.35.21:317][  0]LogConfig: Setting CVar [[r.CustomDepth:1]]
[2020.05.26-21.35.21:317][  0]LogConfig: Setting CVar [[r.CustomDepthTemporalAAJitter:1]]
[2020.05.26-21.35.21:317][  0]LogConfig: Setting CVar [[r.PostProcessing.PropagateAlpha:0]]
[2020.05.26-21.35.21:317][  0]LogConfig: Setting CVar [[r.DefaultFeature.Bloom:1]]
[2020.05.26-21.35.21:317][  0]LogConfig: Setting CVar [[r.DefaultFeature.AmbientOcclusion:1]]
[2020.05.26-21.35.21:317][  0]LogConfig: Setting CVar [[r.DefaultFeature.AmbientOcclusionStaticFraction:1]]
[2020.05.26-21.35.21:317][  0]LogConfig: Setting CVar [[r.DefaultFeature.AutoExposure:1]]
[2020.05.26-21.35.21:317][  0]LogConfig: Setting CVar [[r.DefaultFeature.AutoExposure.Method:0]]
[2020.05.26-21.35.21:317][  0]LogConfig: Setting CVar [[r.DefaultFeature.AutoExposure.ExtendDefaultLuminanceRange:0]]
[2020.05.26-21.35.21:317][  0]LogConfig: Setting CVar [[r.UsePreExposure:1]]
[2020.05.26-21.35.21:317][  0]LogConfig: Setting CVar [[r.EyeAdaptation.EditorOnly:1]]
[2020.05.26-21.35.21:317][  0]LogConfig: Setting CVar [[r.DefaultFeature.MotionBlur:1]]
[2020.05.26-21.35.21:317][  0]LogConfig: Setting CVar [[r.DefaultFeature.LensFlare:0]]
[2020.05.26-21.35.21:317][  0]LogConfig: Setting CVar [[r.TemporalAA.Upsampling:0]]
[2020.05.26-21.35.21:317][  0]LogConfig: Setting CVar [[r.SSGI.Enable:0]]
[2020.05.26-21.35.21:317][  0]LogConfig: Setting CVar [[r.DefaultFeature.AntiAliasing:2]]
[2020.05.26-21.35.21:317][  0]LogConfig: Setting CVar [[r.DefaultFeature.LightUnits:1]]
[2020.05.26-21.35.21:317][  0]LogConfig: Setting CVar [[r.DefaultBackBufferPixelFormat:4]]
[2020.05.26-21.35.21:317][  0]LogConfig: Setting CVar [[r.Shadow.UnbuiltPreviewInGame:1]]
[2020.05.26-21.35.21:317][  0]LogConfig: Setting CVar [[r.StencilForLODDither:0]]
[2020.05.26-21.35.21:317][  0]LogConfig: Setting CVar [[r.EarlyZPass:3]]
[2020.05.26-21.35.21:318][  0]LogConfig: Setting CVar [[r.EarlyZPassOnlyMaterialMasking:0]]
[2020.05.26-21.35.21:319][  0]LogConfig: Setting CVar [[r.DBuffer:1]]
[2020.05.26-21.35.21:319][  0]LogConfig: Setting CVar [[r.ClearSceneMethod:1]]
[2020.05.26-21.35.21:319][  0]LogConfig: Setting CVar [[r.BasePassOutputsVelocity:0]]
[2020.05.26-21.35.21:319][  0]LogConfig: Setting CVar [[r.SelectiveBasePassOutputs:0]]
[2020.05.26-21.35.21:319][  0]LogConfig: Setting CVar [[fx.GPUSimulationTextureSizeX:1024]]
[2020.05.26-21.35.21:319][  0]LogConfig: Setting CVar [[fx.GPUSimulationTextureSizeY:1024]]
[2020.05.26-21.35.21:319][  0]LogConfig: Setting CVar [[r.AllowGlobalClipPlane:0]]
[2020.05.26-21.35.21:319][  0]LogConfig: Setting CVar [[r.GBufferFormat:1]]
[2020.05.26-21.35.21:319][  0]LogConfig: Setting CVar [[r.MorphTarget.Mode:1]]
[2020.05.26-21.35.21:319][  0]LogConfig: Setting CVar [[vr.InstancedStereo:0]]
[2020.05.26-21.35.21:319][  0]LogConfig: Setting CVar [[vr.MultiView:0]]
[2020.05.26-21.35.21:319][  0]LogConfig: Setting CVar [[vr.MobileMultiView:0]]
[2020.05.26-21.35.21:319][  0]LogConfig: Setting CVar [[vr.MobileMultiView.Direct:0]]
[2020.05.26-21.35.21:319][  0]LogConfig: Setting CVar [[vr.RoundRobinOcclusion:0]]
[2020.05.26-21.35.21:319][  0]LogConfig: Setting CVar [[vr.ODSCapture:0]]
[2020.05.26-21.35.21:319][  0]LogConfig: Setting CVar [[r.WireframeCullThreshold:5.000000]]
[2020.05.26-21.35.21:319][  0]LogConfig: Setting CVar [[r.RayTracing:0]]
[2020.05.26-21.35.21:319][  0]LogConfig: Setting CVar [[r.RayTracing.UseTextureLod:0]]
[2020.05.26-21.35.21:319][  0]LogConfig: Setting CVar [[r.SupportStationarySkylight:1]]
[2020.05.26-21.35.21:319][  0]LogConfig: Setting CVar [[r.SupportLowQualityLightmaps:1]]
[2020.05.26-21.35.21:319][  0]LogConfig: Setting CVar [[r.SupportPointLightWholeSceneShadows:1]]
[2020.05.26-21.35.21:319][  0]LogConfig: Setting CVar [[r.SupportAtmosphericFog:1]]
[2020.05.26-21.35.21:319][  0]LogConfig: Setting CVar [[r.SupportSkyAtmosphere:1]]
[2020.05.26-21.35.21:320][  0]LogConfig: Setting CVar [[r.SupportSkyAtmosphereAffectsHeightFog:0]]
[2020.05.26-21.35.21:320][  0]LogConfig: Setting CVar [[r.SkinCache.CompileShaders:0]]
[2020.05.26-21.35.21:320][  0]LogConfig: Setting CVar [[r.Mobile.EnableStaticAndCSMShadowReceivers:1]]
[2020.05.26-21.35.21:320][  0]LogConfig: Setting CVar [[r.Mobile.EnableMovableLightCSMShaderCulling:1]]
[2020.05.26-21.35.21:320][  0]LogConfig: Setting CVar [[r.Mobile.AllowDistanceFieldShadows:1]]
[2020.05.26-21.35.21:320][  0]LogConfig: Setting CVar [[r.Mobile.AllowMovableDirectionalLights:1]]
[2020.05.26-21.35.21:320][  0]LogConfig: Setting CVar [[r.MobileNumDynamicPointLights:4]]
[2020.05.26-21.35.21:320][  0]LogConfig: Setting CVar [[r.MobileDynamicPointLightsUseStaticBranch:1]]
[2020.05.26-21.35.21:320][  0]LogConfig: Setting CVar [[r.Mobile.EnableMovableSpotlights:0]]
[2020.05.26-21.35.21:320][  0]LogConfig: Setting CVar [[r.SkinCache.SceneMemoryLimitInMB:128.000000]]
[2020.05.26-21.35.21:320][  0]LogConfig: Setting CVar [[r.GPUSkin.Limit2BoneInfluences:0]]
[2020.05.26-21.35.21:320][  0]LogConfig: Setting CVar [[r.SupportDepthOnlyIndexBuffers:1]]
[2020.05.26-21.35.21:320][  0]LogConfig: Setting CVar [[r.SupportReversedIndexBuffers:1]]
[2020.05.26-21.35.21:320][  0]LogConfig: Setting CVar [[r.SupportMaterialLayers:0]]
[2020.05.26-21.35.21:320][  0]LogConfig: Setting CVar [[r.LightPropagationVolume:0]]
[2020.05.26-21.35.21:320][  0]LogConfig: Applying CVar settings from Section [/Script/Engine.RendererOverrideSettings] File [C:/Users/sebaa/OneDrive/Escritorio/u/noveno semestre/Desarrollo Movil/UnrealEngine_Games/Unreal Proyect/MyProject/Saved/Config/Windows/Engine.ini]
[2020.05.26-21.35.21:320][  0]LogConfig: Applying CVar settings from Section [/Script/Engine.StreamingSettings] File [C:/Users/sebaa/OneDrive/Escritorio/u/noveno semestre/Desarrollo Movil/UnrealEngine_Games/Unreal Proyect/MyProject/Saved/Config/Windows/Engine.ini]
[2020.05.26-21.35.21:320][  0]LogConfig: Setting CVar [[s.MinBulkDataSizeForAsyncLoading:131072]]
[2020.05.26-21.35.21:320][  0]LogConfig: Setting CVar [[s.AsyncLoadingThreadEnabled:0]]
[2020.05.26-21.35.21:320][  0]LogConfig: Setting CVar [[s.EventDrivenLoaderEnabled:1]]
[2020.05.26-21.35.21:320][  0]LogConfig: Setting CVar [[s.WarnIfTimeLimitExceeded:0]]
[2020.05.26-21.35.21:320][  0]LogConfig: Setting CVar [[s.TimeLimitExceededMultiplier:1.5]]
[2020.05.26-21.35.21:320][  0]LogConfig: Setting CVar [[s.TimeLimitExceededMinTime:0.005]]
[2020.05.26-21.35.21:320][  0]LogConfig: Setting CVar [[s.UseBackgroundLevelStreaming:1]]
[2020.05.26-21.35.21:320][  0]LogConfig: Setting CVar [[s.PriorityAsyncLoadingExtraTime:15.0]]
[2020.05.26-21.35.21:320][  0]LogConfig: Setting CVar [[s.LevelStreamingActorsUpdateTimeLimit:5.0]]
[2020.05.26-21.35.21:320][  0]LogConfig: Setting CVar [[s.PriorityLevelStreamingActorsUpdateExtraTime:5.0]]
[2020.05.26-21.35.21:320][  0]LogConfig: Setting CVar [[s.LevelStreamingComponentsRegistrationGranularity:10]]
[2020.05.26-21.35.21:320][  0]LogConfig: Setting CVar [[s.UnregisterComponentsTimeLimit:1.0]]
[2020.05.26-21.35.21:320][  0]LogConfig: Setting CVar [[s.LevelStreamingComponentsUnregistrationGranularity:5]]
[2020.05.26-21.35.21:321][  0]LogConfig: Setting CVar [[s.FlushStreamingOnExit:1]]
[2020.05.26-21.35.21:321][  0]LogConfig: Applying CVar settings from Section [/Script/Engine.GarbageCollectionSettings] File [C:/Users/sebaa/OneDrive/Escritorio/u/noveno semestre/Desarrollo Movil/UnrealEngine_Games/Unreal Proyect/MyProject/Saved/Config/Windows/Engine.ini]
[2020.05.26-21.35.21:321][  0]LogConfig: Setting CVar [[gc.MaxObjectsNotConsideredByGC:1]]
[2020.05.26-21.35.21:321][  0]LogConfig: Setting CVar [[gc.SizeOfPermanentObjectPool:0]]
[2020.05.26-21.35.21:321][  0]LogConfig: Setting CVar [[gc.FlushStreamingOnGC:0]]
[2020.05.26-21.35.21:321][  0]LogConfig: Setting CVar [[gc.NumRetriesBeforeForcingGC:10]]
[2020.05.26-21.35.21:321][  0]LogConfig: Setting CVar [[gc.AllowParallelGC:1]]
[2020.05.26-21.35.21:321][  0]LogConfig: Setting CVar [[gc.TimeBetweenPurgingPendingKillObjects:61.1]]
[2020.05.26-21.35.21:321][  0]LogConfig: Setting CVar [[gc.MaxObjectsInEditor:25165824]]
[2020.05.26-21.35.21:321][  0]LogConfig: Setting CVar [[gc.IncrementalBeginDestroyEnabled:1]]
[2020.05.26-21.35.21:321][  0]LogConfig: Setting CVar [[gc.CreateGCClusters:1]]
[2020.05.26-21.35.21:321][  0]LogConfig: Setting CVar [[gc.MinGCClusterSize:5]]
[2020.05.26-21.35.21:321][  0]LogConfig: Setting CVar [[gc.ActorClusteringEnabled:0]]
[2020.05.26-21.35.21:321][  0]LogConfig: Setting CVar [[gc.BlueprintClusteringEnabled:0]]
[2020.05.26-21.35.21:321][  0]LogConfig: Setting CVar [[gc.UseDisregardForGCOnDedicatedServers:0]]
[2020.05.26-21.35.21:321][  0]LogConfig: Applying CVar settings from Section [/Script/Engine.NetworkSettings] File [C:/Users/sebaa/OneDrive/Escritorio/u/noveno semestre/Desarrollo Movil/UnrealEngine_Games/Unreal Proyect/MyProject/Saved/Config/Windows/Engine.ini]
[2020.05.26-21.35.21:321][  0]LogConfig: Applying CVar settings from Section [/Script/UnrealEd.CookerSettings] File [C:/Users/sebaa/OneDrive/Escritorio/u/noveno semestre/Desarrollo Movil/UnrealEngine_Games/Unreal Proyect/MyProject/Saved/Config/Windows/Engine.ini]
[2020.05.26-21.35.21:333][  0]LogConfig: Applying CVar settings from Section [ViewDistanceQuality@3] File [C:/Users/sebaa/OneDrive/Escritorio/u/noveno semestre/Desarrollo Movil/UnrealEngine_Games/Unreal Proyect/MyProject/Saved/Config/Windows/Scalability.ini]
[2020.05.26-21.35.21:334][  0]LogConfig: Setting CVar [[r.SkeletalMeshLODBias:0]]
[2020.05.26-21.35.21:334][  0]LogConfig: Setting CVar [[r.ViewDistanceScale:1.0]]
[2020.05.26-21.35.21:334][  0]LogConfig: Applying CVar settings from Section [AntiAliasingQuality@3] File [C:/Users/sebaa/OneDrive/Escritorio/u/noveno semestre/Desarrollo Movil/UnrealEngine_Games/Unreal Proyect/MyProject/Saved/Config/Windows/Scalability.ini]
[2020.05.26-21.35.21:334][  0]LogConfig: Setting CVar [[r.PostProcessAAQuality:4]]
[2020.05.26-21.35.21:334][  0]LogConfig: Applying CVar settings from Section [ShadowQuality@3] File [C:/Users/sebaa/OneDrive/Escritorio/u/noveno semestre/Desarrollo Movil/UnrealEngine_Games/Unreal Proyect/MyProject/Saved/Config/Windows/Scalability.ini]
[2020.05.26-21.35.21:334][  0]LogConfig: Setting CVar [[r.LightFunctionQuality:1]]
[2020.05.26-21.35.21:334][  0]LogConfig: Setting CVar [[r.ShadowQuality:5]]
[2020.05.26-21.35.21:334][  0]LogConfig: Setting CVar [[r.Shadow.CSM.MaxCascades:10]]
[2020.05.26-21.35.21:334][  0]LogConfig: Setting CVar [[r.Shadow.MaxResolution:2048]]
[2020.05.26-21.35.21:334][  0]LogConfig: Setting CVar [[r.Shadow.MaxCSMResolution:2048]]
[2020.05.26-21.35.21:334][  0]LogConfig: Setting CVar [[r.Shadow.RadiusThreshold:0.01]]
[2020.05.26-21.35.21:334][  0]LogConfig: Setting CVar [[r.Shadow.DistanceScale:1.0]]
[2020.05.26-21.35.21:334][  0]LogConfig: Setting CVar [[r.Shadow.CSM.TransitionScale:1.0]]
[2020.05.26-21.35.21:334][  0]LogConfig: Setting CVar [[r.Shadow.PreShadowResolutionFactor:1.0]]
[2020.05.26-21.35.21:334][  0]LogConfig: Setting CVar [[r.DistanceFieldShadowing:1]]
[2020.05.26-21.35.21:334][  0]LogConfig: Setting CVar [[r.DistanceFieldAO:1]]
[2020.05.26-21.35.21:334][  0]LogConfig: Setting CVar [[r.AOQuality:2]]
[2020.05.26-21.35.21:334][  0]LogConfig: Setting CVar [[r.VolumetricFog:1]]
[2020.05.26-21.35.21:334][  0]LogConfig: Setting CVar [[r.VolumetricFog.GridPixelSize:8]]
[2020.05.26-21.35.21:334][  0]LogConfig: Setting CVar [[r.VolumetricFog.GridSizeZ:128]]
[2020.05.26-21.35.21:334][  0]LogConfig: Setting CVar [[r.VolumetricFog.HistoryMissSupersampleCount:4]]
[2020.05.26-21.35.21:334][  0]LogConfig: Setting CVar [[r.LightMaxDrawDistanceScale:1]]
[2020.05.26-21.35.21:334][  0]LogConfig: Setting CVar [[r.CapsuleShadows:1]]
[2020.05.26-21.35.21:334][  0]LogConfig: Applying CVar settings from Section [PostProcessQuality@3] File [C:/Users/sebaa/OneDrive/Escritorio/u/noveno semestre/Desarrollo Movil/UnrealEngine_Games/Unreal Proyect/MyProject/Saved/Config/Windows/Scalability.ini]
[2020.05.26-21.35.21:334][  0]LogConfig: Setting CVar [[r.MotionBlurQuality:4]]
[2020.05.26-21.35.21:334][  0]LogConfig: Setting CVar [[r.AmbientOcclusionMipLevelFactor:0.4]]
[2020.05.26-21.35.21:334][  0]LogConfig: Setting CVar [[r.AmbientOcclusionMaxQuality:100]]
[2020.05.26-21.35.21:334][  0]LogConfig: Setting CVar [[r.AmbientOcclusionLevels:-1]]
[2020.05.26-21.35.21:334][  0]LogConfig: Setting CVar [[r.AmbientOcclusionRadiusScale:1.0]]
[2020.05.26-21.35.21:334][  0]LogConfig: Setting CVar [[r.DepthOfFieldQuality:2]]
[2020.05.26-21.35.21:334][  0]LogConfig: Setting CVar [[r.RenderTargetPoolMin:400]]
[2020.05.26-21.35.21:334][  0]LogConfig: Setting CVar [[r.LensFlareQuality:2]]
[2020.05.26-21.35.21:334][  0]LogConfig: Setting CVar [[r.SceneColorFringeQuality:1]]
[2020.05.26-21.35.21:334][  0]LogConfig: Setting CVar [[r.EyeAdaptationQuality:2]]
[2020.05.26-21.35.21:334][  0]LogConfig: Setting CVar [[r.BloomQuality:5]]
[2020.05.26-21.35.21:334][  0]LogConfig: Setting CVar [[r.FastBlurThreshold:100]]
[2020.05.26-21.35.21:335][  0]LogConfig: Setting CVar [[r.Upscale.Quality:3]]
[2020.05.26-21.35.21:335][  0]LogConfig: Setting CVar [[r.Tonemapper.GrainQuantization:1]]
[2020.05.26-21.35.21:335][  0]LogConfig: Setting CVar [[r.LightShaftQuality:1]]
[2020.05.26-21.35.21:335][  0]LogConfig: Setting CVar [[r.Filter.SizeScale:1]]
[2020.05.26-21.35.21:335][  0]LogConfig: Setting CVar [[r.Tonemapper.Quality:5]]
[2020.05.26-21.35.21:335][  0]LogConfig: Setting CVar [[r.DOF.Gather.AccumulatorQuality:1        ; higher gathering accumulator quality]]
[2020.05.26-21.35.21:335][  0]LogConfig: Setting CVar [[r.DOF.Gather.PostfilterMethod:1          ; Median3x3 postfilering method]]
[2020.05.26-21.35.21:335][  0]LogConfig: Setting CVar [[r.DOF.Gather.EnableBokehSettings:0       ; no bokeh simulation when gathering]]
[2020.05.26-21.35.21:335][  0]LogConfig: Setting CVar [[r.DOF.Gather.RingCount:4                 ; medium number of samples when gathering]]
[2020.05.26-21.35.21:335][  0]LogConfig: Setting CVar [[r.DOF.Scatter.ForegroundCompositing:1    ; additive foreground scattering]]
[2020.05.26-21.35.21:335][  0]LogConfig: Setting CVar [[r.DOF.Scatter.BackgroundCompositing:2    ; additive background scattering]]
[2020.05.26-21.35.21:335][  0]LogConfig: Setting CVar [[r.DOF.Scatter.EnableBokehSettings:1      ; bokeh simulation when scattering]]
[2020.05.26-21.35.21:335][  0]LogConfig: Setting CVar [[r.DOF.Scatter.MaxSpriteRatio:0.1         ; only a maximum of 10% of scattered bokeh]]
[2020.05.26-21.35.21:335][  0]LogConfig: Setting CVar [[r.DOF.Recombine.Quality:1                ; cheap slight out of focus]]
[2020.05.26-21.35.21:335][  0]LogConfig: Setting CVar [[r.DOF.Recombine.EnableBokehSettings:0    ; no bokeh simulation on slight out of focus]]
[2020.05.26-21.35.21:335][  0]LogConfig: Setting CVar [[r.DOF.TemporalAAQuality:1                ; more stable temporal accumulation]]
[2020.05.26-21.35.21:335][  0]LogConfig: Setting CVar [[r.DOF.Kernel.MaxForegroundRadius:0.025]]
[2020.05.26-21.35.21:335][  0]LogConfig: Setting CVar [[r.DOF.Kernel.MaxBackgroundRadius:0.025]]
[2020.05.26-21.35.21:335][  0]LogConfig: Applying CVar settings from Section [TextureQuality@3] File [C:/Users/sebaa/OneDrive/Escritorio/u/noveno semestre/Desarrollo Movil/UnrealEngine_Games/Unreal Proyect/MyProject/Saved/Config/Windows/Scalability.ini]
[2020.05.26-21.35.21:335][  0]LogConfig: Setting CVar [[r.Streaming.MipBias:0]]
[2020.05.26-21.35.21:335][  0]LogConfig: Setting CVar [[r.Streaming.AmortizeCPUToGPUCopy:0]]
[2020.05.26-21.35.21:335][  0]LogConfig: Setting CVar [[r.Streaming.MaxNumTexturesToStreamPerFrame:0]]
[2020.05.26-21.35.21:335][  0]LogConfig: Setting CVar [[r.Streaming.Boost:1]]
[2020.05.26-21.35.21:335][  0]LogConfig: Setting CVar [[r.MaxAnisotropy:8]]
[2020.05.26-21.35.21:335][  0]LogConfig: Setting CVar [[r.VT.MaxAnisotropy:8]]
[2020.05.26-21.35.21:335][  0]LogConfig: Setting CVar [[r.Streaming.LimitPoolSizeToVRAM:0]]
[2020.05.26-21.35.21:335][  0]LogConfig: Setting CVar [[r.Streaming.PoolSize:1000]]
[2020.05.26-21.35.21:335][  0]LogConfig: Setting CVar [[r.Streaming.MaxEffectiveScreenSize:0]]
[2020.05.26-21.35.21:335][  0]LogConfig: Applying CVar settings from Section [EffectsQuality@3] File [C:/Users/sebaa/OneDrive/Escritorio/u/noveno semestre/Desarrollo Movil/UnrealEngine_Games/Unreal Proyect/MyProject/Saved/Config/Windows/Scalability.ini]
[2020.05.26-21.35.21:336][  0]LogConfig: Setting CVar [[r.TranslucencyLightingVolumeDim:64]]
[2020.05.26-21.35.21:336][  0]LogConfig: Setting CVar [[r.RefractionQuality:2]]
[2020.05.26-21.35.21:336][  0]LogConfig: Setting CVar [[r.SSR.Quality:3]]
[2020.05.26-21.35.21:336][  0]LogConfig: Setting CVar [[r.SSR.HalfResSceneColor:0]]
[2020.05.26-21.35.21:336][  0]LogConfig: Setting CVar [[r.SceneColorFormat:4]]
[2020.05.26-21.35.21:336][  0]LogConfig: Setting CVar [[r.DetailMode:2]]
[2020.05.26-21.35.21:336][  0]LogConfig: Setting CVar [[r.TranslucencyVolumeBlur:1]]
[2020.05.26-21.35.21:336][  0]LogConfig: Setting CVar [[r.MaterialQualityLevel:1 ; High quality]]
[2020.05.26-21.35.21:336][  0]LogConfig: Setting CVar [[r.SSS.Scale:1]]
[2020.05.26-21.35.21:336][  0]LogConfig: Setting CVar [[r.SSS.SampleSet:2]]
[2020.05.26-21.35.21:336][  0]LogConfig: Setting CVar [[r.SSS.Quality:1]]
[2020.05.26-21.35.21:336][  0]LogConfig: Setting CVar [[r.SSS.HalfRes:1]]
[2020.05.26-21.35.21:336][  0]LogConfig: Setting CVar [[r.SSGI.Quality:3]]
[2020.05.26-21.35.21:336][  0]LogConfig: Setting CVar [[r.EmitterSpawnRateScale:1.0]]
[2020.05.26-21.35.21:336][  0]LogConfig: Setting CVar [[r.ParticleLightQuality:2]]
[2020.05.26-21.35.21:336][  0]LogConfig: Setting CVar [[r.SkyAtmosphere.AerialPerspectiveLUT.FastApplyOnOpaque:1 ; Always have FastSkyLUT 1 in this case to avoid wrong sky]]
[2020.05.26-21.35.21:336][  0]LogConfig: Setting CVar [[r.SkyAtmosphere.AerialPerspectiveLUT.SampleCountPerSlice:1]]
[2020.05.26-21.35.21:337][  0]LogConfig: Setting CVar [[r.SkyAtmosphere.AerialPerspectiveLUT.DepthResolution:16.0]]
[2020.05.26-21.35.21:337][  0]LogConfig: Setting CVar [[r.SkyAtmosphere.FastSkyLUT:1]]
[2020.05.26-21.35.21:337][  0]LogConfig: Setting CVar [[r.SkyAtmosphere.FastSkyLUT.SampleCountMin:4.0]]
[2020.05.26-21.35.21:337][  0]LogConfig: Setting CVar [[r.SkyAtmosphere.FastSkyLUT.SampleCountMax:32.0]]
[2020.05.26-21.35.21:337][  0]LogConfig: Setting CVar [[r.SkyAtmosphere.SampleCountMin:4.0]]
[2020.05.26-21.35.21:337][  0]LogConfig: Setting CVar [[r.SkyAtmosphere.SampleCountMax:32.0]]
[2020.05.26-21.35.21:337][  0]LogConfig: Setting CVar [[r.SkyAtmosphere.TransmittanceLUT.UseSmallFormat:0]]
[2020.05.26-21.35.21:337][  0]LogConfig: Setting CVar [[r.SkyAtmosphere.TransmittanceLUT.SampleCount:10.0]]
[2020.05.26-21.35.21:337][  0]LogConfig: Setting CVar [[r.SkyAtmosphere.MultiScatteringLUT.SampleCount:15.0]]
[2020.05.26-21.35.21:337][  0]LogConfig: Applying CVar settings from Section [FoliageQuality@3] File [C:/Users/sebaa/OneDrive/Escritorio/u/noveno semestre/Desarrollo Movil/UnrealEngine_Games/Unreal Proyect/MyProject/Saved/Config/Windows/Scalability.ini]
[2020.05.26-21.35.21:337][  0]LogConfig: Setting CVar [[foliage.DensityScale:1.0]]
[2020.05.26-21.35.21:337][  0]LogConfig: Setting CVar [[grass.DensityScale:1.0]]
[2020.05.26-21.35.21:337][  0]LogConfig: Applying CVar settings from Section [ShadingQuality@3] File [C:/Users/sebaa/OneDrive/Escritorio/u/noveno semestre/Desarrollo Movil/UnrealEngine_Games/Unreal Proyect/MyProject/Saved/Config/Windows/Scalability.ini]
[2020.05.26-21.35.21:337][  0]LogConfig: Setting CVar [[r.HairStrands.SkyLighting.SampleCount:16]]
[2020.05.26-21.35.21:337][  0]LogConfig: Setting CVar [[r.HairStrands.SkyLighting.JitterIntegration:0]]
[2020.05.26-21.35.21:337][  0]LogConfig: Setting CVar [[r.HairStrands.SkyAO.SampleCount:16]]
[2020.05.26-21.35.21:337][  0]LogInit: Selected Device Profile: [Windows]
[2020.05.26-21.35.21:337][  0]LogInit: Applying CVar settings loaded from the selected device profile: [Windows]
[2020.05.26-21.35.21:366][  0]LogHAL: Display: Platform has ~ 11 GB [11721711616 / 17179869184 / 11], which maps to Default [LargestMinGB=32, LargerMinGB=12, DefaultMinGB=8, SmallerMinGB=6, SmallestMinGB=0)
[2020.05.26-21.35.21:366][  0]LogInit: Going up to parent DeviceProfile []
[2020.05.26-21.35.21:366][  0]LogConfig: Applying CVar settings from Section [ViewDistanceQuality@3] File [C:/Users/sebaa/OneDrive/Escritorio/u/noveno semestre/Desarrollo Movil/UnrealEngine_Games/Unreal Proyect/MyProject/Saved/Config/Windows/Scalability.ini]
[2020.05.26-21.35.21:366][  0]LogConfig: Setting CVar [[r.SkeletalMeshLODBias:0]]
[2020.05.26-21.35.21:366][  0]LogConfig: Setting CVar [[r.ViewDistanceScale:1.0]]
[2020.05.26-21.35.21:366][  0]LogConfig: Applying CVar settings from Section [AntiAliasingQuality@3] File [C:/Users/sebaa/OneDrive/Escritorio/u/noveno semestre/Desarrollo Movil/UnrealEngine_Games/Unreal Proyect/MyProject/Saved/Config/Windows/Scalability.ini]
[2020.05.26-21.35.21:366][  0]LogConfig: Setting CVar [[r.PostProcessAAQuality:4]]
[2020.05.26-21.35.21:366][  0]LogConfig: Applying CVar settings from Section [ShadowQuality@3] File [C:/Users/sebaa/OneDrive/Escritorio/u/noveno semestre/Desarrollo Movil/UnrealEngine_Games/Unreal Proyect/MyProject/Saved/Config/Windows/Scalability.ini]
[2020.05.26-21.35.21:366][  0]LogConfig: Setting CVar [[r.LightFunctionQuality:1]]
[2020.05.26-21.35.21:366][  0]LogConfig: Setting CVar [[r.ShadowQuality:5]]
[2020.05.26-21.35.21:366][  0]LogConfig: Setting CVar [[r.Shadow.CSM.MaxCascades:10]]
[2020.05.26-21.35.21:366][  0]LogConfig: Setting CVar [[r.Shadow.MaxResolution:2048]]
[2020.05.26-21.35.21:366][  0]LogConfig: Setting CVar [[r.Shadow.MaxCSMResolution:2048]]
[2020.05.26-21.35.21:366][  0]LogConfig: Setting CVar [[r.Shadow.RadiusThreshold:0.01]]
[2020.05.26-21.35.21:366][  0]LogConfig: Setting CVar [[r.Shadow.DistanceScale:1.0]]
[2020.05.26-21.35.21:366][  0]LogConfig: Setting CVar [[r.Shadow.CSM.TransitionScale:1.0]]
[2020.05.26-21.35.21:366][  0]LogConfig: Setting CVar [[r.Shadow.PreShadowResolutionFactor:1.0]]
[2020.05.26-21.35.21:366][  0]LogConfig: Setting CVar [[r.DistanceFieldShadowing:1]]
[2020.05.26-21.35.21:366][  0]LogConfig: Setting CVar [[r.DistanceFieldAO:1]]
[2020.05.26-21.35.21:366][  0]LogConfig: Setting CVar [[r.AOQuality:2]]
[2020.05.26-21.35.21:366][  0]LogConfig: Setting CVar [[r.VolumetricFog:1]]
[2020.05.26-21.35.21:366][  0]LogConfig: Setting CVar [[r.VolumetricFog.GridPixelSize:8]]
[2020.05.26-21.35.21:367][  0]LogConfig: Setting CVar [[r.VolumetricFog.GridSizeZ:128]]
[2020.05.26-21.35.21:367][  0]LogConfig: Setting CVar [[r.VolumetricFog.HistoryMissSupersampleCount:4]]
[2020.05.26-21.35.21:367][  0]LogConfig: Setting CVar [[r.LightMaxDrawDistanceScale:1]]
[2020.05.26-21.35.21:367][  0]LogConfig: Setting CVar [[r.CapsuleShadows:1]]
[2020.05.26-21.35.21:367][  0]LogConfig: Applying CVar settings from Section [PostProcessQuality@3] File [C:/Users/sebaa/OneDrive/Escritorio/u/noveno semestre/Desarrollo Movil/UnrealEngine_Games/Unreal Proyect/MyProject/Saved/Config/Windows/Scalability.ini]
[2020.05.26-21.35.21:367][  0]LogConfig: Setting CVar [[r.MotionBlurQuality:4]]
[2020.05.26-21.35.21:367][  0]LogConfig: Setting CVar [[r.AmbientOcclusionMipLevelFactor:0.4]]
[2020.05.26-21.35.21:367][  0]LogConfig: Setting CVar [[r.AmbientOcclusionMaxQuality:100]]
[2020.05.26-21.35.21:367][  0]LogConfig: Setting CVar [[r.AmbientOcclusionLevels:-1]]
[2020.05.26-21.35.21:367][  0]LogConfig: Setting CVar [[r.AmbientOcclusionRadiusScale:1.0]]
[2020.05.26-21.35.21:367][  0]LogConfig: Setting CVar [[r.DepthOfFieldQuality:2]]
[2020.05.26-21.35.21:367][  0]LogConfig: Setting CVar [[r.RenderTargetPoolMin:400]]
[2020.05.26-21.35.21:367][  0]LogConfig: Setting CVar [[r.LensFlareQuality:2]]
[2020.05.26-21.35.21:367][  0]LogConfig: Setting CVar [[r.SceneColorFringeQuality:1]]
[2020.05.26-21.35.21:367][  0]LogConfig: Setting CVar [[r.EyeAdaptationQuality:2]]
[2020.05.26-21.35.21:367][  0]LogConfig: Setting CVar [[r.BloomQuality:5]]
[2020.05.26-21.35.21:367][  0]LogConfig: Setting CVar [[r.FastBlurThreshold:100]]
[2020.05.26-21.35.21:367][  0]LogConfig: Setting CVar [[r.Upscale.Quality:3]]
[2020.05.26-21.35.21:367][  0]LogConfig: Setting CVar [[r.Tonemapper.GrainQuantization:1]]
[2020.05.26-21.35.21:367][  0]LogConfig: Setting CVar [[r.LightShaftQuality:1]]
[2020.05.26-21.35.21:367][  0]LogConfig: Setting CVar [[r.Filter.SizeScale:1]]
[2020.05.26-21.35.21:367][  0]LogConfig: Setting CVar [[r.Tonemapper.Quality:5]]
[2020.05.26-21.35.21:368][  0]LogConfig: Setting CVar [[r.DOF.Gather.AccumulatorQuality:1        ; higher gathering accumulator quality]]
[2020.05.26-21.35.21:368][  0]LogConfig: Setting CVar [[r.DOF.Gather.PostfilterMethod:1          ; Median3x3 postfilering method]]
[2020.05.26-21.35.21:368][  0]LogConfig: Setting CVar [[r.DOF.Gather.EnableBokehSettings:0       ; no bokeh simulation when gathering]]
[2020.05.26-21.35.21:368][  0]LogConfig: Setting CVar [[r.DOF.Gather.RingCount:4                 ; medium number of samples when gathering]]
[2020.05.26-21.35.21:368][  0]LogConfig: Setting CVar [[r.DOF.Scatter.ForegroundCompositing:1    ; additive foreground scattering]]
[2020.05.26-21.35.21:368][  0]LogConfig: Setting CVar [[r.DOF.Scatter.BackgroundCompositing:2    ; additive background scattering]]
[2020.05.26-21.35.21:368][  0]LogConfig: Setting CVar [[r.DOF.Scatter.EnableBokehSettings:1      ; bokeh simulation when scattering]]
[2020.05.26-21.35.21:368][  0]LogConfig: Setting CVar [[r.DOF.Scatter.MaxSpriteRatio:0.1         ; only a maximum of 10% of scattered bokeh]]
[2020.05.26-21.35.21:368][  0]LogConfig: Setting CVar [[r.DOF.Recombine.Quality:1                ; cheap slight out of focus]]
[2020.05.26-21.35.21:368][  0]LogConfig: Setting CVar [[r.DOF.Recombine.EnableBokehSettings:0    ; no bokeh simulation on slight out of focus]]
[2020.05.26-21.35.21:368][  0]LogConfig: Setting CVar [[r.DOF.TemporalAAQuality:1                ; more stable temporal accumulation]]
[2020.05.26-21.35.21:368][  0]LogConfig: Setting CVar [[r.DOF.Kernel.MaxForegroundRadius:0.025]]
[2020.05.26-21.35.21:368][  0]LogConfig: Setting CVar [[r.DOF.Kernel.MaxBackgroundRadius:0.025]]
[2020.05.26-21.35.21:368][  0]LogConfig: Applying CVar settings from Section [TextureQuality@3] File [C:/Users/sebaa/OneDrive/Escritorio/u/noveno semestre/Desarrollo Movil/UnrealEngine_Games/Unreal Proyect/MyProject/Saved/Config/Windows/Scalability.ini]
[2020.05.26-21.35.21:368][  0]LogConfig: Setting CVar [[r.Streaming.MipBias:0]]
[2020.05.26-21.35.21:368][  0]LogConfig: Setting CVar [[r.Streaming.AmortizeCPUToGPUCopy:0]]
[2020.05.26-21.35.21:368][  0]LogConfig: Setting CVar [[r.Streaming.MaxNumTexturesToStreamPerFrame:0]]
[2020.05.26-21.35.21:368][  0]LogConfig: Setting CVar [[r.Streaming.Boost:1]]
[2020.05.26-21.35.21:368][  0]LogConfig: Setting CVar [[r.MaxAnisotropy:8]]
[2020.05.26-21.35.21:368][  0]LogConfig: Setting CVar [[r.VT.MaxAnisotropy:8]]
[2020.05.26-21.35.21:368][  0]LogConfig: Setting CVar [[r.Streaming.LimitPoolSizeToVRAM:0]]
[2020.05.26-21.35.21:368][  0]LogConfig: Setting CVar [[r.Streaming.PoolSize:1000]]
[2020.05.26-21.35.21:368][  0]LogConfig: Setting CVar [[r.Streaming.MaxEffectiveScreenSize:0]]
[2020.05.26-21.35.21:368][  0]LogConfig: Applying CVar settings from Section [EffectsQuality@3] File [C:/Users/sebaa/OneDrive/Escritorio/u/noveno semestre/Desarrollo Movil/UnrealEngine_Games/Unreal Proyect/MyProject/Saved/Config/Windows/Scalability.ini]
[2020.05.26-21.35.21:368][  0]LogConfig: Setting CVar [[r.TranslucencyLightingVolumeDim:64]]
[2020.05.26-21.35.21:368][  0]LogConfig: Setting CVar [[r.RefractionQuality:2]]
[2020.05.26-21.35.21:368][  0]LogConfig: Setting CVar [[r.SSR.Quality:3]]
[2020.05.26-21.35.21:368][  0]LogConfig: Setting CVar [[r.SSR.HalfResSceneColor:0]]
[2020.05.26-21.35.21:368][  0]LogConfig: Setting CVar [[r.SceneColorFormat:4]]
[2020.05.26-21.35.21:368][  0]LogConfig: Setting CVar [[r.DetailMode:2]]
[2020.05.26-21.35.21:368][  0]LogConfig: Setting CVar [[r.TranslucencyVolumeBlur:1]]
[2020.05.26-21.35.21:368][  0]LogConfig: Setting CVar [[r.MaterialQualityLevel:1 ; High quality]]
[2020.05.26-21.35.21:368][  0]LogConfig: Setting CVar [[r.SSS.Scale:1]]
[2020.05.26-21.35.21:368][  0]LogConfig: Setting CVar [[r.SSS.SampleSet:2]]
[2020.05.26-21.35.21:368][  0]LogConfig: Setting CVar [[r.SSS.Quality:1]]
[2020.05.26-21.35.21:369][  0]LogConfig: Setting CVar [[r.SSS.HalfRes:1]]
[2020.05.26-21.35.21:369][  0]LogConfig: Setting CVar [[r.SSGI.Quality:3]]
[2020.05.26-21.35.21:369][  0]LogConfig: Setting CVar [[r.EmitterSpawnRateScale:1.0]]
[2020.05.26-21.35.21:369][  0]LogConfig: Setting CVar [[r.ParticleLightQuality:2]]
[2020.05.26-21.35.21:369][  0]LogConfig: Setting CVar [[r.SkyAtmosphere.AerialPerspectiveLUT.FastApplyOnOpaque:1 ; Always have FastSkyLUT 1 in this case to avoid wrong sky]]
[2020.05.26-21.35.21:369][  0]LogConfig: Setting CVar [[r.SkyAtmosphere.AerialPerspectiveLUT.SampleCountPerSlice:1]]
[2020.05.26-21.35.21:369][  0]LogConfig: Setting CVar [[r.SkyAtmosphere.AerialPerspectiveLUT.DepthResolution:16.0]]
[2020.05.26-21.35.21:369][  0]LogConfig: Setting CVar [[r.SkyAtmosphere.FastSkyLUT:1]]
[2020.05.26-21.35.21:369][  0]LogConfig: Setting CVar [[r.SkyAtmosphere.FastSkyLUT.SampleCountMin:4.0]]
[2020.05.26-21.35.21:369][  0]LogConfig: Setting CVar [[r.SkyAtmosphere.FastSkyLUT.SampleCountMax:32.0]]
[2020.05.26-21.35.21:369][  0]LogConfig: Setting CVar [[r.SkyAtmosphere.SampleCountMin:4.0]]
[2020.05.26-21.35.21:369][  0]LogConfig: Setting CVar [[r.SkyAtmosphere.SampleCountMax:32.0]]
[2020.05.26-21.35.21:369][  0]LogConfig: Setting CVar [[r.SkyAtmosphere.TransmittanceLUT.UseSmallFormat:0]]
[2020.05.26-21.35.21:370][  0]LogConfig: Setting CVar [[r.SkyAtmosphere.TransmittanceLUT.SampleCount:10.0]]
[2020.05.26-21.35.21:370][  0]LogConfig: Setting CVar [[r.SkyAtmosphere.MultiScatteringLUT.SampleCount:15.0]]
[2020.05.26-21.35.21:370][  0]LogConfig: Applying CVar settings from Section [FoliageQuality@3] File [C:/Users/sebaa/OneDrive/Escritorio/u/noveno semestre/Desarrollo Movil/UnrealEngine_Games/Unreal Proyect/MyProject/Saved/Config/Windows/Scalability.ini]
[2020.05.26-21.35.21:371][  0]LogConfig: Setting CVar [[foliage.DensityScale:1.0]]
[2020.05.26-21.35.21:371][  0]LogConfig: Setting CVar [[grass.DensityScale:1.0]]
[2020.05.26-21.35.21:371][  0]LogConfig: Applying CVar settings from Section [ShadingQuality@3] File [C:/Users/sebaa/OneDrive/Escritorio/u/noveno semestre/Desarrollo Movil/UnrealEngine_Games/Unreal Proyect/MyProject/Saved/Config/Windows/Scalability.ini]
[2020.05.26-21.35.21:371][  0]LogConfig: Setting CVar [[r.HairStrands.SkyLighting.SampleCount:16]]
[2020.05.26-21.35.21:371][  0]LogConfig: Setting CVar [[r.HairStrands.SkyLighting.JitterIntegration:0]]
[2020.05.26-21.35.21:371][  0]LogConfig: Setting CVar [[r.HairStrands.SkyAO.SampleCount:16]]
[2020.05.26-21.35.21:371][  0]LogConfig: Applying CVar settings from Section [Startup] File [../../../Engine/Config/ConsoleVariables.ini]
[2020.05.26-21.35.21:391][  0]LogConfig: Setting CVar [[net.UseAdaptiveNetUpdateFrequency:0]]
[2020.05.26-21.35.21:391][  0]LogConfig: Setting CVar [[p.chaos.AllowCreatePhysxBodies:1]]
[2020.05.26-21.35.21:391][  0]LogConfig: Applying CVar settings from Section [ConsoleVariables] File [C:/Users/sebaa/OneDrive/Escritorio/u/noveno semestre/Desarrollo Movil/UnrealEngine_Games/Unreal Proyect/MyProject/Saved/Config/Windows/Engine.ini]
[2020.05.26-21.35.21:392][  0]LogInit: Computer: LAPTOP-5KUAO17B
[2020.05.26-21.35.21:392][  0]LogInit: User: sebaa
[2020.05.26-21.35.21:392][  0]LogInit: CPU Page size=4096, Cores=4
[2020.05.26-21.35.21:392][  0]LogInit: High frequency timer resolution =10.000000 MHz
[2020.05.26-21.35.21:392][  0]LogMemory: Memory total: Physical=10.9GB (11GB approx)
[2020.05.26-21.35.21:392][  0]LogMemory: Platform Memory Stats for Windows
[2020.05.26-21.35.21:393][  0]LogMemory: Process Physical Memory: 105.31 MB used, 105.32 MB peak
[2020.05.26-21.35.21:393][  0]LogMemory: Process Virtual Memory: 100.56 MB used, 100.56 MB peak
[2020.05.26-21.35.21:393][  0]LogMemory: Physical Memory: 5677.16 MB used,  5501.54 MB free, 11178.70 MB total
[2020.05.26-21.35.21:393][  0]LogMemory: Virtual Memory: 5137.54 MB used,  134212592.00 MB free, 134217728.00 MB total
[2020.05.26-21.35.21:404][  0]LogWindows: WindowsPlatformFeatures enabled
[2020.05.26-21.35.21:835][  0]LogInit: Using OS detected language (es-MX).
[2020.05.26-21.35.21:836][  0]LogInit: Using OS detected locale (es-CL).
[2020.05.26-21.35.21:839][  0]LogTextLocalizationResource: LocRes '../../../Engine/Content/Localization/Editor/es-MX/Editor.locres' could not be opened for reading!
[2020.05.26-21.35.21:840][  0]LogTextLocalizationResource: LocRes '../../../Engine/Content/Localization/EditorTutorials/es-MX/EditorTutorials.locres' could not be opened for reading!
[2020.05.26-21.35.21:840][  0]LogTextLocalizationResource: LocRes '../../../Engine/Content/Localization/Keywords/es-MX/Keywords.locres' could not be opened for reading!
[2020.05.26-21.35.21:840][  0]LogTextLocalizationResource: LocRes '../../../Engine/Content/Localization/Category/es-MX/Category.locres' could not be opened for reading!
[2020.05.26-21.35.21:841][  0]LogTextLocalizationResource: LocRes '../../../Engine/Content/Localization/ToolTips/es-MX/ToolTips.locres' could not be opened for reading!
[2020.05.26-21.35.21:841][  0]LogTextLocalizationResource: LocRes '../../../Engine/Content/Localization/PropertyNames/es-MX/PropertyNames.locres' could not be opened for reading!
[2020.05.26-21.35.21:841][  0]LogTextLocalizationResource: LocRes '../../../Engine/Content/Localization/Engine/es-MX/Engine.locres' could not be opened for reading!
[2020.05.26-21.35.21:841][  0]LogTextLocalizationResource: LocRes '../../../Engine/Plugins/Online/Android/OnlineSubsystemGooglePlay/Content/Localization/OnlineSubsystemGooglePlay/es-MX/OnlineSubsystemGooglePlay.locres' could not be opened for reading!
[2020.05.26-21.35.21:842][  0]LogTextLocalizationResource: LocRes '../../../Engine/Plugins/Online/IOS/OnlineSubsystemIOS/Content/Localization/OnlineSubsystemIOS/es-MX/OnlineSubsystemIOS.locres' could not be opened for reading!
[2020.05.26-21.35.21:858][  0]LogTextLocalizationResource: LocRes '../../../Engine/Plugins/Online/OnlineSubsystemUtils/Content/Localization/OnlineSubsystemUtils/es-MX/OnlineSubsystemUtils.locres' could not be opened for reading!
[2020.05.26-21.35.22:230][  0]LogInit: Setting process to per monitor DPI aware
[2020.05.26-21.35.22:494][  0]LogSlate: New Slate User Created.  User Index 0, Is Virtual User: 0
[2020.05.26-21.35.22:494][  0]LogSlate: Slate User Registered.  User Index 0, Is Virtual User: 0
[2020.05.26-21.35.34:672][  0]LogHMD: Failed to initialize OpenVR with code 110
[2020.05.26-21.35.34:672][  0]LogD3D11RHI: D3D11 min allowed feature level: 11_0
[2020.05.26-21.35.34:673][  0]LogD3D11RHI: D3D11 max allowed feature level: 11_0
[2020.05.26-21.35.34:673][  0]LogD3D11RHI: D3D11 adapters:
[2020.05.26-21.35.34:737][  0]LogD3D11RHI:    0. 'AMD Radeon(TM) Vega 8 Graphics' (Feature Level 11_0)
[2020.05.26-21.35.34:737][  0]LogD3D11RHI:       1009/0/5589 MB DedicatedVideo/DedicatedSystem/SharedSystem, Outputs:2, VendorId:0x1002
[2020.05.26-21.35.34:746][  0]LogD3D11RHI:    1. 'Microsoft Basic Render Driver' (Feature Level 11_0)
[2020.05.26-21.35.34:746][  0]LogD3D11RHI:       0/0/5589 MB DedicatedVideo/DedicatedSystem/SharedSystem, Outputs:0, VendorId:0x1414
[2020.05.26-21.35.34:746][  0]LogD3D11RHI: Chosen D3D11 Adapter: 0
[2020.05.26-21.35.34:772][  0]LogD3D11RHI: Creating new Direct3DDevice
[2020.05.26-21.35.34:772][  0]LogD3D11RHI:     GPU DeviceId: 0x15dd (for the marketing name, search the web for "GPU Device Id")
[2020.05.26-21.35.34:773][  0]LogWindows: EnumDisplayDevices:
[2020.05.26-21.35.34:773][  0]LogWindows:    0. 'AMD Radeon(TM) Vega 8 Graphics' (P:0 D:1)
[2020.05.26-21.35.34:774][  0]LogWindows:    1. 'AMD Radeon(TM) Vega 8 Graphics' (P:1 D:1)
[2020.05.26-21.35.34:775][  0]LogWindows: DebugString: FoundDriverCount:2 
[2020.05.26-21.35.34:775][  0]LogD3D11RHI:     Adapter Name: AMD Radeon(TM) Vega 8 Graphics
[2020.05.26-21.35.34:775][  0]LogD3D11RHI:   Driver Version: Crimson ReLive 17.7 (internal:23.20.826.9472, unified:23.20.826.9472)
[2020.05.26-21.35.34:775][  0]LogD3D11RHI:      Driver Date: 3-8-2019
[2020.05.26-21.35.34:775][  0]LogRHI: Texture pool is 706 MB (70% of 1009 MB)
[2020.05.26-21.35.34:860][  0]LogD3D11RHI: RHI does not have support for 64 bit atomics
[2020.05.26-21.35.34:860][  0]LogD3D11RHI: Async texture creation enabled
[2020.05.26-21.35.34:885][  0]LogD3D11RHI: GPU Timing Frequency: 25.000000 (Debug: 2 1)
[2020.05.26-21.35.36:021][  0]LogTargetPlatformManager: Display: Loaded TargetPlatform 'AllDesktop'
[2020.05.26-21.35.36:163][  0]LogTargetPlatformManager: Display: Loaded TargetPlatform 'Android'
[2020.05.26-21.35.36:163][  0]LogTargetPlatformManager: Display: Loaded TargetPlatform 'Android_ASTC'
[2020.05.26-21.35.36:163][  0]LogTargetPlatformManager: Display: Loaded TargetPlatform 'Android_ATC'
[2020.05.26-21.35.36:163][  0]LogTargetPlatformManager: Display: Loaded TargetPlatform 'Android_DXT'
[2020.05.26-21.35.36:163][  0]LogTargetPlatformManager: Display: Loaded TargetPlatform 'Android_ETC1'
[2020.05.26-21.35.36:163][  0]LogTargetPlatformManager: Display: Loaded TargetPlatform 'Android_ETC1a'
[2020.05.26-21.35.36:163][  0]LogTargetPlatformManager: Display: Loaded TargetPlatform 'Android_ETC2'
[2020.05.26-21.35.36:163][  0]LogTargetPlatformManager: Display: Loaded TargetPlatform 'Android_PVRTC'
[2020.05.26-21.35.36:163][  0]LogTargetPlatformManager: Display: Loaded TargetPlatform 'AndroidClient'
[2020.05.26-21.35.36:163][  0]LogTargetPlatformManager: Display: Loaded TargetPlatform 'Android_ASTCClient'
[2020.05.26-21.35.36:163][  0]LogTargetPlatformManager: Display: Loaded TargetPlatform 'Android_ATCClient'
[2020.05.26-21.35.36:163][  0]LogTargetPlatformManager: Display: Loaded TargetPlatform 'Android_DXTClient'
[2020.05.26-21.35.36:163][  0]LogTargetPlatformManager: Display: Loaded TargetPlatform 'Android_ETC1Client'
[2020.05.26-21.35.36:163][  0]LogTargetPlatformManager: Display: Loaded TargetPlatform 'Android_ETC1aClient'
[2020.05.26-21.35.36:163][  0]LogTargetPlatformManager: Display: Loaded TargetPlatform 'Android_ETC2Client'
[2020.05.26-21.35.36:163][  0]LogTargetPlatformManager: Display: Loaded TargetPlatform 'Android_PVRTCClient'
[2020.05.26-21.35.36:163][  0]LogTargetPlatformManager: Display: Loaded TargetPlatform 'Android_Multi'
[2020.05.26-21.35.36:163][  0]LogTargetPlatformManager: Display: Loaded TargetPlatform 'Android_MultiClient'
[2020.05.26-21.35.36:256][  0]LogTargetPlatformManager: Display: Loaded TargetPlatform 'IOSClient'
[2020.05.26-21.35.36:257][  0]LogTargetPlatformManager: Display: Loaded TargetPlatform 'IOS'
[2020.05.26-21.35.36:280][  0]LogTargetPlatformManager: Display: Loaded TargetPlatform 'LinuxNoEditor'
[2020.05.26-21.35.36:308][  0]LogTargetPlatformManager: Display: Loaded TargetPlatform 'LinuxClient'
[2020.05.26-21.35.36:332][  0]LogTargetPlatformManager: Display: Loaded TargetPlatform 'LinuxServer'
[2020.05.26-21.35.36:359][  0]LogTargetPlatformManager: Display: Loaded TargetPlatform 'LinuxAArch64NoEditor'
[2020.05.26-21.35.36:383][  0]LogTargetPlatformManager: Display: Loaded TargetPlatform 'LinuxAArch64Client'
[2020.05.26-21.35.36:408][  0]LogTargetPlatformManager: Display: Loaded TargetPlatform 'LinuxAArch64Server'
[2020.05.26-21.35.36:510][  0]LogTargetPlatformManager: Display: Loaded TargetPlatform 'Lumin'
[2020.05.26-21.35.36:510][  0]LogTargetPlatformManager: Display: Loaded TargetPlatform 'LuminClient'
[2020.05.26-21.35.36:556][  0]LogTargetPlatformManager: Display: Loaded TargetPlatform 'TVOSClient'
[2020.05.26-21.35.36:557][  0]LogTargetPlatformManager: Display: Loaded TargetPlatform 'TVOS'
[2020.05.26-21.35.36:581][  0]LogTargetPlatformManager: Display: Loaded TargetPlatform 'WindowsNoEditor'
[2020.05.26-21.35.36:607][  0]LogTargetPlatformManager: Display: Loaded TargetPlatform 'Windows'
[2020.05.26-21.35.36:631][  0]LogTargetPlatformManager: Display: Loaded TargetPlatform 'WindowsClient'
[2020.05.26-21.35.36:657][  0]LogTargetPlatformManager: Display: Loaded TargetPlatform 'WindowsServer'
[2020.05.26-21.35.36:657][  0]LogTargetPlatformManager: Display: Building Assets For Windows
[2020.05.26-21.35.36:815][  0]LogAudioDebug: Display: Lib vorbis DLL was dynamically loaded.
[2020.05.26-21.35.36:993][  0]LogShaderCompilers: Guid format shader working directory is -83 characters bigger than the processId version (../../../../../../Users/sebaa/OneDrive/Escritorio/u/noveno semestre/Desarrollo Movil/UnrealEngine_Games/Unreal Proyect/MyProject/Intermediate/Shaders/WorkingDirectory/11568/).
[2020.05.26-21.35.36:994][  0]LogShaderCompilers: Cleaned the shader compiler working directory 'C:/Users/sebaa/AppData/Local/Temp/UnrealShaderWorkingDir/43D70D694FCCE48E075E4987429B9371/'.
[2020.05.26-21.35.36:995][  0]LogXGEController: Cannot use XGE Controller as Incredibuild is not installed on this machine.
[2020.05.26-21.35.36:995][  0]LogShaderCompilers: Cannot use XGE Shader Compiler as Incredibuild is not installed on this machine.
[2020.05.26-21.35.36:995][  0]LogShaderCompilers: Display: Using Local Shader Compiler.
[2020.05.26-21.35.44:703][  0]LogDerivedDataCache: Display: Max Cache Size: 512 MB
[2020.05.26-21.35.44:820][  0]LogDerivedDataCache: Loaded boot cache 0.12s 78MB C:/Users/sebaa/AppData/Local/UnrealEngine/4.24/DerivedDataCache/Boot.ddc.
[2020.05.26-21.35.44:820][  0]LogDerivedDataCache: Display: Loaded Boot cache: C:/Users/sebaa/AppData/Local/UnrealEngine/4.24/DerivedDataCache/Boot.ddc
[2020.05.26-21.35.44:820][  0]LogDerivedDataCache: FDerivedDataBackendGraph:  Pak pak cache file ../../../../../../Users/sebaa/OneDrive/Escritorio/u/noveno semestre/Desarrollo Movil/UnrealEngine_Games/Unreal Proyect/MyProject/DerivedDataCache/DDC.ddp not found, will not use a pak cache.
[2020.05.26-21.35.44:820][  0]LogDerivedDataCache: Unable to find inner node Pak for hierarchical cache Hierarchy.
[2020.05.26-21.35.44:821][  0]LogDerivedDataCache: FDerivedDataBackendGraph:  CompressedPak pak cache file ../../../../../../Users/sebaa/OneDrive/Escritorio/u/noveno semestre/Desarrollo Movil/UnrealEngine_Games/Unreal Proyect/MyProject/DerivedDataCache/Compressed.ddp not found, will not use a pak cache.
[2020.05.26-21.35.44:821][  0]LogDerivedDataCache: Unable to find inner node CompressedPak for hierarchical cache Hierarchy.
[2020.05.26-21.35.44:858][  0]LogDerivedDataCache: Display: Pak cache opened for reading ../../../Engine/DerivedDataCache/Compressed.ddp.
[2020.05.26-21.35.44:858][  0]LogDerivedDataCache: FDerivedDataBackendGraph:  EnterprisePak pak cache file ../../../Enterprise/DerivedDataCache/Compressed.ddp not found, will not use a pak cache.
[2020.05.26-21.35.44:858][  0]LogDerivedDataCache: Unable to find inner node EnterprisePak for hierarchical cache Hierarchy.
[2020.05.26-21.35.44:862][  0]LogDerivedDataCache: Using Local data cache path C:/Users/sebaa/AppData/Local/UnrealEngine/Common/DerivedDataCache: Writable
[2020.05.26-21.35.44:862][  0]LogDerivedDataCache: Shared data cache path not found in *engine.ini, will not use an Shared cache.
[2020.05.26-21.35.44:862][  0]LogDerivedDataCache: Unable to find inner node Shared for hierarchical cache Hierarchy.
[2020.05.26-21.35.44:915][  0]LogMaterial: Verifying Global Shaders for PCD3D_SM5
[2020.05.26-21.35.44:920][  0]LogSlate: Using FreeType 2.10.0
[2020.05.26-21.35.44:955][  0]LogSlate: SlateFontServices - WITH_FREETYPE: 1, WITH_HARFBUZZ: 1
[2020.05.26-21.35.45:083][  0]LogAssetRegistry: FAssetRegistry took 0.0084 seconds to start up
[2020.05.26-21.35.45:863][  0]LogInit: Selected Device Profile: [Windows]
[2020.05.26-21.35.46:475][  0]LogMeshReduction: Using QuadricMeshReduction for automatic static mesh reduction
[2020.05.26-21.35.46:475][  0]LogMeshReduction: Using SimplygonMeshReduction for automatic skeletal mesh reduction
[2020.05.26-21.35.46:475][  0]LogMeshReduction: Using ProxyLODMeshReduction for automatic mesh merging
[2020.05.26-21.35.46:475][  0]LogMeshReduction: No distributed automatic mesh merging module available
[2020.05.26-21.35.46:475][  0]LogMeshMerging: No distributed automatic mesh merging module available
[2020.05.26-21.35.46:564][  0]LogNetVersion: MyProject 1.0.0, NetCL: 10570792, EngineNetVer: 13, GameNetVer: 0 (Checksum: 2318771507)
[2020.05.26-21.35.50:044][  0]LogPackageLocalizationCache: Processed 10 localized package path(s) for 2 prioritized culture(s) in 0.437334 seconds
[2020.05.26-21.35.50:072][  0]LogUObjectArray: 46750 objects as part of root set at end of initial load.
[2020.05.26-21.35.50:072][  0]LogUObjectAllocator: 8137160 out of 0 bytes used by permanent object pool.
[2020.05.26-21.35.50:072][  0]LogUObjectArray: CloseDisregardForGC: 0/0 objects in disregard for GC pool
[2020.05.26-21.35.51:308][  0]LogTcpMessaging: Initializing TcpMessaging bridge
[2020.05.26-21.35.51:323][  0]LogUdpMessaging: Initializing bridge on interface 0.0.0.0:0 to multicast group 230.0.0.1:6666.
[2020.05.26-21.35.51:540][  0]SourceControl: El control de código fuente está desactivado
[2020.05.26-21.35.55:203][  0]LogVSAccessor: Display: Unable to create Visual Studio setup instance: 80040154
[2020.05.26-21.35.55:212][  0]LogVSAccessor: Display: Unable to create Visual Studio setup instance: 80040154
[2020.05.26-21.35.55:547][  0]LogAndroidPermission: UAndroidPermissionCallbackProxy::GetInstance
[2020.05.26-21.35.55:603][  0]LogAudioCaptureCore: Display: No Audio Capture implementations found. Audio input will be silent.
[2020.05.26-21.35.55:603][  0]LogAudioCaptureCore: Display: No Audio Capture implementations found. Audio input will be silent.
[2020.05.26-21.35.55:923][  0]LogOcInput: OculusInput pre-init called
[2020.05.26-21.35.55:952][  0]LogWindows: Failed to load 'OVRPlugin.dll' (GetLastError=126)
[2020.05.26-21.35.55:952][  0]LogWindows: File 'OVRPlugin.dll' does not exist
[2020.05.26-21.35.56:189][  0]LogEngine: Initializing Engine...
[2020.05.26-21.35.56:192][  0]LogHMD: Failed to initialize OpenVR with code 110
[2020.05.26-21.35.56:195][  0]LogStats: UGameplayTagsManager::InitializeManager -  0.000 s
[2020.05.26-21.35.57:302][  0]LogInit: Initializing FReadOnlyCVARCache
[2020.05.26-21.35.57:333][  0]LogAIModule: Creating AISystem for world Untitled
[2020.05.26-21.35.57:352][  0]LogAudioMixer: Display: Audio Mixer Platform Settings:
[2020.05.26-21.35.57:352][  0]LogAudioMixer: Display: 	Sample Rate:						  48000
[2020.05.26-21.35.57:352][  0]LogAudioMixer: Display: 	Callback Buffer Frame Size Requested: 1024
[2020.05.26-21.35.57:352][  0]LogAudioMixer: Display: 	Callback Buffer Frame Size To Use:	  1024
[2020.05.26-21.35.57:352][  0]LogAudioMixer: Display: 	Number of buffers to queue:			  2
[2020.05.26-21.35.57:352][  0]LogAudioMixer: Display: 	Max Channels (voices):				  32
[2020.05.26-21.35.57:353][  0]LogAudioMixer: Display: 	Number of Async Source Workers:		  0
[2020.05.26-21.35.57:353][  0]LogAudio: Display: AudioDevice MaxSources: 32
[2020.05.26-21.35.57:355][  0]LogAudio: Display: Using built-in audio occlusion.
[2020.05.26-21.35.57:355][  0]LogAudioMixer: Display: Initializing audio mixer.
[2020.05.26-21.35.57:407][  0]LogAudioMixer: Display: Audio Device Output Speaker Info:
[2020.05.26-21.35.57:407][  0]LogAudioMixer: Display: Name: Altavoz/Auricular (2- Realtek(R) Audio)
[2020.05.26-21.35.57:407][  0]LogAudioMixer: Display: Is Default: Yes
[2020.05.26-21.35.57:407][  0]LogAudioMixer: Display: Sample Rate: 48000
[2020.05.26-21.35.57:407][  0]LogAudioMixer: Display: Channel Count Used: 2
[2020.05.26-21.35.57:407][  0]LogAudioMixer: Display: Device Channel Count: 2
[2020.05.26-21.35.57:407][  0]LogAudioMixer: Display: Channel Order:
[2020.05.26-21.35.57:407][  0]LogAudioMixer: Display: 0: FrontLeft
[2020.05.26-21.35.57:407][  0]LogAudioMixer: Display: 1: FrontRight
[2020.05.26-21.35.57:477][  0]LogAudioMixer: Display: Using Audio Device Altavoz/Auricular (2- Realtek(R) Audio)
[2020.05.26-21.35.57:487][  0]LogInit: FAudioDevice initialized.
[2020.05.26-21.35.57:487][  0]LogNetVersion: Set ProjectVersion to 1.0.0.0. Version Checksum will be recalculated on next use.
[2020.05.26-21.35.58:065][  0]LogDerivedDataCache: Saved boot cache 0.58s 78MB C:/Users/sebaa/AppData/Local/UnrealEngine/4.24/DerivedDataCache/Boot.ddc.
[2020.05.26-21.35.58:082][  0]LogInit: Texture streaming: Enabled
[2020.05.26-21.35.58:134][  0]LogEngineSessionManager: EngineSessionManager initialized
[2020.05.26-21.35.58:134][  0]LogEditorSessionSummary: Verbose: Initializing EditorSessionSummaryWriter for editor session tracking
[2020.05.26-21.35.58:137][  0]LogEditorSessionSummary: EditorSessionSummaryWriter initialized
[2020.05.26-21.35.58:422][  0]LogInit: Transaction tracking system initialized
[2020.05.26-21.35.58:461][  0]BlueprintLog: New page: Cargar el editor
[2020.05.26-21.35.58:597][  0]LocalizationService: Localization service is disabled
[2020.05.26-21.35.58:900][  0]LogVSAccessor: Display: Unable to create Visual Studio setup instance: 80040154
[2020.05.26-21.35.58:903][  0]LogVSAccessor: Display: Unable to create Visual Studio setup instance: 80040154
[2020.05.26-21.35.59:969][  0]LogFileCache: Scanning file cache for directory 'C:/Users/sebaa/OneDrive/Escritorio/u/noveno semestre/Desarrollo Movil/UnrealEngine_Games/Unreal Proyect/MyProject/Content/' took 0.02s
[2020.05.26-21.35.59:969][  0]LogCook: Display: Max memory allowance for cook 16384mb min free memory 0mb
[2020.05.26-21.35.59:970][  0]LogCook: Display: Mobile HDR setting 1
[2020.05.26-21.36.01:615][  0]LightingResults: New page: Diseñar la iluminación
[2020.05.26-21.36.01:617][  0]LogWorld: UWorld::CleanupWorld for Untitled, bSessionEnded=true, bCleanupResources=true
[2020.05.26-21.36.01:617][  0]LogSlate: InvalidateAllWidgets triggered.  All widgets were invalidated
[2020.05.26-21.36.01:618][  0]MapCheck: New page: Revisión del mapa
[2020.05.26-21.36.01:618][  0]LightingResults: New page: Diseñar la iluminación
[2020.05.26-21.36.01:677][  0]LogUObjectHash: Compacting FUObjectHashTables data took   4.64ms
[2020.05.26-21.36.04:641][  0]LogAIModule: Creating AISystem for world 2DSideScrollerExampleMap
[2020.05.26-21.36.04:887][  0]LogEditorServer: Finished looking for orphan Actors (0.000 secs)
[2020.05.26-21.36.04:968][  0]LogUObjectHash: Compacting FUObjectHashTables data took   6.08ms
[2020.05.26-21.36.04:971][  0]Cmd: MAP CHECKDEP NOCLEARLOG
[2020.05.26-21.36.04:972][  0]MapCheck: Map check complete: 0 Error(s), 0 Warning(s), took 0,473ms to complete.
[2020.05.26-21.36.04:972][  0]LogFileHelpers: Loading map '2DSideScrollerExampleMap' took 3.398
[2020.05.26-21.36.07:001][  0]LogSlate: Updating window title bar state: overlay mode, drag disabled, window buttons hidden, title bar hidden
[2020.05.26-21.36.07:081][  0]LogSlate: Updating window title bar state: overlay mode, drag disabled, window buttons hidden, title bar hidden
[2020.05.26-21.36.07:105][  0]LogSlate: Updating window title bar state: overlay mode, drag disabled, window buttons hidden, title bar hidden
[2020.05.26-21.36.07:130][  0]LogSlate: Updating window title bar state: overlay mode, drag disabled, window buttons hidden, title bar hidden
[2020.05.26-21.36.07:415][  0]LogCollectionManager: Loaded 0 collections in 0.005054 seconds
[2020.05.26-21.36.08:588][  0]LogFileCache: Scanning file cache for directory 'C:/Users/sebaa/OneDrive/Escritorio/u/noveno semestre/Desarrollo Movil/UnrealEngine_Games/Unreal Proyect/MyProject/Saved/Collections/' took 0.01s
[2020.05.26-21.36.08:589][  0]LogFileCache: Scanning file cache for directory 'C:/Users/sebaa/OneDrive/Escritorio/u/noveno semestre/Desarrollo Movil/UnrealEngine_Games/Unreal Proyect/MyProject/Content/Developers/sebaa/Collections/' took 0.00s
[2020.05.26-21.36.08:589][  0]LogFileCache: Scanning file cache for directory 'C:/Users/sebaa/OneDrive/Escritorio/u/noveno semestre/Desarrollo Movil/UnrealEngine_Games/Unreal Proyect/MyProject/Content/Collections/' took 0.00s
[2020.05.26-21.36.08:589][  0]LogContentBrowser: Native class hierarchy populated in 0.0317 seconds. Added 3015 classes and 717 folders.
[2020.05.26-21.36.09:028][  0]LogContentBrowser: Native class hierarchy updated for 'WidgetCarousel' in 0.0007 seconds. Added 0 classes and 0 folders.
[2020.05.26-21.36.16:750][  0]LogContentBrowser: Native class hierarchy updated for 'AddContentDialog' in 0.0007 seconds. Added 0 classes and 0 folders.
[2020.05.26-21.36.17:065][  0]LogContentBrowser: Native class hierarchy updated for 'SceneOutliner' in 0.0008 seconds. Added 2 classes and 3 folders.
[2020.05.26-21.36.18:396][  0]LogSlate: Took 0.000583 seconds to synchronously load lazily loaded font '../../../Engine/Content/Slate/Fonts/Roboto-Regular.ttf' (155K)
[2020.05.26-21.36.18:402][  0]LogSlate: Took 0.000431 seconds to synchronously load lazily loaded font '../../../Engine/Content/Slate/Fonts/Roboto-Bold.ttf' (160K)
[2020.05.26-21.36.18:526][  0]LogSlate: Took 0.094940 seconds to synchronously load lazily loaded font '../../../Engine/Content/Editor/Slate/Fonts/FontAwesome.ttf' (139K)
[2020.05.26-21.36.19:561][  0]LogRenderer: Reallocating scene render targets to support 1208x696 Format 10 NumSamples 1 (Frame:1).
[2020.05.26-21.36.19:957][  0]LogContentBrowser: Native class hierarchy updated for 'HierarchicalLODOutliner' in 0.0007 seconds. Added 0 classes and 0 folders.
[2020.05.26-21.36.19:958][  0]LogLoad: (Engine Initialization) Total time: 65.97 seconds
[2020.05.26-21.36.19:958][  0]LogLoad: (Engine Initialization) Total Blueprint compile time: 0.00 seconds
[2020.05.26-21.36.20:039][  0]LogContentStreaming: Texture pool size now 1000 MB
[2020.05.26-21.36.20:138][  0]LogSlate: Took 0.030782 seconds to synchronously load lazily loaded font '../../../Engine/Content/Slate/Fonts/Roboto-Light.ttf' (167K)
[2020.05.26-21.36.23:566][ 30]LogAssetRegistry: Asset discovery search completed in 38.4869 seconds
[2020.05.26-21.36.23:578][ 30]LogCollectionManager: Fixed up redirectors for 0 collections in 0.000034 seconds (updated 0 objects)
[2020.05.26-21.37.14:162][632]LogSlate: Took 0.000501 seconds to synchronously load lazily loaded font '../../../Engine/Content/Slate/Fonts/Roboto-Light.ttf' (167K)
[2020.05.26-21.37.14:189][632]LogAssetEditorSubsystem: Opening Asset editor for PaperTileMap /Game/prueba_fondo.prueba_fondo
[2020.05.26-21.37.15:371][632]LogSlate: Took 0.000683 seconds to synchronously load lazily loaded font '../../../Engine/Content/Slate/Fonts/Roboto-BoldCondensed.ttf' (158K)
[2020.05.26-21.37.20:709][676]LogAIModule: Creating AISystem for world prueba_2d
[2020.05.26-21.37.20:748][676]LogAssetEditorSubsystem: Opening Asset editor for World /Game/prueba_2d.prueba_2d
[2020.05.26-21.37.20:893][676]LogUObjectHash: Compacting FUObjectHashTables data took   4.58ms
[2020.05.26-21.37.21:093][676]LightingResults: New page: Diseñar la iluminación
[2020.05.26-21.37.21:095][676]LoadErrors: New page: Cargando mapa: prueba_2d.umap
[2020.05.26-21.37.21:096][676]LogWorld: UWorld::CleanupWorld for 2DSideScrollerExampleMap, bSessionEnded=true, bCleanupResources=true
[2020.05.26-21.37.21:096][676]LogSlate: InvalidateAllWidgets triggered.  All widgets were invalidated
[2020.05.26-21.37.21:097][676]MapCheck: New page: Revisión del mapa
[2020.05.26-21.37.21:097][676]LightingResults: New page: Diseñar la iluminación
[2020.05.26-21.37.21:152][676]LogUObjectHash: Compacting FUObjectHashTables data took   3.39ms
[2020.05.26-21.37.21:317][676]LogEditorServer: Finished looking for orphan Actors (0.000 secs)
[2020.05.26-21.37.21:378][676]LogUObjectHash: Compacting FUObjectHashTables data took   3.35ms
[2020.05.26-21.37.21:467][676]Cmd: MAP CHECKDEP NOCLEARLOG
[2020.05.26-21.37.21:467][676]MapCheck: Map check complete: 0 Error(s), 0 Warning(s), took 0,401ms to complete.
[2020.05.26-21.37.21:467][676]LogFileHelpers: Loading map 'prueba_2d' took 0.541
[2020.05.26-21.40.06:512][ 39]LogEditorViewport: Clicking on Actor (LMB): PaperTileMapActor (prueba_fondo)
[2020.05.26-21.40.53:637][468]LogEditorViewport: Clicking Background
[2020.05.26-21.43.48:222][455]LogEditorViewport: Clicking on Actor (LMB): PaperTileMapActor (prueba_fondo)
[2020.05.26-21.44.30:796][365]LogSlate: Took 0.066004 seconds to synchronously load lazily loaded font '../../../Engine/Content/Slate/Fonts/Roboto-Italic.ttf' (157K)
[2020.05.26-21.46.01:079][532]LogEditorViewport: Clicking Background
[2020.05.26-21.47.19:963][  8]LogUObjectHash: Compacting FUObjectHashTables data took   6.13ms
[2020.05.26-21.47.20:163][  8]LogSavePackage: Moving '../../../../../../Users/sebaa/OneDrive/Escritorio/u/noveno semestre/Desarrollo Movil/UnrealEngine_Games/Unreal Proyect/MyProject/Saved/prueba_2d_Auto17AD5B7BA46FE69BD782BBFBDA12CC7DD.tmp' to '../../../../../../Users/sebaa/OneDrive/Escritorio/u/noveno semestre/Desarrollo Movil/UnrealEngine_Games/Unreal Proyect/MyProject/Saved/Autosaves/Game/prueba_2d_Auto1.umap'
[2020.05.26-21.47.20:195][  8]LogFileHelpers: Editor autosave (incl. sublevels) for '/Game/prueba_2d' took 0.291
[2020.05.26-21.47.20:195][  8]LogFileHelpers: Editor autosave (incl. sublevels) for all levels took 0.291
[2020.05.26-21.47.20:195][  8]OBJ SavePackage: Generating thumbnails for [0] asset(s) in package [/Game/prueba_fondo] ([1] browsable assets)...
[2020.05.26-21.47.20:196][  8]OBJ SavePackage: Finished generating thumbnails for package [/Game/prueba_fondo]
[2020.05.26-21.47.21:759][  8]LogSavePackage: Moving '../../../../../../Users/sebaa/OneDrive/Escritorio/u/noveno semestre/Desarrollo Movil/UnrealEngine_Games/Unreal Proyect/MyProject/Saved/prueba_fondo_Auto12903C98942755F11356FF882E480A039.tmp' to '../../../../../../Users/sebaa/OneDrive/Escritorio/u/noveno semestre/Desarrollo Movil/UnrealEngine_Games/Unreal Proyect/MyProject/Saved/Autosaves/Game/prueba_fondo_Auto1.uasset'
[2020.05.26-21.47.21:786][  8]LogFileHelpers: Auto-saving content packages took 1.591
[2020.05.26-21.47.49:780][ 93]LogAssetEditorSubsystem: Opening Asset editor for PaperTileSet /Game/PC_Computer_-_PlataGO_Super_Platform_Game_Maker_-_Environment_Tiles_3_TileSet.PC_Computer_-_PlataGO_Super_Platform_Game_Maker_-_Environment_Tiles_3_TileSet
[2020.05.26-21.49.34:740][591]LogAudioMixer: Display: Audio Buffer Underrun detected.
[2020.05.26-21.53.29:245][289]LogAudioMixer: Display: Audio Buffer Underrun detected.
[2020.05.26-21.54.35:045][485]LogAudioMixer: Display: Audio Buffer Underrun detected.
[2020.05.26-21.55.54:989][723]LogAudioMixer: Display: Audio Buffer Underrun detected.
[2020.05.26-21.57.22:252][981]LogUObjectHash: Compacting FUObjectHashTables data took   6.06ms
[2020.05.26-21.57.22:256][981]LogFileHelpers: Editor autosave (incl. sublevels) for '/Game/prueba_2d' took 0.069
[2020.05.26-21.57.22:257][981]OBJ SavePackage: Generating thumbnails for [1] asset(s) in package [/Game/PC_Computer_-_PlataGO_Super_Platform_Game_Maker_-_Environment_Tiles_3_TileSet] ([1] browsable assets)...
[2020.05.26-21.57.22:380][981]OBJ SavePackage:     Rendered thumbnail for [PaperTileSet /Game/PC_Computer_-_PlataGO_Super_Platform_Game_Maker_-_Environment_Tiles_3_TileSet.PC_Computer_-_PlataGO_Super_Platform_Game_Maker_-_Environment_Tiles_3_TileSet]
[2020.05.26-21.57.22:381][981]OBJ SavePackage: Finished generating thumbnails for package [/Game/PC_Computer_-_PlataGO_Super_Platform_Game_Maker_-_Environment_Tiles_3_TileSet]
[2020.05.26-21.57.22:741][981]LogSavePackage: Moving '../../../../../../Users/sebaa/OneDrive/Escritorio/u/noveno semestre/Desarrollo Movil/UnrealEngine_Games/Unreal Proyect/MyProject/Saved/PC_Computer_-_PlataGO_Super_Plat17BB71BD4E635FE309B5988D1777F359.tmp' to '../../../../../../Users/sebaa/OneDrive/Escritorio/u/noveno semestre/Desarrollo Movil/UnrealEngine_Games/Unreal Proyect/MyProject/Saved/Autosaves/Game/PC_Computer_-_PlataGO_Super_Platform_Game_Maker_-_Environment_Tiles_3_TileSet_Auto2.uasset'
[2020.05.26-21.57.22:746][981]LogFileHelpers: Auto-saving content packages took 0.490
[2020.05.26-21.58.22:587][161]LogAudioMixer: Display: Audio Buffer Underrun detected.
[2020.05.26-21.59.24:386][345]LogAudioMixer: Display: Audio Buffer Underrun detected.
[2020.05.26-22.00.42:277][728]LogSavePackage: Moving '../../../../../../Users/sebaa/OneDrive/Escritorio/u/noveno semestre/Desarrollo Movil/UnrealEngine_Games/Unreal Proyect/MyProject/Saved/PC_Computer_-_PlataGO_Super_PlatB3D25E2F48E1449FF929D482C1DC742D.tmp' to '../../../../../../Users/sebaa/OneDrive/Escritorio/u/noveno semestre/Desarrollo Movil/UnrealEngine_Games/Unreal Proyect/MyProject/Content/PC_Computer_-_PlataGO_Super_Platform_Game_Maker_-_Environment_Tiles_3_TileSet.uasset'
[2020.05.26-22.00.42:310][728]AssetCheck: New page: Asset Save: PC_Computer_-_PlataGO_Super_Platform_Game_Maker_-_Environment_Tiles_3_TileSet
[2020.05.26-22.00.42:310][728]LogContentValidation: Display: Validating PaperTileSet /Game/PC_Computer_-_PlataGO_Super_Platform_Game_Maker_-_Environment_Tiles_3_TileSet.PC_Computer_-_PlataGO_Super_Platform_Game_Maker_-_Environment_Tiles_3_TileSet
[2020.05.26-22.02.01:376][972]LogSavePackage: Moving '../../../../../../Users/sebaa/OneDrive/Escritorio/u/noveno semestre/Desarrollo Movil/UnrealEngine_Games/Unreal Proyect/MyProject/Saved/PC_Computer_-_PlataGO_Super_Plat9A8F4E57414F32057516E1A4ACF9C5E2.tmp' to '../../../../../../Users/sebaa/OneDrive/Escritorio/u/noveno semestre/Desarrollo Movil/UnrealEngine_Games/Unreal Proyect/MyProject/Content/PC_Computer_-_PlataGO_Super_Platform_Game_Maker_-_Environment_Tiles_3_TileSet.uasset'
[2020.05.26-22.02.01:417][972]AssetCheck: New page: Asset Save: PC_Computer_-_PlataGO_Super_Platform_Game_Maker_-_Environment_Tiles_3_TileSet
[2020.05.26-22.02.01:417][972]LogContentValidation: Display: Validating PaperTileSet /Game/PC_Computer_-_PlataGO_Super_Platform_Game_Maker_-_Environment_Tiles_3_TileSet.PC_Computer_-_PlataGO_Super_Platform_Game_Maker_-_Environment_Tiles_3_TileSet
[2020.05.26-22.02.03:004][  3]LogWorld: UWorld::CleanupWorld for World_2, bSessionEnded=true, bCleanupResources=true
[2020.05.26-22.02.03:004][  3]LogSlate: InvalidateAllWidgets triggered.  All widgets were invalidated
[2020.05.26-22.02.05:592][ 77]LogSlate: Window 'prueba_fondo*' being destroyed
[2020.05.26-22.02.05:704][ 77]LogWorld: UWorld::CleanupWorld for World_0, bSessionEnded=true, bCleanupResources=true
[2020.05.26-22.02.05:705][ 77]LogSlate: InvalidateAllWidgets triggered.  All widgets were invalidated
[2020.05.26-22.02.08:071][197]LogAssetEditorSubsystem: Opening Asset editor for PaperTileMap /Game/prueba_fondo.prueba_fondo
[2020.05.26-22.02.29:637][794]LogSavePackage: Moving '../../../../../../Users/sebaa/OneDrive/Escritorio/u/noveno semestre/Desarrollo Movil/UnrealEngine_Games/Unreal Proyect/MyProject/Saved/prueba_fondo29B4C1154F76390484BCD1885880B205.tmp' to '../../../../../../Users/sebaa/OneDrive/Escritorio/u/noveno semestre/Desarrollo Movil/UnrealEngine_Games/Unreal Proyect/MyProject/Content/prueba_fondo.uasset'
[2020.05.26-22.02.29:699][794]AssetCheck: New page: Asset Save: prueba_fondo
[2020.05.26-22.02.29:699][794]LogContentValidation: Display: Validating PaperTileMap /Game/prueba_fondo.prueba_fondo
[2020.05.26-22.03.09:705][685]LogD3D11RHI: Error: Result failed 
 at D:/Build/++UE4/Sync/Engine/Source/Runtime/Windows/D3D11RHI/Private/D3D11Query.cpp:348 
 with error DXGI_ERROR_DEVICE_REMOVED DXGI_ERROR_DEVICE_RESET
[2020.05.26-22.03.09:705][685]LogD3D11RHI: [Aftermath] GDynamicRHI=00000142659420C0, GDX11NVAfterMathEnabled=0, Result=0xFFFFFFFF, bDeviceActive=0
[2020.05.26-22.03.09:705][685]LogWindows: Windows GetLastError: La operación se completó correctamente. (0)
[2020.05.26-22.03.38:943][685]LogOutputDevice: Warning: 

Script Stack (0 frames):

[2020.05.26-22.03.38:943][685]LogWindows: Windows GetLastError: La operación se completó correctamente. (0)
