Log file open, 06/08/20 18:50:06
LogWindows: Failed to load 'aqProf.dll' (GetLastError=126)
LogWindows: File 'aqProf.dll' does not exist
LogWindows: Failed to load 'VtuneApi.dll' (GetLastError=126)
LogWindows: File 'VtuneApi.dll' does not exist
LogWindows: Failed to load 'VtuneApi32e.dll' (GetLastError=126)
LogWindows: File 'VtuneApi32e.dll' does not exist
LogConsoleResponse: Display: Failed to find resolution value strings in scalability ini. Falling back to default.
LogInit: Display: Running engine for game: MyProject
LogPlatformFile: Not using cached read wrapper
LogTaskGraph: Started task graph with 5 named threads and 23 total threads with 3 sets of task threads.
LogStats: Stats thread started at 0.200903
LogD3D11RHI: Loaded GFSDK_Aftermath_Lib.x64.dll
LogICUInternationalization: ICU TimeZone Detection - Raw Offset: -4:00, Platform Override: ''
LogPluginManager: Mounting plugin Paper2D
LogPluginManager: Mounting plugin AISupport
LogPluginManager: Mounting plugin LightPropagationVolume
LogPluginManager: Mounting plugin ActorLayerUtilities
LogPluginManager: Mounting plugin AnimationSharing
LogPluginManager: Mounting plugin CLionSourceCodeAccess
LogPluginManager: Mounting plugin CodeLiteSourceCodeAccess
LogPluginManager: Mounting plugin GitSourceControl
LogPluginManager: Mounting plugin KDevelopSourceCodeAccess
LogPluginManager: Mounting plugin NullSourceCodeAccess
LogPluginManager: Mounting plugin PerforceSourceControl
LogPluginManager: Mounting plugin PlasticSourceControl
LogPluginManager: Mounting plugin SubversionSourceControl
LogPluginManager: Mounting plugin UObjectPlugin
LogPluginManager: Mounting plugin VisualStudioCodeSourceCodeAccess
LogPluginManager: Mounting plugin VisualStudioSourceCodeAccess
LogPluginManager: Mounting plugin XCodeSourceCodeAccess
LogPluginManager: Mounting plugin AssetManagerEditor
LogPluginManager: Mounting plugin CryptoKeys
LogPluginManager: Mounting plugin CurveEditorTools
LogPluginManager: Mounting plugin DataValidation
LogPluginManager: Mounting plugin FacialAnimation
LogPluginManager: Mounting plugin GameplayTagsEditor
LogPluginManager: Mounting plugin MacGraphicsSwitching
LogPluginManager: Mounting plugin MaterialAnalyzer
LogPluginManager: Mounting plugin MobileLauncherProfileWizard
LogPluginManager: Mounting plugin PluginBrowser
LogPluginManager: Mounting plugin SpeedTreeImporter
LogPluginManager: Mounting plugin DatasmithContent
LogPluginManager: Mounting plugin VariantManagerContent
LogPluginManager: Mounting plugin AlembicImporter
LogPluginManager: Mounting plugin AutomationUtils
LogPluginManager: Mounting plugin BackChannel
LogPluginManager: Mounting plugin CharacterAI
LogPluginManager: Mounting plugin GeometryCache
LogPluginManager: Mounting plugin PlatformCrypto
LogPluginManager: Mounting plugin ProxyLODPlugin
LogPluginManager: Mounting plugin SkeletalReduction
LogPluginManager: Mounting plugin MagicLeap
LogPluginManager: Mounting plugin MagicLeapMedia
LogPluginManager: Mounting plugin MLSDK
LogPluginManager: Mounting plugin AndroidMedia
LogPluginManager: Mounting plugin AvfMedia
LogPluginManager: Mounting plugin ImgMedia
LogPluginManager: Mounting plugin MediaCompositing
LogPluginManager: Mounting plugin MediaPlayerEditor
LogPluginManager: Mounting plugin WebMMedia
LogPluginManager: Mounting plugin WmfMedia
LogPluginManager: Mounting plugin TcpMessaging
LogPluginManager: Mounting plugin UdpMessaging
LogPluginManager: Mounting plugin ActorSequence
LogPluginManager: Mounting plugin LevelSequenceEditor
LogPluginManager: Mounting plugin MatineeToLevelSequence
LogPluginManager: Mounting plugin NetcodeUnitTest
LogPluginManager: Mounting plugin NUTUnrealEngine4
LogPluginManager: Mounting plugin OnlineSubsystemGooglePlay
LogPluginManager: Mounting plugin OnlineSubsystemIOS
LogPluginManager: Mounting plugin OnlineSubsystem
LogPluginManager: Mounting plugin OnlineSubsystemNull
LogPluginManager: Mounting plugin OnlineSubsystemUtils
LogPluginManager: Mounting plugin LauncherChunkInstaller
LogPluginManager: Mounting plugin AndroidDeviceProfileSelector
LogPluginManager: Mounting plugin AndroidMoviePlayer
LogPluginManager: Mounting plugin AndroidPermission
LogPluginManager: Mounting plugin AppleImageUtils
LogPluginManager: Mounting plugin AppleMoviePlayer
LogPluginManager: Mounting plugin ArchVisCharacter
LogPluginManager: Mounting plugin AssetTags
LogPluginManager: Mounting plugin AudioCapture
LogPluginManager: Mounting plugin CableComponent
LogPluginManager: Mounting plugin CustomMeshComponent
LogPluginManager: Mounting plugin EditableMesh
LogPluginManager: Mounting plugin ExampleDeviceProfileSelector
LogPluginManager: Mounting plugin GoogleCloudMessaging
LogPluginManager: Mounting plugin IOSDeviceProfileSelector
LogPluginManager: Mounting plugin LinuxDeviceProfileSelector
LogPluginManager: Mounting plugin LocationServicesBPLibrary
LogPluginManager: Mounting plugin MobilePatchingUtils
LogPluginManager: Mounting plugin OculusVR
LogPluginManager: Mounting plugin PhysXVehicles
LogPluginManager: Mounting plugin PostSplashScreen
LogPluginManager: Mounting plugin ProceduralMeshComponent
LogPluginManager: Mounting plugin RuntimePhysXCooking
LogPluginManager: Mounting plugin SignificanceManager
LogPluginManager: Mounting plugin SteamVR
LogPluginManager: Mounting plugin WebMMoviePlayer
LogPluginManager: Mounting plugin WindowsMoviePlayer
LogPluginManager: Mounting plugin ScreenshotTools
LogInit: Using libcurl 7.55.1-DEV
LogInit:  - built for x86_64-pc-win32
LogInit:  - supports SSL with OpenSSL/1.1.1
LogInit:  - supports HTTP deflate (compression) using libz 1.2.8
LogInit:  - other features:
LogInit:      CURL_VERSION_SSL
LogInit:      CURL_VERSION_LIBZ
LogInit:      CURL_VERSION_IPV6
LogInit:      CURL_VERSION_ASYNCHDNS
LogInit:      CURL_VERSION_LARGEFILE
LogInit:      CURL_VERSION_IDN
LogInit:  CurlRequestOptions (configurable via config and command line):
LogInit:  - bVerifyPeer = true  - Libcurl will verify peer certificate
LogInit:  - bUseHttpProxy = false  - Libcurl will NOT use HTTP proxy
LogInit:  - bDontReuseConnections = false  - Libcurl will reuse connections
LogInit:  - MaxHostConnections = 16  - Libcurl will limit the number of connections to a host
LogInit:  - LocalHostAddr = Default
LogInit:  - BufferSize = 65536
LogOnline: OSS: Creating online subsystem instance for: NULL
LogInit: WinSock: version 1.1 (2.2), MaxSocks=32767, MaxUdp=65467
LogOnline: OSS: TryLoadSubsystemAndSetDefault: Loaded subsystem for module [NULL]
LogInit: Build: ++UE4+Release-4.24-CL-11590370
LogInit: Engine Version: 4.24.3-11590370+++UE4+Release-4.24
LogInit: Compatible Engine Version: 4.24.0-10570792+++UE4+Release-4.24
LogInit: Net CL: 10570792
LogInit: OS: Windows 10 (Release 1909) (), CPU: AMD Ryzen 5 2500U with Radeon Vega Mobile Gfx  , GPU: AMD Radeon(TM) Vega 8 Graphics
LogInit: Compiled (64-bit): Feb 24 2020 15:39:18
LogInit: Compiled with Visual C++: 19.16.27032.01
LogInit: Build Configuration: Development
LogInit: Branch Name: ++UE4+Release-4.24
LogInit: Command Line:  /Game/Mapa/prueba_2d -game -PIEVIACONSOLE -ResX=1280 -ResY=720 -Multiprocess -messaging -SessionName="Play in Standalone Game" -windowed
LogInit: Base Directory: C:/Program Files/Epic Games/UE_4.24/Engine/Binaries/Win64/
LogInit: Installed Engine Build: 1
LogDevObjectVersion: Number of dev versions registered: 25
LogDevObjectVersion:   Dev-Blueprints (B0D832E4-1F89-4F0D-ACCF-7EB736FD4AA2): 10
LogDevObjectVersion:   Dev-Build (E1C64328-A22C-4D53-A36C-8E866417BD8C): 0
LogDevObjectVersion:   Dev-Core (375EC13C-06E4-48FB-B500-84F0262A717E): 3
LogDevObjectVersion:   Dev-Editor (E4B068ED-F494-42E9-A231-DA0B2E46BB41): 37
LogDevObjectVersion:   Dev-Framework (CFFC743F-43B0-4480-9391-14DF171D2073): 36
LogDevObjectVersion:   Dev-Mobile (B02B49B5-BB20-44E9-A304-32B752E40360): 2
LogDevObjectVersion:   Dev-Networking (A4E4105C-59A1-49B5-A7C5-40C4547EDFEE): 0
LogDevObjectVersion:   Dev-Online (39C831C9-5AE6-47DC-9A44-9C173E1C8E7C): 0
LogDevObjectVersion:   Dev-Physics (78F01B33-EBEA-4F98-B9B4-84EACCB95AA2): 2
LogDevObjectVersion:   Dev-Platform (6631380F-2D4D-43E0-8009-CF276956A95A): 0
LogDevObjectVersion:   Dev-Rendering (12F88B9F-8875-4AFC-A67C-D90C383ABD29): 36
LogDevObjectVersion:   Dev-Sequencer (7B5AE74C-D270-4C10-A958-57980B212A5A): 11
LogDevObjectVersion:   Dev-VR (D7296918-1DD6-4BDD-9DE2-64A83CC13884): 2
LogDevObjectVersion:   Dev-LoadTimes (C2A15278-BFE7-4AFE-6C17-90FF531DF755): 1
LogDevObjectVersion:   Private-Geometry (6EACA3D4-40EC-4CC1-B786-8BED09428FC5): 3
LogDevObjectVersion:   Dev-AnimPhys (29E575DD-E0A3-4627-9D10-D276232CDCEA): 17
LogDevObjectVersion:   Dev-Anim (AF43A65D-7FD3-4947-9873-3E8ED9C1BB05): 2
LogDevObjectVersion:   Dev-ReflectionCapture (6B266CEC-1EC7-4B8F-A30B-E4D90942FC07): 1
LogDevObjectVersion:   Dev-Automation (0DF73D61-A23F-47EA-B727-89E90C41499A): 1
LogDevObjectVersion:   FortniteMain (601D1886-AC64-4F84-AA16-D3DE0DEAC7D6): 31
LogDevObjectVersion:   Dev-Enterprise (9DFFBCD6-494F-0158-E221-12823C92A888): 8
LogDevObjectVersion:   Dev-Niagara (F2AED0AC-9AFE-416F-8664-AA7FFA26D6FC): 1
LogDevObjectVersion:   Dev-Destruction (174F1F0B-B4C6-45A5-B13F-2EE8D0FB917D): 9
LogDevObjectVersion:   Dev-Physics-Ext (35F94A83-E258-406C-A318-09F59610247C): 8
LogDevObjectVersion:   Dev-CineCamera (B2E18506-4273-CFC2-A54E-F4BB758BBA07): 1
LogInit: Presizing for max 25165824 objects, including 0 objects not considered by GC, pre-allocating 0 bytes for permanent pool.
LogInit: Object subsystem initialized
LogConfig: Setting CVar [[con.DebugEarlyDefault:1]]
LogConfig: Setting CVar [[r.setres:1280x720]]
[2020.06.08-22.50.07:063][  0]LogConfig: Setting CVar [[con.DebugEarlyDefault:1]]
[2020.06.08-22.50.07:063][  0]LogConfig: Setting CVar [[r.setres:1280x720]]
[2020.06.08-22.50.07:063][  0]LogConfig: Applying CVar settings from Section [/Script/Engine.RendererSettings] File [C:/Users/Daniel Soto/Desktop/Inferno's Revenge/UnrealEngine_Games/Unreal Proyect/MyProject/Saved/Config/Windows/Engine.ini]
[2020.06.08-22.50.07:063][  0]LogConfig: Setting CVar [[r.GPUCrashDebugging:0]]
[2020.06.08-22.50.07:063][  0]LogConfig: Setting CVar [[r.MobileHDR:1]]
[2020.06.08-22.50.07:063][  0]LogConfig: Setting CVar [[r.Mobile.DisableVertexFog:1]]
[2020.06.08-22.50.07:063][  0]LogConfig: Setting CVar [[r.Shadow.CSM.MaxMobileCascades:2]]
[2020.06.08-22.50.07:063][  0]LogConfig: Setting CVar [[r.MobileMSAA:1]]
[2020.06.08-22.50.07:063][  0]LogConfig: Setting CVar [[r.Mobile.UseLegacyShadingModel:0]]
[2020.06.08-22.50.07:063][  0]LogConfig: Setting CVar [[r.Mobile.UseHWsRGBEncoding:0]]
[2020.06.08-22.50.07:063][  0]LogConfig: Setting CVar [[r.Mobile.AllowDitheredLODTransition:0]]
[2020.06.08-22.50.07:063][  0]LogConfig: Setting CVar [[r.Mobile.AllowSoftwareOcclusion:0]]
[2020.06.08-22.50.07:063][  0]LogConfig: Setting CVar [[r.DiscardUnusedQuality:0]]
[2020.06.08-22.50.07:063][  0]LogConfig: Setting CVar [[r.AllowOcclusionQueries:1]]
[2020.06.08-22.50.07:063][  0]LogConfig: Setting CVar [[r.MinScreenRadiusForLights:0.030000]]
[2020.06.08-22.50.07:064][  0]LogConfig: Setting CVar [[r.MinScreenRadiusForDepthPrepass:0.030000]]
[2020.06.08-22.50.07:064][  0]LogConfig: Setting CVar [[r.MinScreenRadiusForCSMDepth:0.010000]]
[2020.06.08-22.50.07:064][  0]LogConfig: Setting CVar [[r.PrecomputedVisibilityWarning:0]]
[2020.06.08-22.50.07:064][  0]LogConfig: Setting CVar [[r.TextureStreaming:1]]
[2020.06.08-22.50.07:064][  0]LogConfig: Setting CVar [[Compat.UseDXT5NormalMaps:0]]
[2020.06.08-22.50.07:064][  0]LogConfig: Setting CVar [[r.VirtualTextures:0]]
[2020.06.08-22.50.07:064][  0]LogConfig: Setting CVar [[r.VirtualTexturedLightmaps:0]]
[2020.06.08-22.50.07:064][  0]LogConfig: Setting CVar [[r.VT.TileSize:128]]
[2020.06.08-22.50.07:064][  0]LogConfig: Setting CVar [[r.VT.TileBorderSize:4]]
[2020.06.08-22.50.07:064][  0]LogConfig: Setting CVar [[r.vt.FeedbackFactor:16]]
[2020.06.08-22.50.07:064][  0]LogConfig: Setting CVar [[r.VT.EnableCompressZlib:1]]
[2020.06.08-22.50.07:064][  0]LogConfig: Setting CVar [[r.VT.EnableCompressCrunch:0]]
[2020.06.08-22.50.07:064][  0]LogConfig: Setting CVar [[r.ClearCoatNormal:0]]
[2020.06.08-22.50.07:064][  0]LogConfig: Setting CVar [[r.ReflectionCaptureResolution:128]]
[2020.06.08-22.50.07:064][  0]LogConfig: Setting CVar [[r.ReflectionEnvironmentLightmapMixBasedOnRoughness:1]]
[2020.06.08-22.50.07:064][  0]LogConfig: Setting CVar [[r.ForwardShading:0]]
[2020.06.08-22.50.07:064][  0]LogConfig: Setting CVar [[r.VertexFoggingForOpaque:1]]
[2020.06.08-22.50.07:064][  0]LogConfig: Setting CVar [[r.AllowStaticLighting:1]]
[2020.06.08-22.50.07:064][  0]LogConfig: Setting CVar [[r.NormalMapsForStaticLighting:0]]
[2020.06.08-22.50.07:064][  0]LogConfig: Setting CVar [[r.GenerateMeshDistanceFields:0]]
[2020.06.08-22.50.07:064][  0]LogConfig: Setting CVar [[r.DistanceFieldBuild.EightBit:0]]
[2020.06.08-22.50.07:064][  0]LogConfig: Setting CVar [[r.GenerateLandscapeGIData:0]]
[2020.06.08-22.50.07:064][  0]LogConfig: Setting CVar [[r.DistanceFieldBuild.Compress:0]]
[2020.06.08-22.50.07:064][  0]LogConfig: Setting CVar [[r.TessellationAdaptivePixelsPerTriangle:48.000000]]
[2020.06.08-22.50.07:064][  0]LogConfig: Setting CVar [[r.SeparateTranslucency:1]]
[2020.06.08-22.50.07:065][  0]LogConfig: Setting CVar [[r.TranslucentSortPolicy:0]]
[2020.06.08-22.50.07:065][  0]LogConfig: Setting CVar [[r.CustomDepth:1]]
[2020.06.08-22.50.07:065][  0]LogConfig: Setting CVar [[r.CustomDepthTemporalAAJitter:1]]
[2020.06.08-22.50.07:065][  0]LogConfig: Setting CVar [[r.PostProcessing.PropagateAlpha:0]]
[2020.06.08-22.50.07:065][  0]LogConfig: Setting CVar [[r.DefaultFeature.Bloom:1]]
[2020.06.08-22.50.07:065][  0]LogConfig: Setting CVar [[r.DefaultFeature.AmbientOcclusion:1]]
[2020.06.08-22.50.07:065][  0]LogConfig: Setting CVar [[r.DefaultFeature.AmbientOcclusionStaticFraction:1]]
[2020.06.08-22.50.07:065][  0]LogConfig: Setting CVar [[r.DefaultFeature.AutoExposure:1]]
[2020.06.08-22.50.07:065][  0]LogConfig: Setting CVar [[r.DefaultFeature.AutoExposure.Method:0]]
[2020.06.08-22.50.07:065][  0]LogConfig: Setting CVar [[r.DefaultFeature.AutoExposure.ExtendDefaultLuminanceRange:0]]
[2020.06.08-22.50.07:065][  0]LogConfig: Setting CVar [[r.UsePreExposure:1]]
[2020.06.08-22.50.07:065][  0]LogConfig: Setting CVar [[r.EyeAdaptation.EditorOnly:1]]
[2020.06.08-22.50.07:065][  0]LogConfig: Setting CVar [[r.DefaultFeature.MotionBlur:1]]
[2020.06.08-22.50.07:065][  0]LogConfig: Setting CVar [[r.DefaultFeature.LensFlare:0]]
[2020.06.08-22.50.07:065][  0]LogConfig: Setting CVar [[r.TemporalAA.Upsampling:0]]
[2020.06.08-22.50.07:065][  0]LogConfig: Setting CVar [[r.SSGI.Enable:0]]
[2020.06.08-22.50.07:065][  0]LogConfig: Setting CVar [[r.DefaultFeature.AntiAliasing:2]]
[2020.06.08-22.50.07:065][  0]LogConfig: Setting CVar [[r.DefaultFeature.LightUnits:1]]
[2020.06.08-22.50.07:065][  0]LogConfig: Setting CVar [[r.DefaultBackBufferPixelFormat:4]]
[2020.06.08-22.50.07:065][  0]LogConfig: Setting CVar [[r.Shadow.UnbuiltPreviewInGame:1]]
[2020.06.08-22.50.07:065][  0]LogConfig: Setting CVar [[r.StencilForLODDither:0]]
[2020.06.08-22.50.07:065][  0]LogConfig: Setting CVar [[r.EarlyZPass:3]]
[2020.06.08-22.50.07:065][  0]LogConfig: Setting CVar [[r.EarlyZPassOnlyMaterialMasking:0]]
[2020.06.08-22.50.07:065][  0]LogConfig: Setting CVar [[r.DBuffer:1]]
[2020.06.08-22.50.07:065][  0]LogConfig: Setting CVar [[r.ClearSceneMethod:1]]
[2020.06.08-22.50.07:065][  0]LogConfig: Setting CVar [[r.BasePassOutputsVelocity:0]]
[2020.06.08-22.50.07:065][  0]LogConfig: Setting CVar [[r.SelectiveBasePassOutputs:0]]
[2020.06.08-22.50.07:065][  0]LogConfig: Setting CVar [[fx.GPUSimulationTextureSizeX:1024]]
[2020.06.08-22.50.07:066][  0]LogConfig: Setting CVar [[fx.GPUSimulationTextureSizeY:1024]]
[2020.06.08-22.50.07:066][  0]LogConfig: Setting CVar [[r.AllowGlobalClipPlane:0]]
[2020.06.08-22.50.07:066][  0]LogConfig: Setting CVar [[r.GBufferFormat:1]]
[2020.06.08-22.50.07:066][  0]LogConfig: Setting CVar [[r.MorphTarget.Mode:1]]
[2020.06.08-22.50.07:066][  0]LogConfig: Setting CVar [[vr.InstancedStereo:0]]
[2020.06.08-22.50.07:066][  0]LogConfig: Setting CVar [[vr.MultiView:0]]
[2020.06.08-22.50.07:066][  0]LogConfig: Setting CVar [[vr.MobileMultiView:0]]
[2020.06.08-22.50.07:066][  0]LogConfig: Setting CVar [[vr.MobileMultiView.Direct:0]]
[2020.06.08-22.50.07:066][  0]LogConfig: Setting CVar [[vr.RoundRobinOcclusion:0]]
[2020.06.08-22.50.07:066][  0]LogConfig: Setting CVar [[vr.ODSCapture:0]]
[2020.06.08-22.50.07:066][  0]LogConfig: Setting CVar [[r.WireframeCullThreshold:5.000000]]
[2020.06.08-22.50.07:066][  0]LogConfig: Setting CVar [[r.RayTracing:0]]
[2020.06.08-22.50.07:066][  0]LogConfig: Setting CVar [[r.RayTracing.UseTextureLod:0]]
[2020.06.08-22.50.07:066][  0]LogConfig: Setting CVar [[r.SupportStationarySkylight:1]]
[2020.06.08-22.50.07:066][  0]LogConfig: Setting CVar [[r.SupportLowQualityLightmaps:1]]
[2020.06.08-22.50.07:066][  0]LogConfig: Setting CVar [[r.SupportPointLightWholeSceneShadows:1]]
[2020.06.08-22.50.07:066][  0]LogConfig: Setting CVar [[r.SupportAtmosphericFog:1]]
[2020.06.08-22.50.07:066][  0]LogConfig: Setting CVar [[r.SupportSkyAtmosphere:1]]
[2020.06.08-22.50.07:066][  0]LogConfig: Setting CVar [[r.SupportSkyAtmosphereAffectsHeightFog:0]]
[2020.06.08-22.50.07:066][  0]LogConfig: Setting CVar [[r.SkinCache.CompileShaders:0]]
[2020.06.08-22.50.07:066][  0]LogConfig: Setting CVar [[r.Mobile.EnableStaticAndCSMShadowReceivers:1]]
[2020.06.08-22.50.07:066][  0]LogConfig: Setting CVar [[r.Mobile.EnableMovableLightCSMShaderCulling:1]]
[2020.06.08-22.50.07:066][  0]LogConfig: Setting CVar [[r.Mobile.AllowDistanceFieldShadows:1]]
[2020.06.08-22.50.07:066][  0]LogConfig: Setting CVar [[r.Mobile.AllowMovableDirectionalLights:1]]
[2020.06.08-22.50.07:066][  0]LogConfig: Setting CVar [[r.MobileNumDynamicPointLights:4]]
[2020.06.08-22.50.07:066][  0]LogConfig: Setting CVar [[r.MobileDynamicPointLightsUseStaticBranch:1]]
[2020.06.08-22.50.07:066][  0]LogConfig: Setting CVar [[r.Mobile.EnableMovableSpotlights:0]]
[2020.06.08-22.50.07:066][  0]LogConfig: Setting CVar [[r.SkinCache.SceneMemoryLimitInMB:128.000000]]
[2020.06.08-22.50.07:066][  0]LogConfig: Setting CVar [[r.GPUSkin.Limit2BoneInfluences:0]]
[2020.06.08-22.50.07:066][  0]LogConfig: Setting CVar [[r.SupportDepthOnlyIndexBuffers:1]]
[2020.06.08-22.50.07:066][  0]LogConfig: Setting CVar [[r.SupportReversedIndexBuffers:1]]
[2020.06.08-22.50.07:066][  0]LogConfig: Setting CVar [[r.SupportMaterialLayers:0]]
[2020.06.08-22.50.07:066][  0]LogConfig: Setting CVar [[r.LightPropagationVolume:0]]
[2020.06.08-22.50.07:066][  0]LogConfig: Applying CVar settings from Section [/Script/Engine.RendererOverrideSettings] File [C:/Users/Daniel Soto/Desktop/Inferno's Revenge/UnrealEngine_Games/Unreal Proyect/MyProject/Saved/Config/Windows/Engine.ini]
[2020.06.08-22.50.07:066][  0]LogConfig: Applying CVar settings from Section [/Script/Engine.StreamingSettings] File [C:/Users/Daniel Soto/Desktop/Inferno's Revenge/UnrealEngine_Games/Unreal Proyect/MyProject/Saved/Config/Windows/Engine.ini]
[2020.06.08-22.50.07:066][  0]LogConfig: Setting CVar [[s.MinBulkDataSizeForAsyncLoading:131072]]
[2020.06.08-22.50.07:066][  0]LogConfig: Setting CVar [[s.AsyncLoadingThreadEnabled:0]]
[2020.06.08-22.50.07:066][  0]LogConfig: Setting CVar [[s.EventDrivenLoaderEnabled:1]]
[2020.06.08-22.50.07:066][  0]LogConfig: Setting CVar [[s.WarnIfTimeLimitExceeded:0]]
[2020.06.08-22.50.07:066][  0]LogConfig: Setting CVar [[s.TimeLimitExceededMultiplier:1.5]]
[2020.06.08-22.50.07:067][  0]LogConfig: Setting CVar [[s.TimeLimitExceededMinTime:0.005]]
[2020.06.08-22.50.07:067][  0]LogConfig: Setting CVar [[s.UseBackgroundLevelStreaming:1]]
[2020.06.08-22.50.07:067][  0]LogConfig: Setting CVar [[s.PriorityAsyncLoadingExtraTime:15.0]]
[2020.06.08-22.50.07:067][  0]LogConfig: Setting CVar [[s.LevelStreamingActorsUpdateTimeLimit:5.0]]
[2020.06.08-22.50.07:067][  0]LogConfig: Setting CVar [[s.PriorityLevelStreamingActorsUpdateExtraTime:5.0]]
[2020.06.08-22.50.07:067][  0]LogConfig: Setting CVar [[s.LevelStreamingComponentsRegistrationGranularity:10]]
[2020.06.08-22.50.07:067][  0]LogConfig: Setting CVar [[s.UnregisterComponentsTimeLimit:1.0]]
[2020.06.08-22.50.07:067][  0]LogConfig: Setting CVar [[s.LevelStreamingComponentsUnregistrationGranularity:5]]
[2020.06.08-22.50.07:067][  0]LogConfig: Setting CVar [[s.FlushStreamingOnExit:1]]
[2020.06.08-22.50.07:067][  0]LogConfig: Applying CVar settings from Section [/Script/Engine.GarbageCollectionSettings] File [C:/Users/Daniel Soto/Desktop/Inferno's Revenge/UnrealEngine_Games/Unreal Proyect/MyProject/Saved/Config/Windows/Engine.ini]
[2020.06.08-22.50.07:067][  0]LogConfig: Setting CVar [[gc.MaxObjectsNotConsideredByGC:1]]
[2020.06.08-22.50.07:067][  0]LogConfig: Setting CVar [[gc.SizeOfPermanentObjectPool:0]]
[2020.06.08-22.50.07:067][  0]LogConfig: Setting CVar [[gc.FlushStreamingOnGC:0]]
[2020.06.08-22.50.07:067][  0]LogConfig: Setting CVar [[gc.NumRetriesBeforeForcingGC:10]]
[2020.06.08-22.50.07:067][  0]LogConfig: Setting CVar [[gc.AllowParallelGC:1]]
[2020.06.08-22.50.07:067][  0]LogConfig: Setting CVar [[gc.TimeBetweenPurgingPendingKillObjects:61.1]]
[2020.06.08-22.50.07:067][  0]LogConfig: Setting CVar [[gc.MaxObjectsInEditor:25165824]]
[2020.06.08-22.50.07:067][  0]LogConfig: Setting CVar [[gc.IncrementalBeginDestroyEnabled:1]]
[2020.06.08-22.50.07:067][  0]LogConfig: Setting CVar [[gc.CreateGCClusters:1]]
[2020.06.08-22.50.07:067][  0]LogConfig: Setting CVar [[gc.MinGCClusterSize:5]]
[2020.06.08-22.50.07:067][  0]LogConfig: Setting CVar [[gc.ActorClusteringEnabled:0]]
[2020.06.08-22.50.07:067][  0]LogConfig: Setting CVar [[gc.BlueprintClusteringEnabled:0]]
[2020.06.08-22.50.07:067][  0]LogConfig: Setting CVar [[gc.UseDisregardForGCOnDedicatedServers:0]]
[2020.06.08-22.50.07:067][  0]LogConfig: Applying CVar settings from Section [/Script/Engine.NetworkSettings] File [C:/Users/Daniel Soto/Desktop/Inferno's Revenge/UnrealEngine_Games/Unreal Proyect/MyProject/Saved/Config/Windows/Engine.ini]
[2020.06.08-22.50.07:067][  0]LogConfig: Applying CVar settings from Section [/Script/UnrealEd.CookerSettings] File [C:/Users/Daniel Soto/Desktop/Inferno's Revenge/UnrealEngine_Games/Unreal Proyect/MyProject/Saved/Config/Windows/Engine.ini]
[2020.06.08-22.50.07:074][  0]LogConfig: Applying CVar settings from Section [ViewDistanceQuality@3] File [C:/Users/Daniel Soto/Desktop/Inferno's Revenge/UnrealEngine_Games/Unreal Proyect/MyProject/Saved/Config/Windows/Scalability.ini]
[2020.06.08-22.50.07:074][  0]LogConfig: Setting CVar [[r.SkeletalMeshLODBias:0]]
[2020.06.08-22.50.07:074][  0]LogConfig: Setting CVar [[r.ViewDistanceScale:1.0]]
[2020.06.08-22.50.07:074][  0]LogConfig: Applying CVar settings from Section [AntiAliasingQuality@3] File [C:/Users/Daniel Soto/Desktop/Inferno's Revenge/UnrealEngine_Games/Unreal Proyect/MyProject/Saved/Config/Windows/Scalability.ini]
[2020.06.08-22.50.07:074][  0]LogConfig: Setting CVar [[r.PostProcessAAQuality:4]]
[2020.06.08-22.50.07:074][  0]LogConfig: Applying CVar settings from Section [ShadowQuality@3] File [C:/Users/Daniel Soto/Desktop/Inferno's Revenge/UnrealEngine_Games/Unreal Proyect/MyProject/Saved/Config/Windows/Scalability.ini]
[2020.06.08-22.50.07:074][  0]LogConfig: Setting CVar [[r.LightFunctionQuality:1]]
[2020.06.08-22.50.07:074][  0]LogConfig: Setting CVar [[r.ShadowQuality:5]]
[2020.06.08-22.50.07:074][  0]LogConfig: Setting CVar [[r.Shadow.CSM.MaxCascades:10]]
[2020.06.08-22.50.07:074][  0]LogConfig: Setting CVar [[r.Shadow.MaxResolution:2048]]
[2020.06.08-22.50.07:074][  0]LogConfig: Setting CVar [[r.Shadow.MaxCSMResolution:2048]]
[2020.06.08-22.50.07:074][  0]LogConfig: Setting CVar [[r.Shadow.RadiusThreshold:0.01]]
[2020.06.08-22.50.07:074][  0]LogConfig: Setting CVar [[r.Shadow.DistanceScale:1.0]]
[2020.06.08-22.50.07:074][  0]LogConfig: Setting CVar [[r.Shadow.CSM.TransitionScale:1.0]]
[2020.06.08-22.50.07:074][  0]LogConfig: Setting CVar [[r.Shadow.PreShadowResolutionFactor:1.0]]
[2020.06.08-22.50.07:074][  0]LogConfig: Setting CVar [[r.DistanceFieldShadowing:1]]
[2020.06.08-22.50.07:074][  0]LogConfig: Setting CVar [[r.DistanceFieldAO:1]]
[2020.06.08-22.50.07:074][  0]LogConfig: Setting CVar [[r.AOQuality:2]]
[2020.06.08-22.50.07:074][  0]LogConfig: Setting CVar [[r.VolumetricFog:1]]
[2020.06.08-22.50.07:074][  0]LogConfig: Setting CVar [[r.VolumetricFog.GridPixelSize:8]]
[2020.06.08-22.50.07:075][  0]LogConfig: Setting CVar [[r.VolumetricFog.GridSizeZ:128]]
[2020.06.08-22.50.07:075][  0]LogConfig: Setting CVar [[r.VolumetricFog.HistoryMissSupersampleCount:4]]
[2020.06.08-22.50.07:075][  0]LogConfig: Setting CVar [[r.LightMaxDrawDistanceScale:1]]
[2020.06.08-22.50.07:075][  0]LogConfig: Setting CVar [[r.CapsuleShadows:1]]
[2020.06.08-22.50.07:075][  0]LogConfig: Applying CVar settings from Section [PostProcessQuality@3] File [C:/Users/Daniel Soto/Desktop/Inferno's Revenge/UnrealEngine_Games/Unreal Proyect/MyProject/Saved/Config/Windows/Scalability.ini]
[2020.06.08-22.50.07:075][  0]LogConfig: Setting CVar [[r.MotionBlurQuality:4]]
[2020.06.08-22.50.07:075][  0]LogConfig: Setting CVar [[r.AmbientOcclusionMipLevelFactor:0.4]]
[2020.06.08-22.50.07:075][  0]LogConfig: Setting CVar [[r.AmbientOcclusionMaxQuality:100]]
[2020.06.08-22.50.07:075][  0]LogConfig: Setting CVar [[r.AmbientOcclusionLevels:-1]]
[2020.06.08-22.50.07:075][  0]LogConfig: Setting CVar [[r.AmbientOcclusionRadiusScale:1.0]]
[2020.06.08-22.50.07:075][  0]LogConfig: Setting CVar [[r.DepthOfFieldQuality:2]]
[2020.06.08-22.50.07:075][  0]LogConfig: Setting CVar [[r.RenderTargetPoolMin:400]]
[2020.06.08-22.50.07:075][  0]LogConfig: Setting CVar [[r.LensFlareQuality:2]]
[2020.06.08-22.50.07:075][  0]LogConfig: Setting CVar [[r.SceneColorFringeQuality:1]]
[2020.06.08-22.50.07:075][  0]LogConfig: Setting CVar [[r.EyeAdaptationQuality:2]]
[2020.06.08-22.50.07:075][  0]LogConfig: Setting CVar [[r.BloomQuality:5]]
[2020.06.08-22.50.07:075][  0]LogConfig: Setting CVar [[r.FastBlurThreshold:100]]
[2020.06.08-22.50.07:075][  0]LogConfig: Setting CVar [[r.Upscale.Quality:3]]
[2020.06.08-22.50.07:075][  0]LogConfig: Setting CVar [[r.Tonemapper.GrainQuantization:1]]
[2020.06.08-22.50.07:075][  0]LogConfig: Setting CVar [[r.LightShaftQuality:1]]
[2020.06.08-22.50.07:075][  0]LogConfig: Setting CVar [[r.Filter.SizeScale:1]]
[2020.06.08-22.50.07:075][  0]LogConfig: Setting CVar [[r.Tonemapper.Quality:5]]
[2020.06.08-22.50.07:075][  0]LogConfig: Setting CVar [[r.DOF.Gather.AccumulatorQuality:1        ; higher gathering accumulator quality]]
[2020.06.08-22.50.07:075][  0]LogConfig: Setting CVar [[r.DOF.Gather.PostfilterMethod:1          ; Median3x3 postfilering method]]
[2020.06.08-22.50.07:075][  0]LogConfig: Setting CVar [[r.DOF.Gather.EnableBokehSettings:0       ; no bokeh simulation when gathering]]
[2020.06.08-22.50.07:075][  0]LogConfig: Setting CVar [[r.DOF.Gather.RingCount:4                 ; medium number of samples when gathering]]
[2020.06.08-22.50.07:075][  0]LogConfig: Setting CVar [[r.DOF.Scatter.ForegroundCompositing:1    ; additive foreground scattering]]
[2020.06.08-22.50.07:075][  0]LogConfig: Setting CVar [[r.DOF.Scatter.BackgroundCompositing:2    ; additive background scattering]]
[2020.06.08-22.50.07:076][  0]LogConfig: Setting CVar [[r.DOF.Scatter.EnableBokehSettings:1      ; bokeh simulation when scattering]]
[2020.06.08-22.50.07:076][  0]LogConfig: Setting CVar [[r.DOF.Scatter.MaxSpriteRatio:0.1         ; only a maximum of 10% of scattered bokeh]]
[2020.06.08-22.50.07:076][  0]LogConfig: Setting CVar [[r.DOF.Recombine.Quality:1                ; cheap slight out of focus]]
[2020.06.08-22.50.07:076][  0]LogConfig: Setting CVar [[r.DOF.Recombine.EnableBokehSettings:0    ; no bokeh simulation on slight out of focus]]
[2020.06.08-22.50.07:076][  0]LogConfig: Setting CVar [[r.DOF.TemporalAAQuality:1                ; more stable temporal accumulation]]
[2020.06.08-22.50.07:076][  0]LogConfig: Setting CVar [[r.DOF.Kernel.MaxForegroundRadius:0.025]]
[2020.06.08-22.50.07:076][  0]LogConfig: Setting CVar [[r.DOF.Kernel.MaxBackgroundRadius:0.025]]
[2020.06.08-22.50.07:076][  0]LogConfig: Applying CVar settings from Section [TextureQuality@3] File [C:/Users/Daniel Soto/Desktop/Inferno's Revenge/UnrealEngine_Games/Unreal Proyect/MyProject/Saved/Config/Windows/Scalability.ini]
[2020.06.08-22.50.07:076][  0]LogConfig: Setting CVar [[r.Streaming.MipBias:0]]
[2020.06.08-22.50.07:076][  0]LogConfig: Setting CVar [[r.Streaming.AmortizeCPUToGPUCopy:0]]
[2020.06.08-22.50.07:076][  0]LogConfig: Setting CVar [[r.Streaming.MaxNumTexturesToStreamPerFrame:0]]
[2020.06.08-22.50.07:076][  0]LogConfig: Setting CVar [[r.Streaming.Boost:1]]
[2020.06.08-22.50.07:076][  0]LogConfig: Setting CVar [[r.MaxAnisotropy:8]]
[2020.06.08-22.50.07:076][  0]LogConfig: Setting CVar [[r.VT.MaxAnisotropy:8]]
[2020.06.08-22.50.07:076][  0]LogConfig: Setting CVar [[r.Streaming.LimitPoolSizeToVRAM:0]]
[2020.06.08-22.50.07:076][  0]LogConfig: Setting CVar [[r.Streaming.PoolSize:1000]]
[2020.06.08-22.50.07:076][  0]LogConfig: Setting CVar [[r.Streaming.MaxEffectiveScreenSize:0]]
[2020.06.08-22.50.07:076][  0]LogConfig: Applying CVar settings from Section [EffectsQuality@3] File [C:/Users/Daniel Soto/Desktop/Inferno's Revenge/UnrealEngine_Games/Unreal Proyect/MyProject/Saved/Config/Windows/Scalability.ini]
[2020.06.08-22.50.07:076][  0]LogConfig: Setting CVar [[r.TranslucencyLightingVolumeDim:64]]
[2020.06.08-22.50.07:076][  0]LogConfig: Setting CVar [[r.RefractionQuality:2]]
[2020.06.08-22.50.07:076][  0]LogConfig: Setting CVar [[r.SSR.Quality:3]]
[2020.06.08-22.50.07:076][  0]LogConfig: Setting CVar [[r.SSR.HalfResSceneColor:0]]
[2020.06.08-22.50.07:076][  0]LogConfig: Setting CVar [[r.SceneColorFormat:4]]
[2020.06.08-22.50.07:076][  0]LogConfig: Setting CVar [[r.DetailMode:2]]
[2020.06.08-22.50.07:076][  0]LogConfig: Setting CVar [[r.TranslucencyVolumeBlur:1]]
[2020.06.08-22.50.07:076][  0]LogConfig: Setting CVar [[r.MaterialQualityLevel:1 ; High quality]]
[2020.06.08-22.50.07:076][  0]LogConfig: Setting CVar [[r.SSS.Scale:1]]
[2020.06.08-22.50.07:076][  0]LogConfig: Setting CVar [[r.SSS.SampleSet:2]]
[2020.06.08-22.50.07:076][  0]LogConfig: Setting CVar [[r.SSS.Quality:1]]
[2020.06.08-22.50.07:077][  0]LogConfig: Setting CVar [[r.SSS.HalfRes:1]]
[2020.06.08-22.50.07:077][  0]LogConfig: Setting CVar [[r.SSGI.Quality:3]]
[2020.06.08-22.50.07:077][  0]LogConfig: Setting CVar [[r.EmitterSpawnRateScale:1.0]]
[2020.06.08-22.50.07:077][  0]LogConfig: Setting CVar [[r.ParticleLightQuality:2]]
[2020.06.08-22.50.07:077][  0]LogConfig: Setting CVar [[r.SkyAtmosphere.AerialPerspectiveLUT.FastApplyOnOpaque:1 ; Always have FastSkyLUT 1 in this case to avoid wrong sky]]
[2020.06.08-22.50.07:077][  0]LogConfig: Setting CVar [[r.SkyAtmosphere.AerialPerspectiveLUT.SampleCountPerSlice:1]]
[2020.06.08-22.50.07:077][  0]LogConfig: Setting CVar [[r.SkyAtmosphere.AerialPerspectiveLUT.DepthResolution:16.0]]
[2020.06.08-22.50.07:077][  0]LogConfig: Setting CVar [[r.SkyAtmosphere.FastSkyLUT:1]]
[2020.06.08-22.50.07:077][  0]LogConfig: Setting CVar [[r.SkyAtmosphere.FastSkyLUT.SampleCountMin:4.0]]
[2020.06.08-22.50.07:077][  0]LogConfig: Setting CVar [[r.SkyAtmosphere.FastSkyLUT.SampleCountMax:32.0]]
[2020.06.08-22.50.07:077][  0]LogConfig: Setting CVar [[r.SkyAtmosphere.SampleCountMin:4.0]]
[2020.06.08-22.50.07:077][  0]LogConfig: Setting CVar [[r.SkyAtmosphere.SampleCountMax:32.0]]
[2020.06.08-22.50.07:077][  0]LogConfig: Setting CVar [[r.SkyAtmosphere.TransmittanceLUT.UseSmallFormat:0]]
[2020.06.08-22.50.07:077][  0]LogConfig: Setting CVar [[r.SkyAtmosphere.TransmittanceLUT.SampleCount:10.0]]
[2020.06.08-22.50.07:077][  0]LogConfig: Setting CVar [[r.SkyAtmosphere.MultiScatteringLUT.SampleCount:15.0]]
[2020.06.08-22.50.07:077][  0]LogConfig: Applying CVar settings from Section [FoliageQuality@3] File [C:/Users/Daniel Soto/Desktop/Inferno's Revenge/UnrealEngine_Games/Unreal Proyect/MyProject/Saved/Config/Windows/Scalability.ini]
[2020.06.08-22.50.07:077][  0]LogConfig: Setting CVar [[foliage.DensityScale:1.0]]
[2020.06.08-22.50.07:077][  0]LogConfig: Setting CVar [[grass.DensityScale:1.0]]
[2020.06.08-22.50.07:077][  0]LogConfig: Applying CVar settings from Section [ShadingQuality@3] File [C:/Users/Daniel Soto/Desktop/Inferno's Revenge/UnrealEngine_Games/Unreal Proyect/MyProject/Saved/Config/Windows/Scalability.ini]
[2020.06.08-22.50.07:077][  0]LogConfig: Setting CVar [[r.HairStrands.SkyLighting.SampleCount:16]]
[2020.06.08-22.50.07:077][  0]LogConfig: Setting CVar [[r.HairStrands.SkyLighting.JitterIntegration:0]]
[2020.06.08-22.50.07:077][  0]LogConfig: Setting CVar [[r.HairStrands.SkyAO.SampleCount:16]]
[2020.06.08-22.50.07:077][  0]LogInit: Selected Device Profile: [Windows]
[2020.06.08-22.50.07:077][  0]LogInit: Applying CVar settings loaded from the selected device profile: [Windows]
[2020.06.08-22.50.07:084][  0]LogHAL: Display: Platform has ~ 11 GB [11706908672 / 17179869184 / 11], which maps to Default [LargestMinGB=32, LargerMinGB=12, DefaultMinGB=8, SmallerMinGB=6, SmallestMinGB=0)
[2020.06.08-22.50.07:084][  0]LogInit: Going up to parent DeviceProfile []
[2020.06.08-22.50.07:085][  0]LogConfig: Applying CVar settings from Section [ViewDistanceQuality@3] File [C:/Users/Daniel Soto/Desktop/Inferno's Revenge/UnrealEngine_Games/Unreal Proyect/MyProject/Saved/Config/Windows/Scalability.ini]
[2020.06.08-22.50.07:085][  0]LogConfig: Setting CVar [[r.SkeletalMeshLODBias:0]]
[2020.06.08-22.50.07:085][  0]LogConfig: Setting CVar [[r.ViewDistanceScale:1.0]]
[2020.06.08-22.50.07:085][  0]LogConfig: Applying CVar settings from Section [AntiAliasingQuality@3] File [C:/Users/Daniel Soto/Desktop/Inferno's Revenge/UnrealEngine_Games/Unreal Proyect/MyProject/Saved/Config/Windows/Scalability.ini]
[2020.06.08-22.50.07:085][  0]LogConfig: Setting CVar [[r.PostProcessAAQuality:4]]
[2020.06.08-22.50.07:085][  0]LogConfig: Applying CVar settings from Section [ShadowQuality@3] File [C:/Users/Daniel Soto/Desktop/Inferno's Revenge/UnrealEngine_Games/Unreal Proyect/MyProject/Saved/Config/Windows/Scalability.ini]
[2020.06.08-22.50.07:085][  0]LogConfig: Setting CVar [[r.LightFunctionQuality:1]]
[2020.06.08-22.50.07:085][  0]LogConfig: Setting CVar [[r.ShadowQuality:5]]
[2020.06.08-22.50.07:085][  0]LogConfig: Setting CVar [[r.Shadow.CSM.MaxCascades:10]]
[2020.06.08-22.50.07:085][  0]LogConfig: Setting CVar [[r.Shadow.MaxResolution:2048]]
[2020.06.08-22.50.07:085][  0]LogConfig: Setting CVar [[r.Shadow.MaxCSMResolution:2048]]
[2020.06.08-22.50.07:085][  0]LogConfig: Setting CVar [[r.Shadow.RadiusThreshold:0.01]]
[2020.06.08-22.50.07:085][  0]LogConfig: Setting CVar [[r.Shadow.DistanceScale:1.0]]
[2020.06.08-22.50.07:085][  0]LogConfig: Setting CVar [[r.Shadow.CSM.TransitionScale:1.0]]
[2020.06.08-22.50.07:085][  0]LogConfig: Setting CVar [[r.Shadow.PreShadowResolutionFactor:1.0]]
[2020.06.08-22.50.07:085][  0]LogConfig: Setting CVar [[r.DistanceFieldShadowing:1]]
[2020.06.08-22.50.07:085][  0]LogConfig: Setting CVar [[r.DistanceFieldAO:1]]
[2020.06.08-22.50.07:085][  0]LogConfig: Setting CVar [[r.AOQuality:2]]
[2020.06.08-22.50.07:085][  0]LogConfig: Setting CVar [[r.VolumetricFog:1]]
[2020.06.08-22.50.07:085][  0]LogConfig: Setting CVar [[r.VolumetricFog.GridPixelSize:8]]
[2020.06.08-22.50.07:085][  0]LogConfig: Setting CVar [[r.VolumetricFog.GridSizeZ:128]]
[2020.06.08-22.50.07:085][  0]LogConfig: Setting CVar [[r.VolumetricFog.HistoryMissSupersampleCount:4]]
[2020.06.08-22.50.07:085][  0]LogConfig: Setting CVar [[r.LightMaxDrawDistanceScale:1]]
[2020.06.08-22.50.07:085][  0]LogConfig: Setting CVar [[r.CapsuleShadows:1]]
[2020.06.08-22.50.07:085][  0]LogConfig: Applying CVar settings from Section [PostProcessQuality@3] File [C:/Users/Daniel Soto/Desktop/Inferno's Revenge/UnrealEngine_Games/Unreal Proyect/MyProject/Saved/Config/Windows/Scalability.ini]
[2020.06.08-22.50.07:085][  0]LogConfig: Setting CVar [[r.MotionBlurQuality:4]]
[2020.06.08-22.50.07:085][  0]LogConfig: Setting CVar [[r.AmbientOcclusionMipLevelFactor:0.4]]
[2020.06.08-22.50.07:085][  0]LogConfig: Setting CVar [[r.AmbientOcclusionMaxQuality:100]]
[2020.06.08-22.50.07:085][  0]LogConfig: Setting CVar [[r.AmbientOcclusionLevels:-1]]
[2020.06.08-22.50.07:086][  0]LogConfig: Setting CVar [[r.AmbientOcclusionRadiusScale:1.0]]
[2020.06.08-22.50.07:086][  0]LogConfig: Setting CVar [[r.DepthOfFieldQuality:2]]
[2020.06.08-22.50.07:086][  0]LogConfig: Setting CVar [[r.RenderTargetPoolMin:400]]
[2020.06.08-22.50.07:086][  0]LogConfig: Setting CVar [[r.LensFlareQuality:2]]
[2020.06.08-22.50.07:086][  0]LogConfig: Setting CVar [[r.SceneColorFringeQuality:1]]
[2020.06.08-22.50.07:086][  0]LogConfig: Setting CVar [[r.EyeAdaptationQuality:2]]
[2020.06.08-22.50.07:086][  0]LogConfig: Setting CVar [[r.BloomQuality:5]]
[2020.06.08-22.50.07:086][  0]LogConfig: Setting CVar [[r.FastBlurThreshold:100]]
[2020.06.08-22.50.07:086][  0]LogConfig: Setting CVar [[r.Upscale.Quality:3]]
[2020.06.08-22.50.07:086][  0]LogConfig: Setting CVar [[r.Tonemapper.GrainQuantization:1]]
[2020.06.08-22.50.07:086][  0]LogConfig: Setting CVar [[r.LightShaftQuality:1]]
[2020.06.08-22.50.07:086][  0]LogConfig: Setting CVar [[r.Filter.SizeScale:1]]
[2020.06.08-22.50.07:086][  0]LogConfig: Setting CVar [[r.Tonemapper.Quality:5]]
[2020.06.08-22.50.07:086][  0]LogConfig: Setting CVar [[r.DOF.Gather.AccumulatorQuality:1        ; higher gathering accumulator quality]]
[2020.06.08-22.50.07:086][  0]LogConfig: Setting CVar [[r.DOF.Gather.PostfilterMethod:1          ; Median3x3 postfilering method]]
[2020.06.08-22.50.07:086][  0]LogConfig: Setting CVar [[r.DOF.Gather.EnableBokehSettings:0       ; no bokeh simulation when gathering]]
[2020.06.08-22.50.07:086][  0]LogConfig: Setting CVar [[r.DOF.Gather.RingCount:4                 ; medium number of samples when gathering]]
[2020.06.08-22.50.07:086][  0]LogConfig: Setting CVar [[r.DOF.Scatter.ForegroundCompositing:1    ; additive foreground scattering]]
[2020.06.08-22.50.07:086][  0]LogConfig: Setting CVar [[r.DOF.Scatter.BackgroundCompositing:2    ; additive background scattering]]
[2020.06.08-22.50.07:086][  0]LogConfig: Setting CVar [[r.DOF.Scatter.EnableBokehSettings:1      ; bokeh simulation when scattering]]
[2020.06.08-22.50.07:086][  0]LogConfig: Setting CVar [[r.DOF.Scatter.MaxSpriteRatio:0.1         ; only a maximum of 10% of scattered bokeh]]
[2020.06.08-22.50.07:086][  0]LogConfig: Setting CVar [[r.DOF.Recombine.Quality:1                ; cheap slight out of focus]]
[2020.06.08-22.50.07:086][  0]LogConfig: Setting CVar [[r.DOF.Recombine.EnableBokehSettings:0    ; no bokeh simulation on slight out of focus]]
[2020.06.08-22.50.07:086][  0]LogConfig: Setting CVar [[r.DOF.TemporalAAQuality:1                ; more stable temporal accumulation]]
[2020.06.08-22.50.07:086][  0]LogConfig: Setting CVar [[r.DOF.Kernel.MaxForegroundRadius:0.025]]
[2020.06.08-22.50.07:086][  0]LogConfig: Setting CVar [[r.DOF.Kernel.MaxBackgroundRadius:0.025]]
[2020.06.08-22.50.07:086][  0]LogConfig: Applying CVar settings from Section [TextureQuality@3] File [C:/Users/Daniel Soto/Desktop/Inferno's Revenge/UnrealEngine_Games/Unreal Proyect/MyProject/Saved/Config/Windows/Scalability.ini]
[2020.06.08-22.50.07:086][  0]LogConfig: Setting CVar [[r.Streaming.MipBias:0]]
[2020.06.08-22.50.07:086][  0]LogConfig: Setting CVar [[r.Streaming.AmortizeCPUToGPUCopy:0]]
[2020.06.08-22.50.07:086][  0]LogConfig: Setting CVar [[r.Streaming.MaxNumTexturesToStreamPerFrame:0]]
[2020.06.08-22.50.07:086][  0]LogConfig: Setting CVar [[r.Streaming.Boost:1]]
[2020.06.08-22.50.07:086][  0]LogConfig: Setting CVar [[r.MaxAnisotropy:8]]
[2020.06.08-22.50.07:086][  0]LogConfig: Setting CVar [[r.VT.MaxAnisotropy:8]]
[2020.06.08-22.50.07:087][  0]LogConfig: Setting CVar [[r.Streaming.LimitPoolSizeToVRAM:0]]
[2020.06.08-22.50.07:087][  0]LogConfig: Setting CVar [[r.Streaming.PoolSize:1000]]
[2020.06.08-22.50.07:087][  0]LogConfig: Setting CVar [[r.Streaming.MaxEffectiveScreenSize:0]]
[2020.06.08-22.50.07:087][  0]LogConfig: Applying CVar settings from Section [EffectsQuality@3] File [C:/Users/Daniel Soto/Desktop/Inferno's Revenge/UnrealEngine_Games/Unreal Proyect/MyProject/Saved/Config/Windows/Scalability.ini]
[2020.06.08-22.50.07:087][  0]LogConfig: Setting CVar [[r.TranslucencyLightingVolumeDim:64]]
[2020.06.08-22.50.07:087][  0]LogConfig: Setting CVar [[r.RefractionQuality:2]]
[2020.06.08-22.50.07:087][  0]LogConfig: Setting CVar [[r.SSR.Quality:3]]
[2020.06.08-22.50.07:087][  0]LogConfig: Setting CVar [[r.SSR.HalfResSceneColor:0]]
[2020.06.08-22.50.07:087][  0]LogConfig: Setting CVar [[r.SceneColorFormat:4]]
[2020.06.08-22.50.07:087][  0]LogConfig: Setting CVar [[r.DetailMode:2]]
[2020.06.08-22.50.07:087][  0]LogConfig: Setting CVar [[r.TranslucencyVolumeBlur:1]]
[2020.06.08-22.50.07:087][  0]LogConfig: Setting CVar [[r.MaterialQualityLevel:1 ; High quality]]
[2020.06.08-22.50.07:087][  0]LogConfig: Setting CVar [[r.SSS.Scale:1]]
[2020.06.08-22.50.07:087][  0]LogConfig: Setting CVar [[r.SSS.SampleSet:2]]
[2020.06.08-22.50.07:087][  0]LogConfig: Setting CVar [[r.SSS.Quality:1]]
[2020.06.08-22.50.07:087][  0]LogConfig: Setting CVar [[r.SSS.HalfRes:1]]
[2020.06.08-22.50.07:087][  0]LogConfig: Setting CVar [[r.SSGI.Quality:3]]
[2020.06.08-22.50.07:087][  0]LogConfig: Setting CVar [[r.EmitterSpawnRateScale:1.0]]
[2020.06.08-22.50.07:087][  0]LogConfig: Setting CVar [[r.ParticleLightQuality:2]]
[2020.06.08-22.50.07:087][  0]LogConfig: Setting CVar [[r.SkyAtmosphere.AerialPerspectiveLUT.FastApplyOnOpaque:1 ; Always have FastSkyLUT 1 in this case to avoid wrong sky]]
[2020.06.08-22.50.07:087][  0]LogConfig: Setting CVar [[r.SkyAtmosphere.AerialPerspectiveLUT.SampleCountPerSlice:1]]
[2020.06.08-22.50.07:087][  0]LogConfig: Setting CVar [[r.SkyAtmosphere.AerialPerspectiveLUT.DepthResolution:16.0]]
[2020.06.08-22.50.07:087][  0]LogConfig: Setting CVar [[r.SkyAtmosphere.FastSkyLUT:1]]
[2020.06.08-22.50.07:087][  0]LogConfig: Setting CVar [[r.SkyAtmosphere.FastSkyLUT.SampleCountMin:4.0]]
[2020.06.08-22.50.07:087][  0]LogConfig: Setting CVar [[r.SkyAtmosphere.FastSkyLUT.SampleCountMax:32.0]]
[2020.06.08-22.50.07:087][  0]LogConfig: Setting CVar [[r.SkyAtmosphere.SampleCountMin:4.0]]
[2020.06.08-22.50.07:087][  0]LogConfig: Setting CVar [[r.SkyAtmosphere.SampleCountMax:32.0]]
[2020.06.08-22.50.07:087][  0]LogConfig: Setting CVar [[r.SkyAtmosphere.TransmittanceLUT.UseSmallFormat:0]]
[2020.06.08-22.50.07:087][  0]LogConfig: Setting CVar [[r.SkyAtmosphere.TransmittanceLUT.SampleCount:10.0]]
[2020.06.08-22.50.07:087][  0]LogConfig: Setting CVar [[r.SkyAtmosphere.MultiScatteringLUT.SampleCount:15.0]]
[2020.06.08-22.50.07:088][  0]LogConfig: Applying CVar settings from Section [FoliageQuality@3] File [C:/Users/Daniel Soto/Desktop/Inferno's Revenge/UnrealEngine_Games/Unreal Proyect/MyProject/Saved/Config/Windows/Scalability.ini]
[2020.06.08-22.50.07:088][  0]LogConfig: Setting CVar [[foliage.DensityScale:1.0]]
[2020.06.08-22.50.07:088][  0]LogConfig: Setting CVar [[grass.DensityScale:1.0]]
[2020.06.08-22.50.07:088][  0]LogConfig: Applying CVar settings from Section [ShadingQuality@3] File [C:/Users/Daniel Soto/Desktop/Inferno's Revenge/UnrealEngine_Games/Unreal Proyect/MyProject/Saved/Config/Windows/Scalability.ini]
[2020.06.08-22.50.07:088][  0]LogConfig: Setting CVar [[r.HairStrands.SkyLighting.SampleCount:16]]
[2020.06.08-22.50.07:088][  0]LogConfig: Setting CVar [[r.HairStrands.SkyLighting.JitterIntegration:0]]
[2020.06.08-22.50.07:088][  0]LogConfig: Setting CVar [[r.HairStrands.SkyAO.SampleCount:16]]
[2020.06.08-22.50.07:088][  0]LogConfig: Applying CVar settings from Section [Startup] File [../../../Engine/Config/ConsoleVariables.ini]
[2020.06.08-22.50.07:089][  0]LogConfig: Setting CVar [[net.UseAdaptiveNetUpdateFrequency:0]]
[2020.06.08-22.50.07:089][  0]LogConfig: Setting CVar [[p.chaos.AllowCreatePhysxBodies:1]]
[2020.06.08-22.50.07:089][  0]LogConfig: Applying CVar settings from Section [ConsoleVariables] File [C:/Users/Daniel Soto/Desktop/Inferno's Revenge/UnrealEngine_Games/Unreal Proyect/MyProject/Saved/Config/Windows/Engine.ini]
[2020.06.08-22.50.07:089][  0]LogInit: Computer: LAPTOP-D3ITUA1L
[2020.06.08-22.50.07:089][  0]LogInit: User: Daniel
[2020.06.08-22.50.07:089][  0]LogInit: CPU Page size=4096, Cores=4
[2020.06.08-22.50.07:089][  0]LogInit: High frequency timer resolution =10.000000 MHz
[2020.06.08-22.50.07:090][  0]LogMemory: Memory total: Physical=10.9GB (11GB approx)
[2020.06.08-22.50.07:090][  0]LogMemory: Platform Memory Stats for Windows
[2020.06.08-22.50.07:090][  0]LogMemory: Process Physical Memory: 105.51 MB used, 105.52 MB peak
[2020.06.08-22.50.07:090][  0]LogMemory: Process Virtual Memory: 100.35 MB used, 100.35 MB peak
[2020.06.08-22.50.07:090][  0]LogMemory: Physical Memory: 6922.33 MB used,  4242.25 MB free, 11164.58 MB total
[2020.06.08-22.50.07:090][  0]LogMemory: Virtual Memory: 5137.54 MB used,  134212592.00 MB free, 134217728.00 MB total
[2020.06.08-22.50.07:100][  0]LogWindows: WindowsPlatformFeatures enabled
[2020.06.08-22.50.07:167][  0]LogInit: Using OS detected language (es-ES).
[2020.06.08-22.50.07:167][  0]LogInit: Using OS detected locale (es-CL).
[2020.06.08-22.50.07:168][  0]LogTextLocalizationManager: No specific localization for 'es-ES' exists, so the 'es' localization will be used.
[2020.06.08-22.50.07:339][  0]LogSlate: New Slate User Created.  User Index 0, Is Virtual User: 0
[2020.06.08-22.50.07:339][  0]LogSlate: Slate User Registered.  User Index 0, Is Virtual User: 0
[2020.06.08-22.50.07:362][  0]LogHMD: Failed to initialize OpenVR with code 110
[2020.06.08-22.50.07:362][  0]LogD3D11RHI: D3D11 min allowed feature level: 11_0
[2020.06.08-22.50.07:362][  0]LogD3D11RHI: D3D11 max allowed feature level: 11_0
[2020.06.08-22.50.07:362][  0]LogD3D11RHI: D3D11 adapters:
[2020.06.08-22.50.07:426][  0]LogD3D11RHI:    0. 'AMD Radeon(TM) Vega 8 Graphics' (Feature Level 11_0)
[2020.06.08-22.50.07:427][  0]LogD3D11RHI:       1009/0/5582 MB DedicatedVideo/DedicatedSystem/SharedSystem, Outputs:1, VendorId:0x1002
[2020.06.08-22.50.07:434][  0]LogD3D11RHI:    1. 'Microsoft Basic Render Driver' (Feature Level 11_0)
[2020.06.08-22.50.07:434][  0]LogD3D11RHI:       0/0/5582 MB DedicatedVideo/DedicatedSystem/SharedSystem, Outputs:0, VendorId:0x1414
[2020.06.08-22.50.07:434][  0]LogD3D11RHI: Chosen D3D11 Adapter: 0
[2020.06.08-22.50.07:454][  0]LogD3D11RHI: Creating new Direct3DDevice
[2020.06.08-22.50.07:455][  0]LogD3D11RHI:     GPU DeviceId: 0x15dd (for the marketing name, search the web for "GPU Device Id")
[2020.06.08-22.50.07:455][  0]LogWindows: EnumDisplayDevices:
[2020.06.08-22.50.07:455][  0]LogWindows:    0. 'AMD Radeon(TM) Vega 8 Graphics' (P:1 D:1)
[2020.06.08-22.50.07:456][  0]LogWindows:    1. 'AMD Radeon(TM) Vega 8 Graphics' (P:0 D:0)
[2020.06.08-22.50.07:457][  0]LogWindows:    2. 'AMD Radeon(TM) Vega 8 Graphics' (P:0 D:0)
[2020.06.08-22.50.07:458][  0]LogWindows:    3. 'AMD Radeon(TM) Vega 8 Graphics' (P:0 D:0)
[2020.06.08-22.50.07:459][  0]LogWindows: DebugString: FoundDriverCount:4 
[2020.06.08-22.50.07:459][  0]LogD3D11RHI:     Adapter Name: AMD Radeon(TM) Vega 8 Graphics
[2020.06.08-22.50.07:459][  0]LogD3D11RHI:   Driver Version: Adrenalin 2020 20.4.2 (internal:26.20.15029.27016, unified:26.20.15029.27016)
[2020.06.08-22.50.07:459][  0]LogD3D11RHI:      Driver Date: 4-21-2020
[2020.06.08-22.50.07:459][  0]LogRHI: Texture pool is 706 MB (70% of 1009 MB)
[2020.06.08-22.50.07:541][  0]LogD3D11RHI: RHI does not have support for 64 bit atomics
[2020.06.08-22.50.07:541][  0]LogD3D11RHI: Async texture creation enabled
[2020.06.08-22.50.07:560][  0]LogD3D11RHI: GPU Timing Frequency: 25.000000 (Debug: 2 1)
[2020.06.08-22.50.08:150][  0]LogTargetPlatformManager: Display: Loaded TargetPlatform 'WindowsNoEditor'
[2020.06.08-22.50.08:156][  0]LogTargetPlatformManager: Display: Loaded TargetPlatform 'Windows'
[2020.06.08-22.50.08:167][  0]LogTargetPlatformManager: Display: Loaded TargetPlatform 'WindowsClient'
[2020.06.08-22.50.08:182][  0]LogTargetPlatformManager: Display: Loaded TargetPlatform 'WindowsServer'
[2020.06.08-22.50.08:182][  0]LogTargetPlatformManager: Display: Building Assets For Windows
[2020.06.08-22.50.08:190][  0]LogAudioDebug: Display: Lib vorbis DLL was dynamically loaded.
[2020.06.08-22.50.08:241][  0]LogShaderCompilers: Guid format shader working directory is -53 characters bigger than the processId version (../../../../../../Users/Daniel Soto/Desktop/Inferno's Revenge/UnrealEngine_Games/Unreal Proyect/MyProject/Intermediate/Shaders/WorkingDirectory/8184/).
[2020.06.08-22.50.08:241][  0]LogShaderCompilers: Cleaned the shader compiler working directory 'C:/Users/Daniel Soto/AppData/Local/Temp/UnrealShaderWorkingDir/D571173340473A77AD99F5B2B463BF95/'.
[2020.06.08-22.50.08:242][  0]LogXGEController: Cannot use XGE Controller as Incredibuild is not installed on this machine.
[2020.06.08-22.50.08:242][  0]LogShaderCompilers: Cannot use XGE Shader Compiler as Incredibuild is not installed on this machine.
[2020.06.08-22.50.08:242][  0]LogShaderCompilers: Display: Using Local Shader Compiler.
[2020.06.08-22.50.09:338][  0]LogDerivedDataCache: Display: Max Cache Size: 512 MB
[2020.06.08-22.50.09:422][  0]LogDerivedDataCache: Loaded boot cache 0.08s 78MB C:/Users/Daniel Soto/AppData/Local/UnrealEngine/4.24/DerivedDataCache/Boot.ddc.
[2020.06.08-22.50.09:422][  0]LogDerivedDataCache: Display: Loaded Boot cache: C:/Users/Daniel Soto/AppData/Local/UnrealEngine/4.24/DerivedDataCache/Boot.ddc
[2020.06.08-22.50.09:423][  0]LogDerivedDataCache: FDerivedDataBackendGraph:  Pak pak cache file ../../../../../../Users/Daniel Soto/Desktop/Inferno's Revenge/UnrealEngine_Games/Unreal Proyect/MyProject/DerivedDataCache/DDC.ddp not found, will not use a pak cache.
[2020.06.08-22.50.09:423][  0]LogDerivedDataCache: Unable to find inner node Pak for hierarchical cache Hierarchy.
[2020.06.08-22.50.09:423][  0]LogDerivedDataCache: FDerivedDataBackendGraph:  CompressedPak pak cache file ../../../../../../Users/Daniel Soto/Desktop/Inferno's Revenge/UnrealEngine_Games/Unreal Proyect/MyProject/DerivedDataCache/Compressed.ddp not found, will not use a pak cache.
[2020.06.08-22.50.09:423][  0]LogDerivedDataCache: Unable to find inner node CompressedPak for hierarchical cache Hierarchy.
[2020.06.08-22.50.09:440][  0]LogDerivedDataCache: Display: Pak cache opened for reading ../../../Engine/DerivedDataCache/Compressed.ddp.
[2020.06.08-22.50.09:440][  0]LogDerivedDataCache: FDerivedDataBackendGraph:  EnterprisePak pak cache file ../../../Enterprise/DerivedDataCache/Compressed.ddp not found, will not use a pak cache.
[2020.06.08-22.50.09:440][  0]LogDerivedDataCache: Unable to find inner node EnterprisePak for hierarchical cache Hierarchy.
[2020.06.08-22.50.09:445][  0]LogDerivedDataCache: Using Local data cache path C:/Users/Daniel Soto/AppData/Local/UnrealEngine/Common/DerivedDataCache: Writable
[2020.06.08-22.50.09:445][  0]LogDerivedDataCache: Shared data cache path not found in *engine.ini, will not use an Shared cache.
[2020.06.08-22.50.09:445][  0]LogDerivedDataCache: Unable to find inner node Shared for hierarchical cache Hierarchy.
[2020.06.08-22.50.09:484][  0]LogMaterial: Verifying Global Shaders for PCD3D_SM5
[2020.06.08-22.50.09:490][  0]LogSlate: Using FreeType 2.10.0
[2020.06.08-22.50.09:491][  0]LogSlate: SlateFontServices - WITH_FREETYPE: 1, WITH_HARFBUZZ: 1
[2020.06.08-22.50.09:695][  0]LogInit: Using OS detected language (es-ES).
[2020.06.08-22.50.09:695][  0]LogInit: Using OS detected locale (es-CL).
[2020.06.08-22.50.09:695][  0]LogTextLocalizationManager: No localization for 'es-ES' exists, so 'en' will be used for the language.
[2020.06.08-22.50.09:695][  0]LogTextLocalizationManager: No localization for 'es-CL' exists, so 'en' will be used for the locale.
[2020.06.08-22.50.09:696][  0]LogSlate: FontCache flush requested. Reason: Culture for localization was changed
[2020.06.08-22.50.09:696][  0]LogSlate: FontCache flush requested. Reason: Culture for localization was changed
[2020.06.08-22.50.09:696][  0]LogTextLocalizationManager: Compacting localization data took   0.00ms
[2020.06.08-22.50.09:702][  0]LogAssetRegistry: FAssetRegistry took 0.0041 seconds to start up
[2020.06.08-22.50.10:085][  0]LogPackageLocalizationCache: Processed 10 localized package path(s) for 1 prioritized culture(s) in 0.000775 seconds
[2020.06.08-22.50.10:192][  0]LogInit: Selected Device Profile: [Windows]
[2020.06.08-22.50.10:377][  0]LogMeshReduction: Using QuadricMeshReduction for automatic static mesh reduction
[2020.06.08-22.50.10:377][  0]LogMeshReduction: Using SimplygonMeshReduction for automatic skeletal mesh reduction
[2020.06.08-22.50.10:377][  0]LogMeshReduction: Using ProxyLODMeshReduction for automatic mesh merging
[2020.06.08-22.50.10:377][  0]LogMeshReduction: No distributed automatic mesh merging module available
[2020.06.08-22.50.10:377][  0]LogMeshMerging: No distributed automatic mesh merging module available
[2020.06.08-22.50.10:394][  0]LogNetVersion: MyProject 1.0.0, NetCL: 10570792, EngineNetVer: 13, GameNetVer: 0 (Checksum: 2318771507)
[2020.06.08-22.50.11:138][  0]LogMoviePlayer: Initializing movie player
[2020.06.08-22.50.11:389][  0]LogTcpMessaging: Initializing TcpMessaging bridge
[2020.06.08-22.50.11:393][  0]LogUdpMessaging: Initializing bridge on interface 0.0.0.0:0 to multicast group 230.0.0.1:6666.
[2020.06.08-22.50.11:453][  0]SourceControl: El control de código fuente está desactivado
[2020.06.08-22.50.11:453][  0]SourceControl: El control de código fuente está desactivado
[2020.06.08-22.50.11:457][  0]SourceControl: El control de código fuente está desactivado
[2020.06.08-22.50.11:540][  0]LogAndroidPermission: UAndroidPermissionCallbackProxy::GetInstance
[2020.06.08-22.50.11:556][  0]LogAudioCaptureCore: Display: No Audio Capture implementations found. Audio input will be silent.
[2020.06.08-22.50.11:556][  0]LogAudioCaptureCore: Display: No Audio Capture implementations found. Audio input will be silent.
[2020.06.08-22.50.11:651][  0]LogOcInput: OculusInput pre-init called
[2020.06.08-22.50.11:668][  0]LogUObjectArray: 52646 objects as part of root set at end of initial load.
[2020.06.08-22.50.11:668][  0]LogUObjectAllocator: 9318504 out of 0 bytes used by permanent object pool.
[2020.06.08-22.50.11:668][  0]LogUObjectArray: CloseDisregardForGC: 0/0 objects in disregard for GC pool
[2020.06.08-22.50.11:761][  0]LogEngine: Initializing Engine...
[2020.06.08-22.50.11:762][  0]LogHMD: Failed to initialize OpenVR with code 110
[2020.06.08-22.50.11:765][  0]LogStats: UGameplayTagsManager::InitializeManager -  0.000 s
[2020.06.08-22.50.12:060][  0]LogInit: Initializing FReadOnlyCVARCache
[2020.06.08-22.50.12:064][  0]LogAudioMixer: Display: Audio Mixer Platform Settings:
[2020.06.08-22.50.12:064][  0]LogAudioMixer: Display: 	Sample Rate:						  48000
[2020.06.08-22.50.12:064][  0]LogAudioMixer: Display: 	Callback Buffer Frame Size Requested: 1024
[2020.06.08-22.50.12:064][  0]LogAudioMixer: Display: 	Callback Buffer Frame Size To Use:	  1024
[2020.06.08-22.50.12:064][  0]LogAudioMixer: Display: 	Number of buffers to queue:			  2
[2020.06.08-22.50.12:064][  0]LogAudioMixer: Display: 	Max Channels (voices):				  32
[2020.06.08-22.50.12:064][  0]LogAudioMixer: Display: 	Number of Async Source Workers:		  0
[2020.06.08-22.50.12:064][  0]LogAudio: Display: AudioDevice MaxSources: 32
[2020.06.08-22.50.12:064][  0]LogAudio: Display: Using built-in audio occlusion.
[2020.06.08-22.50.12:065][  0]LogAudioMixer: Display: Initializing audio mixer.
[2020.06.08-22.50.12:078][  0]LogAudioMixer: Display: Audio Device Output Speaker Info:
[2020.06.08-22.50.12:078][  0]LogAudioMixer: Display: Name: Altavoces (Realtek(R) Audio)
[2020.06.08-22.50.12:078][  0]LogAudioMixer: Display: Is Default: Yes
[2020.06.08-22.50.12:078][  0]LogAudioMixer: Display: Sample Rate: 48000
[2020.06.08-22.50.12:078][  0]LogAudioMixer: Display: Channel Count Used: 2
[2020.06.08-22.50.12:078][  0]LogAudioMixer: Display: Device Channel Count: 2
[2020.06.08-22.50.12:078][  0]LogAudioMixer: Display: Channel Order:
[2020.06.08-22.50.12:078][  0]LogAudioMixer: Display: 0: FrontLeft
[2020.06.08-22.50.12:078][  0]LogAudioMixer: Display: 1: FrontRight
[2020.06.08-22.50.12:125][  0]LogAudioMixer: Display: Using Audio Device Altavoces (Realtek(R) Audio)
[2020.06.08-22.50.12:139][  0]LogInit: FAudioDevice initialized.
[2020.06.08-22.50.12:141][  0]LogNetVersion: Set ProjectVersion to 1.0.0.0. Version Checksum will be recalculated on next use.
[2020.06.08-22.50.12:142][  0]LogInit: Texture streaming: Enabled
[2020.06.08-22.50.12:354][  0]LogSlate: Updating window title bar state: overlay mode, drag disabled, window buttons hidden, title bar hidden
[2020.06.08-22.50.12:355][  0]LogInit: Display: Game Engine Initialized.
[2020.06.08-22.50.12:384][  0]LogInit: Display: Starting Game.
[2020.06.08-22.50.12:384][  0]LogNet: Browse: /Game/Mapa/prueba_2d?Name=Player
[2020.06.08-22.50.12:384][  0]LogLoad: LoadMap: /Game/Mapa/prueba_2d?Name=Player
[2020.06.08-22.50.12:384][  0]LogWorld: BeginTearingDown for /Temp/Untitled_0
[2020.06.08-22.50.12:386][  0]LogWorld: UWorld::CleanupWorld for Untitled, bSessionEnded=true, bCleanupResources=true
[2020.06.08-22.50.12:386][  0]LogSlate: InvalidateAllWidgets triggered.  All widgets were invalidated
[2020.06.08-22.50.12:414][  0]LogAudioMixer: Display: No commands were queued while flushing the source manager.
[2020.06.08-22.50.12:421][  0]LogUObjectHash: Compacting FUObjectHashTables data took   3.63ms
[2020.06.08-22.50.13:329][  0]LogAIModule: Creating AISystem for world prueba_2d
[2020.06.08-22.50.13:333][  0]LogLoad: Game class is '2DSideScrollerGameMode_C'
[2020.06.08-22.50.13:423][  0]LogWorld: Bringing World /Game/Mapa/prueba_2d.prueba_2d up for play (max tick rate 0) at 2020.06.08-18.50.13
[2020.06.08-22.50.13:430][  0]LogWorld: Bringing up level for play took: 0.095930
[2020.06.08-22.50.13:576][  0]LogLoad: Took 1.191764 seconds to LoadMap(/Game/Mapa/prueba_2d)
[2020.06.08-22.50.13:602][  0]LogSlate: InvalidateAllWidgets triggered.  All widgets were invalidated
[2020.06.08-22.50.29:881][  0]LogLoad: (Engine Initialization) Total time: 27.81 seconds
[2020.06.08-22.50.29:881][  0]LogLoad: (Engine Initialization) Total Blueprint compile time: 0.00 seconds
[2020.06.08-22.50.29:889][  0]LogContentStreaming: Texture pool size now 1000 MB
[2020.06.08-22.50.29:958][  2]LogRenderer: Reallocating scene render targets to support 1280x720 Format 10 NumSamples 1 (Frame:1).
[2020.06.08-22.50.32:741][160]LogPackageName: SearchForPackageOnDisk took   0.206s to resolve MenuPrincipal.umap.
[2020.06.08-22.50.32:933][161]LogPackageName: SearchForPackageOnDisk took   0.191s to resolve MenuPrincipal.umap.
[2020.06.08-22.50.32:934][161]LogNet: Browse: /Game/MenuPrincipal
[2020.06.08-22.50.32:934][161]LogLoad: LoadMap: /Game/MenuPrincipal
[2020.06.08-22.50.32:934][161]LogWorld: BeginTearingDown for /Game/Mapa/prueba_2d
[2020.06.08-22.50.32:934][161]LogWorld: UWorld::CleanupWorld for prueba_2d, bSessionEnded=true, bCleanupResources=true
[2020.06.08-22.50.33:066][161]LogSlate: InvalidateAllWidgets triggered.  All widgets were invalidated
[2020.06.08-22.50.33:113][161]LogAudioMixer: Display: Flush succeeded in the source manager command queue (1).
[2020.06.08-22.50.33:113][161]LogAudioMixer: Display: Flush succeeded the source manager command queue (2).
[2020.06.08-22.50.33:113][161]LogAudio: Display: Waited 46.719799 ms for audio thread.
[2020.06.08-22.50.33:166][161]LogUObjectHash: Compacting FUObjectHashTables data took   2.97ms
[2020.06.08-22.50.33:206][161]LogAIModule: Creating AISystem for world MenuPrincipal
[2020.06.08-22.50.33:373][161]LogLoad: Game class is '2DSideScrollerGameMode_C'
[2020.06.08-22.50.33:374][161]LogWorld: Bringing World /Game/MenuPrincipal.MenuPrincipal up for play (max tick rate 0) at 2020.06.08-18.50.33
[2020.06.08-22.50.33:374][161]LogWorld: Bringing up level for play took: 0.000443
[2020.06.08-22.50.33:374][161]LogGameMode: FindPlayerStart: PATHS NOT DEFINED or NO PLAYERSTART with positive rating
[2020.06.08-22.50.33:379][161]PIE: Error: SetInputMode_UIOnly expects a valid player controller as 'PlayerController' target
[2020.06.08-22.50.33:380][161]LogLoad: Took 0.446280 seconds to LoadMap(/Game/MenuPrincipal)
[2020.06.08-22.50.38:687][525]LogPackageName: Warning: Found ambiguous long package name for 'prueba_2d.umap'. Returning '/Game/prueba_2d', but could also be '/Game/Mapa/prueba_2d'.
[2020.06.08-22.50.38:687][525]LogPackageName: SearchForPackageOnDisk took   0.208s to resolve prueba_2d.umap.
[2020.06.08-22.50.38:880][525]LogPackageName: Warning: Found ambiguous long package name for 'prueba_2d.umap'. Returning '/Game/prueba_2d', but could also be '/Game/Mapa/prueba_2d'.
[2020.06.08-22.50.38:880][525]LogPackageName: SearchForPackageOnDisk took   0.193s to resolve prueba_2d.umap.
[2020.06.08-22.50.38:880][525]LogNet: Browse: /Game/prueba_2d
[2020.06.08-22.50.38:880][525]LogLoad: LoadMap: /Game/prueba_2d
[2020.06.08-22.50.38:880][525]LogWorld: BeginTearingDown for /Game/MenuPrincipal
[2020.06.08-22.50.38:881][525]LogWorld: UWorld::CleanupWorld for MenuPrincipal, bSessionEnded=true, bCleanupResources=true
[2020.06.08-22.50.38:881][525]LogSlate: InvalidateAllWidgets triggered.  All widgets were invalidated
[2020.06.08-22.50.38:948][525]LogAudioMixer: Display: No commands were queued while flushing the source manager.
[2020.06.08-22.50.38:953][525]LogUObjectHash: Compacting FUObjectHashTables data took   1.31ms
[2020.06.08-22.50.39:790][525]LogAIModule: Creating AISystem for world prueba_2d
[2020.06.08-22.50.39:793][525]LogLoad: Game class is '2DSideScrollerGameMode_C'
[2020.06.08-22.50.39:853][525]LogWorld: Bringing World /Game/Mapa/prueba_2d.prueba_2d up for play (max tick rate 0) at 2020.06.08-18.50.39
[2020.06.08-22.50.39:856][525]LogWorld: Bringing up level for play took: 0.061589
[2020.06.08-22.50.39:930][525]LogLoad: Took 1.049704 seconds to LoadMap(/Game/prueba_2d)
[2020.06.08-22.50.42:373][665]LogPackageName: SearchForPackageOnDisk took   0.198s to resolve MenuPrincipal.umap.
[2020.06.08-22.50.42:565][666]LogPackageName: SearchForPackageOnDisk took   0.190s to resolve MenuPrincipal.umap.
[2020.06.08-22.50.42:565][666]LogNet: Browse: /Game/MenuPrincipal
[2020.06.08-22.50.42:565][666]LogLoad: LoadMap: /Game/MenuPrincipal
[2020.06.08-22.50.42:565][666]LogWorld: BeginTearingDown for /Game/Mapa/prueba_2d
[2020.06.08-22.50.42:566][666]LogWorld: UWorld::CleanupWorld for prueba_2d, bSessionEnded=true, bCleanupResources=true
[2020.06.08-22.50.42:704][666]LogSlate: InvalidateAllWidgets triggered.  All widgets were invalidated
[2020.06.08-22.50.42:770][666]LogAudioMixer: Display: Flush succeeded in the source manager command queue (1).
[2020.06.08-22.50.42:770][666]LogAudioMixer: Display: Flush succeeded the source manager command queue (2).
[2020.06.08-22.50.42:782][666]LogUObjectHash: Compacting FUObjectHashTables data took   1.53ms
[2020.06.08-22.50.42:830][666]LogAIModule: Creating AISystem for world MenuPrincipal
[2020.06.08-22.50.42:994][666]LogLoad: Game class is '2DSideScrollerGameMode_C'
[2020.06.08-22.50.42:996][666]LogWorld: Bringing World /Game/MenuPrincipal.MenuPrincipal up for play (max tick rate 0) at 2020.06.08-18.50.42
[2020.06.08-22.50.42:996][666]LogWorld: Bringing up level for play took: 0.000693
[2020.06.08-22.50.42:997][666]LogGameMode: FindPlayerStart: PATHS NOT DEFINED or NO PLAYERSTART with positive rating
[2020.06.08-22.50.43:001][666]PIE: Error: SetInputMode_UIOnly expects a valid player controller as 'PlayerController' target
[2020.06.08-22.50.43:003][666]LogLoad: Took 0.436982 seconds to LoadMap(/Game/MenuPrincipal)
[2020.06.08-22.50.50:911][228]LogPackageName: Warning: Found ambiguous long package name for 'prueba_2d.umap'. Returning '/Game/prueba_2d', but could also be '/Game/Mapa/prueba_2d'.
[2020.06.08-22.50.50:911][228]LogPackageName: SearchForPackageOnDisk took   0.213s to resolve prueba_2d.umap.
[2020.06.08-22.50.51:100][228]LogPackageName: Warning: Found ambiguous long package name for 'prueba_2d.umap'. Returning '/Game/prueba_2d', but could also be '/Game/Mapa/prueba_2d'.
[2020.06.08-22.50.51:100][228]LogPackageName: SearchForPackageOnDisk took   0.188s to resolve prueba_2d.umap.
[2020.06.08-22.50.51:101][228]LogNet: Browse: /Game/prueba_2d
[2020.06.08-22.50.51:101][228]LogLoad: LoadMap: /Game/prueba_2d
[2020.06.08-22.50.51:101][228]LogWorld: BeginTearingDown for /Game/MenuPrincipal
[2020.06.08-22.50.51:101][228]LogWorld: UWorld::CleanupWorld for MenuPrincipal, bSessionEnded=true, bCleanupResources=true
[2020.06.08-22.50.51:101][228]LogSlate: InvalidateAllWidgets triggered.  All widgets were invalidated
[2020.06.08-22.50.51:166][228]LogAudioMixer: Display: No commands were queued while flushing the source manager.
[2020.06.08-22.50.51:169][228]LogUObjectHash: Compacting FUObjectHashTables data took   0.89ms
[2020.06.08-22.50.52:009][228]LogAIModule: Creating AISystem for world prueba_2d
[2020.06.08-22.50.52:015][228]LogLoad: Game class is '2DSideScrollerGameMode_C'
[2020.06.08-22.50.52:079][228]LogWorld: Bringing World /Game/Mapa/prueba_2d.prueba_2d up for play (max tick rate 0) at 2020.06.08-18.50.52
[2020.06.08-22.50.52:082][228]LogWorld: Bringing up level for play took: 0.065622
[2020.06.08-22.50.52:156][228]LogLoad: Took 1.055348 seconds to LoadMap(/Game/prueba_2d)
[2020.06.08-22.50.54:599][366]LogPackageName: SearchForPackageOnDisk took   0.198s to resolve MenuPrincipal.umap.
[2020.06.08-22.50.54:777][367]LogPackageName: SearchForPackageOnDisk took   0.175s to resolve MenuPrincipal.umap.
[2020.06.08-22.50.54:777][367]LogNet: Browse: /Game/MenuPrincipal
[2020.06.08-22.50.54:777][367]LogLoad: LoadMap: /Game/MenuPrincipal
[2020.06.08-22.50.54:777][367]LogWorld: BeginTearingDown for /Game/Mapa/prueba_2d
[2020.06.08-22.50.54:778][367]LogWorld: UWorld::CleanupWorld for prueba_2d, bSessionEnded=true, bCleanupResources=true
[2020.06.08-22.50.54:910][367]LogSlate: InvalidateAllWidgets triggered.  All widgets were invalidated
[2020.06.08-22.50.54:971][367]LogAudioMixer: Display: Flush succeeded in the source manager command queue (1).
[2020.06.08-22.50.54:971][367]LogAudioMixer: Display: Flush succeeded the source manager command queue (2).
[2020.06.08-22.50.54:985][367]LogUObjectHash: Compacting FUObjectHashTables data took   1.26ms
[2020.06.08-22.50.55:028][367]LogAIModule: Creating AISystem for world MenuPrincipal
[2020.06.08-22.50.55:195][367]LogLoad: Game class is '2DSideScrollerGameMode_C'
[2020.06.08-22.50.55:196][367]LogWorld: Bringing World /Game/MenuPrincipal.MenuPrincipal up for play (max tick rate 0) at 2020.06.08-18.50.55
[2020.06.08-22.50.55:196][367]LogWorld: Bringing up level for play took: 0.000572
[2020.06.08-22.50.55:197][367]LogGameMode: FindPlayerStart: PATHS NOT DEFINED or NO PLAYERSTART with positive rating
[2020.06.08-22.50.55:200][367]PIE: Error: SetInputMode_UIOnly expects a valid player controller as 'PlayerController' target
[2020.06.08-22.50.55:202][367]LogLoad: Took 0.424517 seconds to LoadMap(/Game/MenuPrincipal)
[2020.06.08-22.50.57:406][509]LogPackageName: Warning: Found ambiguous long package name for 'prueba_2d.umap'. Returning '/Game/prueba_2d', but could also be '/Game/Mapa/prueba_2d'.
[2020.06.08-22.50.57:406][509]LogPackageName: SearchForPackageOnDisk took   0.214s to resolve prueba_2d.umap.
[2020.06.08-22.50.57:607][509]LogPackageName: Warning: Found ambiguous long package name for 'prueba_2d.umap'. Returning '/Game/prueba_2d', but could also be '/Game/Mapa/prueba_2d'.
[2020.06.08-22.50.57:607][509]LogPackageName: SearchForPackageOnDisk took   0.201s to resolve prueba_2d.umap.
[2020.06.08-22.50.57:607][509]LogNet: Browse: /Game/prueba_2d
[2020.06.08-22.50.57:607][509]LogLoad: LoadMap: /Game/prueba_2d
[2020.06.08-22.50.57:607][509]LogWorld: BeginTearingDown for /Game/MenuPrincipal
[2020.06.08-22.50.57:608][509]LogWorld: UWorld::CleanupWorld for MenuPrincipal, bSessionEnded=true, bCleanupResources=true
[2020.06.08-22.50.57:608][509]LogSlate: InvalidateAllWidgets triggered.  All widgets were invalidated
[2020.06.08-22.50.57:676][509]LogAudioMixer: Display: No commands were queued while flushing the source manager.
[2020.06.08-22.50.57:682][509]LogUObjectHash: Compacting FUObjectHashTables data took   1.40ms
[2020.06.08-22.50.58:557][509]LogAIModule: Creating AISystem for world prueba_2d
[2020.06.08-22.50.58:564][509]LogLoad: Game class is '2DSideScrollerGameMode_C'
[2020.06.08-22.50.58:623][509]LogWorld: Bringing World /Game/Mapa/prueba_2d.prueba_2d up for play (max tick rate 0) at 2020.06.08-18.50.58
[2020.06.08-22.50.58:626][509]LogWorld: Bringing up level for play took: 0.060831
[2020.06.08-22.50.58:704][509]LogLoad: Took 1.096969 seconds to LoadMap(/Game/prueba_2d)
[2020.06.08-22.51.01:158][653]LogPackageName: SearchForPackageOnDisk took   0.198s to resolve MenuPrincipal.umap.
[2020.06.08-22.51.01:355][654]LogPackageName: SearchForPackageOnDisk took   0.193s to resolve MenuPrincipal.umap.
[2020.06.08-22.51.01:355][654]LogNet: Browse: /Game/MenuPrincipal
[2020.06.08-22.51.01:355][654]LogLoad: LoadMap: /Game/MenuPrincipal
[2020.06.08-22.51.01:355][654]LogWorld: BeginTearingDown for /Game/Mapa/prueba_2d
[2020.06.08-22.51.01:356][654]LogWorld: UWorld::CleanupWorld for prueba_2d, bSessionEnded=true, bCleanupResources=true
[2020.06.08-22.51.01:489][654]LogSlate: InvalidateAllWidgets triggered.  All widgets were invalidated
[2020.06.08-22.51.01:559][654]LogAudioMixer: Display: Flush succeeded in the source manager command queue (1).
[2020.06.08-22.51.01:559][654]LogAudioMixer: Display: Flush succeeded the source manager command queue (2).
[2020.06.08-22.51.01:571][654]LogUObjectHash: Compacting FUObjectHashTables data took   1.11ms
[2020.06.08-22.51.01:622][654]LogAIModule: Creating AISystem for world MenuPrincipal
[2020.06.08-22.51.01:791][654]LogLoad: Game class is '2DSideScrollerGameMode_C'
[2020.06.08-22.51.01:792][654]LogWorld: Bringing World /Game/MenuPrincipal.MenuPrincipal up for play (max tick rate 0) at 2020.06.08-18.51.01
[2020.06.08-22.51.01:792][654]LogWorld: Bringing up level for play took: 0.000602
[2020.06.08-22.51.01:792][654]LogGameMode: FindPlayerStart: PATHS NOT DEFINED or NO PLAYERSTART with positive rating
[2020.06.08-22.51.01:796][654]PIE: Error: SetInputMode_UIOnly expects a valid player controller as 'PlayerController' target
[2020.06.08-22.51.01:797][654]LogLoad: Took 0.441383 seconds to LoadMap(/Game/MenuPrincipal)
[2020.06.08-22.51.08:912][154]LogSlate: Window 'MyProject (64-bit Development PCD3D_SM5) ' being destroyed
[2020.06.08-22.51.08:915][154]LogWindowsTextInputMethodSystem: Display: IME system now deactivated.
[2020.06.08-22.51.08:924][154]LogWindowsTextInputMethodSystem: Display: IME system now deactivated.
[2020.06.08-22.51.08:928][154]LogSlate: Updating window title bar state: overlay mode, drag disabled, window buttons hidden, title bar hidden
[2020.06.08-22.51.08:928][154]LogEngine: All Windows Closed
[2020.06.08-22.51.08:928][154]LogWindows: FPlatformMisc::RequestExit(0)
[2020.06.08-22.51.08:928][154]LogCore: Engine exit requested (reason: Win RequestExit)
[2020.06.08-22.51.08:929][155]LogCore: Engine exit requested (reason: EngineExit() was called; note: exit was already requested)
[2020.06.08-22.51.08:953][155]LogAudioMixer: Display: Flush succeeded in the source manager command queue (1).
[2020.06.08-22.51.08:972][155]LogAudioMixer: Display: Flush succeeded the source manager command queue (2).
[2020.06.08-22.51.08:981][155]LogInit: Display: PreExit Game.
[2020.06.08-22.51.08:982][155]LogWorld: BeginTearingDown for /Game/MenuPrincipal
[2020.06.08-22.51.08:982][155]LogWorld: UWorld::CleanupWorld for MenuPrincipal, bSessionEnded=true, bCleanupResources=true
[2020.06.08-22.51.08:982][155]LogSlate: InvalidateAllWidgets triggered.  All widgets were invalidated
[2020.06.08-22.51.09:799][155]LogExit: Preparing to exit.
