Log file open, 06/08/20 18:03:04
LogWindows: Failed to load 'aqProf.dll' (GetLastError=126)
LogWindows: File 'aqProf.dll' does not exist
LogWindows: Failed to load 'VtuneApi.dll' (GetLastError=126)
LogWindows: File 'VtuneApi.dll' does not exist
LogWindows: Failed to load 'VtuneApi32e.dll' (GetLastError=126)
LogWindows: File 'VtuneApi32e.dll' does not exist
LogConsoleResponse: Display: Failed to find resolution value strings in scalability ini. Falling back to default.
LogInit: Display: Running engine for game: MyProject
LogPlatformFile: Not using cached read wrapper
LogTaskGraph: Started task graph with 5 named threads and 23 total threads with 3 sets of task threads.
LogStats: Stats thread started at 0.125725
LogD3D11RHI: Loaded GFSDK_Aftermath_Lib.x64.dll
LogICUInternationalization: ICU TimeZone Detection - Raw Offset: -4:00, Platform Override: ''
LogPluginManager: Mounting plugin Paper2D
LogPluginManager: Mounting plugin AISupport
LogPluginManager: Mounting plugin LightPropagationVolume
LogPluginManager: Mounting plugin ActorLayerUtilities
LogPluginManager: Mounting plugin AnimationSharing
LogPluginManager: Mounting plugin CLionSourceCodeAccess
LogPluginManager: Mounting plugin CodeLiteSourceCodeAccess
LogPluginManager: Mounting plugin GitSourceControl
LogPluginManager: Mounting plugin KDevelopSourceCodeAccess
LogPluginManager: Mounting plugin NullSourceCodeAccess
LogPluginManager: Mounting plugin PerforceSourceControl
LogPluginManager: Mounting plugin PlasticSourceControl
LogPluginManager: Mounting plugin SubversionSourceControl
LogPluginManager: Mounting plugin UObjectPlugin
LogPluginManager: Mounting plugin VisualStudioCodeSourceCodeAccess
LogPluginManager: Mounting plugin VisualStudioSourceCodeAccess
LogPluginManager: Mounting plugin XCodeSourceCodeAccess
LogPluginManager: Mounting plugin AssetManagerEditor
LogPluginManager: Mounting plugin CryptoKeys
LogPluginManager: Mounting plugin CurveEditorTools
LogPluginManager: Mounting plugin DataValidation
LogPluginManager: Mounting plugin FacialAnimation
LogPluginManager: Mounting plugin GameplayTagsEditor
LogPluginManager: Mounting plugin MacGraphicsSwitching
LogPluginManager: Mounting plugin MaterialAnalyzer
LogPluginManager: Mounting plugin MobileLauncherProfileWizard
LogPluginManager: Mounting plugin PluginBrowser
LogPluginManager: Mounting plugin SpeedTreeImporter
LogPluginManager: Mounting plugin DatasmithContent
LogPluginManager: Mounting plugin VariantManagerContent
LogPluginManager: Mounting plugin AlembicImporter
LogPluginManager: Mounting plugin AutomationUtils
LogPluginManager: Mounting plugin BackChannel
LogPluginManager: Mounting plugin CharacterAI
LogPluginManager: Mounting plugin GeometryCache
LogPluginManager: Mounting plugin PlatformCrypto
LogPluginManager: Mounting plugin ProxyLODPlugin
LogPluginManager: Mounting plugin SkeletalReduction
LogPluginManager: Mounting plugin MagicLeap
LogPluginManager: Mounting plugin MagicLeapMedia
LogPluginManager: Mounting plugin MLSDK
LogPluginManager: Mounting plugin AndroidMedia
LogPluginManager: Mounting plugin AvfMedia
LogPluginManager: Mounting plugin ImgMedia
LogPluginManager: Mounting plugin MediaCompositing
LogPluginManager: Mounting plugin MediaPlayerEditor
LogPluginManager: Mounting plugin WebMMedia
LogPluginManager: Mounting plugin WmfMedia
LogPluginManager: Mounting plugin TcpMessaging
LogPluginManager: Mounting plugin UdpMessaging
LogPluginManager: Mounting plugin ActorSequence
LogPluginManager: Mounting plugin LevelSequenceEditor
LogPluginManager: Mounting plugin MatineeToLevelSequence
LogPluginManager: Mounting plugin NetcodeUnitTest
LogPluginManager: Mounting plugin NUTUnrealEngine4
LogPluginManager: Mounting plugin OnlineSubsystemGooglePlay
LogPluginManager: Mounting plugin OnlineSubsystemIOS
LogPluginManager: Mounting plugin OnlineSubsystem
LogPluginManager: Mounting plugin OnlineSubsystemNull
LogPluginManager: Mounting plugin OnlineSubsystemUtils
LogPluginManager: Mounting plugin LauncherChunkInstaller
LogPluginManager: Mounting plugin AndroidDeviceProfileSelector
LogPluginManager: Mounting plugin AndroidMoviePlayer
LogPluginManager: Mounting plugin AndroidPermission
LogPluginManager: Mounting plugin AppleImageUtils
LogPluginManager: Mounting plugin AppleMoviePlayer
LogPluginManager: Mounting plugin ArchVisCharacter
LogPluginManager: Mounting plugin AssetTags
LogPluginManager: Mounting plugin AudioCapture
LogPluginManager: Mounting plugin CableComponent
LogPluginManager: Mounting plugin CustomMeshComponent
LogPluginManager: Mounting plugin EditableMesh
LogPluginManager: Mounting plugin ExampleDeviceProfileSelector
LogPluginManager: Mounting plugin GoogleCloudMessaging
LogPluginManager: Mounting plugin IOSDeviceProfileSelector
LogPluginManager: Mounting plugin LinuxDeviceProfileSelector
LogPluginManager: Mounting plugin LocationServicesBPLibrary
LogPluginManager: Mounting plugin MobilePatchingUtils
LogPluginManager: Mounting plugin OculusVR
LogPluginManager: Mounting plugin PhysXVehicles
LogPluginManager: Mounting plugin PostSplashScreen
LogPluginManager: Mounting plugin ProceduralMeshComponent
LogPluginManager: Mounting plugin RuntimePhysXCooking
LogPluginManager: Mounting plugin SignificanceManager
LogPluginManager: Mounting plugin SteamVR
LogPluginManager: Mounting plugin WebMMoviePlayer
LogPluginManager: Mounting plugin WindowsMoviePlayer
LogPluginManager: Mounting plugin ScreenshotTools
LogInit: Using libcurl 7.55.1-DEV
LogInit:  - built for x86_64-pc-win32
LogInit:  - supports SSL with OpenSSL/1.1.1
LogInit:  - supports HTTP deflate (compression) using libz 1.2.8
LogInit:  - other features:
LogInit:      CURL_VERSION_SSL
LogInit:      CURL_VERSION_LIBZ
LogInit:      CURL_VERSION_IPV6
LogInit:      CURL_VERSION_ASYNCHDNS
LogInit:      CURL_VERSION_LARGEFILE
LogInit:      CURL_VERSION_IDN
LogInit:  CurlRequestOptions (configurable via config and command line):
LogInit:  - bVerifyPeer = true  - Libcurl will verify peer certificate
LogInit:  - bUseHttpProxy = false  - Libcurl will NOT use HTTP proxy
LogInit:  - bDontReuseConnections = false  - Libcurl will reuse connections
LogInit:  - MaxHostConnections = 16  - Libcurl will limit the number of connections to a host
LogInit:  - LocalHostAddr = Default
LogInit:  - BufferSize = 65536
LogOnline: OSS: Creating online subsystem instance for: NULL
LogInit: WinSock: version 1.1 (2.2), MaxSocks=32767, MaxUdp=65467
LogOnline: OSS: TryLoadSubsystemAndSetDefault: Loaded subsystem for module [NULL]
LogInit: Build: ++UE4+Release-4.24-CL-11590370
LogInit: Engine Version: 4.24.3-11590370+++UE4+Release-4.24
LogInit: Compatible Engine Version: 4.24.0-10570792+++UE4+Release-4.24
LogInit: Net CL: 10570792
LogInit: OS: Windows 10 (Release 1909) (), CPU: AMD Ryzen 5 2500U with Radeon Vega Mobile Gfx  , GPU: AMD Radeon(TM) Vega 8 Graphics
LogInit: Compiled (64-bit): Feb 24 2020 15:39:18
LogInit: Compiled with Visual C++: 19.16.27032.01
LogInit: Build Configuration: Development
LogInit: Branch Name: ++UE4+Release-4.24
LogInit: Command Line:  /Game/Mapa/prueba_2d -game -PIEVIACONSOLE -ResX=1280 -ResY=720 -Multiprocess -messaging -SessionName="Play in Standalone Game" -windowed
LogInit: Base Directory: C:/Program Files/Epic Games/UE_4.24/Engine/Binaries/Win64/
LogInit: Installed Engine Build: 1
LogDevObjectVersion: Number of dev versions registered: 25
LogDevObjectVersion:   Dev-Blueprints (B0D832E4-1F89-4F0D-ACCF-7EB736FD4AA2): 10
LogDevObjectVersion:   Dev-Build (E1C64328-A22C-4D53-A36C-8E866417BD8C): 0
LogDevObjectVersion:   Dev-Core (375EC13C-06E4-48FB-B500-84F0262A717E): 3
LogDevObjectVersion:   Dev-Editor (E4B068ED-F494-42E9-A231-DA0B2E46BB41): 37
LogDevObjectVersion:   Dev-Framework (CFFC743F-43B0-4480-9391-14DF171D2073): 36
LogDevObjectVersion:   Dev-Mobile (B02B49B5-BB20-44E9-A304-32B752E40360): 2
LogDevObjectVersion:   Dev-Networking (A4E4105C-59A1-49B5-A7C5-40C4547EDFEE): 0
LogDevObjectVersion:   Dev-Online (39C831C9-5AE6-47DC-9A44-9C173E1C8E7C): 0
LogDevObjectVersion:   Dev-Physics (78F01B33-EBEA-4F98-B9B4-84EACCB95AA2): 2
LogDevObjectVersion:   Dev-Platform (6631380F-2D4D-43E0-8009-CF276956A95A): 0
LogDevObjectVersion:   Dev-Rendering (12F88B9F-8875-4AFC-A67C-D90C383ABD29): 36
LogDevObjectVersion:   Dev-Sequencer (7B5AE74C-D270-4C10-A958-57980B212A5A): 11
LogDevObjectVersion:   Dev-VR (D7296918-1DD6-4BDD-9DE2-64A83CC13884): 2
LogDevObjectVersion:   Dev-LoadTimes (C2A15278-BFE7-4AFE-6C17-90FF531DF755): 1
LogDevObjectVersion:   Private-Geometry (6EACA3D4-40EC-4CC1-B786-8BED09428FC5): 3
LogDevObjectVersion:   Dev-AnimPhys (29E575DD-E0A3-4627-9D10-D276232CDCEA): 17
LogDevObjectVersion:   Dev-Anim (AF43A65D-7FD3-4947-9873-3E8ED9C1BB05): 2
LogDevObjectVersion:   Dev-ReflectionCapture (6B266CEC-1EC7-4B8F-A30B-E4D90942FC07): 1
LogDevObjectVersion:   Dev-Automation (0DF73D61-A23F-47EA-B727-89E90C41499A): 1
LogDevObjectVersion:   FortniteMain (601D1886-AC64-4F84-AA16-D3DE0DEAC7D6): 31
LogDevObjectVersion:   Dev-Enterprise (9DFFBCD6-494F-0158-E221-12823C92A888): 8
LogDevObjectVersion:   Dev-Niagara (F2AED0AC-9AFE-416F-8664-AA7FFA26D6FC): 1
LogDevObjectVersion:   Dev-Destruction (174F1F0B-B4C6-45A5-B13F-2EE8D0FB917D): 9
LogDevObjectVersion:   Dev-Physics-Ext (35F94A83-E258-406C-A318-09F59610247C): 8
LogDevObjectVersion:   Dev-CineCamera (B2E18506-4273-CFC2-A54E-F4BB758BBA07): 1
LogInit: Presizing for max 25165824 objects, including 0 objects not considered by GC, pre-allocating 0 bytes for permanent pool.
LogInit: Object subsystem initialized
LogConfig: Setting CVar [[con.DebugEarlyDefault:1]]
LogConfig: Setting CVar [[r.setres:1280x720]]
[2020.06.08-22.03.04:847][  0]LogConfig: Setting CVar [[con.DebugEarlyDefault:1]]
[2020.06.08-22.03.04:847][  0]LogConfig: Setting CVar [[r.setres:1280x720]]
[2020.06.08-22.03.04:847][  0]LogConfig: Applying CVar settings from Section [/Script/Engine.RendererSettings] File [C:/Users/Daniel Soto/Desktop/Inferno's Revenge/UnrealEngine_Games/Unreal Proyect/MyProject/Saved/Config/Windows/Engine.ini]
[2020.06.08-22.03.04:847][  0]LogConfig: Setting CVar [[r.GPUCrashDebugging:0]]
[2020.06.08-22.03.04:847][  0]LogConfig: Setting CVar [[r.MobileHDR:1]]
[2020.06.08-22.03.04:847][  0]LogConfig: Setting CVar [[r.Mobile.DisableVertexFog:1]]
[2020.06.08-22.03.04:847][  0]LogConfig: Setting CVar [[r.Shadow.CSM.MaxMobileCascades:2]]
[2020.06.08-22.03.04:847][  0]LogConfig: Setting CVar [[r.MobileMSAA:1]]
[2020.06.08-22.03.04:847][  0]LogConfig: Setting CVar [[r.Mobile.UseLegacyShadingModel:0]]
[2020.06.08-22.03.04:847][  0]LogConfig: Setting CVar [[r.Mobile.UseHWsRGBEncoding:0]]
[2020.06.08-22.03.04:847][  0]LogConfig: Setting CVar [[r.Mobile.AllowDitheredLODTransition:0]]
[2020.06.08-22.03.04:847][  0]LogConfig: Setting CVar [[r.Mobile.AllowSoftwareOcclusion:0]]
[2020.06.08-22.03.04:847][  0]LogConfig: Setting CVar [[r.DiscardUnusedQuality:0]]
[2020.06.08-22.03.04:847][  0]LogConfig: Setting CVar [[r.AllowOcclusionQueries:1]]
[2020.06.08-22.03.04:847][  0]LogConfig: Setting CVar [[r.MinScreenRadiusForLights:0.030000]]
[2020.06.08-22.03.04:847][  0]LogConfig: Setting CVar [[r.MinScreenRadiusForDepthPrepass:0.030000]]
[2020.06.08-22.03.04:847][  0]LogConfig: Setting CVar [[r.MinScreenRadiusForCSMDepth:0.010000]]
[2020.06.08-22.03.04:847][  0]LogConfig: Setting CVar [[r.PrecomputedVisibilityWarning:0]]
[2020.06.08-22.03.04:847][  0]LogConfig: Setting CVar [[r.TextureStreaming:1]]
[2020.06.08-22.03.04:847][  0]LogConfig: Setting CVar [[Compat.UseDXT5NormalMaps:0]]
[2020.06.08-22.03.04:847][  0]LogConfig: Setting CVar [[r.VirtualTextures:0]]
[2020.06.08-22.03.04:847][  0]LogConfig: Setting CVar [[r.VirtualTexturedLightmaps:0]]
[2020.06.08-22.03.04:847][  0]LogConfig: Setting CVar [[r.VT.TileSize:128]]
[2020.06.08-22.03.04:847][  0]LogConfig: Setting CVar [[r.VT.TileBorderSize:4]]
[2020.06.08-22.03.04:847][  0]LogConfig: Setting CVar [[r.vt.FeedbackFactor:16]]
[2020.06.08-22.03.04:847][  0]LogConfig: Setting CVar [[r.VT.EnableCompressZlib:1]]
[2020.06.08-22.03.04:847][  0]LogConfig: Setting CVar [[r.VT.EnableCompressCrunch:0]]
[2020.06.08-22.03.04:847][  0]LogConfig: Setting CVar [[r.ClearCoatNormal:0]]
[2020.06.08-22.03.04:847][  0]LogConfig: Setting CVar [[r.ReflectionCaptureResolution:128]]
[2020.06.08-22.03.04:847][  0]LogConfig: Setting CVar [[r.ReflectionEnvironmentLightmapMixBasedOnRoughness:1]]
[2020.06.08-22.03.04:847][  0]LogConfig: Setting CVar [[r.ForwardShading:0]]
[2020.06.08-22.03.04:847][  0]LogConfig: Setting CVar [[r.VertexFoggingForOpaque:1]]
[2020.06.08-22.03.04:847][  0]LogConfig: Setting CVar [[r.AllowStaticLighting:1]]
[2020.06.08-22.03.04:847][  0]LogConfig: Setting CVar [[r.NormalMapsForStaticLighting:0]]
[2020.06.08-22.03.04:847][  0]LogConfig: Setting CVar [[r.GenerateMeshDistanceFields:0]]
[2020.06.08-22.03.04:847][  0]LogConfig: Setting CVar [[r.DistanceFieldBuild.EightBit:0]]
[2020.06.08-22.03.04:847][  0]LogConfig: Setting CVar [[r.GenerateLandscapeGIData:0]]
[2020.06.08-22.03.04:847][  0]LogConfig: Setting CVar [[r.DistanceFieldBuild.Compress:0]]
[2020.06.08-22.03.04:848][  0]LogConfig: Setting CVar [[r.TessellationAdaptivePixelsPerTriangle:48.000000]]
[2020.06.08-22.03.04:848][  0]LogConfig: Setting CVar [[r.SeparateTranslucency:1]]
[2020.06.08-22.03.04:848][  0]LogConfig: Setting CVar [[r.TranslucentSortPolicy:0]]
[2020.06.08-22.03.04:848][  0]LogConfig: Setting CVar [[r.CustomDepth:1]]
[2020.06.08-22.03.04:848][  0]LogConfig: Setting CVar [[r.CustomDepthTemporalAAJitter:1]]
[2020.06.08-22.03.04:848][  0]LogConfig: Setting CVar [[r.PostProcessing.PropagateAlpha:0]]
[2020.06.08-22.03.04:848][  0]LogConfig: Setting CVar [[r.DefaultFeature.Bloom:1]]
[2020.06.08-22.03.04:848][  0]LogConfig: Setting CVar [[r.DefaultFeature.AmbientOcclusion:1]]
[2020.06.08-22.03.04:848][  0]LogConfig: Setting CVar [[r.DefaultFeature.AmbientOcclusionStaticFraction:1]]
[2020.06.08-22.03.04:848][  0]LogConfig: Setting CVar [[r.DefaultFeature.AutoExposure:1]]
[2020.06.08-22.03.04:848][  0]LogConfig: Setting CVar [[r.DefaultFeature.AutoExposure.Method:0]]
[2020.06.08-22.03.04:848][  0]LogConfig: Setting CVar [[r.DefaultFeature.AutoExposure.ExtendDefaultLuminanceRange:0]]
[2020.06.08-22.03.04:848][  0]LogConfig: Setting CVar [[r.UsePreExposure:1]]
[2020.06.08-22.03.04:848][  0]LogConfig: Setting CVar [[r.EyeAdaptation.EditorOnly:1]]
[2020.06.08-22.03.04:848][  0]LogConfig: Setting CVar [[r.DefaultFeature.MotionBlur:1]]
[2020.06.08-22.03.04:848][  0]LogConfig: Setting CVar [[r.DefaultFeature.LensFlare:0]]
[2020.06.08-22.03.04:848][  0]LogConfig: Setting CVar [[r.TemporalAA.Upsampling:0]]
[2020.06.08-22.03.04:848][  0]LogConfig: Setting CVar [[r.SSGI.Enable:0]]
[2020.06.08-22.03.04:848][  0]LogConfig: Setting CVar [[r.DefaultFeature.AntiAliasing:2]]
[2020.06.08-22.03.04:848][  0]LogConfig: Setting CVar [[r.DefaultFeature.LightUnits:1]]
[2020.06.08-22.03.04:848][  0]LogConfig: Setting CVar [[r.DefaultBackBufferPixelFormat:4]]
[2020.06.08-22.03.04:848][  0]LogConfig: Setting CVar [[r.Shadow.UnbuiltPreviewInGame:1]]
[2020.06.08-22.03.04:848][  0]LogConfig: Setting CVar [[r.StencilForLODDither:0]]
[2020.06.08-22.03.04:848][  0]LogConfig: Setting CVar [[r.EarlyZPass:3]]
[2020.06.08-22.03.04:848][  0]LogConfig: Setting CVar [[r.EarlyZPassOnlyMaterialMasking:0]]
[2020.06.08-22.03.04:848][  0]LogConfig: Setting CVar [[r.DBuffer:1]]
[2020.06.08-22.03.04:848][  0]LogConfig: Setting CVar [[r.ClearSceneMethod:1]]
[2020.06.08-22.03.04:848][  0]LogConfig: Setting CVar [[r.BasePassOutputsVelocity:0]]
[2020.06.08-22.03.04:848][  0]LogConfig: Setting CVar [[r.SelectiveBasePassOutputs:0]]
[2020.06.08-22.03.04:848][  0]LogConfig: Setting CVar [[fx.GPUSimulationTextureSizeX:1024]]
[2020.06.08-22.03.04:848][  0]LogConfig: Setting CVar [[fx.GPUSimulationTextureSizeY:1024]]
[2020.06.08-22.03.04:848][  0]LogConfig: Setting CVar [[r.AllowGlobalClipPlane:0]]
[2020.06.08-22.03.04:848][  0]LogConfig: Setting CVar [[r.GBufferFormat:1]]
[2020.06.08-22.03.04:848][  0]LogConfig: Setting CVar [[r.MorphTarget.Mode:1]]
[2020.06.08-22.03.04:848][  0]LogConfig: Setting CVar [[vr.InstancedStereo:0]]
[2020.06.08-22.03.04:848][  0]LogConfig: Setting CVar [[vr.MultiView:0]]
[2020.06.08-22.03.04:848][  0]LogConfig: Setting CVar [[vr.MobileMultiView:0]]
[2020.06.08-22.03.04:848][  0]LogConfig: Setting CVar [[vr.MobileMultiView.Direct:0]]
[2020.06.08-22.03.04:848][  0]LogConfig: Setting CVar [[vr.RoundRobinOcclusion:0]]
[2020.06.08-22.03.04:848][  0]LogConfig: Setting CVar [[vr.ODSCapture:0]]
[2020.06.08-22.03.04:848][  0]LogConfig: Setting CVar [[r.WireframeCullThreshold:5.000000]]
[2020.06.08-22.03.04:848][  0]LogConfig: Setting CVar [[r.RayTracing:0]]
[2020.06.08-22.03.04:848][  0]LogConfig: Setting CVar [[r.RayTracing.UseTextureLod:0]]
[2020.06.08-22.03.04:848][  0]LogConfig: Setting CVar [[r.SupportStationarySkylight:1]]
[2020.06.08-22.03.04:848][  0]LogConfig: Setting CVar [[r.SupportLowQualityLightmaps:1]]
[2020.06.08-22.03.04:849][  0]LogConfig: Setting CVar [[r.SupportPointLightWholeSceneShadows:1]]
[2020.06.08-22.03.04:849][  0]LogConfig: Setting CVar [[r.SupportAtmosphericFog:1]]
[2020.06.08-22.03.04:849][  0]LogConfig: Setting CVar [[r.SupportSkyAtmosphere:1]]
[2020.06.08-22.03.04:849][  0]LogConfig: Setting CVar [[r.SupportSkyAtmosphereAffectsHeightFog:0]]
[2020.06.08-22.03.04:849][  0]LogConfig: Setting CVar [[r.SkinCache.CompileShaders:0]]
[2020.06.08-22.03.04:849][  0]LogConfig: Setting CVar [[r.Mobile.EnableStaticAndCSMShadowReceivers:1]]
[2020.06.08-22.03.04:849][  0]LogConfig: Setting CVar [[r.Mobile.EnableMovableLightCSMShaderCulling:1]]
[2020.06.08-22.03.04:849][  0]LogConfig: Setting CVar [[r.Mobile.AllowDistanceFieldShadows:1]]
[2020.06.08-22.03.04:849][  0]LogConfig: Setting CVar [[r.Mobile.AllowMovableDirectionalLights:1]]
[2020.06.08-22.03.04:849][  0]LogConfig: Setting CVar [[r.MobileNumDynamicPointLights:4]]
[2020.06.08-22.03.04:849][  0]LogConfig: Setting CVar [[r.MobileDynamicPointLightsUseStaticBranch:1]]
[2020.06.08-22.03.04:849][  0]LogConfig: Setting CVar [[r.Mobile.EnableMovableSpotlights:0]]
[2020.06.08-22.03.04:849][  0]LogConfig: Setting CVar [[r.SkinCache.SceneMemoryLimitInMB:128.000000]]
[2020.06.08-22.03.04:849][  0]LogConfig: Setting CVar [[r.GPUSkin.Limit2BoneInfluences:0]]
[2020.06.08-22.03.04:849][  0]LogConfig: Setting CVar [[r.SupportDepthOnlyIndexBuffers:1]]
[2020.06.08-22.03.04:849][  0]LogConfig: Setting CVar [[r.SupportReversedIndexBuffers:1]]
[2020.06.08-22.03.04:849][  0]LogConfig: Setting CVar [[r.SupportMaterialLayers:0]]
[2020.06.08-22.03.04:849][  0]LogConfig: Setting CVar [[r.LightPropagationVolume:0]]
[2020.06.08-22.03.04:849][  0]LogConfig: Applying CVar settings from Section [/Script/Engine.RendererOverrideSettings] File [C:/Users/Daniel Soto/Desktop/Inferno's Revenge/UnrealEngine_Games/Unreal Proyect/MyProject/Saved/Config/Windows/Engine.ini]
[2020.06.08-22.03.04:849][  0]LogConfig: Applying CVar settings from Section [/Script/Engine.StreamingSettings] File [C:/Users/Daniel Soto/Desktop/Inferno's Revenge/UnrealEngine_Games/Unreal Proyect/MyProject/Saved/Config/Windows/Engine.ini]
[2020.06.08-22.03.04:849][  0]LogConfig: Setting CVar [[s.MinBulkDataSizeForAsyncLoading:131072]]
[2020.06.08-22.03.04:849][  0]LogConfig: Setting CVar [[s.AsyncLoadingThreadEnabled:0]]
[2020.06.08-22.03.04:849][  0]LogConfig: Setting CVar [[s.EventDrivenLoaderEnabled:1]]
[2020.06.08-22.03.04:849][  0]LogConfig: Setting CVar [[s.WarnIfTimeLimitExceeded:0]]
[2020.06.08-22.03.04:849][  0]LogConfig: Setting CVar [[s.TimeLimitExceededMultiplier:1.5]]
[2020.06.08-22.03.04:849][  0]LogConfig: Setting CVar [[s.TimeLimitExceededMinTime:0.005]]
[2020.06.08-22.03.04:849][  0]LogConfig: Setting CVar [[s.UseBackgroundLevelStreaming:1]]
[2020.06.08-22.03.04:849][  0]LogConfig: Setting CVar [[s.PriorityAsyncLoadingExtraTime:15.0]]
[2020.06.08-22.03.04:849][  0]LogConfig: Setting CVar [[s.LevelStreamingActorsUpdateTimeLimit:5.0]]
[2020.06.08-22.03.04:849][  0]LogConfig: Setting CVar [[s.PriorityLevelStreamingActorsUpdateExtraTime:5.0]]
[2020.06.08-22.03.04:849][  0]LogConfig: Setting CVar [[s.LevelStreamingComponentsRegistrationGranularity:10]]
[2020.06.08-22.03.04:849][  0]LogConfig: Setting CVar [[s.UnregisterComponentsTimeLimit:1.0]]
[2020.06.08-22.03.04:849][  0]LogConfig: Setting CVar [[s.LevelStreamingComponentsUnregistrationGranularity:5]]
[2020.06.08-22.03.04:849][  0]LogConfig: Setting CVar [[s.FlushStreamingOnExit:1]]
[2020.06.08-22.03.04:849][  0]LogConfig: Applying CVar settings from Section [/Script/Engine.GarbageCollectionSettings] File [C:/Users/Daniel Soto/Desktop/Inferno's Revenge/UnrealEngine_Games/Unreal Proyect/MyProject/Saved/Config/Windows/Engine.ini]
[2020.06.08-22.03.04:849][  0]LogConfig: Setting CVar [[gc.MaxObjectsNotConsideredByGC:1]]
[2020.06.08-22.03.04:849][  0]LogConfig: Setting CVar [[gc.SizeOfPermanentObjectPool:0]]
[2020.06.08-22.03.04:849][  0]LogConfig: Setting CVar [[gc.FlushStreamingOnGC:0]]
[2020.06.08-22.03.04:849][  0]LogConfig: Setting CVar [[gc.NumRetriesBeforeForcingGC:10]]
[2020.06.08-22.03.04:849][  0]LogConfig: Setting CVar [[gc.AllowParallelGC:1]]
[2020.06.08-22.03.04:849][  0]LogConfig: Setting CVar [[gc.TimeBetweenPurgingPendingKillObjects:61.1]]
[2020.06.08-22.03.04:849][  0]LogConfig: Setting CVar [[gc.MaxObjectsInEditor:25165824]]
[2020.06.08-22.03.04:849][  0]LogConfig: Setting CVar [[gc.IncrementalBeginDestroyEnabled:1]]
[2020.06.08-22.03.04:849][  0]LogConfig: Setting CVar [[gc.CreateGCClusters:1]]
[2020.06.08-22.03.04:849][  0]LogConfig: Setting CVar [[gc.MinGCClusterSize:5]]
[2020.06.08-22.03.04:849][  0]LogConfig: Setting CVar [[gc.ActorClusteringEnabled:0]]
[2020.06.08-22.03.04:849][  0]LogConfig: Setting CVar [[gc.BlueprintClusteringEnabled:0]]
[2020.06.08-22.03.04:849][  0]LogConfig: Setting CVar [[gc.UseDisregardForGCOnDedicatedServers:0]]
[2020.06.08-22.03.04:849][  0]LogConfig: Applying CVar settings from Section [/Script/Engine.NetworkSettings] File [C:/Users/Daniel Soto/Desktop/Inferno's Revenge/UnrealEngine_Games/Unreal Proyect/MyProject/Saved/Config/Windows/Engine.ini]
[2020.06.08-22.03.04:850][  0]LogConfig: Applying CVar settings from Section [/Script/UnrealEd.CookerSettings] File [C:/Users/Daniel Soto/Desktop/Inferno's Revenge/UnrealEngine_Games/Unreal Proyect/MyProject/Saved/Config/Windows/Engine.ini]
[2020.06.08-22.03.04:854][  0]LogConfig: Applying CVar settings from Section [ViewDistanceQuality@3] File [C:/Users/Daniel Soto/Desktop/Inferno's Revenge/UnrealEngine_Games/Unreal Proyect/MyProject/Saved/Config/Windows/Scalability.ini]
[2020.06.08-22.03.04:854][  0]LogConfig: Setting CVar [[r.SkeletalMeshLODBias:0]]
[2020.06.08-22.03.04:854][  0]LogConfig: Setting CVar [[r.ViewDistanceScale:1.0]]
[2020.06.08-22.03.04:854][  0]LogConfig: Applying CVar settings from Section [AntiAliasingQuality@3] File [C:/Users/Daniel Soto/Desktop/Inferno's Revenge/UnrealEngine_Games/Unreal Proyect/MyProject/Saved/Config/Windows/Scalability.ini]
[2020.06.08-22.03.04:854][  0]LogConfig: Setting CVar [[r.PostProcessAAQuality:4]]
[2020.06.08-22.03.04:854][  0]LogConfig: Applying CVar settings from Section [ShadowQuality@3] File [C:/Users/Daniel Soto/Desktop/Inferno's Revenge/UnrealEngine_Games/Unreal Proyect/MyProject/Saved/Config/Windows/Scalability.ini]
[2020.06.08-22.03.04:854][  0]LogConfig: Setting CVar [[r.LightFunctionQuality:1]]
[2020.06.08-22.03.04:854][  0]LogConfig: Setting CVar [[r.ShadowQuality:5]]
[2020.06.08-22.03.04:854][  0]LogConfig: Setting CVar [[r.Shadow.CSM.MaxCascades:10]]
[2020.06.08-22.03.04:854][  0]LogConfig: Setting CVar [[r.Shadow.MaxResolution:2048]]
[2020.06.08-22.03.04:854][  0]LogConfig: Setting CVar [[r.Shadow.MaxCSMResolution:2048]]
[2020.06.08-22.03.04:854][  0]LogConfig: Setting CVar [[r.Shadow.RadiusThreshold:0.01]]
[2020.06.08-22.03.04:854][  0]LogConfig: Setting CVar [[r.Shadow.DistanceScale:1.0]]
[2020.06.08-22.03.04:854][  0]LogConfig: Setting CVar [[r.Shadow.CSM.TransitionScale:1.0]]
[2020.06.08-22.03.04:854][  0]LogConfig: Setting CVar [[r.Shadow.PreShadowResolutionFactor:1.0]]
[2020.06.08-22.03.04:854][  0]LogConfig: Setting CVar [[r.DistanceFieldShadowing:1]]
[2020.06.08-22.03.04:854][  0]LogConfig: Setting CVar [[r.DistanceFieldAO:1]]
[2020.06.08-22.03.04:854][  0]LogConfig: Setting CVar [[r.AOQuality:2]]
[2020.06.08-22.03.04:854][  0]LogConfig: Setting CVar [[r.VolumetricFog:1]]
[2020.06.08-22.03.04:854][  0]LogConfig: Setting CVar [[r.VolumetricFog.GridPixelSize:8]]
[2020.06.08-22.03.04:854][  0]LogConfig: Setting CVar [[r.VolumetricFog.GridSizeZ:128]]
[2020.06.08-22.03.04:854][  0]LogConfig: Setting CVar [[r.VolumetricFog.HistoryMissSupersampleCount:4]]
[2020.06.08-22.03.04:854][  0]LogConfig: Setting CVar [[r.LightMaxDrawDistanceScale:1]]
[2020.06.08-22.03.04:854][  0]LogConfig: Setting CVar [[r.CapsuleShadows:1]]
[2020.06.08-22.03.04:854][  0]LogConfig: Applying CVar settings from Section [PostProcessQuality@3] File [C:/Users/Daniel Soto/Desktop/Inferno's Revenge/UnrealEngine_Games/Unreal Proyect/MyProject/Saved/Config/Windows/Scalability.ini]
[2020.06.08-22.03.04:854][  0]LogConfig: Setting CVar [[r.MotionBlurQuality:4]]
[2020.06.08-22.03.04:854][  0]LogConfig: Setting CVar [[r.AmbientOcclusionMipLevelFactor:0.4]]
[2020.06.08-22.03.04:854][  0]LogConfig: Setting CVar [[r.AmbientOcclusionMaxQuality:100]]
[2020.06.08-22.03.04:854][  0]LogConfig: Setting CVar [[r.AmbientOcclusionLevels:-1]]
[2020.06.08-22.03.04:854][  0]LogConfig: Setting CVar [[r.AmbientOcclusionRadiusScale:1.0]]
[2020.06.08-22.03.04:854][  0]LogConfig: Setting CVar [[r.DepthOfFieldQuality:2]]
[2020.06.08-22.03.04:854][  0]LogConfig: Setting CVar [[r.RenderTargetPoolMin:400]]
[2020.06.08-22.03.04:854][  0]LogConfig: Setting CVar [[r.LensFlareQuality:2]]
[2020.06.08-22.03.04:854][  0]LogConfig: Setting CVar [[r.SceneColorFringeQuality:1]]
[2020.06.08-22.03.04:854][  0]LogConfig: Setting CVar [[r.EyeAdaptationQuality:2]]
[2020.06.08-22.03.04:854][  0]LogConfig: Setting CVar [[r.BloomQuality:5]]
[2020.06.08-22.03.04:854][  0]LogConfig: Setting CVar [[r.FastBlurThreshold:100]]
[2020.06.08-22.03.04:854][  0]LogConfig: Setting CVar [[r.Upscale.Quality:3]]
[2020.06.08-22.03.04:854][  0]LogConfig: Setting CVar [[r.Tonemapper.GrainQuantization:1]]
[2020.06.08-22.03.04:854][  0]LogConfig: Setting CVar [[r.LightShaftQuality:1]]
[2020.06.08-22.03.04:854][  0]LogConfig: Setting CVar [[r.Filter.SizeScale:1]]
[2020.06.08-22.03.04:854][  0]LogConfig: Setting CVar [[r.Tonemapper.Quality:5]]
[2020.06.08-22.03.04:854][  0]LogConfig: Setting CVar [[r.DOF.Gather.AccumulatorQuality:1        ; higher gathering accumulator quality]]
[2020.06.08-22.03.04:854][  0]LogConfig: Setting CVar [[r.DOF.Gather.PostfilterMethod:1          ; Median3x3 postfilering method]]
[2020.06.08-22.03.04:854][  0]LogConfig: Setting CVar [[r.DOF.Gather.EnableBokehSettings:0       ; no bokeh simulation when gathering]]
[2020.06.08-22.03.04:854][  0]LogConfig: Setting CVar [[r.DOF.Gather.RingCount:4                 ; medium number of samples when gathering]]
[2020.06.08-22.03.04:854][  0]LogConfig: Setting CVar [[r.DOF.Scatter.ForegroundCompositing:1    ; additive foreground scattering]]
[2020.06.08-22.03.04:854][  0]LogConfig: Setting CVar [[r.DOF.Scatter.BackgroundCompositing:2    ; additive background scattering]]
[2020.06.08-22.03.04:854][  0]LogConfig: Setting CVar [[r.DOF.Scatter.EnableBokehSettings:1      ; bokeh simulation when scattering]]
[2020.06.08-22.03.04:854][  0]LogConfig: Setting CVar [[r.DOF.Scatter.MaxSpriteRatio:0.1         ; only a maximum of 10% of scattered bokeh]]
[2020.06.08-22.03.04:854][  0]LogConfig: Setting CVar [[r.DOF.Recombine.Quality:1                ; cheap slight out of focus]]
[2020.06.08-22.03.04:855][  0]LogConfig: Setting CVar [[r.DOF.Recombine.EnableBokehSettings:0    ; no bokeh simulation on slight out of focus]]
[2020.06.08-22.03.04:855][  0]LogConfig: Setting CVar [[r.DOF.TemporalAAQuality:1                ; more stable temporal accumulation]]
[2020.06.08-22.03.04:855][  0]LogConfig: Setting CVar [[r.DOF.Kernel.MaxForegroundRadius:0.025]]
[2020.06.08-22.03.04:855][  0]LogConfig: Setting CVar [[r.DOF.Kernel.MaxBackgroundRadius:0.025]]
[2020.06.08-22.03.04:855][  0]LogConfig: Applying CVar settings from Section [TextureQuality@3] File [C:/Users/Daniel Soto/Desktop/Inferno's Revenge/UnrealEngine_Games/Unreal Proyect/MyProject/Saved/Config/Windows/Scalability.ini]
[2020.06.08-22.03.04:855][  0]LogConfig: Setting CVar [[r.Streaming.MipBias:0]]
[2020.06.08-22.03.04:855][  0]LogConfig: Setting CVar [[r.Streaming.AmortizeCPUToGPUCopy:0]]
[2020.06.08-22.03.04:855][  0]LogConfig: Setting CVar [[r.Streaming.MaxNumTexturesToStreamPerFrame:0]]
[2020.06.08-22.03.04:855][  0]LogConfig: Setting CVar [[r.Streaming.Boost:1]]
[2020.06.08-22.03.04:855][  0]LogConfig: Setting CVar [[r.MaxAnisotropy:8]]
[2020.06.08-22.03.04:855][  0]LogConfig: Setting CVar [[r.VT.MaxAnisotropy:8]]
[2020.06.08-22.03.04:855][  0]LogConfig: Setting CVar [[r.Streaming.LimitPoolSizeToVRAM:0]]
[2020.06.08-22.03.04:855][  0]LogConfig: Setting CVar [[r.Streaming.PoolSize:1000]]
[2020.06.08-22.03.04:855][  0]LogConfig: Setting CVar [[r.Streaming.MaxEffectiveScreenSize:0]]
[2020.06.08-22.03.04:855][  0]LogConfig: Applying CVar settings from Section [EffectsQuality@3] File [C:/Users/Daniel Soto/Desktop/Inferno's Revenge/UnrealEngine_Games/Unreal Proyect/MyProject/Saved/Config/Windows/Scalability.ini]
[2020.06.08-22.03.04:855][  0]LogConfig: Setting CVar [[r.TranslucencyLightingVolumeDim:64]]
[2020.06.08-22.03.04:855][  0]LogConfig: Setting CVar [[r.RefractionQuality:2]]
[2020.06.08-22.03.04:855][  0]LogConfig: Setting CVar [[r.SSR.Quality:3]]
[2020.06.08-22.03.04:855][  0]LogConfig: Setting CVar [[r.SSR.HalfResSceneColor:0]]
[2020.06.08-22.03.04:855][  0]LogConfig: Setting CVar [[r.SceneColorFormat:4]]
[2020.06.08-22.03.04:855][  0]LogConfig: Setting CVar [[r.DetailMode:2]]
[2020.06.08-22.03.04:855][  0]LogConfig: Setting CVar [[r.TranslucencyVolumeBlur:1]]
[2020.06.08-22.03.04:855][  0]LogConfig: Setting CVar [[r.MaterialQualityLevel:1 ; High quality]]
[2020.06.08-22.03.04:855][  0]LogConfig: Setting CVar [[r.SSS.Scale:1]]
[2020.06.08-22.03.04:855][  0]LogConfig: Setting CVar [[r.SSS.SampleSet:2]]
[2020.06.08-22.03.04:855][  0]LogConfig: Setting CVar [[r.SSS.Quality:1]]
[2020.06.08-22.03.04:855][  0]LogConfig: Setting CVar [[r.SSS.HalfRes:1]]
[2020.06.08-22.03.04:855][  0]LogConfig: Setting CVar [[r.SSGI.Quality:3]]
[2020.06.08-22.03.04:855][  0]LogConfig: Setting CVar [[r.EmitterSpawnRateScale:1.0]]
[2020.06.08-22.03.04:855][  0]LogConfig: Setting CVar [[r.ParticleLightQuality:2]]
[2020.06.08-22.03.04:855][  0]LogConfig: Setting CVar [[r.SkyAtmosphere.AerialPerspectiveLUT.FastApplyOnOpaque:1 ; Always have FastSkyLUT 1 in this case to avoid wrong sky]]
[2020.06.08-22.03.04:855][  0]LogConfig: Setting CVar [[r.SkyAtmosphere.AerialPerspectiveLUT.SampleCountPerSlice:1]]
[2020.06.08-22.03.04:855][  0]LogConfig: Setting CVar [[r.SkyAtmosphere.AerialPerspectiveLUT.DepthResolution:16.0]]
[2020.06.08-22.03.04:855][  0]LogConfig: Setting CVar [[r.SkyAtmosphere.FastSkyLUT:1]]
[2020.06.08-22.03.04:855][  0]LogConfig: Setting CVar [[r.SkyAtmosphere.FastSkyLUT.SampleCountMin:4.0]]
[2020.06.08-22.03.04:855][  0]LogConfig: Setting CVar [[r.SkyAtmosphere.FastSkyLUT.SampleCountMax:32.0]]
[2020.06.08-22.03.04:855][  0]LogConfig: Setting CVar [[r.SkyAtmosphere.SampleCountMin:4.0]]
[2020.06.08-22.03.04:855][  0]LogConfig: Setting CVar [[r.SkyAtmosphere.SampleCountMax:32.0]]
[2020.06.08-22.03.04:855][  0]LogConfig: Setting CVar [[r.SkyAtmosphere.TransmittanceLUT.UseSmallFormat:0]]
[2020.06.08-22.03.04:855][  0]LogConfig: Setting CVar [[r.SkyAtmosphere.TransmittanceLUT.SampleCount:10.0]]
[2020.06.08-22.03.04:855][  0]LogConfig: Setting CVar [[r.SkyAtmosphere.MultiScatteringLUT.SampleCount:15.0]]
[2020.06.08-22.03.04:855][  0]LogConfig: Applying CVar settings from Section [FoliageQuality@3] File [C:/Users/Daniel Soto/Desktop/Inferno's Revenge/UnrealEngine_Games/Unreal Proyect/MyProject/Saved/Config/Windows/Scalability.ini]
[2020.06.08-22.03.04:855][  0]LogConfig: Setting CVar [[foliage.DensityScale:1.0]]
[2020.06.08-22.03.04:855][  0]LogConfig: Setting CVar [[grass.DensityScale:1.0]]
[2020.06.08-22.03.04:855][  0]LogConfig: Applying CVar settings from Section [ShadingQuality@3] File [C:/Users/Daniel Soto/Desktop/Inferno's Revenge/UnrealEngine_Games/Unreal Proyect/MyProject/Saved/Config/Windows/Scalability.ini]
[2020.06.08-22.03.04:855][  0]LogConfig: Setting CVar [[r.HairStrands.SkyLighting.SampleCount:16]]
[2020.06.08-22.03.04:855][  0]LogConfig: Setting CVar [[r.HairStrands.SkyLighting.JitterIntegration:0]]
[2020.06.08-22.03.04:855][  0]LogConfig: Setting CVar [[r.HairStrands.SkyAO.SampleCount:16]]
[2020.06.08-22.03.04:855][  0]LogInit: Selected Device Profile: [Windows]
[2020.06.08-22.03.04:855][  0]LogInit: Applying CVar settings loaded from the selected device profile: [Windows]
[2020.06.08-22.03.04:860][  0]LogHAL: Display: Platform has ~ 11 GB [11706908672 / 17179869184 / 11], which maps to Default [LargestMinGB=32, LargerMinGB=12, DefaultMinGB=8, SmallerMinGB=6, SmallestMinGB=0)
[2020.06.08-22.03.04:860][  0]LogInit: Going up to parent DeviceProfile []
[2020.06.08-22.03.04:860][  0]LogConfig: Applying CVar settings from Section [ViewDistanceQuality@3] File [C:/Users/Daniel Soto/Desktop/Inferno's Revenge/UnrealEngine_Games/Unreal Proyect/MyProject/Saved/Config/Windows/Scalability.ini]
[2020.06.08-22.03.04:860][  0]LogConfig: Setting CVar [[r.SkeletalMeshLODBias:0]]
[2020.06.08-22.03.04:860][  0]LogConfig: Setting CVar [[r.ViewDistanceScale:1.0]]
[2020.06.08-22.03.04:860][  0]LogConfig: Applying CVar settings from Section [AntiAliasingQuality@3] File [C:/Users/Daniel Soto/Desktop/Inferno's Revenge/UnrealEngine_Games/Unreal Proyect/MyProject/Saved/Config/Windows/Scalability.ini]
[2020.06.08-22.03.04:860][  0]LogConfig: Setting CVar [[r.PostProcessAAQuality:4]]
[2020.06.08-22.03.04:860][  0]LogConfig: Applying CVar settings from Section [ShadowQuality@3] File [C:/Users/Daniel Soto/Desktop/Inferno's Revenge/UnrealEngine_Games/Unreal Proyect/MyProject/Saved/Config/Windows/Scalability.ini]
[2020.06.08-22.03.04:860][  0]LogConfig: Setting CVar [[r.LightFunctionQuality:1]]
[2020.06.08-22.03.04:860][  0]LogConfig: Setting CVar [[r.ShadowQuality:5]]
[2020.06.08-22.03.04:860][  0]LogConfig: Setting CVar [[r.Shadow.CSM.MaxCascades:10]]
[2020.06.08-22.03.04:860][  0]LogConfig: Setting CVar [[r.Shadow.MaxResolution:2048]]
[2020.06.08-22.03.04:860][  0]LogConfig: Setting CVar [[r.Shadow.MaxCSMResolution:2048]]
[2020.06.08-22.03.04:860][  0]LogConfig: Setting CVar [[r.Shadow.RadiusThreshold:0.01]]
[2020.06.08-22.03.04:860][  0]LogConfig: Setting CVar [[r.Shadow.DistanceScale:1.0]]
[2020.06.08-22.03.04:860][  0]LogConfig: Setting CVar [[r.Shadow.CSM.TransitionScale:1.0]]
[2020.06.08-22.03.04:860][  0]LogConfig: Setting CVar [[r.Shadow.PreShadowResolutionFactor:1.0]]
[2020.06.08-22.03.04:860][  0]LogConfig: Setting CVar [[r.DistanceFieldShadowing:1]]
[2020.06.08-22.03.04:860][  0]LogConfig: Setting CVar [[r.DistanceFieldAO:1]]
[2020.06.08-22.03.04:860][  0]LogConfig: Setting CVar [[r.AOQuality:2]]
[2020.06.08-22.03.04:860][  0]LogConfig: Setting CVar [[r.VolumetricFog:1]]
[2020.06.08-22.03.04:860][  0]LogConfig: Setting CVar [[r.VolumetricFog.GridPixelSize:8]]
[2020.06.08-22.03.04:860][  0]LogConfig: Setting CVar [[r.VolumetricFog.GridSizeZ:128]]
[2020.06.08-22.03.04:860][  0]LogConfig: Setting CVar [[r.VolumetricFog.HistoryMissSupersampleCount:4]]
[2020.06.08-22.03.04:860][  0]LogConfig: Setting CVar [[r.LightMaxDrawDistanceScale:1]]
[2020.06.08-22.03.04:860][  0]LogConfig: Setting CVar [[r.CapsuleShadows:1]]
[2020.06.08-22.03.04:860][  0]LogConfig: Applying CVar settings from Section [PostProcessQuality@3] File [C:/Users/Daniel Soto/Desktop/Inferno's Revenge/UnrealEngine_Games/Unreal Proyect/MyProject/Saved/Config/Windows/Scalability.ini]
[2020.06.08-22.03.04:860][  0]LogConfig: Setting CVar [[r.MotionBlurQuality:4]]
[2020.06.08-22.03.04:860][  0]LogConfig: Setting CVar [[r.AmbientOcclusionMipLevelFactor:0.4]]
[2020.06.08-22.03.04:860][  0]LogConfig: Setting CVar [[r.AmbientOcclusionMaxQuality:100]]
[2020.06.08-22.03.04:860][  0]LogConfig: Setting CVar [[r.AmbientOcclusionLevels:-1]]
[2020.06.08-22.03.04:861][  0]LogConfig: Setting CVar [[r.AmbientOcclusionRadiusScale:1.0]]
[2020.06.08-22.03.04:861][  0]LogConfig: Setting CVar [[r.DepthOfFieldQuality:2]]
[2020.06.08-22.03.04:861][  0]LogConfig: Setting CVar [[r.RenderTargetPoolMin:400]]
[2020.06.08-22.03.04:861][  0]LogConfig: Setting CVar [[r.LensFlareQuality:2]]
[2020.06.08-22.03.04:861][  0]LogConfig: Setting CVar [[r.SceneColorFringeQuality:1]]
[2020.06.08-22.03.04:861][  0]LogConfig: Setting CVar [[r.EyeAdaptationQuality:2]]
[2020.06.08-22.03.04:861][  0]LogConfig: Setting CVar [[r.BloomQuality:5]]
[2020.06.08-22.03.04:861][  0]LogConfig: Setting CVar [[r.FastBlurThreshold:100]]
[2020.06.08-22.03.04:861][  0]LogConfig: Setting CVar [[r.Upscale.Quality:3]]
[2020.06.08-22.03.04:861][  0]LogConfig: Setting CVar [[r.Tonemapper.GrainQuantization:1]]
[2020.06.08-22.03.04:861][  0]LogConfig: Setting CVar [[r.LightShaftQuality:1]]
[2020.06.08-22.03.04:861][  0]LogConfig: Setting CVar [[r.Filter.SizeScale:1]]
[2020.06.08-22.03.04:861][  0]LogConfig: Setting CVar [[r.Tonemapper.Quality:5]]
[2020.06.08-22.03.04:861][  0]LogConfig: Setting CVar [[r.DOF.Gather.AccumulatorQuality:1        ; higher gathering accumulator quality]]
[2020.06.08-22.03.04:862][  0]LogConfig: Setting CVar [[r.DOF.Gather.PostfilterMethod:1          ; Median3x3 postfilering method]]
[2020.06.08-22.03.04:862][  0]LogConfig: Setting CVar [[r.DOF.Gather.EnableBokehSettings:0       ; no bokeh simulation when gathering]]
[2020.06.08-22.03.04:862][  0]LogConfig: Setting CVar [[r.DOF.Gather.RingCount:4                 ; medium number of samples when gathering]]
[2020.06.08-22.03.04:862][  0]LogConfig: Setting CVar [[r.DOF.Scatter.ForegroundCompositing:1    ; additive foreground scattering]]
[2020.06.08-22.03.04:862][  0]LogConfig: Setting CVar [[r.DOF.Scatter.BackgroundCompositing:2    ; additive background scattering]]
[2020.06.08-22.03.04:862][  0]LogConfig: Setting CVar [[r.DOF.Scatter.EnableBokehSettings:1      ; bokeh simulation when scattering]]
[2020.06.08-22.03.04:862][  0]LogConfig: Setting CVar [[r.DOF.Scatter.MaxSpriteRatio:0.1         ; only a maximum of 10% of scattered bokeh]]
[2020.06.08-22.03.04:862][  0]LogConfig: Setting CVar [[r.DOF.Recombine.Quality:1                ; cheap slight out of focus]]
[2020.06.08-22.03.04:862][  0]LogConfig: Setting CVar [[r.DOF.Recombine.EnableBokehSettings:0    ; no bokeh simulation on slight out of focus]]
[2020.06.08-22.03.04:862][  0]LogConfig: Setting CVar [[r.DOF.TemporalAAQuality:1                ; more stable temporal accumulation]]
[2020.06.08-22.03.04:862][  0]LogConfig: Setting CVar [[r.DOF.Kernel.MaxForegroundRadius:0.025]]
[2020.06.08-22.03.04:862][  0]LogConfig: Setting CVar [[r.DOF.Kernel.MaxBackgroundRadius:0.025]]
[2020.06.08-22.03.04:862][  0]LogConfig: Applying CVar settings from Section [TextureQuality@3] File [C:/Users/Daniel Soto/Desktop/Inferno's Revenge/UnrealEngine_Games/Unreal Proyect/MyProject/Saved/Config/Windows/Scalability.ini]
[2020.06.08-22.03.04:862][  0]LogConfig: Setting CVar [[r.Streaming.MipBias:0]]
[2020.06.08-22.03.04:862][  0]LogConfig: Setting CVar [[r.Streaming.AmortizeCPUToGPUCopy:0]]
[2020.06.08-22.03.04:862][  0]LogConfig: Setting CVar [[r.Streaming.MaxNumTexturesToStreamPerFrame:0]]
[2020.06.08-22.03.04:862][  0]LogConfig: Setting CVar [[r.Streaming.Boost:1]]
[2020.06.08-22.03.04:862][  0]LogConfig: Setting CVar [[r.MaxAnisotropy:8]]
[2020.06.08-22.03.04:862][  0]LogConfig: Setting CVar [[r.VT.MaxAnisotropy:8]]
[2020.06.08-22.03.04:862][  0]LogConfig: Setting CVar [[r.Streaming.LimitPoolSizeToVRAM:0]]
[2020.06.08-22.03.04:862][  0]LogConfig: Setting CVar [[r.Streaming.PoolSize:1000]]
[2020.06.08-22.03.04:862][  0]LogConfig: Setting CVar [[r.Streaming.MaxEffectiveScreenSize:0]]
[2020.06.08-22.03.04:862][  0]LogConfig: Applying CVar settings from Section [EffectsQuality@3] File [C:/Users/Daniel Soto/Desktop/Inferno's Revenge/UnrealEngine_Games/Unreal Proyect/MyProject/Saved/Config/Windows/Scalability.ini]
[2020.06.08-22.03.04:862][  0]LogConfig: Setting CVar [[r.TranslucencyLightingVolumeDim:64]]
[2020.06.08-22.03.04:862][  0]LogConfig: Setting CVar [[r.RefractionQuality:2]]
[2020.06.08-22.03.04:862][  0]LogConfig: Setting CVar [[r.SSR.Quality:3]]
[2020.06.08-22.03.04:862][  0]LogConfig: Setting CVar [[r.SSR.HalfResSceneColor:0]]
[2020.06.08-22.03.04:862][  0]LogConfig: Setting CVar [[r.SceneColorFormat:4]]
[2020.06.08-22.03.04:862][  0]LogConfig: Setting CVar [[r.DetailMode:2]]
[2020.06.08-22.03.04:862][  0]LogConfig: Setting CVar [[r.TranslucencyVolumeBlur:1]]
[2020.06.08-22.03.04:862][  0]LogConfig: Setting CVar [[r.MaterialQualityLevel:1 ; High quality]]
[2020.06.08-22.03.04:862][  0]LogConfig: Setting CVar [[r.SSS.Scale:1]]
[2020.06.08-22.03.04:862][  0]LogConfig: Setting CVar [[r.SSS.SampleSet:2]]
[2020.06.08-22.03.04:862][  0]LogConfig: Setting CVar [[r.SSS.Quality:1]]
[2020.06.08-22.03.04:862][  0]LogConfig: Setting CVar [[r.SSS.HalfRes:1]]
[2020.06.08-22.03.04:862][  0]LogConfig: Setting CVar [[r.SSGI.Quality:3]]
[2020.06.08-22.03.04:862][  0]LogConfig: Setting CVar [[r.EmitterSpawnRateScale:1.0]]
[2020.06.08-22.03.04:862][  0]LogConfig: Setting CVar [[r.ParticleLightQuality:2]]
[2020.06.08-22.03.04:862][  0]LogConfig: Setting CVar [[r.SkyAtmosphere.AerialPerspectiveLUT.FastApplyOnOpaque:1 ; Always have FastSkyLUT 1 in this case to avoid wrong sky]]
[2020.06.08-22.03.04:862][  0]LogConfig: Setting CVar [[r.SkyAtmosphere.AerialPerspectiveLUT.SampleCountPerSlice:1]]
[2020.06.08-22.03.04:862][  0]LogConfig: Setting CVar [[r.SkyAtmosphere.AerialPerspectiveLUT.DepthResolution:16.0]]
[2020.06.08-22.03.04:862][  0]LogConfig: Setting CVar [[r.SkyAtmosphere.FastSkyLUT:1]]
[2020.06.08-22.03.04:862][  0]LogConfig: Setting CVar [[r.SkyAtmosphere.FastSkyLUT.SampleCountMin:4.0]]
[2020.06.08-22.03.04:862][  0]LogConfig: Setting CVar [[r.SkyAtmosphere.FastSkyLUT.SampleCountMax:32.0]]
[2020.06.08-22.03.04:862][  0]LogConfig: Setting CVar [[r.SkyAtmosphere.SampleCountMin:4.0]]
[2020.06.08-22.03.04:862][  0]LogConfig: Setting CVar [[r.SkyAtmosphere.SampleCountMax:32.0]]
[2020.06.08-22.03.04:862][  0]LogConfig: Setting CVar [[r.SkyAtmosphere.TransmittanceLUT.UseSmallFormat:0]]
[2020.06.08-22.03.04:862][  0]LogConfig: Setting CVar [[r.SkyAtmosphere.TransmittanceLUT.SampleCount:10.0]]
[2020.06.08-22.03.04:862][  0]LogConfig: Setting CVar [[r.SkyAtmosphere.MultiScatteringLUT.SampleCount:15.0]]
[2020.06.08-22.03.04:862][  0]LogConfig: Applying CVar settings from Section [FoliageQuality@3] File [C:/Users/Daniel Soto/Desktop/Inferno's Revenge/UnrealEngine_Games/Unreal Proyect/MyProject/Saved/Config/Windows/Scalability.ini]
[2020.06.08-22.03.04:863][  0]LogConfig: Setting CVar [[foliage.DensityScale:1.0]]
[2020.06.08-22.03.04:863][  0]LogConfig: Setting CVar [[grass.DensityScale:1.0]]
[2020.06.08-22.03.04:863][  0]LogConfig: Applying CVar settings from Section [ShadingQuality@3] File [C:/Users/Daniel Soto/Desktop/Inferno's Revenge/UnrealEngine_Games/Unreal Proyect/MyProject/Saved/Config/Windows/Scalability.ini]
[2020.06.08-22.03.04:863][  0]LogConfig: Setting CVar [[r.HairStrands.SkyLighting.SampleCount:16]]
[2020.06.08-22.03.04:863][  0]LogConfig: Setting CVar [[r.HairStrands.SkyLighting.JitterIntegration:0]]
[2020.06.08-22.03.04:863][  0]LogConfig: Setting CVar [[r.HairStrands.SkyAO.SampleCount:16]]
[2020.06.08-22.03.04:863][  0]LogConfig: Applying CVar settings from Section [Startup] File [../../../Engine/Config/ConsoleVariables.ini]
[2020.06.08-22.03.04:863][  0]LogConfig: Setting CVar [[net.UseAdaptiveNetUpdateFrequency:0]]
[2020.06.08-22.03.04:863][  0]LogConfig: Setting CVar [[p.chaos.AllowCreatePhysxBodies:1]]
[2020.06.08-22.03.04:863][  0]LogConfig: Applying CVar settings from Section [ConsoleVariables] File [C:/Users/Daniel Soto/Desktop/Inferno's Revenge/UnrealEngine_Games/Unreal Proyect/MyProject/Saved/Config/Windows/Engine.ini]
[2020.06.08-22.03.04:863][  0]LogInit: Computer: LAPTOP-D3ITUA1L
[2020.06.08-22.03.04:863][  0]LogInit: User: Daniel
[2020.06.08-22.03.04:863][  0]LogInit: CPU Page size=4096, Cores=4
[2020.06.08-22.03.04:863][  0]LogInit: High frequency timer resolution =10.000000 MHz
[2020.06.08-22.03.04:864][  0]LogMemory: Memory total: Physical=10.9GB (11GB approx)
[2020.06.08-22.03.04:864][  0]LogMemory: Platform Memory Stats for Windows
[2020.06.08-22.03.04:864][  0]LogMemory: Process Physical Memory: 105.79 MB used, 105.80 MB peak
[2020.06.08-22.03.04:864][  0]LogMemory: Process Virtual Memory: 100.63 MB used, 100.63 MB peak
[2020.06.08-22.03.04:864][  0]LogMemory: Physical Memory: 7031.08 MB used,  4133.50 MB free, 11164.58 MB total
[2020.06.08-22.03.04:864][  0]LogMemory: Virtual Memory: 5137.54 MB used,  134212592.00 MB free, 134217728.00 MB total
[2020.06.08-22.03.04:868][  0]LogWindows: WindowsPlatformFeatures enabled
[2020.06.08-22.03.04:907][  0]LogInit: Using OS detected language (es-ES).
[2020.06.08-22.03.04:907][  0]LogInit: Using OS detected locale (es-CL).
[2020.06.08-22.03.04:908][  0]LogTextLocalizationManager: No specific localization for 'es-ES' exists, so the 'es' localization will be used.
[2020.06.08-22.03.04:996][  0]LogSlate: New Slate User Created.  User Index 0, Is Virtual User: 0
[2020.06.08-22.03.04:996][  0]LogSlate: Slate User Registered.  User Index 0, Is Virtual User: 0
[2020.06.08-22.03.05:007][  0]LogHMD: Failed to initialize OpenVR with code 110
[2020.06.08-22.03.05:007][  0]LogD3D11RHI: D3D11 min allowed feature level: 11_0
[2020.06.08-22.03.05:007][  0]LogD3D11RHI: D3D11 max allowed feature level: 11_0
[2020.06.08-22.03.05:007][  0]LogD3D11RHI: D3D11 adapters:
[2020.06.08-22.03.05:069][  0]LogD3D11RHI:    0. 'AMD Radeon(TM) Vega 8 Graphics' (Feature Level 11_0)
[2020.06.08-22.03.05:069][  0]LogD3D11RHI:       1009/0/5582 MB DedicatedVideo/DedicatedSystem/SharedSystem, Outputs:1, VendorId:0x1002
[2020.06.08-22.03.05:073][  0]LogD3D11RHI:    1. 'Microsoft Basic Render Driver' (Feature Level 11_0)
[2020.06.08-22.03.05:073][  0]LogD3D11RHI:       0/0/5582 MB DedicatedVideo/DedicatedSystem/SharedSystem, Outputs:0, VendorId:0x1414
[2020.06.08-22.03.05:073][  0]LogD3D11RHI: Chosen D3D11 Adapter: 0
[2020.06.08-22.03.05:083][  0]LogD3D11RHI: Creating new Direct3DDevice
[2020.06.08-22.03.05:083][  0]LogD3D11RHI:     GPU DeviceId: 0x15dd (for the marketing name, search the web for "GPU Device Id")
[2020.06.08-22.03.05:083][  0]LogWindows: EnumDisplayDevices:
[2020.06.08-22.03.05:084][  0]LogWindows:    0. 'AMD Radeon(TM) Vega 8 Graphics' (P:1 D:1)
[2020.06.08-22.03.05:084][  0]LogWindows:    1. 'AMD Radeon(TM) Vega 8 Graphics' (P:0 D:0)
[2020.06.08-22.03.05:085][  0]LogWindows:    2. 'AMD Radeon(TM) Vega 8 Graphics' (P:0 D:0)
[2020.06.08-22.03.05:085][  0]LogWindows:    3. 'AMD Radeon(TM) Vega 8 Graphics' (P:0 D:0)
[2020.06.08-22.03.05:085][  0]LogWindows: DebugString: FoundDriverCount:4 
[2020.06.08-22.03.05:085][  0]LogD3D11RHI:     Adapter Name: AMD Radeon(TM) Vega 8 Graphics
[2020.06.08-22.03.05:085][  0]LogD3D11RHI:   Driver Version: Adrenalin 2020 20.4.2 (internal:26.20.15029.27016, unified:26.20.15029.27016)
[2020.06.08-22.03.05:085][  0]LogD3D11RHI:      Driver Date: 4-21-2020
[2020.06.08-22.03.05:085][  0]LogRHI: Texture pool is 706 MB (70% of 1009 MB)
[2020.06.08-22.03.05:135][  0]LogD3D11RHI: RHI does not have support for 64 bit atomics
[2020.06.08-22.03.05:135][  0]LogD3D11RHI: Async texture creation enabled
[2020.06.08-22.03.05:149][  0]LogD3D11RHI: GPU Timing Frequency: 25.000000 (Debug: 2 1)
[2020.06.08-22.03.05:874][  0]LogTargetPlatformManager: Display: Loaded TargetPlatform 'WindowsNoEditor'
[2020.06.08-22.03.05:878][  0]LogTargetPlatformManager: Display: Loaded TargetPlatform 'Windows'
[2020.06.08-22.03.05:887][  0]LogTargetPlatformManager: Display: Loaded TargetPlatform 'WindowsClient'
[2020.06.08-22.03.05:898][  0]LogTargetPlatformManager: Display: Loaded TargetPlatform 'WindowsServer'
[2020.06.08-22.03.05:898][  0]LogTargetPlatformManager: Display: Building Assets For Windows
[2020.06.08-22.03.05:904][  0]LogAudioDebug: Display: Lib vorbis DLL was dynamically loaded.
[2020.06.08-22.03.05:945][  0]LogShaderCompilers: Guid format shader working directory is -54 characters bigger than the processId version (../../../../../../Users/Daniel Soto/Desktop/Inferno's Revenge/UnrealEngine_Games/Unreal Proyect/MyProject/Intermediate/Shaders/WorkingDirectory/19036/).
[2020.06.08-22.03.05:946][  0]LogShaderCompilers: Cleaned the shader compiler working directory 'C:/Users/Daniel Soto/AppData/Local/Temp/UnrealShaderWorkingDir/A840D5F742C2E73971B400AE2A9D57E7/'.
[2020.06.08-22.03.05:947][  0]LogXGEController: Cannot use XGE Controller as Incredibuild is not installed on this machine.
[2020.06.08-22.03.05:947][  0]LogShaderCompilers: Cannot use XGE Shader Compiler as Incredibuild is not installed on this machine.
[2020.06.08-22.03.05:947][  0]LogShaderCompilers: Display: Using Local Shader Compiler.
[2020.06.08-22.03.06:887][  0]LogDerivedDataCache: Display: Max Cache Size: 512 MB
[2020.06.08-22.03.06:961][  0]LogDerivedDataCache: Loaded boot cache 0.07s 78MB C:/Users/Daniel Soto/AppData/Local/UnrealEngine/4.24/DerivedDataCache/Boot.ddc.
[2020.06.08-22.03.06:961][  0]LogDerivedDataCache: Display: Loaded Boot cache: C:/Users/Daniel Soto/AppData/Local/UnrealEngine/4.24/DerivedDataCache/Boot.ddc
[2020.06.08-22.03.06:961][  0]LogDerivedDataCache: FDerivedDataBackendGraph:  Pak pak cache file ../../../../../../Users/Daniel Soto/Desktop/Inferno's Revenge/UnrealEngine_Games/Unreal Proyect/MyProject/DerivedDataCache/DDC.ddp not found, will not use a pak cache.
[2020.06.08-22.03.06:961][  0]LogDerivedDataCache: Unable to find inner node Pak for hierarchical cache Hierarchy.
[2020.06.08-22.03.06:961][  0]LogDerivedDataCache: FDerivedDataBackendGraph:  CompressedPak pak cache file ../../../../../../Users/Daniel Soto/Desktop/Inferno's Revenge/UnrealEngine_Games/Unreal Proyect/MyProject/DerivedDataCache/Compressed.ddp not found, will not use a pak cache.
[2020.06.08-22.03.06:961][  0]LogDerivedDataCache: Unable to find inner node CompressedPak for hierarchical cache Hierarchy.
[2020.06.08-22.03.06:975][  0]LogDerivedDataCache: Display: Pak cache opened for reading ../../../Engine/DerivedDataCache/Compressed.ddp.
[2020.06.08-22.03.06:975][  0]LogDerivedDataCache: FDerivedDataBackendGraph:  EnterprisePak pak cache file ../../../Enterprise/DerivedDataCache/Compressed.ddp not found, will not use a pak cache.
[2020.06.08-22.03.06:975][  0]LogDerivedDataCache: Unable to find inner node EnterprisePak for hierarchical cache Hierarchy.
[2020.06.08-22.03.06:978][  0]LogDerivedDataCache: Using Local data cache path C:/Users/Daniel Soto/AppData/Local/UnrealEngine/Common/DerivedDataCache: Writable
[2020.06.08-22.03.06:978][  0]LogDerivedDataCache: Shared data cache path not found in *engine.ini, will not use an Shared cache.
[2020.06.08-22.03.06:978][  0]LogDerivedDataCache: Unable to find inner node Shared for hierarchical cache Hierarchy.
[2020.06.08-22.03.07:019][  0]LogMaterial: Verifying Global Shaders for PCD3D_SM5
[2020.06.08-22.03.07:116][  0]LogSlate: Using FreeType 2.10.0
[2020.06.08-22.03.07:116][  0]LogSlate: SlateFontServices - WITH_FREETYPE: 1, WITH_HARFBUZZ: 1
[2020.06.08-22.03.07:352][  0]LogInit: Using OS detected language (es-ES).
[2020.06.08-22.03.07:352][  0]LogInit: Using OS detected locale (es-CL).
[2020.06.08-22.03.07:352][  0]LogTextLocalizationManager: No localization for 'es-ES' exists, so 'en' will be used for the language.
[2020.06.08-22.03.07:352][  0]LogTextLocalizationManager: No localization for 'es-CL' exists, so 'en' will be used for the locale.
[2020.06.08-22.03.07:353][  0]LogSlate: FontCache flush requested. Reason: Culture for localization was changed
[2020.06.08-22.03.07:353][  0]LogSlate: FontCache flush requested. Reason: Culture for localization was changed
[2020.06.08-22.03.07:353][  0]LogTextLocalizationManager: Compacting localization data took   0.00ms
[2020.06.08-22.03.07:357][  0]LogAssetRegistry: FAssetRegistry took 0.0021 seconds to start up
[2020.06.08-22.03.07:666][  0]LogPackageLocalizationCache: Processed 10 localized package path(s) for 1 prioritized culture(s) in 0.000645 seconds
[2020.06.08-22.03.07:743][  0]LogInit: Selected Device Profile: [Windows]
[2020.06.08-22.03.07:903][  0]LogMeshReduction: Using QuadricMeshReduction for automatic static mesh reduction
[2020.06.08-22.03.07:903][  0]LogMeshReduction: Using SimplygonMeshReduction for automatic skeletal mesh reduction
[2020.06.08-22.03.07:903][  0]LogMeshReduction: Using ProxyLODMeshReduction for automatic mesh merging
[2020.06.08-22.03.07:903][  0]LogMeshReduction: No distributed automatic mesh merging module available
[2020.06.08-22.03.07:903][  0]LogMeshMerging: No distributed automatic mesh merging module available
[2020.06.08-22.03.07:937][  0]LogNetVersion: MyProject 1.0.0, NetCL: 10570792, EngineNetVer: 13, GameNetVer: 0 (Checksum: 2318771507)
[2020.06.08-22.03.08:822][  0]LogMoviePlayer: Initializing movie player
[2020.06.08-22.03.09:539][  0]LogTcpMessaging: Initializing TcpMessaging bridge
[2020.06.08-22.03.09:543][  0]LogUdpMessaging: Initializing bridge on interface 0.0.0.0:0 to multicast group 230.0.0.1:6666.
[2020.06.08-22.03.09:585][  0]SourceControl: El control de código fuente está desactivado
[2020.06.08-22.03.09:585][  0]SourceControl: El control de código fuente está desactivado
[2020.06.08-22.03.09:587][  0]SourceControl: El control de código fuente está desactivado
[2020.06.08-22.03.09:648][  0]LogAndroidPermission: UAndroidPermissionCallbackProxy::GetInstance
[2020.06.08-22.03.09:665][  0]LogAudioCaptureCore: Display: No Audio Capture implementations found. Audio input will be silent.
[2020.06.08-22.03.09:665][  0]LogAudioCaptureCore: Display: No Audio Capture implementations found. Audio input will be silent.
[2020.06.08-22.03.09:752][  0]LogOcInput: OculusInput pre-init called
[2020.06.08-22.03.09:768][  0]LogUObjectArray: 52646 objects as part of root set at end of initial load.
[2020.06.08-22.03.09:768][  0]LogUObjectAllocator: 9318504 out of 0 bytes used by permanent object pool.
[2020.06.08-22.03.09:768][  0]LogUObjectArray: CloseDisregardForGC: 0/0 objects in disregard for GC pool
[2020.06.08-22.03.09:871][  0]LogEngine: Initializing Engine...
[2020.06.08-22.03.09:873][  0]LogHMD: Failed to initialize OpenVR with code 110
[2020.06.08-22.03.09:892][  0]LogStats: UGameplayTagsManager::InitializeManager -  0.001 s
[2020.06.08-22.03.10:149][  0]LogInit: Initializing FReadOnlyCVARCache
[2020.06.08-22.03.10:152][  0]LogAudioMixer: Display: Audio Mixer Platform Settings:
[2020.06.08-22.03.10:152][  0]LogAudioMixer: Display: 	Sample Rate:						  48000
[2020.06.08-22.03.10:152][  0]LogAudioMixer: Display: 	Callback Buffer Frame Size Requested: 1024
[2020.06.08-22.03.10:152][  0]LogAudioMixer: Display: 	Callback Buffer Frame Size To Use:	  1024
[2020.06.08-22.03.10:152][  0]LogAudioMixer: Display: 	Number of buffers to queue:			  2
[2020.06.08-22.03.10:152][  0]LogAudioMixer: Display: 	Max Channels (voices):				  32
[2020.06.08-22.03.10:152][  0]LogAudioMixer: Display: 	Number of Async Source Workers:		  0
[2020.06.08-22.03.10:152][  0]LogAudio: Display: AudioDevice MaxSources: 32
[2020.06.08-22.03.10:153][  0]LogAudio: Display: Using built-in audio occlusion.
[2020.06.08-22.03.10:153][  0]LogAudioMixer: Display: Initializing audio mixer.
[2020.06.08-22.03.10:162][  0]LogAudioMixer: Display: Audio Device Output Speaker Info:
[2020.06.08-22.03.10:162][  0]LogAudioMixer: Display: Name: Altavoces (Realtek(R) Audio)
[2020.06.08-22.03.10:162][  0]LogAudioMixer: Display: Is Default: Yes
[2020.06.08-22.03.10:162][  0]LogAudioMixer: Display: Sample Rate: 48000
[2020.06.08-22.03.10:162][  0]LogAudioMixer: Display: Channel Count Used: 2
[2020.06.08-22.03.10:162][  0]LogAudioMixer: Display: Device Channel Count: 2
[2020.06.08-22.03.10:162][  0]LogAudioMixer: Display: Channel Order:
[2020.06.08-22.03.10:162][  0]LogAudioMixer: Display: 0: FrontLeft
[2020.06.08-22.03.10:162][  0]LogAudioMixer: Display: 1: FrontRight
[2020.06.08-22.03.10:188][  0]LogAudioMixer: Display: Using Audio Device Altavoces (Realtek(R) Audio)
[2020.06.08-22.03.10:201][  0]LogInit: FAudioDevice initialized.
[2020.06.08-22.03.10:203][  0]LogNetVersion: Set ProjectVersion to 1.0.0.0. Version Checksum will be recalculated on next use.
[2020.06.08-22.03.10:204][  0]LogInit: Texture streaming: Enabled
[2020.06.08-22.03.10:724][  0]LogSlate: Updating window title bar state: overlay mode, drag disabled, window buttons hidden, title bar hidden
[2020.06.08-22.03.10:757][  0]LogInit: Display: Game Engine Initialized.
[2020.06.08-22.03.10:791][  0]LogInit: Display: Starting Game.
[2020.06.08-22.03.10:811][  0]LogNet: Browse: /Game/Mapa/prueba_2d?Name=Player
[2020.06.08-22.03.10:813][  0]LogLoad: LoadMap: /Game/Mapa/prueba_2d?Name=Player
[2020.06.08-22.03.10:813][  0]LogWorld: BeginTearingDown for /Temp/Untitled_0
[2020.06.08-22.03.10:814][  0]LogWorld: UWorld::CleanupWorld for Untitled, bSessionEnded=true, bCleanupResources=true
[2020.06.08-22.03.10:815][  0]LogSlate: InvalidateAllWidgets triggered.  All widgets were invalidated
[2020.06.08-22.03.10:857][  0]LogAudioMixer: Display: No commands were queued while flushing the source manager.
[2020.06.08-22.03.10:860][  0]LogUObjectHash: Compacting FUObjectHashTables data took   2.26ms
[2020.06.08-22.03.11:718][  0]LogAIModule: Creating AISystem for world prueba_2d
[2020.06.08-22.03.11:761][  0]LogLoad: Game class is '2DSideScrollerGameMode_C'
[2020.06.08-22.03.11:855][  0]LogWorld: Bringing World /Game/Mapa/prueba_2d.prueba_2d up for play (max tick rate 0) at 2020.06.08-18.03.11
[2020.06.08-22.03.12:007][  0]LogWorld: Bringing up level for play took: 0.219068
[2020.06.08-22.03.12:340][  0]LogLoad: Took 1.527951 seconds to LoadMap(/Game/Mapa/prueba_2d)
[2020.06.08-22.03.12:377][  0]LogSlate: InvalidateAllWidgets triggered.  All widgets were invalidated
[2020.06.08-22.03.29:020][  0]LogLoad: (Engine Initialization) Total time: 26.62 seconds
[2020.06.08-22.03.29:020][  0]LogLoad: (Engine Initialization) Total Blueprint compile time: 0.00 seconds
[2020.06.08-22.03.29:165][  0]LogContentStreaming: Texture pool size now 1000 MB
[2020.06.08-22.03.29:370][  1]LogRenderer: Reallocating scene render targets to support 1280x720 Format 10 NumSamples 1 (Frame:1).
[2020.06.08-22.03.35:622][404]LogCharacterMovement: 2DSideScrollerCharacter_C_0 is stuck and failed to move! Velocity: X=638.52 Y=0.00 Z=0.00 Location: X=615.94 Y=-253.43 Z=-238.23 Normal: X=-0.00 Y=1.00 Z=-0.00 PenetrationDepth:28.431 Actor:barco_2d4 Component:barco2d BoneName:None (0 other events since notify)
[2020.06.08-22.03.51:328][504]LogPlayerController: Error: InputMode:UIOnly - Attempting to focus Non-Focusable widget SObjectWidget [Widget.cpp(776)]!
[2020.06.08-22.03.53:459][634]LogPackageName: SearchForPackageOnDisk took   0.204s to resolve MenuPrincipal.umap.
[2020.06.08-22.03.53:659][634]LogPackageName: SearchForPackageOnDisk took   0.199s to resolve MenuPrincipal.umap.
[2020.06.08-22.03.53:659][634]LogNet: Browse: /Game/MenuPrincipal
[2020.06.08-22.03.53:659][634]LogLoad: LoadMap: /Game/MenuPrincipal
[2020.06.08-22.03.53:659][634]LogWorld: BeginTearingDown for /Game/Mapa/prueba_2d
[2020.06.08-22.03.53:766][634]LogWorld: UWorld::CleanupWorld for prueba_2d, bSessionEnded=true, bCleanupResources=true
[2020.06.08-22.03.53:901][634]LogSlate: InvalidateAllWidgets triggered.  All widgets were invalidated
[2020.06.08-22.03.53:937][634]LogAudio: Display: Waited 35.200100 ms for audio thread.
[2020.06.08-22.03.53:972][634]LogAudio: Display: Waited 69.788704 ms for audio thread.
[2020.06.08-22.03.54:007][634]LogAudio: Display: Waited 104.883995 ms for audio thread.
[2020.06.08-22.03.54:031][634]LogAudioMixer: Display: Flush succeeded in the source manager command queue (1).
[2020.06.08-22.03.54:031][634]LogAudioMixer: Display: Flush succeeded the source manager command queue (2).
[2020.06.08-22.03.54:031][634]LogAudio: Display: Waited 129.660614 ms for audio thread.
[2020.06.08-22.03.54:298][634]LogUObjectHash: Compacting FUObjectHashTables data took   3.18ms
[2020.06.08-22.03.54:532][634]LogAIModule: Creating AISystem for world MenuPrincipal
[2020.06.08-22.03.54:680][634]LogLoad: Game class is '2DSideScrollerGameMode_C'
[2020.06.08-22.03.54:682][634]LogWorld: Bringing World /Game/MenuPrincipal.MenuPrincipal up for play (max tick rate 0) at 2020.06.08-18.03.54
[2020.06.08-22.03.54:682][634]LogWorld: Bringing up level for play took: 0.000562
[2020.06.08-22.03.54:682][634]LogGameMode: FindPlayerStart: PATHS NOT DEFINED or NO PLAYERSTART with positive rating
[2020.06.08-22.03.54:685][634]PIE: Error: SetInputMode_UIOnly expects a valid player controller as 'PlayerController' target
[2020.06.08-22.03.54:685][634]LogLoad: Took 1.026481 seconds to LoadMap(/Game/MenuPrincipal)
[2020.06.08-22.03.58:917][984]LogPackageName: Warning: Found ambiguous long package name for 'prueba_2d.umap'. Returning '/Game/prueba_2d', but could also be '/Game/Mapa/prueba_2d'.
[2020.06.08-22.03.58:917][984]LogPackageName: SearchForPackageOnDisk took   0.190s to resolve prueba_2d.umap.
[2020.06.08-22.03.59:093][984]LogPackageName: Warning: Found ambiguous long package name for 'prueba_2d.umap'. Returning '/Game/prueba_2d', but could also be '/Game/Mapa/prueba_2d'.
[2020.06.08-22.03.59:093][984]LogPackageName: SearchForPackageOnDisk took   0.176s to resolve prueba_2d.umap.
[2020.06.08-22.03.59:093][984]LogNet: Browse: /Game/prueba_2d
[2020.06.08-22.03.59:094][984]LogLoad: LoadMap: /Game/prueba_2d
[2020.06.08-22.03.59:094][984]LogWorld: BeginTearingDown for /Game/MenuPrincipal
[2020.06.08-22.03.59:094][984]LogWorld: UWorld::CleanupWorld for MenuPrincipal, bSessionEnded=true, bCleanupResources=true
[2020.06.08-22.03.59:094][984]LogSlate: InvalidateAllWidgets triggered.  All widgets were invalidated
[2020.06.08-22.03.59:129][984]LogAudioMixer: Display: No commands were queued while flushing the source manager.
[2020.06.08-22.03.59:133][984]LogUObjectHash: Compacting FUObjectHashTables data took   1.06ms
[2020.06.08-22.03.59:955][984]LogAIModule: Creating AISystem for world prueba_2d
[2020.06.08-22.03.59:962][984]LogLoad: Game class is '2DSideScrollerGameMode_C'
[2020.06.08-22.04.00:016][984]LogWorld: Bringing World /Game/Mapa/prueba_2d.prueba_2d up for play (max tick rate 0) at 2020.06.08-18.04.00
[2020.06.08-22.04.00:020][984]LogWorld: Bringing up level for play took: 0.057347
[2020.06.08-22.04.00:096][984]LogLoad: Took 1.002646 seconds to LoadMap(/Game/prueba_2d)
[2020.06.08-22.04.01:819][ 96]LogSlate: Window 'MyProject (64-bit Development PCD3D_SM5) ' being destroyed
[2020.06.08-22.04.01:820][ 96]LogWindowsTextInputMethodSystem: Display: IME system now deactivated.
[2020.06.08-22.04.01:829][ 96]LogWindowsTextInputMethodSystem: Display: IME system now deactivated.
[2020.06.08-22.04.01:831][ 96]LogSlate: Updating window title bar state: overlay mode, drag disabled, window buttons hidden, title bar hidden
[2020.06.08-22.04.01:831][ 96]LogEngine: All Windows Closed
[2020.06.08-22.04.01:831][ 96]LogWindows: FPlatformMisc::RequestExit(0)
[2020.06.08-22.04.01:831][ 96]LogCore: Engine exit requested (reason: Win RequestExit)
[2020.06.08-22.04.01:858][ 97]LogCore: Engine exit requested (reason: EngineExit() was called; note: exit was already requested)
[2020.06.08-22.04.01:862][ 97]LogAudioMixer: Display: Flush succeeded in the source manager command queue (1).
[2020.06.08-22.04.01:892][ 97]LogAudioMixer: Display: Flush succeeded the source manager command queue (2).
[2020.06.08-22.04.01:903][ 97]LogInit: Display: PreExit Game.
[2020.06.08-22.04.01:903][ 97]LogWorld: BeginTearingDown for /Game/Mapa/prueba_2d
[2020.06.08-22.04.01:903][ 97]LogWorld: UWorld::CleanupWorld for prueba_2d, bSessionEnded=true, bCleanupResources=true
[2020.06.08-22.04.02:025][ 97]LogSlate: InvalidateAllWidgets triggered.  All widgets were invalidated
