Log file open, 07/02/20 12:02:16
LogWindows: Failed to load 'aqProf.dll' (GetLastError=126)
LogWindows: File 'aqProf.dll' does not exist
LogWindows: Failed to load 'VtuneApi.dll' (GetLastError=126)
LogWindows: File 'VtuneApi.dll' does not exist
LogWindows: Failed to load 'VtuneApi32e.dll' (GetLastError=126)
LogWindows: File 'VtuneApi32e.dll' does not exist
LogConsoleResponse: Display: Failed to find resolution value strings in scalability ini. Falling back to default.
LogInit: Display: Running engine for game: MyProject
LogPlatformFile: Not using cached read wrapper
LogTaskGraph: Started task graph with 5 named threads and 23 total threads with 3 sets of task threads.
LogStats: Stats thread started at 0.121662
LogD3D11RHI: Loaded GFSDK_Aftermath_Lib.x64.dll
LogICUInternationalization: ICU TimeZone Detection - Raw Offset: -4:00, Platform Override: ''
LogPluginManager: Mounting plugin Paper2D
LogPluginManager: Mounting plugin AISupport
LogPluginManager: Mounting plugin LightPropagationVolume
LogPluginManager: Mounting plugin ActorLayerUtilities
LogPluginManager: Mounting plugin AnimationSharing
LogPluginManager: Mounting plugin CLionSourceCodeAccess
LogPluginManager: Mounting plugin CodeLiteSourceCodeAccess
LogPluginManager: Mounting plugin GitSourceControl
LogPluginManager: Mounting plugin KDevelopSourceCodeAccess
LogPluginManager: Mounting plugin NullSourceCodeAccess
LogPluginManager: Mounting plugin PerforceSourceControl
LogPluginManager: Mounting plugin PlasticSourceControl
LogPluginManager: Mounting plugin SubversionSourceControl
LogPluginManager: Mounting plugin UObjectPlugin
LogPluginManager: Mounting plugin VisualStudioCodeSourceCodeAccess
LogPluginManager: Mounting plugin VisualStudioSourceCodeAccess
LogPluginManager: Mounting plugin XCodeSourceCodeAccess
LogPluginManager: Mounting plugin AssetManagerEditor
LogPluginManager: Mounting plugin CryptoKeys
LogPluginManager: Mounting plugin CurveEditorTools
LogPluginManager: Mounting plugin DataValidation
LogPluginManager: Mounting plugin FacialAnimation
LogPluginManager: Mounting plugin GameplayTagsEditor
LogPluginManager: Mounting plugin MacGraphicsSwitching
LogPluginManager: Mounting plugin MaterialAnalyzer
LogPluginManager: Mounting plugin MobileLauncherProfileWizard
LogPluginManager: Mounting plugin PluginBrowser
LogPluginManager: Mounting plugin SpeedTreeImporter
LogPluginManager: Mounting plugin DatasmithContent
LogPluginManager: Mounting plugin VariantManagerContent
LogPluginManager: Mounting plugin AlembicImporter
LogPluginManager: Mounting plugin AutomationUtils
LogPluginManager: Mounting plugin BackChannel
LogPluginManager: Mounting plugin CharacterAI
LogPluginManager: Mounting plugin GeometryCache
LogPluginManager: Mounting plugin PlatformCrypto
LogPluginManager: Mounting plugin ProxyLODPlugin
LogPluginManager: Mounting plugin SkeletalReduction
LogPluginManager: Mounting plugin MagicLeap
LogPluginManager: Mounting plugin MagicLeapMedia
LogPluginManager: Mounting plugin MLSDK
LogPluginManager: Mounting plugin AndroidMedia
LogPluginManager: Mounting plugin AvfMedia
LogPluginManager: Mounting plugin ImgMedia
LogPluginManager: Mounting plugin MediaCompositing
LogPluginManager: Mounting plugin MediaPlayerEditor
LogPluginManager: Mounting plugin WebMMedia
LogPluginManager: Mounting plugin WmfMedia
LogPluginManager: Mounting plugin TcpMessaging
LogPluginManager: Mounting plugin UdpMessaging
LogPluginManager: Mounting plugin ActorSequence
LogPluginManager: Mounting plugin LevelSequenceEditor
LogPluginManager: Mounting plugin MatineeToLevelSequence
LogPluginManager: Mounting plugin NetcodeUnitTest
LogPluginManager: Mounting plugin NUTUnrealEngine4
LogPluginManager: Mounting plugin OnlineSubsystemGooglePlay
LogPluginManager: Mounting plugin OnlineSubsystemIOS
LogPluginManager: Mounting plugin OnlineSubsystem
LogPluginManager: Mounting plugin OnlineSubsystemNull
LogPluginManager: Mounting plugin OnlineSubsystemUtils
LogPluginManager: Mounting plugin LauncherChunkInstaller
LogPluginManager: Mounting plugin AndroidDeviceProfileSelector
LogPluginManager: Mounting plugin AndroidMoviePlayer
LogPluginManager: Mounting plugin AndroidPermission
LogPluginManager: Mounting plugin AppleImageUtils
LogPluginManager: Mounting plugin AppleMoviePlayer
LogPluginManager: Mounting plugin ArchVisCharacter
LogPluginManager: Mounting plugin AssetTags
LogPluginManager: Mounting plugin AudioCapture
LogPluginManager: Mounting plugin CableComponent
LogPluginManager: Mounting plugin CustomMeshComponent
LogPluginManager: Mounting plugin EditableMesh
LogPluginManager: Mounting plugin ExampleDeviceProfileSelector
LogPluginManager: Mounting plugin GoogleCloudMessaging
LogPluginManager: Mounting plugin IOSDeviceProfileSelector
LogPluginManager: Mounting plugin LinuxDeviceProfileSelector
LogPluginManager: Mounting plugin LocationServicesBPLibrary
LogPluginManager: Mounting plugin MobilePatchingUtils
LogPluginManager: Mounting plugin OculusVR
LogPluginManager: Mounting plugin PhysXVehicles
LogPluginManager: Mounting plugin PostSplashScreen
LogPluginManager: Mounting plugin ProceduralMeshComponent
LogPluginManager: Mounting plugin RuntimePhysXCooking
LogPluginManager: Mounting plugin SignificanceManager
LogPluginManager: Mounting plugin SteamVR
LogPluginManager: Mounting plugin WebMMoviePlayer
LogPluginManager: Mounting plugin WindowsMoviePlayer
LogPluginManager: Mounting plugin ScreenshotTools
LogInit: Using libcurl 7.55.1-DEV
LogInit:  - built for x86_64-pc-win32
LogInit:  - supports SSL with OpenSSL/1.1.1
LogInit:  - supports HTTP deflate (compression) using libz 1.2.8
LogInit:  - other features:
LogInit:      CURL_VERSION_SSL
LogInit:      CURL_VERSION_LIBZ
LogInit:      CURL_VERSION_IPV6
LogInit:      CURL_VERSION_ASYNCHDNS
LogInit:      CURL_VERSION_LARGEFILE
LogInit:      CURL_VERSION_IDN
LogInit:  CurlRequestOptions (configurable via config and command line):
LogInit:  - bVerifyPeer = true  - Libcurl will verify peer certificate
LogInit:  - bUseHttpProxy = false  - Libcurl will NOT use HTTP proxy
LogInit:  - bDontReuseConnections = false  - Libcurl will reuse connections
LogInit:  - MaxHostConnections = 16  - Libcurl will limit the number of connections to a host
LogInit:  - LocalHostAddr = Default
LogInit:  - BufferSize = 65536
LogOnline: OSS: Creating online subsystem instance for: NULL
LogInit: WinSock: version 1.1 (2.2), MaxSocks=32767, MaxUdp=65467
LogOnline: OSS: TryLoadSubsystemAndSetDefault: Loaded subsystem for module [NULL]
LogInit: Build: ++UE4+Release-4.24-CL-11590370
LogInit: Engine Version: 4.24.3-11590370+++UE4+Release-4.24
LogInit: Compatible Engine Version: 4.24.0-10570792+++UE4+Release-4.24
LogInit: Net CL: 10570792
LogInit: OS: Windows 10 (Release 1909) (), CPU: AMD Ryzen 5 2500U with Radeon Vega Mobile Gfx  , GPU: AMD Radeon(TM) Vega 8 Graphics
LogInit: Compiled (64-bit): Feb 24 2020 15:39:18
LogInit: Compiled with Visual C++: 19.16.27032.01
LogInit: Build Configuration: Development
LogInit: Branch Name: ++UE4+Release-4.24
LogInit: Command Line: 
LogInit: Base Directory: C:/Program Files/Epic Games/UE_4.24/Engine/Binaries/Win64/
LogInit: Installed Engine Build: 1
LogDevObjectVersion: Number of dev versions registered: 25
LogDevObjectVersion:   Dev-Blueprints (B0D832E4-1F89-4F0D-ACCF-7EB736FD4AA2): 10
LogDevObjectVersion:   Dev-Build (E1C64328-A22C-4D53-A36C-8E866417BD8C): 0
LogDevObjectVersion:   Dev-Core (375EC13C-06E4-48FB-B500-84F0262A717E): 3
LogDevObjectVersion:   Dev-Editor (E4B068ED-F494-42E9-A231-DA0B2E46BB41): 37
LogDevObjectVersion:   Dev-Framework (CFFC743F-43B0-4480-9391-14DF171D2073): 36
LogDevObjectVersion:   Dev-Mobile (B02B49B5-BB20-44E9-A304-32B752E40360): 2
LogDevObjectVersion:   Dev-Networking (A4E4105C-59A1-49B5-A7C5-40C4547EDFEE): 0
LogDevObjectVersion:   Dev-Online (39C831C9-5AE6-47DC-9A44-9C173E1C8E7C): 0
LogDevObjectVersion:   Dev-Physics (78F01B33-EBEA-4F98-B9B4-84EACCB95AA2): 2
LogDevObjectVersion:   Dev-Platform (6631380F-2D4D-43E0-8009-CF276956A95A): 0
LogDevObjectVersion:   Dev-Rendering (12F88B9F-8875-4AFC-A67C-D90C383ABD29): 36
LogDevObjectVersion:   Dev-Sequencer (7B5AE74C-D270-4C10-A958-57980B212A5A): 11
LogDevObjectVersion:   Dev-VR (D7296918-1DD6-4BDD-9DE2-64A83CC13884): 2
LogDevObjectVersion:   Dev-LoadTimes (C2A15278-BFE7-4AFE-6C17-90FF531DF755): 1
LogDevObjectVersion:   Private-Geometry (6EACA3D4-40EC-4CC1-B786-8BED09428FC5): 3
LogDevObjectVersion:   Dev-AnimPhys (29E575DD-E0A3-4627-9D10-D276232CDCEA): 17
LogDevObjectVersion:   Dev-Anim (AF43A65D-7FD3-4947-9873-3E8ED9C1BB05): 2
LogDevObjectVersion:   Dev-ReflectionCapture (6B266CEC-1EC7-4B8F-A30B-E4D90942FC07): 1
LogDevObjectVersion:   Dev-Automation (0DF73D61-A23F-47EA-B727-89E90C41499A): 1
LogDevObjectVersion:   FortniteMain (601D1886-AC64-4F84-AA16-D3DE0DEAC7D6): 31
LogDevObjectVersion:   Dev-Enterprise (9DFFBCD6-494F-0158-E221-12823C92A888): 8
LogDevObjectVersion:   Dev-Niagara (F2AED0AC-9AFE-416F-8664-AA7FFA26D6FC): 1
LogDevObjectVersion:   Dev-Destruction (174F1F0B-B4C6-45A5-B13F-2EE8D0FB917D): 9
LogDevObjectVersion:   Dev-Physics-Ext (35F94A83-E258-406C-A318-09F59610247C): 8
LogDevObjectVersion:   Dev-CineCamera (B2E18506-4273-CFC2-A54E-F4BB758BBA07): 1
LogInit: Presizing for max 25165824 objects, including 0 objects not considered by GC, pre-allocating 0 bytes for permanent pool.
LogInit: Object subsystem initialized
LogConfig: Setting CVar [[con.DebugEarlyDefault:1]]
LogConfig: Setting CVar [[r.setres:1280x720]]
[2020.07.02-16.02.16:442][  0]LogConfig: Setting CVar [[r.VSync:0]]
[2020.07.02-16.02.16:442][  0]LogConfig: Setting CVar [[r.RHICmdBypass:0]]
[2020.07.02-16.02.16:442][  0]LogConfig: Applying CVar settings from Section [/Script/Engine.RendererSettings] File [C:/Users/Daniel Soto/Desktop/Inferno's Revenge/UnrealEngine_Games/Unreal Proyect/MyProject/Saved/Config/Windows/Engine.ini]
[2020.07.02-16.02.16:442][  0]LogConfig: Setting CVar [[r.GPUCrashDebugging:0]]
[2020.07.02-16.02.16:442][  0]LogConfig: Setting CVar [[r.MobileHDR:1]]
[2020.07.02-16.02.16:442][  0]LogConfig: Setting CVar [[r.Mobile.DisableVertexFog:1]]
[2020.07.02-16.02.16:442][  0]LogConfig: Setting CVar [[r.Shadow.CSM.MaxMobileCascades:2]]
[2020.07.02-16.02.16:442][  0]LogConfig: Setting CVar [[r.MobileMSAA:1]]
[2020.07.02-16.02.16:442][  0]LogConfig: Setting CVar [[r.Mobile.UseLegacyShadingModel:0]]
[2020.07.02-16.02.16:442][  0]LogConfig: Setting CVar [[r.Mobile.UseHWsRGBEncoding:0]]
[2020.07.02-16.02.16:442][  0]LogConfig: Setting CVar [[r.Mobile.AllowDitheredLODTransition:0]]
[2020.07.02-16.02.16:442][  0]LogConfig: Setting CVar [[r.Mobile.AllowSoftwareOcclusion:0]]
[2020.07.02-16.02.16:442][  0]LogConfig: Setting CVar [[r.DiscardUnusedQuality:0]]
[2020.07.02-16.02.16:442][  0]LogConfig: Setting CVar [[r.AllowOcclusionQueries:1]]
[2020.07.02-16.02.16:442][  0]LogConfig: Setting CVar [[r.MinScreenRadiusForLights:0.030000]]
[2020.07.02-16.02.16:442][  0]LogConfig: Setting CVar [[r.MinScreenRadiusForDepthPrepass:0.030000]]
[2020.07.02-16.02.16:442][  0]LogConfig: Setting CVar [[r.MinScreenRadiusForCSMDepth:0.010000]]
[2020.07.02-16.02.16:442][  0]LogConfig: Setting CVar [[r.PrecomputedVisibilityWarning:0]]
[2020.07.02-16.02.16:442][  0]LogConfig: Setting CVar [[r.TextureStreaming:1]]
[2020.07.02-16.02.16:443][  0]LogConfig: Setting CVar [[Compat.UseDXT5NormalMaps:0]]
[2020.07.02-16.02.16:443][  0]LogConfig: Setting CVar [[r.VirtualTextures:0]]
[2020.07.02-16.02.16:443][  0]LogConfig: Setting CVar [[r.VirtualTexturedLightmaps:0]]
[2020.07.02-16.02.16:443][  0]LogConfig: Setting CVar [[r.VT.TileSize:128]]
[2020.07.02-16.02.16:443][  0]LogConfig: Setting CVar [[r.VT.TileBorderSize:4]]
[2020.07.02-16.02.16:443][  0]LogConfig: Setting CVar [[r.vt.FeedbackFactor:16]]
[2020.07.02-16.02.16:443][  0]LogConfig: Setting CVar [[r.VT.EnableCompressZlib:1]]
[2020.07.02-16.02.16:443][  0]LogConfig: Setting CVar [[r.VT.EnableCompressCrunch:0]]
[2020.07.02-16.02.16:443][  0]LogConfig: Setting CVar [[r.ClearCoatNormal:0]]
[2020.07.02-16.02.16:443][  0]LogConfig: Setting CVar [[r.ReflectionCaptureResolution:128]]
[2020.07.02-16.02.16:443][  0]LogConfig: Setting CVar [[r.ReflectionEnvironmentLightmapMixBasedOnRoughness:1]]
[2020.07.02-16.02.16:443][  0]LogConfig: Setting CVar [[r.ForwardShading:0]]
[2020.07.02-16.02.16:443][  0]LogConfig: Setting CVar [[r.VertexFoggingForOpaque:1]]
[2020.07.02-16.02.16:443][  0]LogConfig: Setting CVar [[r.AllowStaticLighting:1]]
[2020.07.02-16.02.16:443][  0]LogConfig: Setting CVar [[r.NormalMapsForStaticLighting:0]]
[2020.07.02-16.02.16:443][  0]LogConfig: Setting CVar [[r.GenerateMeshDistanceFields:0]]
[2020.07.02-16.02.16:443][  0]LogConfig: Setting CVar [[r.DistanceFieldBuild.EightBit:0]]
[2020.07.02-16.02.16:443][  0]LogConfig: Setting CVar [[r.GenerateLandscapeGIData:0]]
[2020.07.02-16.02.16:443][  0]LogConfig: Setting CVar [[r.DistanceFieldBuild.Compress:0]]
[2020.07.02-16.02.16:443][  0]LogConfig: Setting CVar [[r.TessellationAdaptivePixelsPerTriangle:48.000000]]
[2020.07.02-16.02.16:443][  0]LogConfig: Setting CVar [[r.SeparateTranslucency:1]]
[2020.07.02-16.02.16:443][  0]LogConfig: Setting CVar [[r.TranslucentSortPolicy:0]]
[2020.07.02-16.02.16:443][  0]LogConfig: Setting CVar [[r.CustomDepth:1]]
[2020.07.02-16.02.16:443][  0]LogConfig: Setting CVar [[r.CustomDepthTemporalAAJitter:1]]
[2020.07.02-16.02.16:443][  0]LogConfig: Setting CVar [[r.PostProcessing.PropagateAlpha:0]]
[2020.07.02-16.02.16:443][  0]LogConfig: Setting CVar [[r.DefaultFeature.Bloom:1]]
[2020.07.02-16.02.16:443][  0]LogConfig: Setting CVar [[r.DefaultFeature.AmbientOcclusion:1]]
[2020.07.02-16.02.16:443][  0]LogConfig: Setting CVar [[r.DefaultFeature.AmbientOcclusionStaticFraction:1]]
[2020.07.02-16.02.16:443][  0]LogConfig: Setting CVar [[r.DefaultFeature.AutoExposure:1]]
[2020.07.02-16.02.16:443][  0]LogConfig: Setting CVar [[r.DefaultFeature.AutoExposure.Method:0]]
[2020.07.02-16.02.16:443][  0]LogConfig: Setting CVar [[r.DefaultFeature.AutoExposure.ExtendDefaultLuminanceRange:0]]
[2020.07.02-16.02.16:443][  0]LogConfig: Setting CVar [[r.UsePreExposure:1]]
[2020.07.02-16.02.16:443][  0]LogConfig: Setting CVar [[r.EyeAdaptation.EditorOnly:1]]
[2020.07.02-16.02.16:443][  0]LogConfig: Setting CVar [[r.DefaultFeature.MotionBlur:1]]
[2020.07.02-16.02.16:443][  0]LogConfig: Setting CVar [[r.DefaultFeature.LensFlare:0]]
[2020.07.02-16.02.16:443][  0]LogConfig: Setting CVar [[r.TemporalAA.Upsampling:0]]
[2020.07.02-16.02.16:443][  0]LogConfig: Setting CVar [[r.SSGI.Enable:0]]
[2020.07.02-16.02.16:443][  0]LogConfig: Setting CVar [[r.DefaultFeature.AntiAliasing:2]]
[2020.07.02-16.02.16:443][  0]LogConfig: Setting CVar [[r.DefaultFeature.LightUnits:1]]
[2020.07.02-16.02.16:443][  0]LogConfig: Setting CVar [[r.DefaultBackBufferPixelFormat:4]]
[2020.07.02-16.02.16:443][  0]LogConfig: Setting CVar [[r.Shadow.UnbuiltPreviewInGame:1]]
[2020.07.02-16.02.16:443][  0]LogConfig: Setting CVar [[r.StencilForLODDither:0]]
[2020.07.02-16.02.16:443][  0]LogConfig: Setting CVar [[r.EarlyZPass:3]]
[2020.07.02-16.02.16:443][  0]LogConfig: Setting CVar [[r.EarlyZPassOnlyMaterialMasking:0]]
[2020.07.02-16.02.16:443][  0]LogConfig: Setting CVar [[r.DBuffer:1]]
[2020.07.02-16.02.16:444][  0]LogConfig: Setting CVar [[r.ClearSceneMethod:1]]
[2020.07.02-16.02.16:444][  0]LogConfig: Setting CVar [[r.BasePassOutputsVelocity:0]]
[2020.07.02-16.02.16:444][  0]LogConfig: Setting CVar [[r.SelectiveBasePassOutputs:0]]
[2020.07.02-16.02.16:444][  0]LogConfig: Setting CVar [[fx.GPUSimulationTextureSizeX:1024]]
[2020.07.02-16.02.16:444][  0]LogConfig: Setting CVar [[fx.GPUSimulationTextureSizeY:1024]]
[2020.07.02-16.02.16:444][  0]LogConfig: Setting CVar [[r.AllowGlobalClipPlane:0]]
[2020.07.02-16.02.16:444][  0]LogConfig: Setting CVar [[r.GBufferFormat:1]]
[2020.07.02-16.02.16:444][  0]LogConfig: Setting CVar [[r.MorphTarget.Mode:1]]
[2020.07.02-16.02.16:444][  0]LogConfig: Setting CVar [[vr.InstancedStereo:0]]
[2020.07.02-16.02.16:444][  0]LogConfig: Setting CVar [[vr.MultiView:0]]
[2020.07.02-16.02.16:444][  0]LogConfig: Setting CVar [[vr.MobileMultiView:0]]
[2020.07.02-16.02.16:444][  0]LogConfig: Setting CVar [[vr.MobileMultiView.Direct:0]]
[2020.07.02-16.02.16:444][  0]LogConfig: Setting CVar [[vr.RoundRobinOcclusion:0]]
[2020.07.02-16.02.16:444][  0]LogConfig: Setting CVar [[vr.ODSCapture:0]]
[2020.07.02-16.02.16:444][  0]LogConfig: Setting CVar [[r.WireframeCullThreshold:5.000000]]
[2020.07.02-16.02.16:444][  0]LogConfig: Setting CVar [[r.RayTracing:0]]
[2020.07.02-16.02.16:444][  0]LogConfig: Setting CVar [[r.RayTracing.UseTextureLod:0]]
[2020.07.02-16.02.16:444][  0]LogConfig: Setting CVar [[r.SupportStationarySkylight:1]]
[2020.07.02-16.02.16:444][  0]LogConfig: Setting CVar [[r.SupportLowQualityLightmaps:1]]
[2020.07.02-16.02.16:444][  0]LogConfig: Setting CVar [[r.SupportPointLightWholeSceneShadows:1]]
[2020.07.02-16.02.16:444][  0]LogConfig: Setting CVar [[r.SupportAtmosphericFog:1]]
[2020.07.02-16.02.16:444][  0]LogConfig: Setting CVar [[r.SupportSkyAtmosphere:1]]
[2020.07.02-16.02.16:444][  0]LogConfig: Setting CVar [[r.SupportSkyAtmosphereAffectsHeightFog:0]]
[2020.07.02-16.02.16:444][  0]LogConfig: Setting CVar [[r.SkinCache.CompileShaders:0]]
[2020.07.02-16.02.16:444][  0]LogConfig: Setting CVar [[r.Mobile.EnableStaticAndCSMShadowReceivers:1]]
[2020.07.02-16.02.16:444][  0]LogConfig: Setting CVar [[r.Mobile.EnableMovableLightCSMShaderCulling:1]]
[2020.07.02-16.02.16:444][  0]LogConfig: Setting CVar [[r.Mobile.AllowDistanceFieldShadows:1]]
[2020.07.02-16.02.16:444][  0]LogConfig: Setting CVar [[r.Mobile.AllowMovableDirectionalLights:1]]
[2020.07.02-16.02.16:444][  0]LogConfig: Setting CVar [[r.MobileNumDynamicPointLights:4]]
[2020.07.02-16.02.16:444][  0]LogConfig: Setting CVar [[r.MobileDynamicPointLightsUseStaticBranch:1]]
[2020.07.02-16.02.16:444][  0]LogConfig: Setting CVar [[r.Mobile.EnableMovableSpotlights:0]]
[2020.07.02-16.02.16:444][  0]LogConfig: Setting CVar [[r.SkinCache.SceneMemoryLimitInMB:128.000000]]
[2020.07.02-16.02.16:444][  0]LogConfig: Setting CVar [[r.GPUSkin.Limit2BoneInfluences:0]]
[2020.07.02-16.02.16:444][  0]LogConfig: Setting CVar [[r.SupportDepthOnlyIndexBuffers:1]]
[2020.07.02-16.02.16:444][  0]LogConfig: Setting CVar [[r.SupportReversedIndexBuffers:1]]
[2020.07.02-16.02.16:444][  0]LogConfig: Setting CVar [[r.SupportMaterialLayers:0]]
[2020.07.02-16.02.16:444][  0]LogConfig: Setting CVar [[r.LightPropagationVolume:0]]
[2020.07.02-16.02.16:444][  0]LogConfig: Applying CVar settings from Section [/Script/Engine.RendererOverrideSettings] File [C:/Users/Daniel Soto/Desktop/Inferno's Revenge/UnrealEngine_Games/Unreal Proyect/MyProject/Saved/Config/Windows/Engine.ini]
[2020.07.02-16.02.16:444][  0]LogConfig: Applying CVar settings from Section [/Script/Engine.StreamingSettings] File [C:/Users/Daniel Soto/Desktop/Inferno's Revenge/UnrealEngine_Games/Unreal Proyect/MyProject/Saved/Config/Windows/Engine.ini]
[2020.07.02-16.02.16:444][  0]LogConfig: Setting CVar [[s.MinBulkDataSizeForAsyncLoading:131072]]
[2020.07.02-16.02.16:444][  0]LogConfig: Setting CVar [[s.AsyncLoadingThreadEnabled:0]]
[2020.07.02-16.02.16:444][  0]LogConfig: Setting CVar [[s.EventDrivenLoaderEnabled:1]]
[2020.07.02-16.02.16:444][  0]LogConfig: Setting CVar [[s.WarnIfTimeLimitExceeded:0]]
[2020.07.02-16.02.16:444][  0]LogConfig: Setting CVar [[s.TimeLimitExceededMultiplier:1.5]]
[2020.07.02-16.02.16:444][  0]LogConfig: Setting CVar [[s.TimeLimitExceededMinTime:0.005]]
[2020.07.02-16.02.16:444][  0]LogConfig: Setting CVar [[s.UseBackgroundLevelStreaming:1]]
[2020.07.02-16.02.16:444][  0]LogConfig: Setting CVar [[s.PriorityAsyncLoadingExtraTime:15.0]]
[2020.07.02-16.02.16:444][  0]LogConfig: Setting CVar [[s.LevelStreamingActorsUpdateTimeLimit:5.0]]
[2020.07.02-16.02.16:445][  0]LogConfig: Setting CVar [[s.PriorityLevelStreamingActorsUpdateExtraTime:5.0]]
[2020.07.02-16.02.16:445][  0]LogConfig: Setting CVar [[s.LevelStreamingComponentsRegistrationGranularity:10]]
[2020.07.02-16.02.16:445][  0]LogConfig: Setting CVar [[s.UnregisterComponentsTimeLimit:1.0]]
[2020.07.02-16.02.16:445][  0]LogConfig: Setting CVar [[s.LevelStreamingComponentsUnregistrationGranularity:5]]
[2020.07.02-16.02.16:445][  0]LogConfig: Setting CVar [[s.FlushStreamingOnExit:1]]
[2020.07.02-16.02.16:445][  0]LogConfig: Applying CVar settings from Section [/Script/Engine.GarbageCollectionSettings] File [C:/Users/Daniel Soto/Desktop/Inferno's Revenge/UnrealEngine_Games/Unreal Proyect/MyProject/Saved/Config/Windows/Engine.ini]
[2020.07.02-16.02.16:445][  0]LogConfig: Setting CVar [[gc.MaxObjectsNotConsideredByGC:1]]
[2020.07.02-16.02.16:445][  0]LogConfig: Setting CVar [[gc.SizeOfPermanentObjectPool:0]]
[2020.07.02-16.02.16:445][  0]LogConfig: Setting CVar [[gc.FlushStreamingOnGC:0]]
[2020.07.02-16.02.16:445][  0]LogConfig: Setting CVar [[gc.NumRetriesBeforeForcingGC:10]]
[2020.07.02-16.02.16:445][  0]LogConfig: Setting CVar [[gc.AllowParallelGC:1]]
[2020.07.02-16.02.16:445][  0]LogConfig: Setting CVar [[gc.TimeBetweenPurgingPendingKillObjects:61.1]]
[2020.07.02-16.02.16:445][  0]LogConfig: Setting CVar [[gc.MaxObjectsInEditor:25165824]]
[2020.07.02-16.02.16:445][  0]LogConfig: Setting CVar [[gc.IncrementalBeginDestroyEnabled:1]]
[2020.07.02-16.02.16:445][  0]LogConfig: Setting CVar [[gc.CreateGCClusters:1]]
[2020.07.02-16.02.16:445][  0]LogConfig: Setting CVar [[gc.MinGCClusterSize:5]]
[2020.07.02-16.02.16:445][  0]LogConfig: Setting CVar [[gc.ActorClusteringEnabled:0]]
[2020.07.02-16.02.16:445][  0]LogConfig: Setting CVar [[gc.BlueprintClusteringEnabled:0]]
[2020.07.02-16.02.16:445][  0]LogConfig: Setting CVar [[gc.UseDisregardForGCOnDedicatedServers:0]]
[2020.07.02-16.02.16:445][  0]LogConfig: Applying CVar settings from Section [/Script/Engine.NetworkSettings] File [C:/Users/Daniel Soto/Desktop/Inferno's Revenge/UnrealEngine_Games/Unreal Proyect/MyProject/Saved/Config/Windows/Engine.ini]
[2020.07.02-16.02.16:445][  0]LogConfig: Applying CVar settings from Section [/Script/UnrealEd.CookerSettings] File [C:/Users/Daniel Soto/Desktop/Inferno's Revenge/UnrealEngine_Games/Unreal Proyect/MyProject/Saved/Config/Windows/Engine.ini]
[2020.07.02-16.02.16:449][  0]LogConfig: Applying CVar settings from Section [ViewDistanceQuality@3] File [C:/Users/Daniel Soto/Desktop/Inferno's Revenge/UnrealEngine_Games/Unreal Proyect/MyProject/Saved/Config/Windows/Scalability.ini]
[2020.07.02-16.02.16:449][  0]LogConfig: Setting CVar [[r.SkeletalMeshLODBias:0]]
[2020.07.02-16.02.16:449][  0]LogConfig: Setting CVar [[r.ViewDistanceScale:1.0]]
[2020.07.02-16.02.16:449][  0]LogConfig: Applying CVar settings from Section [AntiAliasingQuality@3] File [C:/Users/Daniel Soto/Desktop/Inferno's Revenge/UnrealEngine_Games/Unreal Proyect/MyProject/Saved/Config/Windows/Scalability.ini]
[2020.07.02-16.02.16:449][  0]LogConfig: Setting CVar [[r.PostProcessAAQuality:4]]
[2020.07.02-16.02.16:449][  0]LogConfig: Applying CVar settings from Section [ShadowQuality@3] File [C:/Users/Daniel Soto/Desktop/Inferno's Revenge/UnrealEngine_Games/Unreal Proyect/MyProject/Saved/Config/Windows/Scalability.ini]
[2020.07.02-16.02.16:449][  0]LogConfig: Setting CVar [[r.LightFunctionQuality:1]]
[2020.07.02-16.02.16:449][  0]LogConfig: Setting CVar [[r.ShadowQuality:5]]
[2020.07.02-16.02.16:449][  0]LogConfig: Setting CVar [[r.Shadow.CSM.MaxCascades:10]]
[2020.07.02-16.02.16:449][  0]LogConfig: Setting CVar [[r.Shadow.MaxResolution:2048]]
[2020.07.02-16.02.16:449][  0]LogConfig: Setting CVar [[r.Shadow.MaxCSMResolution:2048]]
[2020.07.02-16.02.16:449][  0]LogConfig: Setting CVar [[r.Shadow.RadiusThreshold:0.01]]
[2020.07.02-16.02.16:449][  0]LogConfig: Setting CVar [[r.Shadow.DistanceScale:1.0]]
[2020.07.02-16.02.16:449][  0]LogConfig: Setting CVar [[r.Shadow.CSM.TransitionScale:1.0]]
[2020.07.02-16.02.16:449][  0]LogConfig: Setting CVar [[r.Shadow.PreShadowResolutionFactor:1.0]]
[2020.07.02-16.02.16:449][  0]LogConfig: Setting CVar [[r.DistanceFieldShadowing:1]]
[2020.07.02-16.02.16:449][  0]LogConfig: Setting CVar [[r.DistanceFieldAO:1]]
[2020.07.02-16.02.16:449][  0]LogConfig: Setting CVar [[r.AOQuality:2]]
[2020.07.02-16.02.16:449][  0]LogConfig: Setting CVar [[r.VolumetricFog:1]]
[2020.07.02-16.02.16:449][  0]LogConfig: Setting CVar [[r.VolumetricFog.GridPixelSize:8]]
[2020.07.02-16.02.16:449][  0]LogConfig: Setting CVar [[r.VolumetricFog.GridSizeZ:128]]
[2020.07.02-16.02.16:449][  0]LogConfig: Setting CVar [[r.VolumetricFog.HistoryMissSupersampleCount:4]]
[2020.07.02-16.02.16:449][  0]LogConfig: Setting CVar [[r.LightMaxDrawDistanceScale:1]]
[2020.07.02-16.02.16:449][  0]LogConfig: Setting CVar [[r.CapsuleShadows:1]]
[2020.07.02-16.02.16:449][  0]LogConfig: Applying CVar settings from Section [PostProcessQuality@3] File [C:/Users/Daniel Soto/Desktop/Inferno's Revenge/UnrealEngine_Games/Unreal Proyect/MyProject/Saved/Config/Windows/Scalability.ini]
[2020.07.02-16.02.16:449][  0]LogConfig: Setting CVar [[r.MotionBlurQuality:4]]
[2020.07.02-16.02.16:449][  0]LogConfig: Setting CVar [[r.AmbientOcclusionMipLevelFactor:0.4]]
[2020.07.02-16.02.16:449][  0]LogConfig: Setting CVar [[r.AmbientOcclusionMaxQuality:100]]
[2020.07.02-16.02.16:449][  0]LogConfig: Setting CVar [[r.AmbientOcclusionLevels:-1]]
[2020.07.02-16.02.16:449][  0]LogConfig: Setting CVar [[r.AmbientOcclusionRadiusScale:1.0]]
[2020.07.02-16.02.16:449][  0]LogConfig: Setting CVar [[r.DepthOfFieldQuality:2]]
[2020.07.02-16.02.16:449][  0]LogConfig: Setting CVar [[r.RenderTargetPoolMin:400]]
[2020.07.02-16.02.16:449][  0]LogConfig: Setting CVar [[r.LensFlareQuality:2]]
[2020.07.02-16.02.16:449][  0]LogConfig: Setting CVar [[r.SceneColorFringeQuality:1]]
[2020.07.02-16.02.16:449][  0]LogConfig: Setting CVar [[r.EyeAdaptationQuality:2]]
[2020.07.02-16.02.16:449][  0]LogConfig: Setting CVar [[r.BloomQuality:5]]
[2020.07.02-16.02.16:449][  0]LogConfig: Setting CVar [[r.FastBlurThreshold:100]]
[2020.07.02-16.02.16:449][  0]LogConfig: Setting CVar [[r.Upscale.Quality:3]]
[2020.07.02-16.02.16:449][  0]LogConfig: Setting CVar [[r.Tonemapper.GrainQuantization:1]]
[2020.07.02-16.02.16:449][  0]LogConfig: Setting CVar [[r.LightShaftQuality:1]]
[2020.07.02-16.02.16:449][  0]LogConfig: Setting CVar [[r.Filter.SizeScale:1]]
[2020.07.02-16.02.16:450][  0]LogConfig: Setting CVar [[r.Tonemapper.Quality:5]]
[2020.07.02-16.02.16:450][  0]LogConfig: Setting CVar [[r.DOF.Gather.AccumulatorQuality:1        ; higher gathering accumulator quality]]
[2020.07.02-16.02.16:450][  0]LogConfig: Setting CVar [[r.DOF.Gather.PostfilterMethod:1          ; Median3x3 postfilering method]]
[2020.07.02-16.02.16:450][  0]LogConfig: Setting CVar [[r.DOF.Gather.EnableBokehSettings:0       ; no bokeh simulation when gathering]]
[2020.07.02-16.02.16:450][  0]LogConfig: Setting CVar [[r.DOF.Gather.RingCount:4                 ; medium number of samples when gathering]]
[2020.07.02-16.02.16:450][  0]LogConfig: Setting CVar [[r.DOF.Scatter.ForegroundCompositing:1    ; additive foreground scattering]]
[2020.07.02-16.02.16:450][  0]LogConfig: Setting CVar [[r.DOF.Scatter.BackgroundCompositing:2    ; additive background scattering]]
[2020.07.02-16.02.16:450][  0]LogConfig: Setting CVar [[r.DOF.Scatter.EnableBokehSettings:1      ; bokeh simulation when scattering]]
[2020.07.02-16.02.16:450][  0]LogConfig: Setting CVar [[r.DOF.Scatter.MaxSpriteRatio:0.1         ; only a maximum of 10% of scattered bokeh]]
[2020.07.02-16.02.16:450][  0]LogConfig: Setting CVar [[r.DOF.Recombine.Quality:1                ; cheap slight out of focus]]
[2020.07.02-16.02.16:450][  0]LogConfig: Setting CVar [[r.DOF.Recombine.EnableBokehSettings:0    ; no bokeh simulation on slight out of focus]]
[2020.07.02-16.02.16:450][  0]LogConfig: Setting CVar [[r.DOF.TemporalAAQuality:1                ; more stable temporal accumulation]]
[2020.07.02-16.02.16:450][  0]LogConfig: Setting CVar [[r.DOF.Kernel.MaxForegroundRadius:0.025]]
[2020.07.02-16.02.16:450][  0]LogConfig: Setting CVar [[r.DOF.Kernel.MaxBackgroundRadius:0.025]]
[2020.07.02-16.02.16:450][  0]LogConfig: Applying CVar settings from Section [TextureQuality@3] File [C:/Users/Daniel Soto/Desktop/Inferno's Revenge/UnrealEngine_Games/Unreal Proyect/MyProject/Saved/Config/Windows/Scalability.ini]
[2020.07.02-16.02.16:450][  0]LogConfig: Setting CVar [[r.Streaming.MipBias:0]]
[2020.07.02-16.02.16:450][  0]LogConfig: Setting CVar [[r.Streaming.AmortizeCPUToGPUCopy:0]]
[2020.07.02-16.02.16:450][  0]LogConfig: Setting CVar [[r.Streaming.MaxNumTexturesToStreamPerFrame:0]]
[2020.07.02-16.02.16:450][  0]LogConfig: Setting CVar [[r.Streaming.Boost:1]]
[2020.07.02-16.02.16:450][  0]LogConfig: Setting CVar [[r.MaxAnisotropy:8]]
[2020.07.02-16.02.16:450][  0]LogConfig: Setting CVar [[r.VT.MaxAnisotropy:8]]
[2020.07.02-16.02.16:450][  0]LogConfig: Setting CVar [[r.Streaming.LimitPoolSizeToVRAM:0]]
[2020.07.02-16.02.16:450][  0]LogConfig: Setting CVar [[r.Streaming.PoolSize:1000]]
[2020.07.02-16.02.16:450][  0]LogConfig: Setting CVar [[r.Streaming.MaxEffectiveScreenSize:0]]
[2020.07.02-16.02.16:450][  0]LogConfig: Applying CVar settings from Section [EffectsQuality@3] File [C:/Users/Daniel Soto/Desktop/Inferno's Revenge/UnrealEngine_Games/Unreal Proyect/MyProject/Saved/Config/Windows/Scalability.ini]
[2020.07.02-16.02.16:450][  0]LogConfig: Setting CVar [[r.TranslucencyLightingVolumeDim:64]]
[2020.07.02-16.02.16:450][  0]LogConfig: Setting CVar [[r.RefractionQuality:2]]
[2020.07.02-16.02.16:450][  0]LogConfig: Setting CVar [[r.SSR.Quality:3]]
[2020.07.02-16.02.16:450][  0]LogConfig: Setting CVar [[r.SSR.HalfResSceneColor:0]]
[2020.07.02-16.02.16:450][  0]LogConfig: Setting CVar [[r.SceneColorFormat:4]]
[2020.07.02-16.02.16:450][  0]LogConfig: Setting CVar [[r.DetailMode:2]]
[2020.07.02-16.02.16:450][  0]LogConfig: Setting CVar [[r.TranslucencyVolumeBlur:1]]
[2020.07.02-16.02.16:450][  0]LogConfig: Setting CVar [[r.MaterialQualityLevel:1 ; High quality]]
[2020.07.02-16.02.16:450][  0]LogConfig: Setting CVar [[r.SSS.Scale:1]]
[2020.07.02-16.02.16:450][  0]LogConfig: Setting CVar [[r.SSS.SampleSet:2]]
[2020.07.02-16.02.16:450][  0]LogConfig: Setting CVar [[r.SSS.Quality:1]]
[2020.07.02-16.02.16:450][  0]LogConfig: Setting CVar [[r.SSS.HalfRes:1]]
[2020.07.02-16.02.16:450][  0]LogConfig: Setting CVar [[r.SSGI.Quality:3]]
[2020.07.02-16.02.16:450][  0]LogConfig: Setting CVar [[r.EmitterSpawnRateScale:1.0]]
[2020.07.02-16.02.16:450][  0]LogConfig: Setting CVar [[r.ParticleLightQuality:2]]
[2020.07.02-16.02.16:450][  0]LogConfig: Setting CVar [[r.SkyAtmosphere.AerialPerspectiveLUT.FastApplyOnOpaque:1 ; Always have FastSkyLUT 1 in this case to avoid wrong sky]]
[2020.07.02-16.02.16:450][  0]LogConfig: Setting CVar [[r.SkyAtmosphere.AerialPerspectiveLUT.SampleCountPerSlice:1]]
[2020.07.02-16.02.16:450][  0]LogConfig: Setting CVar [[r.SkyAtmosphere.AerialPerspectiveLUT.DepthResolution:16.0]]
[2020.07.02-16.02.16:450][  0]LogConfig: Setting CVar [[r.SkyAtmosphere.FastSkyLUT:1]]
[2020.07.02-16.02.16:450][  0]LogConfig: Setting CVar [[r.SkyAtmosphere.FastSkyLUT.SampleCountMin:4.0]]
[2020.07.02-16.02.16:450][  0]LogConfig: Setting CVar [[r.SkyAtmosphere.FastSkyLUT.SampleCountMax:32.0]]
[2020.07.02-16.02.16:450][  0]LogConfig: Setting CVar [[r.SkyAtmosphere.SampleCountMin:4.0]]
[2020.07.02-16.02.16:450][  0]LogConfig: Setting CVar [[r.SkyAtmosphere.SampleCountMax:32.0]]
[2020.07.02-16.02.16:450][  0]LogConfig: Setting CVar [[r.SkyAtmosphere.TransmittanceLUT.UseSmallFormat:0]]
[2020.07.02-16.02.16:450][  0]LogConfig: Setting CVar [[r.SkyAtmosphere.TransmittanceLUT.SampleCount:10.0]]
[2020.07.02-16.02.16:450][  0]LogConfig: Setting CVar [[r.SkyAtmosphere.MultiScatteringLUT.SampleCount:15.0]]
[2020.07.02-16.02.16:450][  0]LogConfig: Applying CVar settings from Section [FoliageQuality@3] File [C:/Users/Daniel Soto/Desktop/Inferno's Revenge/UnrealEngine_Games/Unreal Proyect/MyProject/Saved/Config/Windows/Scalability.ini]
[2020.07.02-16.02.16:450][  0]LogConfig: Setting CVar [[foliage.DensityScale:1.0]]
[2020.07.02-16.02.16:450][  0]LogConfig: Setting CVar [[grass.DensityScale:1.0]]
[2020.07.02-16.02.16:450][  0]LogConfig: Applying CVar settings from Section [ShadingQuality@3] File [C:/Users/Daniel Soto/Desktop/Inferno's Revenge/UnrealEngine_Games/Unreal Proyect/MyProject/Saved/Config/Windows/Scalability.ini]
[2020.07.02-16.02.16:451][  0]LogConfig: Setting CVar [[r.HairStrands.SkyLighting.SampleCount:16]]
[2020.07.02-16.02.16:451][  0]LogConfig: Setting CVar [[r.HairStrands.SkyLighting.JitterIntegration:0]]
[2020.07.02-16.02.16:451][  0]LogConfig: Setting CVar [[r.HairStrands.SkyAO.SampleCount:16]]
[2020.07.02-16.02.16:451][  0]LogInit: Selected Device Profile: [Windows]
[2020.07.02-16.02.16:451][  0]LogInit: Applying CVar settings loaded from the selected device profile: [Windows]
[2020.07.02-16.02.16:455][  0]LogHAL: Display: Platform has ~ 11 GB [11706908672 / 17179869184 / 11], which maps to Default [LargestMinGB=32, LargerMinGB=12, DefaultMinGB=8, SmallerMinGB=6, SmallestMinGB=0)
[2020.07.02-16.02.16:455][  0]LogInit: Going up to parent DeviceProfile []
[2020.07.02-16.02.16:456][  0]LogConfig: Applying CVar settings from Section [ViewDistanceQuality@3] File [C:/Users/Daniel Soto/Desktop/Inferno's Revenge/UnrealEngine_Games/Unreal Proyect/MyProject/Saved/Config/Windows/Scalability.ini]
[2020.07.02-16.02.16:456][  0]LogConfig: Setting CVar [[r.SkeletalMeshLODBias:0]]
[2020.07.02-16.02.16:456][  0]LogConfig: Setting CVar [[r.ViewDistanceScale:1.0]]
[2020.07.02-16.02.16:456][  0]LogConfig: Applying CVar settings from Section [AntiAliasingQuality@3] File [C:/Users/Daniel Soto/Desktop/Inferno's Revenge/UnrealEngine_Games/Unreal Proyect/MyProject/Saved/Config/Windows/Scalability.ini]
[2020.07.02-16.02.16:456][  0]LogConfig: Setting CVar [[r.PostProcessAAQuality:4]]
[2020.07.02-16.02.16:456][  0]LogConfig: Applying CVar settings from Section [ShadowQuality@3] File [C:/Users/Daniel Soto/Desktop/Inferno's Revenge/UnrealEngine_Games/Unreal Proyect/MyProject/Saved/Config/Windows/Scalability.ini]
[2020.07.02-16.02.16:456][  0]LogConfig: Setting CVar [[r.LightFunctionQuality:1]]
[2020.07.02-16.02.16:456][  0]LogConfig: Setting CVar [[r.ShadowQuality:5]]
[2020.07.02-16.02.16:456][  0]LogConfig: Setting CVar [[r.Shadow.CSM.MaxCascades:10]]
[2020.07.02-16.02.16:456][  0]LogConfig: Setting CVar [[r.Shadow.MaxResolution:2048]]
[2020.07.02-16.02.16:456][  0]LogConfig: Setting CVar [[r.Shadow.MaxCSMResolution:2048]]
[2020.07.02-16.02.16:456][  0]LogConfig: Setting CVar [[r.Shadow.RadiusThreshold:0.01]]
[2020.07.02-16.02.16:456][  0]LogConfig: Setting CVar [[r.Shadow.DistanceScale:1.0]]
[2020.07.02-16.02.16:456][  0]LogConfig: Setting CVar [[r.Shadow.CSM.TransitionScale:1.0]]
[2020.07.02-16.02.16:456][  0]LogConfig: Setting CVar [[r.Shadow.PreShadowResolutionFactor:1.0]]
[2020.07.02-16.02.16:456][  0]LogConfig: Setting CVar [[r.DistanceFieldShadowing:1]]
[2020.07.02-16.02.16:456][  0]LogConfig: Setting CVar [[r.DistanceFieldAO:1]]
[2020.07.02-16.02.16:456][  0]LogConfig: Setting CVar [[r.AOQuality:2]]
[2020.07.02-16.02.16:456][  0]LogConfig: Setting CVar [[r.VolumetricFog:1]]
[2020.07.02-16.02.16:456][  0]LogConfig: Setting CVar [[r.VolumetricFog.GridPixelSize:8]]
[2020.07.02-16.02.16:456][  0]LogConfig: Setting CVar [[r.VolumetricFog.GridSizeZ:128]]
[2020.07.02-16.02.16:456][  0]LogConfig: Setting CVar [[r.VolumetricFog.HistoryMissSupersampleCount:4]]
[2020.07.02-16.02.16:456][  0]LogConfig: Setting CVar [[r.LightMaxDrawDistanceScale:1]]
[2020.07.02-16.02.16:456][  0]LogConfig: Setting CVar [[r.CapsuleShadows:1]]
[2020.07.02-16.02.16:456][  0]LogConfig: Applying CVar settings from Section [PostProcessQuality@3] File [C:/Users/Daniel Soto/Desktop/Inferno's Revenge/UnrealEngine_Games/Unreal Proyect/MyProject/Saved/Config/Windows/Scalability.ini]
[2020.07.02-16.02.16:456][  0]LogConfig: Setting CVar [[r.MotionBlurQuality:4]]
[2020.07.02-16.02.16:456][  0]LogConfig: Setting CVar [[r.AmbientOcclusionMipLevelFactor:0.4]]
[2020.07.02-16.02.16:456][  0]LogConfig: Setting CVar [[r.AmbientOcclusionMaxQuality:100]]
[2020.07.02-16.02.16:456][  0]LogConfig: Setting CVar [[r.AmbientOcclusionLevels:-1]]
[2020.07.02-16.02.16:456][  0]LogConfig: Setting CVar [[r.AmbientOcclusionRadiusScale:1.0]]
[2020.07.02-16.02.16:456][  0]LogConfig: Setting CVar [[r.DepthOfFieldQuality:2]]
[2020.07.02-16.02.16:456][  0]LogConfig: Setting CVar [[r.RenderTargetPoolMin:400]]
[2020.07.02-16.02.16:456][  0]LogConfig: Setting CVar [[r.LensFlareQuality:2]]
[2020.07.02-16.02.16:456][  0]LogConfig: Setting CVar [[r.SceneColorFringeQuality:1]]
[2020.07.02-16.02.16:456][  0]LogConfig: Setting CVar [[r.EyeAdaptationQuality:2]]
[2020.07.02-16.02.16:456][  0]LogConfig: Setting CVar [[r.BloomQuality:5]]
[2020.07.02-16.02.16:456][  0]LogConfig: Setting CVar [[r.FastBlurThreshold:100]]
[2020.07.02-16.02.16:456][  0]LogConfig: Setting CVar [[r.Upscale.Quality:3]]
[2020.07.02-16.02.16:456][  0]LogConfig: Setting CVar [[r.Tonemapper.GrainQuantization:1]]
[2020.07.02-16.02.16:456][  0]LogConfig: Setting CVar [[r.LightShaftQuality:1]]
[2020.07.02-16.02.16:456][  0]LogConfig: Setting CVar [[r.Filter.SizeScale:1]]
[2020.07.02-16.02.16:456][  0]LogConfig: Setting CVar [[r.Tonemapper.Quality:5]]
[2020.07.02-16.02.16:456][  0]LogConfig: Setting CVar [[r.DOF.Gather.AccumulatorQuality:1        ; higher gathering accumulator quality]]
[2020.07.02-16.02.16:456][  0]LogConfig: Setting CVar [[r.DOF.Gather.PostfilterMethod:1          ; Median3x3 postfilering method]]
[2020.07.02-16.02.16:456][  0]LogConfig: Setting CVar [[r.DOF.Gather.EnableBokehSettings:0       ; no bokeh simulation when gathering]]
[2020.07.02-16.02.16:456][  0]LogConfig: Setting CVar [[r.DOF.Gather.RingCount:4                 ; medium number of samples when gathering]]
[2020.07.02-16.02.16:456][  0]LogConfig: Setting CVar [[r.DOF.Scatter.ForegroundCompositing:1    ; additive foreground scattering]]
[2020.07.02-16.02.16:456][  0]LogConfig: Setting CVar [[r.DOF.Scatter.BackgroundCompositing:2    ; additive background scattering]]
[2020.07.02-16.02.16:456][  0]LogConfig: Setting CVar [[r.DOF.Scatter.EnableBokehSettings:1      ; bokeh simulation when scattering]]
[2020.07.02-16.02.16:457][  0]LogConfig: Setting CVar [[r.DOF.Scatter.MaxSpriteRatio:0.1         ; only a maximum of 10% of scattered bokeh]]
[2020.07.02-16.02.16:457][  0]LogConfig: Setting CVar [[r.DOF.Recombine.Quality:1                ; cheap slight out of focus]]
[2020.07.02-16.02.16:457][  0]LogConfig: Setting CVar [[r.DOF.Recombine.EnableBokehSettings:0    ; no bokeh simulation on slight out of focus]]
[2020.07.02-16.02.16:457][  0]LogConfig: Setting CVar [[r.DOF.TemporalAAQuality:1                ; more stable temporal accumulation]]
[2020.07.02-16.02.16:457][  0]LogConfig: Setting CVar [[r.DOF.Kernel.MaxForegroundRadius:0.025]]
[2020.07.02-16.02.16:457][  0]LogConfig: Setting CVar [[r.DOF.Kernel.MaxBackgroundRadius:0.025]]
[2020.07.02-16.02.16:457][  0]LogConfig: Applying CVar settings from Section [TextureQuality@3] File [C:/Users/Daniel Soto/Desktop/Inferno's Revenge/UnrealEngine_Games/Unreal Proyect/MyProject/Saved/Config/Windows/Scalability.ini]
[2020.07.02-16.02.16:457][  0]LogConfig: Setting CVar [[r.Streaming.MipBias:0]]
[2020.07.02-16.02.16:457][  0]LogConfig: Setting CVar [[r.Streaming.AmortizeCPUToGPUCopy:0]]
[2020.07.02-16.02.16:457][  0]LogConfig: Setting CVar [[r.Streaming.MaxNumTexturesToStreamPerFrame:0]]
[2020.07.02-16.02.16:457][  0]LogConfig: Setting CVar [[r.Streaming.Boost:1]]
[2020.07.02-16.02.16:457][  0]LogConfig: Setting CVar [[r.MaxAnisotropy:8]]
[2020.07.02-16.02.16:457][  0]LogConfig: Setting CVar [[r.VT.MaxAnisotropy:8]]
[2020.07.02-16.02.16:457][  0]LogConfig: Setting CVar [[r.Streaming.LimitPoolSizeToVRAM:0]]
[2020.07.02-16.02.16:457][  0]LogConfig: Setting CVar [[r.Streaming.PoolSize:1000]]
[2020.07.02-16.02.16:457][  0]LogConfig: Setting CVar [[r.Streaming.MaxEffectiveScreenSize:0]]
[2020.07.02-16.02.16:457][  0]LogConfig: Applying CVar settings from Section [EffectsQuality@3] File [C:/Users/Daniel Soto/Desktop/Inferno's Revenge/UnrealEngine_Games/Unreal Proyect/MyProject/Saved/Config/Windows/Scalability.ini]
[2020.07.02-16.02.16:457][  0]LogConfig: Setting CVar [[r.TranslucencyLightingVolumeDim:64]]
[2020.07.02-16.02.16:457][  0]LogConfig: Setting CVar [[r.RefractionQuality:2]]
[2020.07.02-16.02.16:457][  0]LogConfig: Setting CVar [[r.SSR.Quality:3]]
[2020.07.02-16.02.16:457][  0]LogConfig: Setting CVar [[r.SSR.HalfResSceneColor:0]]
[2020.07.02-16.02.16:457][  0]LogConfig: Setting CVar [[r.SceneColorFormat:4]]
[2020.07.02-16.02.16:457][  0]LogConfig: Setting CVar [[r.DetailMode:2]]
[2020.07.02-16.02.16:457][  0]LogConfig: Setting CVar [[r.TranslucencyVolumeBlur:1]]
[2020.07.02-16.02.16:457][  0]LogConfig: Setting CVar [[r.MaterialQualityLevel:1 ; High quality]]
[2020.07.02-16.02.16:457][  0]LogConfig: Setting CVar [[r.SSS.Scale:1]]
[2020.07.02-16.02.16:457][  0]LogConfig: Setting CVar [[r.SSS.SampleSet:2]]
[2020.07.02-16.02.16:457][  0]LogConfig: Setting CVar [[r.SSS.Quality:1]]
[2020.07.02-16.02.16:457][  0]LogConfig: Setting CVar [[r.SSS.HalfRes:1]]
[2020.07.02-16.02.16:457][  0]LogConfig: Setting CVar [[r.SSGI.Quality:3]]
[2020.07.02-16.02.16:457][  0]LogConfig: Setting CVar [[r.EmitterSpawnRateScale:1.0]]
[2020.07.02-16.02.16:457][  0]LogConfig: Setting CVar [[r.ParticleLightQuality:2]]
[2020.07.02-16.02.16:457][  0]LogConfig: Setting CVar [[r.SkyAtmosphere.AerialPerspectiveLUT.FastApplyOnOpaque:1 ; Always have FastSkyLUT 1 in this case to avoid wrong sky]]
[2020.07.02-16.02.16:457][  0]LogConfig: Setting CVar [[r.SkyAtmosphere.AerialPerspectiveLUT.SampleCountPerSlice:1]]
[2020.07.02-16.02.16:457][  0]LogConfig: Setting CVar [[r.SkyAtmosphere.AerialPerspectiveLUT.DepthResolution:16.0]]
[2020.07.02-16.02.16:457][  0]LogConfig: Setting CVar [[r.SkyAtmosphere.FastSkyLUT:1]]
[2020.07.02-16.02.16:457][  0]LogConfig: Setting CVar [[r.SkyAtmosphere.FastSkyLUT.SampleCountMin:4.0]]
[2020.07.02-16.02.16:457][  0]LogConfig: Setting CVar [[r.SkyAtmosphere.FastSkyLUT.SampleCountMax:32.0]]
[2020.07.02-16.02.16:457][  0]LogConfig: Setting CVar [[r.SkyAtmosphere.SampleCountMin:4.0]]
[2020.07.02-16.02.16:457][  0]LogConfig: Setting CVar [[r.SkyAtmosphere.SampleCountMax:32.0]]
[2020.07.02-16.02.16:457][  0]LogConfig: Setting CVar [[r.SkyAtmosphere.TransmittanceLUT.UseSmallFormat:0]]
[2020.07.02-16.02.16:457][  0]LogConfig: Setting CVar [[r.SkyAtmosphere.TransmittanceLUT.SampleCount:10.0]]
[2020.07.02-16.02.16:457][  0]LogConfig: Setting CVar [[r.SkyAtmosphere.MultiScatteringLUT.SampleCount:15.0]]
[2020.07.02-16.02.16:457][  0]LogConfig: Applying CVar settings from Section [FoliageQuality@3] File [C:/Users/Daniel Soto/Desktop/Inferno's Revenge/UnrealEngine_Games/Unreal Proyect/MyProject/Saved/Config/Windows/Scalability.ini]
[2020.07.02-16.02.16:457][  0]LogConfig: Setting CVar [[foliage.DensityScale:1.0]]
[2020.07.02-16.02.16:457][  0]LogConfig: Setting CVar [[grass.DensityScale:1.0]]
[2020.07.02-16.02.16:457][  0]LogConfig: Applying CVar settings from Section [ShadingQuality@3] File [C:/Users/Daniel Soto/Desktop/Inferno's Revenge/UnrealEngine_Games/Unreal Proyect/MyProject/Saved/Config/Windows/Scalability.ini]
[2020.07.02-16.02.16:457][  0]LogConfig: Setting CVar [[r.HairStrands.SkyLighting.SampleCount:16]]
[2020.07.02-16.02.16:457][  0]LogConfig: Setting CVar [[r.HairStrands.SkyLighting.JitterIntegration:0]]
[2020.07.02-16.02.16:457][  0]LogConfig: Setting CVar [[r.HairStrands.SkyAO.SampleCount:16]]
[2020.07.02-16.02.16:457][  0]LogConfig: Applying CVar settings from Section [Startup] File [../../../Engine/Config/ConsoleVariables.ini]
[2020.07.02-16.02.16:458][  0]LogConfig: Setting CVar [[net.UseAdaptiveNetUpdateFrequency:0]]
[2020.07.02-16.02.16:458][  0]LogConfig: Setting CVar [[p.chaos.AllowCreatePhysxBodies:1]]
[2020.07.02-16.02.16:458][  0]LogConfig: Applying CVar settings from Section [ConsoleVariables] File [C:/Users/Daniel Soto/Desktop/Inferno's Revenge/UnrealEngine_Games/Unreal Proyect/MyProject/Saved/Config/Windows/Engine.ini]
[2020.07.02-16.02.16:458][  0]LogInit: Computer: LAPTOP-D3ITUA1L
[2020.07.02-16.02.16:458][  0]LogInit: User: Daniel
[2020.07.02-16.02.16:458][  0]LogInit: CPU Page size=4096, Cores=4
[2020.07.02-16.02.16:458][  0]LogInit: High frequency timer resolution =10.000000 MHz
[2020.07.02-16.02.16:458][  0]LogMemory: Memory total: Physical=10.9GB (11GB approx)
[2020.07.02-16.02.16:458][  0]LogMemory: Platform Memory Stats for Windows
[2020.07.02-16.02.16:458][  0]LogMemory: Process Physical Memory: 106.17 MB used, 106.17 MB peak
[2020.07.02-16.02.16:458][  0]LogMemory: Process Virtual Memory: 100.61 MB used, 100.61 MB peak
[2020.07.02-16.02.16:458][  0]LogMemory: Physical Memory: 4978.96 MB used,  6185.61 MB free, 11164.58 MB total
[2020.07.02-16.02.16:458][  0]LogMemory: Virtual Memory: 5137.56 MB used,  134212592.00 MB free, 134217728.00 MB total
[2020.07.02-16.02.16:463][  0]LogWindows: WindowsPlatformFeatures enabled
[2020.07.02-16.02.16:499][  0]LogInit: Using OS detected language (es-ES).
[2020.07.02-16.02.16:499][  0]LogInit: Using OS detected locale (es-CL).
[2020.07.02-16.02.16:500][  0]LogTextLocalizationManager: No specific localization for 'es-ES' exists, so the 'es' localization will be used.
[2020.07.02-16.02.16:553][  0]LogInit: Setting process to per monitor DPI aware
[2020.07.02-16.02.16:606][  0]LogSlate: New Slate User Created.  User Index 0, Is Virtual User: 0
[2020.07.02-16.02.16:606][  0]LogSlate: Slate User Registered.  User Index 0, Is Virtual User: 0
[2020.07.02-16.02.16:820][  0]LogHMD: Failed to initialize OpenVR with code 110
[2020.07.02-16.02.16:820][  0]LogD3D11RHI: D3D11 min allowed feature level: 11_0
[2020.07.02-16.02.16:820][  0]LogD3D11RHI: D3D11 max allowed feature level: 11_0
[2020.07.02-16.02.16:820][  0]LogD3D11RHI: D3D11 adapters:
[2020.07.02-16.02.16:867][  0]LogD3D11RHI:    0. 'AMD Radeon(TM) Vega 8 Graphics' (Feature Level 11_0)
[2020.07.02-16.02.16:867][  0]LogD3D11RHI:       1009/0/5582 MB DedicatedVideo/DedicatedSystem/SharedSystem, Outputs:1, VendorId:0x1002
[2020.07.02-16.02.16:871][  0]LogD3D11RHI:    1. 'Microsoft Basic Render Driver' (Feature Level 11_0)
[2020.07.02-16.02.16:871][  0]LogD3D11RHI:       0/0/5582 MB DedicatedVideo/DedicatedSystem/SharedSystem, Outputs:0, VendorId:0x1414
[2020.07.02-16.02.16:871][  0]LogD3D11RHI: Chosen D3D11 Adapter: 0
[2020.07.02-16.02.16:882][  0]LogD3D11RHI: Creating new Direct3DDevice
[2020.07.02-16.02.16:882][  0]LogD3D11RHI:     GPU DeviceId: 0x15dd (for the marketing name, search the web for "GPU Device Id")
[2020.07.02-16.02.16:882][  0]LogWindows: EnumDisplayDevices:
[2020.07.02-16.02.16:882][  0]LogWindows:    0. 'AMD Radeon(TM) Vega 8 Graphics' (P:1 D:1)
[2020.07.02-16.02.16:882][  0]LogWindows:    1. 'AMD Radeon(TM) Vega 8 Graphics' (P:0 D:0)
[2020.07.02-16.02.16:883][  0]LogWindows:    2. 'AMD Radeon(TM) Vega 8 Graphics' (P:0 D:0)
[2020.07.02-16.02.16:883][  0]LogWindows:    3. 'AMD Radeon(TM) Vega 8 Graphics' (P:0 D:0)
[2020.07.02-16.02.16:883][  0]LogWindows: DebugString: FoundDriverCount:4 
[2020.07.02-16.02.16:883][  0]LogD3D11RHI:     Adapter Name: AMD Radeon(TM) Vega 8 Graphics
[2020.07.02-16.02.16:883][  0]LogD3D11RHI:   Driver Version: Adrenalin 2020 20.4.2 (internal:26.20.15029.27016, unified:26.20.15029.27016)
[2020.07.02-16.02.16:883][  0]LogD3D11RHI:      Driver Date: 4-21-2020
[2020.07.02-16.02.16:883][  0]LogRHI: Texture pool is 706 MB (70% of 1009 MB)
[2020.07.02-16.02.16:936][  0]LogD3D11RHI: RHI does not have support for 64 bit atomics
[2020.07.02-16.02.16:936][  0]LogD3D11RHI: Async texture creation enabled
[2020.07.02-16.02.16:954][  0]LogD3D11RHI: GPU Timing Frequency: 25.000000 (Debug: 2 1)
[2020.07.02-16.02.17:446][  0]LogTargetPlatformManager: Display: Loaded TargetPlatform 'AllDesktop'
[2020.07.02-16.02.17:492][  0]LogTargetPlatformManager: Display: Loaded TargetPlatform 'Android'
[2020.07.02-16.02.17:494][  0]LogTargetPlatformManager: Display: Loaded TargetPlatform 'Android_ASTC'
[2020.07.02-16.02.17:494][  0]LogTargetPlatformManager: Display: Loaded TargetPlatform 'Android_ATC'
[2020.07.02-16.02.17:494][  0]LogTargetPlatformManager: Display: Loaded TargetPlatform 'Android_DXT'
[2020.07.02-16.02.17:494][  0]LogTargetPlatformManager: Display: Loaded TargetPlatform 'Android_ETC1'
[2020.07.02-16.02.17:494][  0]LogTargetPlatformManager: Display: Loaded TargetPlatform 'Android_ETC1a'
[2020.07.02-16.02.17:494][  0]LogTargetPlatformManager: Display: Loaded TargetPlatform 'Android_ETC2'
[2020.07.02-16.02.17:494][  0]LogTargetPlatformManager: Display: Loaded TargetPlatform 'Android_PVRTC'
[2020.07.02-16.02.17:494][  0]LogTargetPlatformManager: Display: Loaded TargetPlatform 'AndroidClient'
[2020.07.02-16.02.17:494][  0]LogTargetPlatformManager: Display: Loaded TargetPlatform 'Android_ASTCClient'
[2020.07.02-16.02.17:494][  0]LogTargetPlatformManager: Display: Loaded TargetPlatform 'Android_ATCClient'
[2020.07.02-16.02.17:494][  0]LogTargetPlatformManager: Display: Loaded TargetPlatform 'Android_DXTClient'
[2020.07.02-16.02.17:494][  0]LogTargetPlatformManager: Display: Loaded TargetPlatform 'Android_ETC1Client'
[2020.07.02-16.02.17:494][  0]LogTargetPlatformManager: Display: Loaded TargetPlatform 'Android_ETC1aClient'
[2020.07.02-16.02.17:494][  0]LogTargetPlatformManager: Display: Loaded TargetPlatform 'Android_ETC2Client'
[2020.07.02-16.02.17:494][  0]LogTargetPlatformManager: Display: Loaded TargetPlatform 'Android_PVRTCClient'
[2020.07.02-16.02.17:494][  0]LogTargetPlatformManager: Display: Loaded TargetPlatform 'Android_Multi'
[2020.07.02-16.02.17:494][  0]LogTargetPlatformManager: Display: Loaded TargetPlatform 'Android_MultiClient'
[2020.07.02-16.02.17:522][  0]LogTargetPlatformManager: Display: Loaded TargetPlatform 'IOSClient'
[2020.07.02-16.02.17:522][  0]LogTargetPlatformManager: Display: Loaded TargetPlatform 'IOS'
[2020.07.02-16.02.17:534][  0]LogTargetPlatformManager: Display: Loaded TargetPlatform 'LinuxNoEditor'
[2020.07.02-16.02.17:545][  0]LogTargetPlatformManager: Display: Loaded TargetPlatform 'LinuxClient'
[2020.07.02-16.02.17:555][  0]LogTargetPlatformManager: Display: Loaded TargetPlatform 'LinuxServer'
[2020.07.02-16.02.17:567][  0]LogTargetPlatformManager: Display: Loaded TargetPlatform 'LinuxAArch64NoEditor'
[2020.07.02-16.02.17:577][  0]LogTargetPlatformManager: Display: Loaded TargetPlatform 'LinuxAArch64Client'
[2020.07.02-16.02.17:591][  0]LogTargetPlatformManager: Display: Loaded TargetPlatform 'LinuxAArch64Server'
[2020.07.02-16.02.17:628][  0]LogTargetPlatformManager: Display: Loaded TargetPlatform 'Lumin'
[2020.07.02-16.02.17:628][  0]LogTargetPlatformManager: Display: Loaded TargetPlatform 'LuminClient'
[2020.07.02-16.02.17:649][  0]LogTargetPlatformManager: Display: Loaded TargetPlatform 'TVOSClient'
[2020.07.02-16.02.17:649][  0]LogTargetPlatformManager: Display: Loaded TargetPlatform 'TVOS'
[2020.07.02-16.02.17:660][  0]LogTargetPlatformManager: Display: Loaded TargetPlatform 'WindowsNoEditor'
[2020.07.02-16.02.17:671][  0]LogTargetPlatformManager: Display: Loaded TargetPlatform 'Windows'
[2020.07.02-16.02.17:682][  0]LogTargetPlatformManager: Display: Loaded TargetPlatform 'WindowsClient'
[2020.07.02-16.02.17:692][  0]LogTargetPlatformManager: Display: Loaded TargetPlatform 'WindowsServer'
[2020.07.02-16.02.17:692][  0]LogTargetPlatformManager: Display: Building Assets For Windows
[2020.07.02-16.02.17:699][  0]LogAudioDebug: Display: Lib vorbis DLL was dynamically loaded.
[2020.07.02-16.02.17:747][  0]LogShaderCompilers: Guid format shader working directory is -53 characters bigger than the processId version (../../../../../../Users/Daniel Soto/Desktop/Inferno's Revenge/UnrealEngine_Games/Unreal Proyect/MyProject/Intermediate/Shaders/WorkingDirectory/8752/).
[2020.07.02-16.02.17:747][  0]LogShaderCompilers: Cleaned the shader compiler working directory 'C:/Users/Daniel Soto/AppData/Local/Temp/UnrealShaderWorkingDir/E977B89D46BCF4D98F5072BC74E4FB90/'.
[2020.07.02-16.02.17:748][  0]LogXGEController: Cannot use XGE Controller as Incredibuild is not installed on this machine.
[2020.07.02-16.02.17:748][  0]LogShaderCompilers: Cannot use XGE Shader Compiler as Incredibuild is not installed on this machine.
[2020.07.02-16.02.17:748][  0]LogShaderCompilers: Display: Using Local Shader Compiler.
[2020.07.02-16.02.18:645][  0]LogDerivedDataCache: Display: Max Cache Size: 512 MB
[2020.07.02-16.02.18:713][  0]LogDerivedDataCache: Loaded boot cache 0.07s 78MB C:/Users/Daniel Soto/AppData/Local/UnrealEngine/4.24/DerivedDataCache/Boot.ddc.
[2020.07.02-16.02.18:714][  0]LogDerivedDataCache: Display: Loaded Boot cache: C:/Users/Daniel Soto/AppData/Local/UnrealEngine/4.24/DerivedDataCache/Boot.ddc
[2020.07.02-16.02.18:714][  0]LogDerivedDataCache: FDerivedDataBackendGraph:  Pak pak cache file ../../../../../../Users/Daniel Soto/Desktop/Inferno's Revenge/UnrealEngine_Games/Unreal Proyect/MyProject/DerivedDataCache/DDC.ddp not found, will not use a pak cache.
[2020.07.02-16.02.18:714][  0]LogDerivedDataCache: Unable to find inner node Pak for hierarchical cache Hierarchy.
[2020.07.02-16.02.18:714][  0]LogDerivedDataCache: FDerivedDataBackendGraph:  CompressedPak pak cache file ../../../../../../Users/Daniel Soto/Desktop/Inferno's Revenge/UnrealEngine_Games/Unreal Proyect/MyProject/DerivedDataCache/Compressed.ddp not found, will not use a pak cache.
[2020.07.02-16.02.18:714][  0]LogDerivedDataCache: Unable to find inner node CompressedPak for hierarchical cache Hierarchy.
[2020.07.02-16.02.18:726][  0]LogDerivedDataCache: Display: Pak cache opened for reading ../../../Engine/DerivedDataCache/Compressed.ddp.
[2020.07.02-16.02.18:726][  0]LogDerivedDataCache: FDerivedDataBackendGraph:  EnterprisePak pak cache file ../../../Enterprise/DerivedDataCache/Compressed.ddp not found, will not use a pak cache.
[2020.07.02-16.02.18:726][  0]LogDerivedDataCache: Unable to find inner node EnterprisePak for hierarchical cache Hierarchy.
[2020.07.02-16.02.18:728][  0]LogDerivedDataCache: Using Local data cache path C:/Users/Daniel Soto/AppData/Local/UnrealEngine/Common/DerivedDataCache: Writable
[2020.07.02-16.02.18:728][  0]LogDerivedDataCache: Shared data cache path not found in *engine.ini, will not use an Shared cache.
[2020.07.02-16.02.18:728][  0]LogDerivedDataCache: Unable to find inner node Shared for hierarchical cache Hierarchy.
[2020.07.02-16.02.18:767][  0]LogMaterial: Verifying Global Shaders for PCD3D_SM5
[2020.07.02-16.02.18:771][  0]LogSlate: Using FreeType 2.10.0
[2020.07.02-16.02.18:772][  0]LogSlate: SlateFontServices - WITH_FREETYPE: 1, WITH_HARFBUZZ: 1
[2020.07.02-16.02.18:834][  0]LogAssetRegistry: FAssetRegistry took 0.0043 seconds to start up
[2020.07.02-16.02.19:271][  0]LogInit: Selected Device Profile: [Windows]
[2020.07.02-16.02.19:460][  0]LogMeshReduction: Using QuadricMeshReduction for automatic static mesh reduction
[2020.07.02-16.02.19:460][  0]LogMeshReduction: Using SimplygonMeshReduction for automatic skeletal mesh reduction
[2020.07.02-16.02.19:460][  0]LogMeshReduction: Using ProxyLODMeshReduction for automatic mesh merging
[2020.07.02-16.02.19:460][  0]LogMeshReduction: No distributed automatic mesh merging module available
[2020.07.02-16.02.19:460][  0]LogMeshMerging: No distributed automatic mesh merging module available
[2020.07.02-16.02.19:475][  0]LogNetVersion: MyProject 1.0.0, NetCL: 10570792, EngineNetVer: 13, GameNetVer: 0 (Checksum: 2318771507)
[2020.07.02-16.02.21:704][  0]LogPackageLocalizationCache: Processed 10 localized package path(s) for 1 prioritized culture(s) in 0.921727 seconds
[2020.07.02-16.02.21:717][  0]LogUObjectArray: 46751 objects as part of root set at end of initial load.
[2020.07.02-16.02.21:717][  0]LogUObjectAllocator: 8137384 out of 0 bytes used by permanent object pool.
[2020.07.02-16.02.21:717][  0]LogUObjectArray: CloseDisregardForGC: 0/0 objects in disregard for GC pool
[2020.07.02-16.02.22:314][  0]LogTcpMessaging: Initializing TcpMessaging bridge
[2020.07.02-16.02.22:320][  0]LogUdpMessaging: Initializing bridge on interface 0.0.0.0:0 to multicast group 230.0.0.1:6666.
[2020.07.02-16.02.22:426][  0]SourceControl: El control de código fuente está desactivado
[2020.07.02-16.02.29:388][  0]LogAndroidPermission: UAndroidPermissionCallbackProxy::GetInstance
[2020.07.02-16.02.29:406][  0]LogAudioCaptureCore: Display: No Audio Capture implementations found. Audio input will be silent.
[2020.07.02-16.02.29:406][  0]LogAudioCaptureCore: Display: No Audio Capture implementations found. Audio input will be silent.
[2020.07.02-16.02.29:518][  0]LogOcInput: OculusInput pre-init called
[2020.07.02-16.02.29:529][  0]LogWindows: Failed to load 'OVRPlugin.dll' (GetLastError=126)
[2020.07.02-16.02.29:529][  0]LogWindows: File 'OVRPlugin.dll' does not exist
[2020.07.02-16.02.29:619][  0]LogEngine: Initializing Engine...
[2020.07.02-16.02.29:621][  0]LogHMD: Failed to initialize OpenVR with code 110
[2020.07.02-16.02.29:623][  0]LogStats: UGameplayTagsManager::InitializeManager -  0.000 s
[2020.07.02-16.02.30:105][  0]LogInit: Initializing FReadOnlyCVARCache
[2020.07.02-16.02.30:114][  0]LogAIModule: Creating AISystem for world Untitled
[2020.07.02-16.02.30:136][  0]LogAudioMixer: Display: Audio Mixer Platform Settings:
[2020.07.02-16.02.30:136][  0]LogAudioMixer: Display: 	Sample Rate:						  48000
[2020.07.02-16.02.30:136][  0]LogAudioMixer: Display: 	Callback Buffer Frame Size Requested: 1024
[2020.07.02-16.02.30:136][  0]LogAudioMixer: Display: 	Callback Buffer Frame Size To Use:	  1024
[2020.07.02-16.02.30:136][  0]LogAudioMixer: Display: 	Number of buffers to queue:			  2
[2020.07.02-16.02.30:136][  0]LogAudioMixer: Display: 	Max Channels (voices):				  32
[2020.07.02-16.02.30:136][  0]LogAudioMixer: Display: 	Number of Async Source Workers:		  0
[2020.07.02-16.02.30:136][  0]LogAudio: Display: AudioDevice MaxSources: 32
[2020.07.02-16.02.30:137][  0]LogAudio: Display: Using built-in audio occlusion.
[2020.07.02-16.02.30:137][  0]LogAudioMixer: Display: Initializing audio mixer.
[2020.07.02-16.02.30:154][  0]LogAudioMixer: Display: Audio Device Output Speaker Info:
[2020.07.02-16.02.30:154][  0]LogAudioMixer: Display: Name: Altavoces (Realtek(R) Audio)
[2020.07.02-16.02.30:154][  0]LogAudioMixer: Display: Is Default: Yes
[2020.07.02-16.02.30:154][  0]LogAudioMixer: Display: Sample Rate: 48000
[2020.07.02-16.02.30:154][  0]LogAudioMixer: Display: Channel Count Used: 2
[2020.07.02-16.02.30:154][  0]LogAudioMixer: Display: Device Channel Count: 2
[2020.07.02-16.02.30:154][  0]LogAudioMixer: Display: Channel Order:
[2020.07.02-16.02.30:154][  0]LogAudioMixer: Display: 0: FrontLeft
[2020.07.02-16.02.30:154][  0]LogAudioMixer: Display: 1: FrontRight
[2020.07.02-16.02.30:230][  0]LogAudioMixer: Display: Using Audio Device Altavoces (Realtek(R) Audio)
[2020.07.02-16.02.30:243][  0]LogInit: FAudioDevice initialized.
[2020.07.02-16.02.30:243][  0]LogNetVersion: Set ProjectVersion to 1.0.0.0. Version Checksum will be recalculated on next use.
[2020.07.02-16.02.31:885][  0]LogDerivedDataCache: Saved boot cache 1.64s 78MB C:/Users/Daniel Soto/AppData/Local/UnrealEngine/4.24/DerivedDataCache/Boot.ddc.
[2020.07.02-16.02.31:894][  0]LogInit: Texture streaming: Enabled
[2020.07.02-16.02.31:912][  0]LogEngineSessionManager: EngineSessionManager initialized
[2020.07.02-16.02.31:912][  0]LogEditorSessionSummary: Verbose: Initializing EditorSessionSummaryWriter for editor session tracking
[2020.07.02-16.02.31:914][  0]LogEditorSessionSummary: EditorSessionSummaryWriter initialized
[2020.07.02-16.02.32:083][  0]LogInit: Transaction tracking system initialized
[2020.07.02-16.02.32:102][  0]BlueprintLog: New page: Cargar el editor
[2020.07.02-16.02.32:154][  0]LocalizationService: Localization service is disabled
[2020.07.02-16.02.32:688][  0]LogCook: Display: Max memory allowance for cook 16384mb min free memory 0mb
[2020.07.02-16.02.32:689][  0]LogCook: Display: Mobile HDR setting 1
[2020.07.02-16.02.32:844][  0]LogFileCache: Scanning file cache for directory 'C:/Users/Daniel Soto/Desktop/Inferno's Revenge/UnrealEngine_Games/Unreal Proyect/MyProject/Content/' took 0.03s
[2020.07.02-16.02.33:822][  0]Cmd: MAP LOAD FILE="../../../../../../Users/Daniel Soto/Desktop/Inferno's Revenge/UnrealEngine_Games/Unreal Proyect/MyProject/Content/Mapa/Nivel_1.umap" TEMPLATE=0 SHOWPROGRESS=1 FEATURELEVEL=3
[2020.07.02-16.02.33:822][  0]LightingResults: New page: Diseñar la iluminación
[2020.07.02-16.02.33:823][  0]LogWorld: UWorld::CleanupWorld for Untitled, bSessionEnded=true, bCleanupResources=true
[2020.07.02-16.02.33:824][  0]LogSlate: InvalidateAllWidgets triggered.  All widgets were invalidated
[2020.07.02-16.02.33:824][  0]MapCheck: New page: Revisión del mapa
[2020.07.02-16.02.33:824][  0]LightingResults: New page: Diseñar la iluminación
[2020.07.02-16.02.33:856][  0]LogUObjectHash: Compacting FUObjectHashTables data took   2.25ms
[2020.07.02-16.02.53:509][  0]LogAIModule: Creating AISystem for world Nivel_1
[2020.07.02-16.02.53:674][  0]LogEditorServer: Finished looking for orphan Actors (0.000 secs)
[2020.07.02-16.02.53:829][  0]LogUObjectHash: Compacting FUObjectHashTables data took   3.26ms
[2020.07.02-16.02.53:831][  0]Cmd: MAP CHECKDEP NOCLEARLOG
[2020.07.02-16.02.53:831][  0]MapCheck: Map check complete: 0 Error(s), 0 Warning(s), took 0,266ms to complete.
[2020.07.02-16.02.53:831][  0]LogFileHelpers: Loading map 'Nivel_1' took 20.009
[2020.07.02-16.02.54:290][  0]LogSlate: Updating window title bar state: overlay mode, drag disabled, window buttons hidden, title bar hidden
[2020.07.02-16.02.54:301][  0]LogSlate: Updating window title bar state: overlay mode, drag disabled, window buttons hidden, title bar hidden
[2020.07.02-16.02.54:312][  0]LogSlate: Updating window title bar state: overlay mode, drag disabled, window buttons hidden, title bar hidden
[2020.07.02-16.02.54:321][  0]LogSlate: Updating window title bar state: overlay mode, drag disabled, window buttons hidden, title bar hidden
[2020.07.02-16.02.54:358][  0]LogCollectionManager: Loaded 0 collections in 0.002891 seconds
[2020.07.02-16.02.54:461][  0]LogFileCache: Scanning file cache for directory 'C:/Users/Daniel Soto/Desktop/Inferno's Revenge/UnrealEngine_Games/Unreal Proyect/MyProject/Saved/Collections/' took 0.00s
[2020.07.02-16.02.54:461][  0]LogFileCache: Scanning file cache for directory 'C:/Users/Daniel Soto/Desktop/Inferno's Revenge/UnrealEngine_Games/Unreal Proyect/MyProject/Content/Developers/Daniel/Collections/' took 0.00s
[2020.07.02-16.02.54:461][  0]LogFileCache: Scanning file cache for directory 'C:/Users/Daniel Soto/Desktop/Inferno's Revenge/UnrealEngine_Games/Unreal Proyect/MyProject/Content/Collections/' took 0.00s
[2020.07.02-16.02.54:461][  0]LogContentBrowser: Native class hierarchy populated in 0.0418 seconds. Added 3015 classes and 717 folders.
[2020.07.02-16.02.54:531][  0]LogContentBrowser: Native class hierarchy updated for 'WidgetCarousel' in 0.0004 seconds. Added 0 classes and 0 folders.
[2020.07.02-16.02.58:200][  0]LogContentBrowser: Native class hierarchy updated for 'AddContentDialog' in 0.0004 seconds. Added 0 classes and 0 folders.
[2020.07.02-16.02.58:309][  0]LogContentBrowser: Native class hierarchy updated for 'SceneOutliner' in 0.0006 seconds. Added 2 classes and 3 folders.
[2020.07.02-16.02.58:752][  0]LogSlate: Took 0.000406 seconds to synchronously load lazily loaded font '../../../Engine/Content/Slate/Fonts/Roboto-Regular.ttf' (155K)
[2020.07.02-16.02.58:755][  0]LogSlate: Took 0.000302 seconds to synchronously load lazily loaded font '../../../Engine/Content/Slate/Fonts/Roboto-Bold.ttf' (160K)
[2020.07.02-16.02.58:801][  0]LogSlate: Took 0.036788 seconds to synchronously load lazily loaded font '../../../Engine/Content/Editor/Slate/Fonts/FontAwesome.ttf' (139K)
[2020.07.02-16.02.59:494][  0]LogRenderer: Reallocating scene render targets to support 736x356 Format 10 NumSamples 1 (Frame:1).
[2020.07.02-16.02.59:680][  0]LogSlate: Took 0.088647 seconds to synchronously load lazily loaded font '../../../Engine/Content/Slate/Fonts/Roboto-Light.ttf' (167K)
[2020.07.02-16.02.59:866][  0]LogContentBrowser: Native class hierarchy updated for 'HierarchicalLODOutliner' in 0.0004 seconds. Added 0 classes and 0 folders.
[2020.07.02-16.02.59:866][  0]LogLoad: (Engine Initialization) Total time: 46.27 seconds
[2020.07.02-16.02.59:866][  0]LogLoad: (Engine Initialization) Total Blueprint compile time: 0.00 seconds
[2020.07.02-16.03.00:158][  0]LogContentStreaming: Texture pool size now 1000 MB
[2020.07.02-16.03.00:207][  0]LogRenderer: Reallocating scene render targets to support 736x408 Format 10 NumSamples 1 (Frame:2).
[2020.07.02-16.03.00:294][  1]LogFileCache: Retrieving MD5 hashes for directory 'C:/Users/Daniel Soto/Desktop/Inferno's Revenge/UnrealEngine_Games/Unreal Proyect/MyProject/Content/' took 0.33s
[2020.07.02-16.03.02:249][ 25]LogAssetRegistry: Asset discovery search completed in 43.4169 seconds
[2020.07.02-16.03.02:253][ 25]LogCollectionManager: Fixed up redirectors for 0 collections in 0.000010 seconds (updated 0 objects)
[2020.07.02-16.03.38:913][887]SourceControl: fatal: /Script: '/Script' is outside repository
[2020.07.02-16.03.41:880][ 64]LogSlate: Window 'Ajustes del proyecto' being destroyed
[2020.07.02-16.03.41:887][ 64]LogSlate: Window 'Ajustes del proyecto' being destroyed
[2020.07.02-16.03.44:485][209]LogTemp: Repeating last play command: Selected Viewport
[2020.07.02-16.03.44:527][209]LogBlueprintUserMessages: Early PlayInEditor Detection: Level '/Game/Mapa/Nivel_1.Nivel_1:PersistentLevel' has LevelScriptBlueprint '/Game/Mapa/Nivel_1.Nivel_1:PersistentLevel.Nivel_1' with GeneratedClass '/Game/Mapa/Nivel_1.Nivel_1_C' with ClassGeneratedBy '/Game/Mapa/Nivel_1.Nivel_1:PersistentLevel.Nivel_1'
[2020.07.02-16.03.44:527][209]LogPlayLevel: PlayLevel: No blueprints needed recompiling
[2020.07.02-16.03.45:866][209]PIE: New page: Sesión PIE (reproducción en el editor): Nivel_1 (02-07-2020 08:03:44)
[2020.07.02-16.03.45:867][209]LogOnline: OSS: Creating online subsystem instance for: NULL
[2020.07.02-16.03.45:869][209]LogOnline: OSS: TryLoadSubsystemAndSetDefault: Loaded subsystem for module [NULL]
[2020.07.02-16.03.45:869][209]LogPlayLevel: Creating play world package: /Game/Mapa/UEDPIE_0_Nivel_1
[2020.07.02-16.03.45:882][209]LogPlayLevel: PIE: StaticDuplicateObject took: (0.013124s)
[2020.07.02-16.03.45:889][209]LogAIModule: Creating AISystem for world Nivel_1
[2020.07.02-16.03.45:889][209]LogPlayLevel: PIE: World Init took: (0.006753s)
[2020.07.02-16.03.45:889][209]LogPlayLevel: PIE: Created PIE world by copying editor world from /Game/Mapa/Nivel_1.Nivel_1 to /Game/Mapa/UEDPIE_0_Nivel_1.Nivel_1 (0.020246s)
[2020.07.02-16.03.45:921][209]LogUObjectHash: Compacting FUObjectHashTables data took   2.58ms
[2020.07.02-16.03.45:926][209]LogAudioMixer: Display: Audio Mixer Platform Settings:
[2020.07.02-16.03.45:926][209]LogAudioMixer: Display: 	Sample Rate:						  48000
[2020.07.02-16.03.45:926][209]LogAudioMixer: Display: 	Callback Buffer Frame Size Requested: 1024
[2020.07.02-16.03.45:926][209]LogAudioMixer: Display: 	Callback Buffer Frame Size To Use:	  1024
[2020.07.02-16.03.45:926][209]LogAudioMixer: Display: 	Number of buffers to queue:			  2
[2020.07.02-16.03.45:926][209]LogAudioMixer: Display: 	Max Channels (voices):				  32
[2020.07.02-16.03.45:927][209]LogAudioMixer: Display: 	Number of Async Source Workers:		  0
[2020.07.02-16.03.45:927][209]LogAudio: Display: AudioDevice MaxSources: 32
[2020.07.02-16.03.45:927][209]LogAudio: Display: Using built-in audio occlusion.
[2020.07.02-16.03.45:927][209]LogAudioMixer: Display: Initializing audio mixer.
[2020.07.02-16.03.45:935][209]LogAudioMixer: Display: Audio Device Output Speaker Info:
[2020.07.02-16.03.45:935][209]LogAudioMixer: Display: Name: Altavoces (Realtek(R) Audio)
[2020.07.02-16.03.45:935][209]LogAudioMixer: Display: Is Default: Yes
[2020.07.02-16.03.45:935][209]LogAudioMixer: Display: Sample Rate: 48000
[2020.07.02-16.03.45:935][209]LogAudioMixer: Display: Channel Count Used: 2
[2020.07.02-16.03.45:935][209]LogAudioMixer: Display: Device Channel Count: 2
[2020.07.02-16.03.45:935][209]LogAudioMixer: Display: Channel Order:
[2020.07.02-16.03.45:935][209]LogAudioMixer: Display: 0: FrontLeft
[2020.07.02-16.03.45:935][209]LogAudioMixer: Display: 1: FrontRight
[2020.07.02-16.03.45:959][209]LogAudioMixer: Display: Using Audio Device Altavoces (Realtek(R) Audio)
[2020.07.02-16.03.45:962][209]LogInit: FAudioDevice initialized.
[2020.07.02-16.03.45:989][209]LogLoad: Game class is '2DSideScrollerGameMode_C'
[2020.07.02-16.03.46:032][209]LogWorld: Bringing World /Game/Mapa/UEDPIE_0_Nivel_1.Nivel_1 up for play (max tick rate 60) at 2020.07.02-12.03.46
[2020.07.02-16.03.46:037][209]LogWorld: Bringing up level for play took: 0.046186
[2020.07.02-16.03.46:037][209]LogOnline: OSS: Creating online subsystem instance for: :Context_2
[2020.07.02-16.03.46:103][209]LogContentBrowser: Native class hierarchy updated for 'MovieSceneCapture' in 0.0005 seconds. Added 20 classes and 0 folders.
[2020.07.02-16.03.46:174][209]PIE: Tiempo de inicio de la reproducción en el editor para  /Game/Mapa/UEDPIE_0_Nivel_1 1,816
[2020.07.02-16.03.46:174][209]LogBlueprintUserMessages: Late PlayInEditor Detection: Level '/Game/Mapa/Nivel_1.Nivel_1:PersistentLevel' has LevelScriptBlueprint '/Game/Mapa/Nivel_1.Nivel_1:PersistentLevel.Nivel_1' with GeneratedClass '/Game/Mapa/Nivel_1.Nivel_1_C' with ClassGeneratedBy '/Game/Mapa/Nivel_1.Nivel_1:PersistentLevel.Nivel_1'
[2020.07.02-16.03.47:638][277]LogScript: Warning: Script Msg: Attempted to access index 0 from array 'Tags' of length 0 in '/Script/Engine.Actor'!
[2020.07.02-16.04.19:958][214]LogScript: Warning: Script Msg: Attempted to access index 0 from array 'Tags' of length 0 in '/Script/Engine.Actor'!
[2020.07.02-16.04.39:829][383]LogCharacterMovement: 2DSideScrollerCharacter_C_0 is stuck and failed to move! Velocity: X=34.13 Y=0.00 Z=0.00 Location: X=1395.67 Y=-253.43 Z=-252.99 Normal: X=-0.99 Y=0.13 Z=-0.00 PenetrationDepth:28.167 Actor:barco_2d_der_2 Component:barco2d BoneName:None (0 other events since notify)
[2020.07.02-16.04.53:414][187]LogCharacterMovement: 2DSideScrollerCharacter_C_0 is stuck and failed to move! Velocity: X=158.94 Y=0.00 Z=0.00 Location: X=3924.07 Y=-253.43 Z=-322.48 Normal: X=-0.87 Y=0.07 Z=-0.48 PenetrationDepth:0.000 Actor:barco_2d_der2 Component:barco2d BoneName:None (31 other events since notify)
[2020.07.02-16.05.18:267][670]LogAudioMixer: Display: No commands were queued while flushing the source manager.
[2020.07.02-16.05.18:271][670]LogAudioMixer: Display: Flush succeeded in the source manager command queue (1).
[2020.07.02-16.05.18:301][670]LogAudioMixer: Display: Flush succeeded the source manager command queue (2).
[2020.07.02-16.05.18:301][670]LogBlueprintUserMessages: Early EndPlayMap Detection: Level '/Game/Mapa/Nivel_1.Nivel_1:PersistentLevel' has LevelScriptBlueprint '/Game/Mapa/Nivel_1.Nivel_1:PersistentLevel.Nivel_1' with GeneratedClass '/Game/Mapa/Nivel_1.Nivel_1_C' with ClassGeneratedBy '/Game/Mapa/Nivel_1.Nivel_1:PersistentLevel.Nivel_1'
[2020.07.02-16.05.18:301][670]LogSlate: Updating window title bar state: overlay mode, drag disabled, window buttons hidden, title bar hidden
[2020.07.02-16.05.18:301][670]LogWorld: BeginTearingDown for /Game/Mapa/UEDPIE_0_Nivel_1
[2020.07.02-16.05.18:301][670]LogAudioMixer: Display: No commands were queued while flushing the source manager.
[2020.07.02-16.05.18:302][670]LogWorld: UWorld::CleanupWorld for Nivel_1, bSessionEnded=true, bCleanupResources=true
[2020.07.02-16.05.18:322][670]LogSlate: InvalidateAllWidgets triggered.  All widgets were invalidated
[2020.07.02-16.05.18:331][670]LogPlayLevel: Display: Shutting down PIE online subsystems
[2020.07.02-16.05.18:331][670]LogBlueprintUserMessages: Late EndPlayMap Detection: Level '/Game/Mapa/Nivel_1.Nivel_1:PersistentLevel' has LevelScriptBlueprint '/Game/Mapa/Nivel_1.Nivel_1:PersistentLevel.Nivel_1' with GeneratedClass '/Game/Mapa/Nivel_1.Nivel_1_C' with ClassGeneratedBy '/Game/Mapa/Nivel_1.Nivel_1:PersistentLevel.Nivel_1'
[2020.07.02-16.05.18:336][670]LogSlate: InvalidateAllWidgets triggered.  All widgets were invalidated
[2020.07.02-16.05.18:368][670]LogAudioMixer: Display: No commands were queued while flushing the source manager.
[2020.07.02-16.05.18:375][670]LogSlate: Updating window title bar state: overlay mode, drag disabled, window buttons hidden, title bar hidden
[2020.07.02-16.05.18:381][670]LogUObjectHash: Compacting FUObjectHashTables data took   3.82ms
[2020.07.02-16.05.18:396][671]LogPlayLevel: Display: Destroying online subsystem :Context_2
[2020.07.02-16.05.24:470][994]Cmd: DELETE
[2020.07.02-16.05.24:470][994]Cmd: ACTOR DELETE
[2020.07.02-16.05.24:771][994]LogEditorActor: Deleted Actor: Enemigo2_C
[2020.07.02-16.05.24:805][994]LogUObjectHash: Compacting FUObjectHashTables data took   1.95ms
[2020.07.02-16.05.24:808][994]LogEditorActor: Deleted 1 Actors (0.084 secs)
[2020.07.02-16.05.31:803][410]LogSlate: Took 0.000278 seconds to synchronously load lazily loaded font '../../../Engine/Content/Slate/Fonts/Roboto-Light.ttf' (167K)
[2020.07.02-16.05.31:822][410]LogAssetEditorSubsystem: Opening Asset editor for Blueprint /Game/Mapa/fantasma.fantasma
[2020.07.02-16.05.32:505][410]LogContentBrowser: Native class hierarchy updated for 'BlueprintGraph' in 0.0008 seconds. Added 121 classes and 0 folders.
[2020.07.02-16.05.34:998][410]LogSlate: Took 0.000305 seconds to synchronously load lazily loaded font '../../../Engine/Content/Slate/Fonts/Roboto-BoldCondensed.ttf' (158K)
[2020.07.02-16.05.35:277][411]LogSlate: Took 0.027953 seconds to synchronously load lazily loaded font '../../../Engine/Content/Slate/Fonts/Roboto-Italic.ttf' (157K)
[2020.07.02-16.05.36:963][504]LogRenderer: Reallocating scene render targets to support 736x488 Format 10 NumSamples 1 (Frame:1).
[2020.07.02-16.05.43:723][849]Cmd: OBJ SAVEPACKAGE PACKAGE="/Game/Mapa/fantasma" FILE="../../../../../../Users/Daniel Soto/Desktop/Inferno's Revenge/UnrealEngine_Games/Unreal Proyect/MyProject/Content/Mapa/fantasma.uasset" SILENT=true
[2020.07.02-16.05.44:334][849]LogSavePackage: Moving '../../../../../../Users/Daniel Soto/Desktop/Inferno's Revenge/UnrealEngine_Games/Unreal Proyect/MyProject/Saved/fantasma903F36A84D50D2AE990AE7A3F397C145.tmp' to '../../../../../../Users/Daniel Soto/Desktop/Inferno's Revenge/UnrealEngine_Games/Unreal Proyect/MyProject/Content/Mapa/fantasma.uasset'
[2020.07.02-16.05.44:379][849]AssetCheck: New page: Asset Save: fantasma
[2020.07.02-16.05.44:379][849]LogContentValidation: Display: Validating Blueprint /Game/Mapa/fantasma.fantasma
[2020.07.02-16.05.44:706][867]BlueprintLog: New page: Compilar fantasma
[2020.07.02-16.05.45:052][867]LogUObjectHash: Compacting FUObjectHashTables data took   6.79ms
[2020.07.02-16.05.45:862][912]LogSlate: Window 'fantasma' being destroyed
[2020.07.02-16.05.45:870][912]LogSlate: Window 'fantasma' being destroyed
[2020.07.02-16.05.45:913][912]LogWorld: UWorld::CleanupWorld for World_1, bSessionEnded=true, bCleanupResources=true
[2020.07.02-16.05.45:913][912]LogSlate: InvalidateAllWidgets triggered.  All widgets were invalidated
[2020.07.02-16.14.33:895][529]LogUObjectHash: Compacting FUObjectHashTables data took   7.19ms
[2020.07.02-16.14.34:461][529]LogSavePackage: Moving '../../../../../../Users/Daniel Soto/Desktop/Inferno's Revenge/UnrealEngine_Games/Unreal Proyect/MyProject/Saved/Nivel_1_Auto142FEE6B940C3044226FB8C99B3431647.tmp' to '../../../../../../Users/Daniel Soto/Desktop/Inferno's Revenge/UnrealEngine_Games/Unreal Proyect/MyProject/Saved/Autosaves/Game/Mapa/Nivel_1_Auto1.umap'
[2020.07.02-16.14.34:469][529]LogFileHelpers: Editor autosave (incl. sublevels) for '/Game/Mapa/Nivel_1' took 0.620
[2020.07.02-16.14.34:469][529]LogFileHelpers: Editor autosave (incl. sublevels) for all levels took 0.620
[2020.07.02-17.33.30:107][941]LogD3D11RHI: Timed out while waiting for GPU to catch up. (0.5 s) (ErrorCode 00000001)
[2020.07.02-17.42.46:373][601]LogWindowsTextInputMethodSystem: Display: IME system now deactivated.
[2020.07.02-17.42.46:373][601]LogWindowsTextInputMethodSystem: Display: IME system now deactivated.
[2020.07.02-19.24.22:131][919]LogUObjectHash: Compacting FUObjectHashTables data took  37.25ms
[2020.07.02-19.24.23:725][919]LogSavePackage: Moving '../../../../../../Users/Daniel Soto/Desktop/Inferno's Revenge/UnrealEngine_Games/Unreal Proyect/MyProject/Saved/Nivel_11C6BE93A4B8065FFCB201081DC9712B2.tmp' to '../../../../../../Users/Daniel Soto/Desktop/Inferno's Revenge/UnrealEngine_Games/Unreal Proyect/MyProject/Content/Mapa/Nivel_1.umap'
[2020.07.02-19.24.24:213][919]AssetCheck: New page: Asset Save: Nivel_1
[2020.07.02-19.24.24:213][919]LogContentValidation: Display: Validating World /Game/Mapa/Nivel_1.Nivel_1
[2020.07.02-19.24.24:913][939]LogUObjectHash: Compacting FUObjectHashTables data took   5.05ms
[2020.07.02-19.24.25:512][939]LogSlate: Window 'MyProject - Unreal Editor' being destroyed
[2020.07.02-19.24.27:052][940]Cmd: QUIT_EDITOR
[2020.07.02-19.24.27:052][940]LogCore: Engine exit requested (reason: UUnrealEdEngine::CloseEditor())
[2020.07.02-19.24.27:138][940]LogCore: Engine exit requested (reason: EngineExit() was called; note: exit was already requested)
[2020.07.02-19.24.27:139][940]LogAudioMixer: Display: No commands were queued while flushing the source manager.
[2020.07.02-19.24.28:424][940]LogWindowsTextInputMethodSystem: Display: IME system now deactivated.
[2020.07.02-19.24.29:097][940]LogExit: Preparing to exit.
[2020.07.02-19.24.30:931][940]LogWorld: UWorld::CleanupWorld for World_0, bSessionEnded=true, bCleanupResources=true
[2020.07.02-19.24.31:947][940]LogDemo: Cleaned up 0 splitscreen connections with owner deletion
[2020.07.02-19.24.32:409][940]LogWorld: UWorld::CleanupWorld for None, bSessionEnded=true, bCleanupResources=true
[2020.07.02-19.24.32:410][940]LogExit: Editor shut down
[2020.07.02-19.24.32:417][940]LogExit: Transaction tracking system shut down
